00:00:01.927424 VirtualBox VM 6.1.26 r145957 darwin.amd64 (Jul 28 2021 18:24:31) release log
00:00:01.927439 Log opened 2021-10-13T23:14:07.335936000Z
00:00:01.927440 Build Type: release
00:00:01.927454 OS Product: Darwin
00:00:01.927459 OS Release: 20.6.0
00:00:01.927464 OS Version: Darwin Kernel Version 20.6.0: Mon Aug 30 06:12:21 PDT 2021; root:xnu-7195.141.6~3/RELEASE_X86_64
00:00:01.927544 DMI Product Name: MacBookPro16,3
00:00:01.927584 DMI Product Version: 1.0
00:00:01.927586 Firmware type: failed - VERR_NOT_SUPPORTED
00:00:01.927593 Host RAM: 8192MB (8.0GB) total, 2148MB (2.0GB) available
00:00:01.927593 Executable: /Applications/VirtualBox.app/Contents/Resources/VirtualBoxVM.app/Contents/MacOS/VirtualBoxVM
00:00:01.927593 Process ID: 18874
00:00:01.927593 Package type: DARWIN_64BITS_GENERIC
00:00:01.929025 Installed Extension Packs:
00:00:01.929033   None installed!
00:00:01.930203 Console: Machine state changed to 'Starting'
00:00:01.930540 Qt version: 5.6.3
00:00:01.931428 VRDE: VirtualBox Remote Desktop Extension is not available.
00:00:01.959669 SUP: seg #0: RWX 0x00000000 LB 0x0015e000
00:00:01.959684 SUP: seg #1: R   0x0015e000 LB 0x00023580
00:00:01.962030 SUP: Loaded VMMR0.r0 (/Applications/VirtualBox.app/Contents/MacOS/VMMR0.r0) at 0xXXXXXXXXXXXXXXXX - ModuleInit at XXXXXXXXXXXXXXXX and ModuleTerm at XXXXXXXXXXXXXXXX using the native ring-0 loader
00:00:01.962047 SUP: VMMR0EntryEx located at XXXXXXXXXXXXXXXX and VMMR0EntryFast at XXXXXXXXXXXXXXXX
00:00:01.965149 Guest OS type: 'Ubuntu_64'
00:00:01.968471 fHMForced=true - No raw-mode support in this build!
00:00:01.977533 File system of '/Volumes/externalwd/ITMO-453/beyesus/packer-example-code/build/ubuntu-graphitea/Snapshots' (snapshots) is unknown
00:00:01.977543 File system of '/Volumes/externalwd/ITMO-453/beyesus/packer-example-code/build/graphite-riemann/output-ubuntu-graphitea/ubuntu-graphitea.vdi' is hfs
00:00:01.980388 File system of '/Volumes/externalwd/ITMO-453/beyesus/packer-example-code/build/graphite-riemann/packer_cache/62850188884fff34d447798ebc9d9b22bf1f3f1f.iso' (DVD) is hfs
00:00:01.992495 Shared Clipboard: Service loaded
00:00:01.992519 Shared Clipboard: Mode: Off
00:00:01.992563 Shared Clipboard: Service running in normal mode
00:00:01.993950 Drag and drop service loaded
00:00:01.993959 Drag and drop mode: Off
00:00:01.996664 ************************* CFGM dump *************************
00:00:01.996696 [/] (level 0)
00:00:01.996699   CpuExecutionCap   <integer> = 0x0000000000000064 (100)
00:00:01.996703   EnablePAE         <integer> = 0x0000000000000001 (1)
00:00:01.996704   HMEnabled         <integer> = 0x0000000000000001 (1)
00:00:01.996705   MemBalloonSize    <integer> = 0x0000000000000000 (0)
00:00:01.996705   Name              <string>  = "ubuntu-graphitea" (cb=17)
00:00:01.996706   NumCPUs           <integer> = 0x0000000000000001 (1)
00:00:01.996707   PageFusionAllowed <integer> = 0x0000000000000000 (0)
00:00:01.996707   RamHoleSize       <integer> = 0x0000000020000000 (536 870 912, 512 MB)
00:00:01.996709   RamSize           <integer> = 0x0000000080000000 (2 147 483 648, 2 048 MB)
00:00:01.996710   TimerMillies      <integer> = 0x000000000000000a (10)
00:00:01.996711   UUID              <bytes>   = "0a 7c 47 2e a6 e1 b7 48 90 fc 82 5d 9b cb 05 b9" (cb=16)
00:00:01.996726 
00:00:01.996726 [/CPUM/] (level 1)
00:00:01.996728   GuestCpuName       <string>  = "host" (cb=5)
00:00:01.996728   NestedHWVirt       <integer> = 0x0000000000000000 (0)
00:00:01.996729   PortableCpuIdLevel <integer> = 0x0000000000000000 (0)
00:00:01.996729   SpecCtrl           <integer> = 0x0000000000000000 (0)
00:00:01.996730 
00:00:01.996730 [/CPUM/IsaExts/] (level 2)
00:00:01.996731 
00:00:01.996732 [/DBGC/] (level 1)
00:00:01.996732   GlobalInitScript <string>  = "/Users/birukeyesus/Library/VirtualBox/dbgc-init" (cb=48)
00:00:01.996733   HistoryFile      <string>  = "/Users/birukeyesus/Library/VirtualBox/dbgc-history" (cb=51)
00:00:01.996734   LocalInitScript  <string>  = "/Volumes/externalwd/ITMO-453/beyesus/packer-example-code/build/ubuntu-graphitea/dbgc-init" (cb=90)
00:00:01.996734 
00:00:01.996734 [/DBGF/] (level 1)
00:00:01.996735   Path <string>  = "/Volumes/externalwd/ITMO-453/beyesus/packer-example-code/build/ubuntu-graphitea/debug/;/Volumes/externalwd/ITMO-453/beyesus/packer-example-code/build/ubuntu-graphitea/;cache*/Volumes/externalwd/ITMO-453/beyesus/packer-example-code/build/ubuntu-graphitea/dbgcache/;/Users/birukeyesus/" (cb=284)
00:00:01.996736 
00:00:01.996737 [/Devices/] (level 1)
00:00:01.996737 
00:00:01.996738 [/Devices/8237A/] (level 2)
00:00:01.996739 
00:00:01.996739 [/Devices/8237A/0/] (level 3)
00:00:01.996740   Trusted <integer> = 0x0000000000000001 (1)
00:00:01.996741 
00:00:01.996741 [/Devices/GIMDev/] (level 2)
00:00:01.996741 
00:00:01.996742 [/Devices/GIMDev/0/] (level 3)
00:00:01.996742   Trusted <integer> = 0x0000000000000001 (1)
00:00:01.996743 
00:00:01.996743 [/Devices/VMMDev/] (level 2)
00:00:01.996744 
00:00:01.996744 [/Devices/VMMDev/0/] (level 3)
00:00:01.996745   PCIBusNo      <integer> = 0x0000000000000000 (0)
00:00:01.996746   PCIDeviceNo   <integer> = 0x0000000000000004 (4)
00:00:01.996746   PCIFunctionNo <integer> = 0x0000000000000000 (0)
00:00:01.996747   Trusted       <integer> = 0x0000000000000001 (1)
00:00:01.996747 
00:00:01.996747 [/Devices/VMMDev/0/Config/] (level 4)
00:00:01.996748   GuestCoreDumpDir <string>  = "/Volumes/externalwd/ITMO-453/beyesus/packer-example-code/build/ubuntu-graphitea/Snapshots" (cb=90)
00:00:01.996749 
00:00:01.996749 [/Devices/VMMDev/0/LUN#0/] (level 4)
00:00:01.996750   Driver <string>  = "HGCM" (cb=5)
00:00:01.996750 
00:00:01.996750 [/Devices/VMMDev/0/LUN#0/Config/] (level 5)
00:00:01.996751   Object <integer> = 0x00007f7fbb019c30 (140 186 575 019 056)
00:00:01.996752 
00:00:01.996753 [/Devices/VMMDev/0/LUN#999/] (level 4)
00:00:01.996753   Driver <string>  = "MainStatus" (cb=11)
00:00:01.996754 
00:00:01.996754 [/Devices/VMMDev/0/LUN#999/Config/] (level 5)
00:00:01.996755   First   <integer> = 0x0000000000000000 (0)
00:00:01.996755   Last    <integer> = 0x0000000000000000 (0)
00:00:01.996756   papLeds <integer> = 0x00007f7fb70a0d90 (140 186 508 463 504)
00:00:01.996757 
00:00:01.996757 [/Devices/acpi/] (level 2)
00:00:01.996758 
00:00:01.996758 [/Devices/acpi/0/] (level 3)
00:00:01.996760   PCIBusNo      <integer> = 0x0000000000000000 (0)
00:00:01.996760   PCIDeviceNo   <integer> = 0x0000000000000007 (7)
00:00:01.996761   PCIFunctionNo <integer> = 0x0000000000000000 (0)
00:00:01.996761   Trusted       <integer> = 0x0000000000000001 (1)
00:00:01.996762 
00:00:01.996762 [/Devices/acpi/0/Config/] (level 4)
00:00:01.996763   CpuHotPlug          <integer> = 0x0000000000000000 (0)
00:00:01.996764   FdcEnabled          <integer> = 0x0000000000000000 (0)
00:00:01.996764   HostBusPciAddress   <integer> = 0x0000000000000000 (0)
00:00:01.996765   HpetEnabled         <integer> = 0x0000000000000000 (0)
00:00:01.996766   IOAPIC              <integer> = 0x0000000000000001 (1)
00:00:01.996766   IocPciAddress       <integer> = 0x0000000000010000 (65 536)
00:00:01.996767   NumCPUs             <integer> = 0x0000000000000001 (1)
00:00:01.996768   Parallel0IoPortBase <integer> = 0x0000000000000000 (0)
00:00:01.996768   Parallel0Irq        <integer> = 0x0000000000000000 (0)
00:00:01.996769   Parallel1IoPortBase <integer> = 0x0000000000000000 (0)
00:00:01.996769   Parallel1Irq        <integer> = 0x0000000000000000 (0)
00:00:01.996770   Serial0IoPortBase   <integer> = 0x0000000000000000 (0)
00:00:01.996770   Serial0Irq          <integer> = 0x0000000000000000 (0)
00:00:01.996771   Serial1IoPortBase   <integer> = 0x0000000000000000 (0)
00:00:01.996771   Serial1Irq          <integer> = 0x0000000000000000 (0)
00:00:01.996772   ShowCpu             <integer> = 0x0000000000000001 (1)
00:00:01.996772   ShowRtc             <integer> = 0x0000000000000000 (0)
00:00:01.996773   SmcEnabled          <integer> = 0x0000000000000000 (0)
00:00:01.996773 
00:00:01.996774 [/Devices/acpi/0/LUN#0/] (level 4)
00:00:01.996775   Driver <string>  = "ACPIHost" (cb=9)
00:00:01.996775 
00:00:01.996775 [/Devices/acpi/0/LUN#0/Config/] (level 5)
00:00:01.996776 
00:00:01.996776 [/Devices/apic/] (level 2)
00:00:01.996777 
00:00:01.996778 [/Devices/apic/0/] (level 3)
00:00:01.996778   Trusted <integer> = 0x0000000000000001 (1)
00:00:01.996779 
00:00:01.996779 [/Devices/apic/0/Config/] (level 4)
00:00:01.996780   IOAPIC  <integer> = 0x0000000000000001 (1)
00:00:01.996780   Mode    <integer> = 0x0000000000000003 (3)
00:00:01.996781   NumCPUs <integer> = 0x0000000000000001 (1)
00:00:01.996781 
00:00:01.996781 [/Devices/e1000/] (level 2)
00:00:01.996782 
00:00:01.996782 [/Devices/e1000/0/] (level 3)
00:00:01.996783   PCIBusNo      <integer> = 0x0000000000000000 (0)
00:00:01.996784   PCIDeviceNo   <integer> = 0x0000000000000003 (3)
00:00:01.996784   PCIFunctionNo <integer> = 0x0000000000000000 (0)
00:00:01.996785   Trusted       <integer> = 0x0000000000000001 (1)
00:00:01.996785 
00:00:01.996786 [/Devices/e1000/0/Config/] (level 4)
00:00:01.996786   AdapterType    <integer> = 0x0000000000000000 (0)
00:00:01.996787   CableConnected <integer> = 0x0000000000000001 (1)
00:00:01.996787   LineSpeed      <integer> = 0x0000000000000000 (0)
00:00:01.996788   MAC            <bytes>   = "08 00 27 db e7 fb" (cb=6)
00:00:01.996789 
00:00:01.996789 [/Devices/e1000/0/LUN#0/] (level 4)
00:00:01.996790   Driver <string>  = "NAT" (cb=4)
00:00:01.996790 
00:00:01.996791 [/Devices/e1000/0/LUN#0/Config/] (level 5)
00:00:01.996792   AliasMode       <integer> = 0x0000000000000000 (0)
00:00:01.996792   BootFile        <string>  = "ubuntu-graphitea.pxe" (cb=21)
00:00:01.996793   DNSProxy        <integer> = 0x0000000000000000 (0)
00:00:01.996793   Network         <string>  = "10.0.2.0/24" (cb=12)
00:00:01.996794   PassDomain      <integer> = 0x0000000000000001 (1)
00:00:01.996795   TFTPPrefix      <string>  = "/Users/birukeyesus/Library/VirtualBox/TFTP" (cb=43)
00:00:01.996795   UseHostResolver <integer> = 0x0000000000000000 (0)
00:00:01.996796 
00:00:01.996796 [/Devices/e1000/0/LUN#0/Config/PortForwarding/] (level 6)
00:00:01.996797 
00:00:01.996797 [/Devices/e1000/0/LUN#0/Config/PortForwarding/0/] (level 7)
00:00:01.996798   BindIP    <string>  = "127.0.0.1" (cb=10)
00:00:01.996799   GuestPort <integer> = 0x00000000000008ae (2 222)
00:00:01.996800   HostPort  <integer> = 0x0000000000000e2b (3 627)
00:00:01.996800   Name      <string>  = "packercomm" (cb=11)
00:00:01.996801   Protocol  <string>  = "TCP" (cb=4)
00:00:01.996801 
00:00:01.996802 [/Devices/e1000/0/LUN#999/] (level 4)
00:00:01.996802   Driver <string>  = "MainStatus" (cb=11)
00:00:01.996803 
00:00:01.996803 [/Devices/e1000/0/LUN#999/Config/] (level 5)
00:00:01.996804   First   <integer> = 0x0000000000000000 (0)
00:00:01.996805   Last    <integer> = 0x0000000000000000 (0)
00:00:01.996805   papLeds <integer> = 0x00007f7fb70a0c70 (140 186 508 463 216)
00:00:01.996806 
00:00:01.996806 [/Devices/i8254/] (level 2)
00:00:01.996807 
00:00:01.996807 [/Devices/i8254/0/] (level 3)
00:00:01.996808 
00:00:01.996808 [/Devices/i8254/0/Config/] (level 4)
00:00:01.996809 
00:00:01.996809 [/Devices/i8259/] (level 2)
00:00:01.996809 
00:00:01.996810 [/Devices/i8259/0/] (level 3)
00:00:01.996810   Trusted <integer> = 0x0000000000000001 (1)
00:00:01.996811 
00:00:01.996811 [/Devices/i8259/0/Config/] (level 4)
00:00:01.996812 
00:00:01.996812 [/Devices/ioapic/] (level 2)
00:00:01.996812 
00:00:01.996813 [/Devices/ioapic/0/] (level 3)
00:00:01.996813   Trusted <integer> = 0x0000000000000001 (1)
00:00:01.996814 
00:00:01.996814 [/Devices/ioapic/0/Config/] (level 4)
00:00:01.996815   NumCPUs <integer> = 0x0000000000000001 (1)
00:00:01.996815 
00:00:01.996815 [/Devices/mc146818/] (level 2)
00:00:01.996816 
00:00:01.996816 [/Devices/mc146818/0/] (level 3)
00:00:01.996817 
00:00:01.996817 [/Devices/mc146818/0/Config/] (level 4)
00:00:01.996818   UseUTC <integer> = 0x0000000000000000 (0)
00:00:01.996818 
00:00:01.996818 [/Devices/parallel/] (level 2)
00:00:01.996819 
00:00:01.996819 [/Devices/pcarch/] (level 2)
00:00:01.996820 
00:00:01.996820 [/Devices/pcarch/0/] (level 3)
00:00:01.996820   Trusted <integer> = 0x0000000000000001 (1)
00:00:01.996821 
00:00:01.996821 [/Devices/pcarch/0/Config/] (level 4)
00:00:01.996822 
00:00:01.996822 [/Devices/pcbios/] (level 2)
00:00:01.996823 
00:00:01.996823 [/Devices/pcbios/0/] (level 3)
00:00:01.996823   Trusted <integer> = 0x0000000000000001 (1)
00:00:01.996824 
00:00:01.996824 [/Devices/pcbios/0/Config/] (level 4)
00:00:01.996825   APIC           <integer> = 0x0000000000000001 (1)
00:00:01.996826   BootDevice0    <string>  = "IDE" (cb=4)
00:00:01.996826   BootDevice1    <string>  = "DVD" (cb=4)
00:00:01.996827   BootDevice2    <string>  = "NONE" (cb=5)
00:00:01.996827   BootDevice3    <string>  = "NONE" (cb=5)
00:00:01.996828   FloppyDevice   <string>  = "i82078" (cb=7)
00:00:01.996828   HardDiskDevice <string>  = "piix3ide" (cb=9)
00:00:01.996829   IOAPIC         <integer> = 0x0000000000000001 (1)
00:00:01.996829   McfgBase       <integer> = 0x0000000000000000 (0)
00:00:01.996830   McfgLength     <integer> = 0x0000000000000000 (0)
00:00:01.996830   NumCPUs        <integer> = 0x0000000000000001 (1)
00:00:01.996831   PXEDebug       <integer> = 0x0000000000000000 (0)
00:00:01.996831   UUID           <bytes>   = "0a 7c 47 2e a6 e1 b7 48 90 fc 82 5d 9b cb 05 b9" (cb=16)
00:00:01.996833   UuidLe         <integer> = 0x0000000000000001 (1)
00:00:01.996834 
00:00:01.996834 [/Devices/pcbios/0/Config/NetBoot/] (level 5)
00:00:01.996835 
00:00:01.996835 [/Devices/pcbios/0/Config/NetBoot/0/] (level 6)
00:00:01.996836   NIC           <integer> = 0x0000000000000000 (0)
00:00:01.996837   PCIBusNo      <integer> = 0x0000000000000000 (0)
00:00:01.996837   PCIDeviceNo   <integer> = 0x0000000000000003 (3)
00:00:01.996838   PCIFunctionNo <integer> = 0x0000000000000000 (0)
00:00:01.996838 
00:00:01.996839 [/Devices/pci/] (level 2)
00:00:01.996839 
00:00:01.996839 [/Devices/pci/0/] (level 3)
00:00:01.996840   Trusted <integer> = 0x0000000000000001 (1)
00:00:01.996840 
00:00:01.996841 [/Devices/pci/0/Config/] (level 4)
00:00:01.996842   IOAPIC <integer> = 0x0000000000000001 (1)
00:00:01.996842 
00:00:01.996842 [/Devices/pcibridge/] (level 2)
00:00:01.996843 
00:00:01.996843 [/Devices/pckbd/] (level 2)
00:00:01.996844 
00:00:01.996844 [/Devices/pckbd/0/] (level 3)
00:00:01.996845   Trusted <integer> = 0x0000000000000001 (1)
00:00:01.996845 
00:00:01.996845 [/Devices/pckbd/0/Config/] (level 4)
00:00:01.996846 
00:00:01.996846 [/Devices/pckbd/0/LUN#0/] (level 4)
00:00:01.996847   Driver <string>  = "KeyboardQueue" (cb=14)
00:00:01.996848 
00:00:01.996848 [/Devices/pckbd/0/LUN#0/AttachedDriver/] (level 5)
00:00:01.996849   Driver <string>  = "MainKeyboard" (cb=13)
00:00:01.996850 
00:00:01.996850 [/Devices/pckbd/0/LUN#0/AttachedDriver/Config/] (level 6)
00:00:01.996851   Object <integer> = 0x00007f7fb64bbb70 (140 186 495 990 640)
00:00:01.996852 
00:00:01.996852 [/Devices/pckbd/0/LUN#0/Config/] (level 5)
00:00:01.996853   QueueSize <integer> = 0x0000000000000040 (64)
00:00:01.996853 
00:00:01.996854 [/Devices/pckbd/0/LUN#1/] (level 4)
00:00:01.996854   Driver <string>  = "MouseQueue" (cb=11)
00:00:01.996855 
00:00:01.996855 [/Devices/pckbd/0/LUN#1/AttachedDriver/] (level 5)
00:00:01.996856   Driver <string>  = "MainMouse" (cb=10)
00:00:01.996856 
00:00:01.996856 [/Devices/pckbd/0/LUN#1/AttachedDriver/Config/] (level 6)
00:00:01.996857   Object <integer> = 0x00007f7fb64bc0f0 (140 186 495 992 048)
00:00:01.996858 
00:00:01.996858 [/Devices/pckbd/0/LUN#1/Config/] (level 5)
00:00:01.996859   QueueSize <integer> = 0x0000000000000080 (128)
00:00:01.996860 
00:00:01.996860 [/Devices/pcnet/] (level 2)
00:00:01.996861 
00:00:01.996861 [/Devices/piix3ide/] (level 2)
00:00:01.996862 
00:00:01.996862 [/Devices/piix3ide/0/] (level 3)
00:00:01.996862   PCIBusNo      <integer> = 0x0000000000000000 (0)
00:00:01.996863   PCIDeviceNo   <integer> = 0x0000000000000001 (1)
00:00:01.996864   PCIFunctionNo <integer> = 0x0000000000000001 (1)
00:00:01.996864   Trusted       <integer> = 0x0000000000000001 (1)
00:00:01.996864 
00:00:01.996865 [/Devices/piix3ide/0/Config/] (level 4)
00:00:01.996865   Type <string>  = "PIIX4" (cb=6)
00:00:01.996866 
00:00:01.996866 [/Devices/piix3ide/0/LUN#0/] (level 4)
00:00:01.996867   Driver <string>  = "VD" (cb=3)
00:00:01.996868 
00:00:01.996868 [/Devices/piix3ide/0/LUN#0/Config/] (level 5)
00:00:01.996869   Format    <string>  = "VDI" (cb=4)
00:00:01.996870   Mountable <integer> = 0x0000000000000000 (0)
00:00:01.996870   Path      <string>  = "/Volumes/externalwd/ITMO-453/beyesus/packer-example-code/build/graphite-riemann/output-ubuntu-graphitea/ubuntu-graphitea.vdi" (cb=125)
00:00:01.996871   Type      <string>  = "HardDisk" (cb=9)
00:00:01.996872 
00:00:01.996872 [/Devices/piix3ide/0/LUN#0/Config/VDConfig/] (level 6)
00:00:01.996873   AllocationBlockSize <string>  = "1048576" (cb=8)
00:00:01.996874 
00:00:01.996874 [/Devices/piix3ide/0/LUN#1/] (level 4)
00:00:01.996875   Driver <string>  = "VD" (cb=3)
00:00:01.996875 
00:00:01.996876 [/Devices/piix3ide/0/LUN#1/Config/] (level 5)
00:00:01.996877   Format    <string>  = "RAW" (cb=4)
00:00:01.996877   Mountable <integer> = 0x0000000000000001 (1)
00:00:01.996877   Path      <string>  = "/Volumes/externalwd/ITMO-453/beyesus/packer-example-code/build/graphite-riemann/packer_cache/62850188884fff34d447798ebc9d9b22bf1f3f1f.iso" (cb=138)
00:00:01.996878   ReadOnly  <integer> = 0x0000000000000001 (1)
00:00:01.996879   Type      <string>  = "DVD" (cb=4)
00:00:01.996879 
00:00:01.996879 [/Devices/piix3ide/0/LUN#999/] (level 4)
00:00:01.996880   Driver <string>  = "MainStatus" (cb=11)
00:00:01.996881 
00:00:01.996881 [/Devices/piix3ide/0/LUN#999/Config/] (level 5)
00:00:01.996882   DeviceInstance        <string>  = "piix3ide/0" (cb=11)
00:00:01.996882   First                 <integer> = 0x0000000000000000 (0)
00:00:01.996883   Last                  <integer> = 0x0000000000000003 (3)
00:00:01.996884   pConsole              <integer> = 0x00007f7fb709fa00 (140 186 508 458 496)
00:00:01.996885   papLeds               <integer> = 0x00007f7fb70a0178 (140 186 508 460 408)
00:00:01.996886   pmapMediumAttachments <integer> = 0x00007f7fb70a0db0 (140 186 508 463 536)
00:00:01.996887 
00:00:01.996887 [/Devices/serial/] (level 2)
00:00:01.996888 
00:00:01.996889 [/Devices/vga/] (level 2)
00:00:01.996889 
00:00:01.996890 [/Devices/vga/0/] (level 3)
00:00:01.996891   PCIBusNo      <integer> = 0x0000000000000000 (0)
00:00:01.996891   PCIDeviceNo   <integer> = 0x0000000000000002 (2)
00:00:01.996892   PCIFunctionNo <integer> = 0x0000000000000000 (0)
00:00:01.996892   Trusted       <integer> = 0x0000000000000001 (1)
00:00:01.996893 
00:00:01.996893 [/Devices/vga/0/Config/] (level 4)
00:00:01.996894   3DEnabled        <integer> = 0x0000000000000000 (0)
00:00:01.996895   CustomVideoModes <integer> = 0x0000000000000000 (0)
00:00:01.996895   FadeIn           <integer> = 0x0000000000000001 (1)
00:00:01.996896   FadeOut          <integer> = 0x0000000000000001 (1)
00:00:01.996896   HeightReduction  <integer> = 0x0000000000000000 (0)
00:00:01.996897   LogoFile         <string>  = "" (cb=1)
00:00:01.996897   LogoTime         <integer> = 0x0000000000000000 (0)
00:00:01.996898   MonitorCount     <integer> = 0x0000000000000001 (1)
00:00:01.996898   ShowBootMenu     <integer> = 0x0000000000000002 (2)
00:00:01.996899   VRamSize         <integer> = 0x0000000000400000 (4 194 304, 4 MB)
00:00:01.996900 
00:00:01.996900 [/Devices/vga/0/LUN#0/] (level 4)
00:00:01.996901   Driver <string>  = "MainDisplay" (cb=12)
00:00:01.996901 
00:00:01.996901 [/Devices/vga/0/LUN#0/Config/] (level 5)
00:00:01.996902   Object <integer> = 0x00007f7fb6874200 (140 186 499 891 712)
00:00:01.996903 
00:00:01.996903 [/Devices/vga/0/LUN#999/] (level 4)
00:00:01.996904   Driver <string>  = "MainStatus" (cb=11)
00:00:01.996904 
00:00:01.996905 [/Devices/vga/0/LUN#999/Config/] (level 5)
00:00:01.996906   First   <integer> = 0x0000000000000000 (0)
00:00:01.996906   Last    <integer> = 0x0000000000000000 (0)
00:00:01.996907   papLeds <integer> = 0x00007f7fb70a0da8 (140 186 508 463 528)
00:00:01.996908 
00:00:01.996908 [/Devices/virtio-net/] (level 2)
00:00:01.996908 
00:00:01.996909 [/EM/] (level 1)
00:00:01.996909   TripleFaultReset <integer> = 0x0000000000000000 (0)
00:00:01.996910 
00:00:01.996910 [/GIM/] (level 1)
00:00:01.996911   Provider <string>  = "KVM" (cb=4)
00:00:01.996911 
00:00:01.996912 [/HM/] (level 1)
00:00:01.996913   64bitEnabled       <integer> = 0x0000000000000001 (1)
00:00:01.996914   EnableLargePages   <integer> = 0x0000000000000001 (1)
00:00:01.996914   EnableNestedPaging <integer> = 0x0000000000000001 (1)
00:00:01.996915   EnableUX           <integer> = 0x0000000000000001 (1)
00:00:01.996915   EnableVPID         <integer> = 0x0000000000000001 (1)
00:00:01.996916   Exclusive          <integer> = 0x0000000000000000 (0)
00:00:01.996917   HMForced           <integer> = 0x0000000000000001 (1)
00:00:01.996917   IBPBOnVMEntry      <integer> = 0x0000000000000000 (0)
00:00:01.996918   IBPBOnVMExit       <integer> = 0x0000000000000000 (0)
00:00:01.996918   L1DFlushOnSched    <integer> = 0x0000000000000001 (1)
00:00:01.996919   L1DFlushOnVMEntry  <integer> = 0x0000000000000000 (0)
00:00:01.996919   MDSClearOnSched    <integer> = 0x0000000000000001 (1)
00:00:01.996920   MDSClearOnVMEntry  <integer> = 0x0000000000000000 (0)
00:00:01.996920   SpecCtrlByHost     <integer> = 0x0000000000000000 (0)
00:00:01.996921   UseNEMInstead      <integer> = 0x0000000000000000 (0)
00:00:01.996921 
00:00:01.996921 [/MM/] (level 1)
00:00:01.996922   CanUseLargerHeap <integer> = 0x0000000000000000 (0)
00:00:01.996922 
00:00:01.996922 [/NEM/] (level 1)
00:00:01.996923   Allow64BitGuests <integer> = 0x0000000000000001 (1)
00:00:01.996923 
00:00:01.996924 [/PDM/] (level 1)
00:00:01.996924 
00:00:01.996924 [/PDM/AsyncCompletion/] (level 2)
00:00:01.996925 
00:00:01.996925 [/PDM/AsyncCompletion/File/] (level 3)
00:00:01.996926 
00:00:01.996926 [/PDM/AsyncCompletion/File/BwGroups/] (level 4)
00:00:01.996927 
00:00:01.996927 [/PDM/BlkCache/] (level 2)
00:00:01.996928   CacheSize <integer> = 0x0000000000500000 (5 242 880, 5 MB)
00:00:01.996929 
00:00:01.996929 [/PDM/Devices/] (level 2)
00:00:01.996929 
00:00:01.996930 [/PDM/Drivers/] (level 2)
00:00:01.996930 
00:00:01.996930 [/PDM/Drivers/VBoxC/] (level 3)
00:00:01.996931   Path <string>  = "/Applications/VirtualBox.app/Contents/MacOS/components/VBoxC" (cb=61)
00:00:01.996932 
00:00:01.996932 [/PDM/NetworkShaper/] (level 2)
00:00:01.996932 
00:00:01.996933 [/PDM/NetworkShaper/BwGroups/] (level 3)
00:00:01.996933 
00:00:01.996933 [/TM/] (level 1)
00:00:01.996934   UTCOffset <integer> = 0x0000000000000000 (0)
00:00:01.996934 
00:00:01.996935 ********************* End of CFGM dump **********************
00:00:01.997086 HM: HMR3Init: VT-x w/ nested paging and unrestricted guest execution hw support
00:00:01.997110 MM: cbHyperHeap=0x200000 (2097152)
00:00:01.999629 CPUM: fXStateHostMask=0x7; initial: 0x7; host XCR0=0x7
00:00:02.000550 CPUM: Matched host CPU INTEL 0x6/0x8e/0xa Intel_Core7_CoffeeLake with CPU DB entry 'Intel Core i7-6700K' (INTEL 0x6/0x5e/0x3 Intel_Core7_Skylake)
00:00:02.000720 CPUM: MXCSR_MASK=0xffff (host: 0xffff)
00:00:02.000771 CPUM: Microcode revision 0x000000EA
00:00:02.000804 CPUM: Changing leaf 13[0]: EBX=0x340 -> 0x340, ECX=0x440 -> 0x340
00:00:02.000848 CPUM: MSR/CPUID reconciliation insert: 0x0000010b IA32_FLUSH_CMD
00:00:02.000899 CPUM: SetGuestCpuIdFeature: Enabled PAE
00:00:02.001529 PGM: Host paging mode: AMD64+PGE+NX
00:00:02.001549 PGM: PGMPool: cMaxPages=1280 (u64MaxPages=1058)
00:00:02.001552 PGM: pgmR3PoolInit: cMaxPages=0x500 cMaxUsers=0xa00 cMaxPhysExts=0xa00 fCacheEnable=true 
00:00:02.012361 TM: GIP - u32Mode=3 (Invariant) u32UpdateHz=100 u32UpdateIntervalNS=10000000 enmUseTscDelta=2 (Practically Zero) fGetGipCpu=0x15 cCpus=8
00:00:02.012390 TM: GIP - u64CpuHz=1 391 999 998 (0x52f83bfe)  SUPGetCpuHzFromGip => 1 391 999 998
00:00:02.012395 TM: GIP - CPU: iCpuSet=0x0 idCpu=0x0 idApic=0x0 iGipCpu=0x4 i64TSCDelta=0 enmState=3 u64CpuHz=1391999988(*) cErrors=0
00:00:02.012398 TM: GIP - CPU: iCpuSet=0x1 idCpu=0x1 idApic=0x1 iGipCpu=0x3 i64TSCDelta=0 enmState=3 u64CpuHz=1391999993(*) cErrors=0
00:00:02.012401 TM: GIP - CPU: iCpuSet=0x2 idCpu=0x2 idApic=0x2 iGipCpu=0x7 i64TSCDelta=0 enmState=3 u64CpuHz=1392000000(*) cErrors=0
00:00:02.012403 TM: GIP - CPU: iCpuSet=0x3 idCpu=0x3 idApic=0x3 iGipCpu=0x2 i64TSCDelta=0 enmState=3 u64CpuHz=1391999980(*) cErrors=0
00:00:02.012416 TM: GIP - CPU: iCpuSet=0x4 idCpu=0x4 idApic=0x4 iGipCpu=0x0 i64TSCDelta=0 enmState=3 u64CpuHz=1391999998(*) cErrors=0
00:00:02.012419 TM: GIP - CPU: iCpuSet=0x5 idCpu=0x5 idApic=0x5 iGipCpu=0x1 i64TSCDelta=0 enmState=3 u64CpuHz=1392000102(*) cErrors=0
00:00:02.012421 TM: GIP - CPU: iCpuSet=0x6 idCpu=0x6 idApic=0x6 iGipCpu=0x5 i64TSCDelta=0 enmState=3 u64CpuHz=1392000000(*) cErrors=0
00:00:02.012424 TM: GIP - CPU: iCpuSet=0x7 idCpu=0x7 idApic=0x7 iGipCpu=0x6 i64TSCDelta=0 enmState=3 u64CpuHz=1391999997(*) cErrors=0
00:00:02.012527 TM: cTSCTicksPerSecond=1 391 999 998 (0x52f83bfe) enmTSCMode=3 (Dynamic)
00:00:02.012528 TM: TSCTiedToExecution=false TSCNotTiedToHalt=false
00:00:02.013563 EMR3Init: fIemExecutesAll=false fGuruOnTripleFault=true 
00:00:02.013679 IEM: TargetCpu=CURRENT, Microarch=Intel_Core7_CoffeeLake
00:00:02.013957 GIM: Using provider 'KVM' (Implementation version: 0)
00:00:02.013974 CPUM: SetGuestCpuIdFeature: Enabled Hypervisor Present bit
00:00:02.014153 AIOMgr: Default manager type is 'Async'
00:00:02.014157 AIOMgr: Default file backend is 'NonBuffered'
00:00:02.014362 BlkCache: Cache successfully initialized. Cache size is 5242880 bytes
00:00:02.014366 BlkCache: Cache commit interval is 10000 ms
00:00:02.014369 BlkCache: Cache commit threshold is 2621440 bytes
00:00:02.085810 PcBios: [SMP] BIOS with 1 CPUs
00:00:02.085908 PcBios: Using the 386+ BIOS image.
00:00:02.086215 PcBios: MPS table at 000e1300
00:00:02.088121 PcBios: fCheckShutdownStatusForSoftReset=true   fClearShutdownStatusOnHardReset=true 
00:00:02.095570 SUP: seg #0: RWX 0x00000000 LB 0x0002c000
00:00:02.095581 SUP: seg #1: R   0x0002c000 LB 0x00002880
00:00:02.095818 SUP: Loaded VBoxDDR0.r0 (/Applications/VirtualBox.app/Contents/MacOS/VBoxDDR0.r0) at 0xXXXXXXXXXXXXXXXX - ModuleInit at XXXXXXXXXXXXXXXX and ModuleTerm at XXXXXXXXXXXXXXXX using the native ring-0 loader
00:00:02.096373 CPUM: SetGuestCpuIdFeature: Enabled xAPIC
00:00:02.096379 CPUM: SetGuestCpuIdFeature: Enabled x2APIC
00:00:02.097028 IOAPIC: Using implementation 2.0! Chipset type ICH9
00:00:02.097249 PIT: mode=3 count=0x10000 (65536) - 18.20 Hz (ch=0)
00:00:02.097828 VMMDev: cbDefaultBudget: 134 217 728 (8000000)
00:00:02.104027 Shared Folders service loaded
00:00:02.106769 Guest Control service loaded
00:00:02.113891 VGA: Using the 386+ BIOS image.
00:00:02.119211 DrvVD: Flushes will be ignored
00:00:02.119221 DrvVD: Async flushes will be passed to the disk
00:00:02.119400 VD: VDInit finished with VINF_SUCCESS
00:00:02.119486 VD: Opening the disk took 244079 ns
00:00:02.119580 PIIX3 ATA: LUN#0: disk, PCHS=16383/16/63, total number of sectors 20480000
00:00:02.119706 DrvVD: Flushes will be ignored
00:00:02.119710 DrvVD: Async flushes will be passed to the disk
00:00:02.119767 VD: Opening the disk took 53719 ns
00:00:02.119787 PIIX3 ATA: LUN#1: CD/DVD, total number of sectors 615904, passthrough disabled
00:00:02.119922 PIIX3 ATA: LUN#2: no unit
00:00:02.119927 PIIX3 ATA: LUN#3: no unit
00:00:02.120314 PIIX3 ATA: Ctl#0: finished processing RESET
00:00:02.120325 PIIX3 ATA: Ctl#1: finished processing RESET
00:00:02.120560 E1000#0: Chip=82540EM LinkUpDelay=3000ms EthernetCRC=on GSO=enabled Itr=disabled ItrRx=enabled TID=disabled R0=enabled RC=disabled
00:00:02.130020 NAT: Guest address guess set to 10.0.2.15 by initialization
00:00:02.131094 NAT: resolv.conf: nameserver 2001:558:feed::1
00:00:02.131106 NAT: resolv.conf: nameserver 2001:558:feed::2
00:00:02.131112 NAT: resolv.conf: nameserver 75.75.75.75
00:00:02.131116 NAT: resolv.conf: nameserver 75.75.76.76
00:00:02.131133 NAT: Adding domain name hsd1.il.comcast.net
00:00:02.131136 NAT: DNS#0: 75.75.75.75
00:00:02.131139 NAT: DNS#1: 75.75.76.76
00:00:02.131216 NAT: Set redirect TCP 127.0.0.1:3627 -> 0.0.0.0:2222
00:00:02.133086 PGM: The CPU physical address width is 39 bits
00:00:02.133108 PGM: PGMR3InitFinalize: 4 MB PSE mask 0000007fffffffff -> VINF_SUCCESS
00:00:02.133137 TM: TMR3InitFinalize: fTSCModeSwitchAllowed=true 
00:00:02.133624 VMM: Thread-context hooks unavailable
00:00:02.133628 VMM: RTThreadPreemptIsPending() can be trusted
00:00:02.133630 VMM: Kernel preemption is possible
00:00:02.133720 HM: fWorldSwitcher=0x0 (fIbpbOnVmExit=false fIbpbOnVmEntry=false fL1dFlushOnVmEntry=false); fL1dFlushOnSched=true  fMdsClearOnVmEntry=false
00:00:02.133751 HM: Using VT-x implementation 3.0
00:00:02.133752 HM: Max resume loops                  = 8192
00:00:02.133752 HM: Host CR4                          = 0x3626e0
00:00:02.133753 HM: Host EFER                         = 0xd01
00:00:02.133753 HM: MSR_IA32_SMM_MONITOR_CTL          = 0x0
00:00:02.133754 HM: MSR_IA32_FEATURE_CONTROL          = 0x5
00:00:02.133754 HM:   LOCK
00:00:02.133754 HM:   VMXON
00:00:02.133755 HM: MSR_IA32_VMX_BASIC                = 0xda040000000004
00:00:02.133755 HM:   VMCS id                           = 0x4
00:00:02.133756 HM:   VMCS size                         = 1024 bytes
00:00:02.133756 HM:   VMCS physical address limit       = None
00:00:02.133779 HM:   VMCS memory type                  = Write Back (WB)
00:00:02.133782 HM:   Dual-monitor treatment support    = true 
00:00:02.133783 HM:   OUTS & INS instruction-info       = true 
00:00:02.133783 HM:   Supports true-capability MSRs     = true 
00:00:02.133784 HM:   VM-entry Xcpt error-code optional = false
00:00:02.133784 HM: MSR_IA32_VMX_PINBASED_CTLS        = 0x7f00000016
00:00:02.133785 HM:   EXT_INT_EXIT
00:00:02.133785 HM:   NMI_EXIT
00:00:02.133786 HM:   VIRTUAL_NMI
00:00:02.133786 HM:   PREEMPT_TIMER
00:00:02.133787 HM:   POSTED_INT (must be cleared)
00:00:02.133787 HM: MSR_IA32_VMX_PROCBASED_CTLS       = 0xfff9fffe0401e172
00:00:02.133788 HM:   INT_WINDOW_EXIT
00:00:02.133788 HM:   USE_TSC_OFFSETTING
00:00:02.133789 HM:   HLT_EXIT
00:00:02.133789 HM:   INVLPG_EXIT
00:00:02.133801 HM:   MWAIT_EXIT
00:00:02.133803 HM:   RDPMC_EXIT
00:00:02.133803 HM:   RDTSC_EXIT
00:00:02.133805 HM:   CR3_LOAD_EXIT (must be set)
00:00:02.133805 HM:   CR3_STORE_EXIT (must be set)
00:00:02.133805 HM:   CR8_LOAD_EXIT
00:00:02.133805 HM:   CR8_STORE_EXIT
00:00:02.133806 HM:   USE_TPR_SHADOW
00:00:02.133806 HM:   NMI_WINDOW_EXIT
00:00:02.133806 HM:   MOV_DR_EXIT
00:00:02.133806 HM:   UNCOND_IO_EXIT
00:00:02.133806 HM:   USE_IO_BITMAPS
00:00:02.133807 HM:   MONITOR_TRAP_FLAG
00:00:02.133807 HM:   USE_MSR_BITMAPS
00:00:02.133807 HM:   MONITOR_EXIT
00:00:02.133807 HM:   PAUSE_EXIT
00:00:02.133808 HM:   USE_SECONDARY_CTLS
00:00:02.133825 HM: MSR_IA32_VMX_PROCBASED_CTLS2      = 0x5fbcff00000000
00:00:02.133827 HM:   VIRT_APIC_ACCESS
00:00:02.133827 HM:   EPT
00:00:02.133827 HM:   DESC_TABLE_EXIT
00:00:02.133827 HM:   RDTSCP
00:00:02.133827 HM:   VIRT_X2APIC_MODE
00:00:02.133828 HM:   VPID
00:00:02.133828 HM:   WBINVD_EXIT
00:00:02.133828 HM:   UNRESTRICTED_GUEST
00:00:02.133828 HM:   APIC_REG_VIRT (must be cleared)
00:00:02.133829 HM:   VIRT_INT_DELIVERY (must be cleared)
00:00:02.133829 HM:   PAUSE_LOOP_EXIT
00:00:02.133829 HM:   RDRAND_EXIT
00:00:02.133829 HM:   INVPCID
00:00:02.133843 HM:   VMFUNC
00:00:02.133843 HM:   VMCS_SHADOWING (must be cleared)
00:00:02.133843 HM:   ENCLS_EXIT
00:00:02.133844 HM:   RDSEED_EXIT
00:00:02.133844 HM:   PML
00:00:02.133844 HM:   EPT_VE
00:00:02.133844 HM:   CONCEAL_VMX_FROM_PT
00:00:02.133845 HM:   XSAVES_XRSTORS
00:00:02.133845 HM:   MODE_BASED_EPT_PERM
00:00:02.133845 HM:   SPPTP_EPT (must be cleared)
00:00:02.133845 HM:   PT_EPT (must be cleared)
00:00:02.133845 HM:   TSC_SCALING (must be cleared)
00:00:02.133846 HM:   USER_WAIT_PAUSE (must be cleared)
00:00:02.133846 HM:   ENCLV_EXIT (must be cleared)
00:00:02.133846 HM: MSR_IA32_VMX_ENTRY_CTLS           = 0x3ffff000011ff
00:00:02.133847 HM:   LOAD_DEBUG (must be set)
00:00:02.133847 HM:   IA32E_MODE_GUEST
00:00:02.133847 HM:   ENTRY_TO_SMM
00:00:02.133848 HM:   DEACTIVATE_DUAL_MON
00:00:02.133848 HM:   LOAD_PERF_MSR
00:00:02.133848 HM:   LOAD_PAT_MSR
00:00:02.133848 HM:   LOAD_EFER_MSR
00:00:02.133849 HM:   LOAD_BNDCFGS_MSR
00:00:02.133849 HM:   CONCEAL_VMX_FROM_PT
00:00:02.133849 HM:   LOAD_RTIT_CTL_MSR (must be cleared)
00:00:02.133849 HM: MSR_IA32_VMX_EXIT_CTLS            = 0x1ffffff00036dff
00:00:02.133850 HM:   SAVE_DEBUG (must be set)
00:00:02.133850 HM:   HOST_ADDR_SPACE_SIZE
00:00:02.133850 HM:   LOAD_PERF_MSR
00:00:02.133851 HM:   ACK_EXT_INT
00:00:02.133851 HM:   SAVE_PAT_MSR
00:00:02.133851 HM:   LOAD_PAT_MSR
00:00:02.133851 HM:   SAVE_EFER_MSR
00:00:02.133851 HM:   LOAD_EFER_MSR
00:00:02.133852 HM:   SAVE_PREEMPT_TIMER
00:00:02.133852 HM:   CLEAR_BNDCFGS_MSR
00:00:02.133852 HM:   CONCEAL_VMX_FROM_PT
00:00:02.133852 HM:   CLEAR_RTIT_CTL_MSR (must be cleared)
00:00:02.133853 HM: MSR_IA32_VMX_TRUE_PINBASED_CTLS   = 0x7f00000016
00:00:02.133853 HM: MSR_IA32_VMX_TRUE_PROCBASED_CTLS  = 0xfff9fffe04006172
00:00:02.133854 HM: MSR_IA32_VMX_TRUE_ENTRY_CTLS      = 0x3ffff000011fb
00:00:02.133854 HM: MSR_IA32_VMX_TRUE_EXIT_CTLS       = 0x1ffffff00036dfb
00:00:02.133871 HM: MSR_IA32_VMX_MISC                 = 0x7004c1e7
00:00:02.133874 HM:   PREEMPT_TIMER_TSC                 = 0x7
00:00:02.133875 HM:   EXIT_SAVE_EFER_LMA                = true 
00:00:02.133876 HM:   ACTIVITY_STATES                   = 0x7 ( HLT SHUTDOWN SIPI_WAIT )
00:00:02.133877 HM:   INTEL_PT                          = true 
00:00:02.133877 HM:   SMM_READ_SMBASE_MSR               = true 
00:00:02.133897 HM:   CR3_TARGET                        = 0x4
00:00:02.133898 HM:   MAX_MSR                           = 0x0 ( 512 )
00:00:02.133898 HM:   VMXOFF_BLOCK_SMI                  = true 
00:00:02.133899 HM:   VMWRITE_ALL                       = true 
00:00:02.133899 HM:   ENTRY_INJECT_SOFT_INT             = 0x1
00:00:02.133899 HM:   MSEG_ID                           = 0x0
00:00:02.133900 HM: MSR_IA32_VMX_VMCS_ENUM            = 0x2e
00:00:02.133900 HM:   HIGHEST_IDX                       = 0x17
00:00:02.133900 HM: MSR_IA32_VMX_EPT_VPID_CAP         = 0xf0106734141
00:00:02.133901 HM:   RWX_X_ONLY
00:00:02.133901 HM:   PAGE_WALK_LENGTH_4
00:00:02.133902 HM:   EMT_UC
00:00:02.133902 HM:   EMT_WB
00:00:02.133902 HM:   PDE_2M
00:00:02.133902 HM:   PDPTE_1G
00:00:02.133902 HM:   INVEPT
00:00:02.133903 HM:   EPT_ACCESS_DIRTY
00:00:02.133903 HM:   ADVEXITINFO_EPT
00:00:02.133903 HM:   INVEPT_SINGLE_CONTEXT
00:00:02.133903 HM:   INVEPT_ALL_CONTEXTS
00:00:02.133904 HM:   INVVPID
00:00:02.133904 HM:   INVVPID_INDIV_ADDR
00:00:02.133904 HM:   INVVPID_SINGLE_CONTEXT
00:00:02.133904 HM:   INVVPID_ALL_CONTEXTS
00:00:02.133904 HM:   INVVPID_SINGLE_CONTEXT_RETAIN_GLOBALS
00:00:02.133905 HM: MSR_IA32_VMX_VMFUNC               = 0x1
00:00:02.133905 HM:   EPTP_SWITCHING
00:00:02.133905 HM: MSR_IA32_VMX_CR0_FIXED0           = 0x80000021
00:00:02.133906 HM: MSR_IA32_VMX_CR0_FIXED1           = 0xffffffff
00:00:02.133906 HM: MSR_IA32_VMX_CR4_FIXED0           = 0x2000
00:00:02.133907 HM: MSR_IA32_VMX_CR4_FIXED1           = 0x3727ff
00:00:02.133907 HM: APIC-access page physaddr         = 0x00000001764e4000
00:00:02.133908 HM: VCPU  0: MSR bitmap physaddr      = 0x000000022d9aa000
00:00:02.133909 HM: VCPU  0: VMCS physaddr            = 0x0000000191d53000
00:00:02.133909 HM: Guest support: 32-bit and 64-bit
00:00:02.133928 HM: Supports VMCS EFER fields         = true 
00:00:02.133928 HM: Enabled VMX
00:00:02.133931 CPUM: SetGuestCpuIdFeature: Enabled SYSENTER/EXIT
00:00:02.133932 CPUM: SetGuestCpuIdFeature: Enabled PAE
00:00:02.133932 CPUM: SetGuestCpuIdFeature: Enabled LONG MODE
00:00:02.133932 CPUM: SetGuestCpuIdFeature: Enabled SYSCALL/RET
00:00:02.133933 CPUM: SetGuestCpuIdFeature: Enabled LAHF/SAHF
00:00:02.133933 CPUM: SetGuestCpuIdFeature: Enabled NX
00:00:02.133933 HM: Enabled nested paging
00:00:02.133934 HM:   EPT flush type                  = Single context
00:00:02.133934 HM: Enabled unrestricted guest execution
00:00:02.133934 HM: Enabled large page support
00:00:02.133934 HM: Enabled VPID
00:00:02.133935 HM:   VPID flush type                 = Single context
00:00:02.133949 HM: Enabled VMX-preemption timer (cPreemptTimerShift=7)
00:00:02.133949 HM: VT-x/AMD-V init method: Global
00:00:02.133950 EM: Exit history optimizations: enabled=true  enabled-r0=true  enabled-r0-no-preemption=false
00:00:02.134357 PcBios: ATA LUN#0 LCHS=1024/255/63
00:00:02.134425 APIC: fPostedIntrsEnabled=false fVirtApicRegsEnabled=false fSupportsTscDeadline=false
00:00:02.134435 TMR3UtcNow: nsNow=1 634 166 847 542 969 000 nsPrev=0 -> cNsDelta=1 634 166 847 542 969 000 (offLag=0 offVirtualSync=0 offVirtualSyncGivenUp=0, NowAgain=1 634 166 847 542 969 000)
00:00:02.134445 VMM: fUsePeriodicPreemptionTimers=false
00:00:02.134782 CPUM: Logical host processors: 8 present, 8 max, 8 online, online mask: 00000000000000ff
00:00:02.134785 CPUM: Physical host cores: 4
00:00:02.134786 ************************* CPUID dump ************************
00:00:02.134818          Raw Standard CPUID Leaves
00:00:02.134818      Leaf/sub-leaf  eax      ebx      ecx      edx
00:00:02.134818 Gst: 00000000/0000  00000016 756e6547 6c65746e 49656e69
00:00:02.134819 Hst:                00000016 756e6547 6c65746e 49656e69
00:00:02.134820 Gst: 00000001/0000  000806ea 00010800 d6fa220b 178bfbff
00:00:02.134821 Hst:                000806ea 06100800 7ffafbbf bfebfbff
00:00:02.134822 Gst: 00000002/0000  76036301 00f0b5ff 00000000 00c30000
00:00:02.134823 Hst:                76036301 00f0b5ff 00000000 00c30000
00:00:02.134824 Gst: 00000003/0000  00000000 00000000 00000000 00000000
00:00:02.134824 Hst:                00000000 00000000 00000000 00000000
00:00:02.134825 Gst: 00000004/0000  00000121 01c0003f 0000003f 00000000
00:00:02.134826 Hst:                1c004121 01c0003f 0000003f 00000000
00:00:02.134826 Gst: 00000004/0001  00000122 01c0003f 0000003f 00000000
00:00:02.134827 Hst:                1c004122 01c0003f 0000003f 00000000
00:00:02.134828 Gst: 00000004/0002  00000143 00c0003f 000003ff 00000000
00:00:02.134828 Hst:                1c004143 00c0003f 000003ff 00000000
00:00:02.134829 Gst: 00000004/0003  00000163 02c0003f 00001fff 00000006
00:00:02.134830 Hst:                1c03c163 02c0003f 00001fff 00000006
00:00:02.134830 Gst: 00000004/0004  00000000 00000000 00000000 00000000
00:00:02.134831 Hst:                00000000 00000000 00000000 00000000
00:00:02.134831 Gst: 00000005/0000  00000040 00000040 00000000 00000000
00:00:02.134832 Hst:                00000040 00000040 00000003 11142120
00:00:02.134833 Gst: 00000006/0000  00000000 00000000 00000000 00000000
00:00:02.134833 Hst:                000026f7 00000002 00000009 00000000
00:00:02.134834 Gst: 00000007/0000  00000000 00842421 00000000 10000400
00:00:02.134835 Hst:                00000000 029c67af 00000000 9c002e00
00:00:02.134836 Gst: 00000007/0001  00000000 00000000 00000000 00000000
00:00:02.134836 Hst:                00000000 00000000 00000000 00000000
00:00:02.134837 Gst: 00000008/0000  00000000 00000000 00000000 00000000
00:00:02.134837 Hst:                00000000 00000000 00000000 00000000
00:00:02.134838 Gst: 00000009/0000  00000000 00000000 00000000 00000000
00:00:02.134838 Hst:                00000000 00000000 00000000 00000000
00:00:02.134839 Gst: 0000000a/0000  00000000 00000000 00000000 00000000
00:00:02.134839 Hst:                07300404 00000000 00000000 00000603
00:00:02.134840 Gst: 0000000b/0000  00000000 00000001 00000100 00000000
00:00:02.134840 Hst:                00000001 00000002 00000100 00000006
00:00:02.134841 Gst: 0000000b/0001  00000001 00000001 00000201 00000000
00:00:02.134841 Hst:                00000004 00000008 00000201 00000006
00:00:02.134842 Gst: 0000000b/0002  00000000 00000000 00000002 00000000
00:00:02.134843 Hst:                00000000 00000000 00000002 00000006
00:00:02.134843 Gst: 0000000c/0000  00000000 00000000 00000000 00000000
00:00:02.134853 Hst:                00000000 00000000 00000000 00000000
00:00:02.134855 Gst: 0000000d/0000  00000007 00000340 00000340 00000000
00:00:02.134857 Hst:                0000001f 00000340 00000440 00000000
00:00:02.134872 Gst: 0000000d/0001  00000000 00000340 00000000 00000000
00:00:02.134873 Hst:                0000000f 00000340 00000100 00000000
00:00:02.134874 Gst: 0000000d/0002  00000100 00000240 00000000 00000000
00:00:02.134875 Hst:                00000100 00000240 00000000 00000000
00:00:02.134876 Gst: 0000000d/0003  00000000 00000000 00000000 00000000
00:00:02.134877 Hst:                00000040 000003c0 00000000 00000000
00:00:02.134878 Gst: 0000000d/0004  00000000 00000000 00000000 00000000
00:00:02.134879 Hst:                00000040 00000400 00000000 00000000
00:00:02.134880 Gst: 0000000d/0005  00000000 00000000 00000000 00000000
00:00:02.134880 Hst:                00000000 00000000 00000000 00000000
00:00:02.134881 Gst: 0000000d/0006  00000000 00000000 00000000 00000000
00:00:02.134882 Hst:                00000000 00000000 00000000 00000000
00:00:02.134883 Gst: 0000000d/0007  00000000 00000000 00000000 00000000
00:00:02.134884 Hst:                00000000 00000000 00000000 00000000
00:00:02.134885 Gst: 0000000d/0008  00000000 00000000 00000000 00000000
00:00:02.134886 Hst:                00000080 00000000 00000001 00000000
00:00:02.134886 Gst: 0000000d/0009  00000000 00000000 00000000 00000000
00:00:02.134887 Hst:                00000000 00000000 00000000 00000000
00:00:02.134905 Gst: 0000000e/0000  00000000 00000000 00000000 00000000
00:00:02.134906 Hst:                00000000 00000000 00000000 00000000
00:00:02.134907 Gst: 0000000f/0000  00000000 00000000 00000000 00000000
00:00:02.134908 Hst:                00000000 00000000 00000000 00000000
00:00:02.134908 Gst: 00000010/0000  00000000 00000000 00000000 00000000
00:00:02.134909 Hst:                00000000 00000000 00000000 00000000
00:00:02.134910 Gst: 00000011/0000  00000000 00000000 00000000 00000000
00:00:02.134911 Hst:                00000000 00000000 00000000 00000000
00:00:02.134911 Gst: 00000012/0000  00000000 00000000 00000000 00000000
00:00:02.134912 Hst:                00000000 00000000 00000000 00000000
00:00:02.134913 Gst: 00000013/0000  00000000 00000000 00000000 00000000
00:00:02.134913 Hst:                00000000 00000000 00000000 00000000
00:00:02.134914 Gst: 00000014/0000  00000000 00000000 00000000 00000000
00:00:02.134915 Hst:                00000001 0000000f 00000007 00000000
00:00:02.134916 Hst: 00000015/0000  00000002 00000074 00000000 00000000
00:00:02.134917 Hst: 00000016/0000  00000578 00000f3c 00000064 00000000
00:00:02.134918                                Name: GenuineIntel
00:00:02.134920                            Supports: 0x00000000-0x00000016
00:00:02.134944                              Family:  6 	Extended: 0 	Effective: 6
00:00:02.134946                               Model: 14 	Extended: 8 	Effective: 142
00:00:02.134948                            Stepping: 10
00:00:02.134949                                Type: 0 (primary)
00:00:02.134950                             APIC ID: 0x00
00:00:02.134951                        Logical CPUs: 1
00:00:02.134952                        CLFLUSH Size: 8
00:00:02.134952                            Brand ID: 0x00
00:00:02.134954 Features
00:00:02.134954   Mnemonic - Description                                  = guest (host)
00:00:02.134983   FPU - x87 FPU on Chip                                   = 1 (1)
00:00:02.134986   VME - Virtual 8086 Mode Enhancements                    = 1 (1)
00:00:02.134987   DE - Debugging extensions                               = 1 (1)
00:00:02.134989   PSE - Page Size Extension                               = 1 (1)
00:00:02.134989   TSC - Time Stamp Counter                                = 1 (1)
00:00:02.134990   MSR - Model Specific Registers                          = 1 (1)
00:00:02.134991   PAE - Physical Address Extension                        = 1 (1)
00:00:02.134992   MCE - Machine Check Exception                           = 1 (1)
00:00:02.134993   CX8 - CMPXCHG8B instruction                             = 1 (1)
00:00:02.134993   APIC - APIC On-Chip                                     = 1 (1)
00:00:02.134994   SEP - SYSENTER and SYSEXIT Present                      = 1 (1)
00:00:02.134995   MTRR - Memory Type Range Registers                      = 1 (1)
00:00:02.134996   PGE - PTE Global Bit                                    = 1 (1)
00:00:02.134997   MCA - Machine Check Architecture                        = 1 (1)
00:00:02.134997   CMOV - Conditional Move instructions                    = 1 (1)
00:00:02.134998   PAT - Page Attribute Table                              = 1 (1)
00:00:02.134999   PSE-36 - 36-bit Page Size Extension                     = 1 (1)
00:00:02.135000   PSN - Processor Serial Number                           = 0 (0)
00:00:02.135000   CLFSH - CLFLUSH instruction                             = 1 (1)
00:00:02.135001   DS - Debug Store                                        = 0 (1)
00:00:02.135002   ACPI - Thermal Mon. & Soft. Clock Ctrl.                 = 0 (1)
00:00:02.135003   MMX - Intel MMX Technology                              = 1 (1)
00:00:02.135004   FXSR - FXSAVE and FXRSTOR instructions                  = 1 (1)
00:00:02.135004   SSE - SSE support                                       = 1 (1)
00:00:02.135005   SSE2 - SSE2 support                                     = 1 (1)
00:00:02.135006   SS - Self Snoop                                         = 0 (1)
00:00:02.135007   HTT - Hyper-Threading Technology                        = 1 (1)
00:00:02.135008   TM - Therm. Monitor                                     = 0 (1)
00:00:02.135009   PBE - Pending Break Enabled                             = 0 (1)
00:00:02.135010   SSE3 - SSE3 support                                     = 1 (1)
00:00:02.135011   PCLMUL - PCLMULQDQ support (for AES-GCM)                = 1 (1)
00:00:02.135011   DTES64 - DS Area 64-bit Layout                          = 0 (1)
00:00:02.135012   MONITOR - MONITOR/MWAIT instructions                    = 1 (1)
00:00:02.135013   CPL-DS - CPL Qualified Debug Store                      = 0 (1)
00:00:02.135013   VMX - Virtual Machine Extensions                        = 0 (1)
00:00:02.135014   SMX - Safer Mode Extensions                             = 0 (0)
00:00:02.135015   EST - Enhanced SpeedStep Technology                     = 0 (1)
00:00:02.135016   TM2 - Terminal Monitor 2                                = 0 (1)
00:00:02.135016   SSSE3 - Supplemental Streaming SIMD Extensions 3        = 1 (1)
00:00:02.135017   CNTX-ID - L1 Context ID                                 = 0 (0)
00:00:02.135018   SDBG - Silicon Debug interface                          = 0 (1)
00:00:02.135019   FMA - Fused Multiply Add extensions                     = 0 (1)
00:00:02.135019   CX16 - CMPXCHG16B instruction                           = 1 (1)
00:00:02.135020   TPRUPDATE - xTPR Update Control                         = 0 (1)
00:00:02.135021   PDCM - Perf/Debug Capability MSR                        = 0 (1)
00:00:02.135022   PCID - Process Context Identifiers                      = 1 (1)
00:00:02.135022   DCA - Direct Cache Access                               = 0 (0)
00:00:02.135023   SSE4_1 - SSE4_1 support                                 = 1 (1)
00:00:02.135024   SSE4_2 - SSE4_2 support                                 = 1 (1)
00:00:02.135025   X2APIC - x2APIC support                                 = 1 (1)
00:00:02.135026   MOVBE - MOVBE instruction                               = 1 (1)
00:00:02.135027   POPCNT - POPCNT instruction                             = 1 (1)
00:00:02.135027   TSCDEADL - Time Stamp Counter Deadline                  = 0 (1)
00:00:02.135028   AES - AES instructions                                  = 1 (1)
00:00:02.135029   XSAVE - XSAVE instruction                               = 1 (1)
00:00:02.135030   OSXSAVE - OSXSAVE instruction                           = 0 (1)
00:00:02.135030   AVX - AVX support                                       = 1 (1)
00:00:02.135031   F16C - 16-bit floating point conversion instructions    = 0 (1)
00:00:02.135032   RDRAND - RDRAND instruction                             = 1 (1)
00:00:02.135033   HVP - Hypervisor Present (we're a guest)                = 1 (0)
00:00:02.135051 Structured Extended Feature Flags Enumeration (leaf 7):
00:00:02.135052   Mnemonic - Description                                  = guest (host)
00:00:02.135052   FSGSBASE - RDFSBASE/RDGSBASE/WRFSBASE/WRGSBASE instr.   = 1 (1)
00:00:02.135053   TSCADJUST - Supports MSR_IA32_TSC_ADJUST                = 0 (1)
00:00:02.135053   SGX - Supports Software Guard Extensions                = 0 (1)
00:00:02.135054   BMI1 - Advanced Bit Manipulation extension 1            = 0 (1)
00:00:02.135055   HLE - Hardware Lock Elision                             = 0 (0)
00:00:02.135056   AVX2 - Advanced Vector Extensions 2                     = 1 (1)
00:00:02.135056   FDP_EXCPTN_ONLY - FPU DP only updated on exceptions     = 0 (0)
00:00:02.135057   SMEP - Supervisor Mode Execution Prevention             = 0 (1)
00:00:02.135058   BMI2 - Advanced Bit Manipulation extension 2            = 0 (1)
00:00:02.135058   ERMS - Enhanced REP MOVSB/STOSB instructions            = 0 (1)
00:00:02.135059   INVPCID - INVPCID instruction                           = 1 (1)
00:00:02.135060   RTM - Restricted Transactional Memory                   = 0 (0)
00:00:02.135060   PQM - Platform Quality of Service Monitoring            = 0 (0)
00:00:02.135061   DEPFPU_CS_DS - Deprecates FPU CS, FPU DS values if set  = 1 (1)
00:00:02.135061   MPE - Intel Memory Protection Extensions                = 0 (1)
00:00:02.135062   PQE - Platform Quality of Service Enforcement           = 0 (0)
00:00:02.135063   AVX512F - AVX512 Foundation instructions                = 0 (0)
00:00:02.135063   RDSEED - RDSEED instruction                             = 1 (1)
00:00:02.135064   ADX - ADCX/ADOX instructions                            = 0 (1)
00:00:02.135065   SMAP - Supervisor Mode Access Prevention                = 0 (1)
00:00:02.135066   CLFLUSHOPT - CLFLUSHOPT (Cache Line Flush) instruction  = 1 (1)
00:00:02.135066   INTEL_PT - Intel Processor Trace                        = 0 (1)
00:00:02.135067   AVX512PF - AVX512 Prefetch instructions                 = 0 (0)
00:00:02.135068   AVX512ER - AVX512 Exponential & Reciprocal instructions = 0 (0)
00:00:02.135068   AVX512CD - AVX512 Conflict Detection instructions       = 0 (0)
00:00:02.135069   SHA - Secure Hash Algorithm extensions                  = 0 (0)
00:00:02.135070   PREFETCHWT1 - PREFETCHWT1 instruction                   = 0 (0)
00:00:02.135070   UMIP - User mode insturction prevention                 = 0 (0)
00:00:02.135071   PKU - Protection Key for Usermode pages                 = 0 (0)
00:00:02.135072   OSPKE - CR4.PKU mirror                                  = 0 (0)
00:00:02.135073   MAWAU - Value used by BNDLDX & BNDSTX                   = 0x0 (0x0)
00:00:02.135073   RDPID - Read processor ID support                       = 0 (0)
00:00:02.135074   SGX_LC - Supports SGX Launch Configuration              = 0 (0)
00:00:02.135075    9 - Reserved                                           = 0 (1)
00:00:02.135076   MD_CLEAR - Supports MDS related buffer clearing         = 1 (1)
00:00:02.135077   11 - Reserved                                           = 0 (1)
00:00:02.135078   13 - Reserved                                           = 0 (1)
00:00:02.135079   IBRS_IBPB - IA32_SPEC_CTRL.IBRS and IA32_PRED_CMD.IBPB  = 0 (1)
00:00:02.135079   STIBP - Supports IA32_SPEC_CTRL.STIBP                   = 0 (1)
00:00:02.135080   FLUSH_CMD - Supports IA32_FLUSH_CMD                     = 1 (1)
00:00:02.135081   ARCHCAP - Supports IA32_ARCH_CAP                        = 0 (0)
00:00:02.135081   CORECAP - Supports IA32_CORE_CAP                        = 0 (0)
00:00:02.135082   SSBD - Supports IA32_SPEC_CTRL.SSBD                     = 0 (1)
00:00:02.135083 Processor Extended State Enumeration (leaf 0xd):
00:00:02.135083    XSAVE area cur/max size by XCR0, guest: 0x340/0x340
00:00:02.135084     XSAVE area cur/max size by XCR0, host: 0x340/0x440
00:00:02.135085                    Valid XCR0 bits, guest: 0x00000000`00000007 ( x87 SSE YMM_Hi128 )
00:00:02.135086                     Valid XCR0 bits, host: 0x00000000`0000001f ( x87 SSE YMM_Hi128 BNDREGS BNDCSR )
00:00:02.135102                     XSAVE features, guest:
00:00:02.135102                      XSAVE features, host: XSAVEOPT XSAVEC XGETBC1 XSAVES
00:00:02.135103       XSAVE area cur size XCR0|XSS, guest: 0x340
00:00:02.135104        XSAVE area cur size XCR0|XSS, host: 0x340
00:00:02.135104                Valid IA32_XSS bits, guest: 0x00000000`00000000
00:00:02.135105                 Valid IA32_XSS bits, host: 0x00000100`00000000 ( 40 )
00:00:02.135106   State #2, guest: off=0x0240, cb=0x0100 IA32_XSS-bit -- YMM_Hi128
00:00:02.135107   State #2, host:  off=0x0240, cb=0x0100 IA32_XSS-bit -- YMM_Hi128
00:00:02.135108   State #3, host:  off=0x03c0, cb=0x0040 IA32_XSS-bit -- BNDREGS
00:00:02.135110   State #4, host:  off=0x0400, cb=0x0040 IA32_XSS-bit -- BNDCSR
00:00:02.135111   State #8, host:  off=0x0000, cb=0x0080 XCR0-bit -- 8
00:00:02.135119          Unknown CPUID Leaves
00:00:02.135119      Leaf/sub-leaf  eax      ebx      ecx      edx
00:00:02.135120 Gst: 00000014/0001  00000000 00000000 00000000 00000000
00:00:02.135121 Hst:                02490002 003f3fff 00000000 00000000
00:00:02.135122 Gst: 00000014/0002  00000000 00000000 00000000 00000000
00:00:02.135122 Hst:                00000000 00000000 00000000 00000000
00:00:02.135123 Gst: 00000015/0000  00000000 00000000 00000000 00000000
00:00:02.135123 Hst:                00000002 00000074 00000000 00000000
00:00:02.135124 Gst: 00000016/0000  00000000 00000000 00000000 00000000
00:00:02.135125 Hst:                00000578 00000f3c 00000064 00000000
00:00:02.135126          Raw Hypervisor CPUID Leaves
00:00:02.135126      Leaf/sub-leaf  eax      ebx      ecx      edx
00:00:02.135127 Gst: 40000000/0000  40000001 4b4d564b 564b4d56 0000004d
00:00:02.135128 Hst:                00000578 00000f3c 00000064 00000000
00:00:02.135129 Gst: 40000001/0000  01000089 00000000 00000000 00000000
00:00:02.135130 Hst:                00000578 00000f3c 00000064 00000000
00:00:02.135130          Raw Extended CPUID Leaves
00:00:02.135130      Leaf/sub-leaf  eax      ebx      ecx      edx
00:00:02.135131 Gst: 80000000/0000  80000008 00000000 00000000 00000000
00:00:02.135131 Hst:                80000008 00000000 00000000 00000000
00:00:02.135132 Gst: 80000001/0000  00000000 00000000 00000121 28100800
00:00:02.135133 Hst:                00000000 00000000 00000121 2c100800
00:00:02.135134 Gst: 80000002/0000  65746e49 2952286c 726f4320 4d542865
00:00:02.135135 Hst:                65746e49 2952286c 726f4320 4d542865
00:00:02.135136 Gst: 80000003/0000  35692029 3532382d 43205537 40205550
00:00:02.135137 Hst:                35692029 3532382d 43205537 40205550
00:00:02.135138 Gst: 80000004/0000  342e3120 7a484730 00000000 00000000
00:00:02.135138 Hst:                342e3120 7a484730 00000000 00000000
00:00:02.135139 Gst: 80000005/0000  00000000 00000000 00000000 00000000
00:00:02.135140 Hst:                00000000 00000000 00000000 00000000
00:00:02.135140 Gst: 80000006/0000  00000000 00000000 01006040 00000000
00:00:02.135141 Hst:                00000000 00000000 01006040 00000000
00:00:02.135141 Gst: 80000007/0000  00000000 00000000 00000000 00000100
00:00:02.135142 Hst:                00000000 00000000 00000000 00000100
00:00:02.135143 Gst: 80000008/0000  00003027 00000000 00000000 00000000
00:00:02.135143 Hst:                00003027 00000000 00000000 00000000
00:00:02.135144 Ext Name:                        
00:00:02.135144 Ext Supports:                    0x80000000-0x80000008
00:00:02.135145 Family:                          0  	Extended: 0 	Effective: 0
00:00:02.135145 Model:                           0  	Extended: 0 	Effective: 0
00:00:02.135146 Stepping:                        0
00:00:02.135146 Brand ID:                        0x000
00:00:02.135146 Ext Features
00:00:02.135147   Mnemonic - Description                                  = guest (host)
00:00:02.135147   FPU - x87 FPU on Chip                                   = 0 (0)
00:00:02.135148   VME - Virtual 8086 Mode Enhancements                    = 0 (0)
00:00:02.135149   DE - Debugging extensions                               = 0 (0)
00:00:02.135150   PSE - Page Size Extension                               = 0 (0)
00:00:02.135150   TSC - Time Stamp Counter                                = 0 (0)
00:00:02.135151   MSR - K86 Model Specific Registers                      = 0 (0)
00:00:02.135152   PAE - Physical Address Extension                        = 0 (0)
00:00:02.135153   MCE - Machine Check Exception                           = 0 (0)
00:00:02.135153   CX8 - CMPXCHG8B instruction                             = 0 (0)
00:00:02.135154   APIC - APIC On-Chip                                     = 0 (0)
00:00:02.135155   SEP - SYSCALL/SYSRET                                    = 1 (1)
00:00:02.135156   MTRR - Memory Type Range Registers                      = 0 (0)
00:00:02.135157   PGE - PTE Global Bit                                    = 0 (0)
00:00:02.135158   MCA - Machine Check Architecture                        = 0 (0)
00:00:02.135158   CMOV - Conditional Move instructions                    = 0 (0)
00:00:02.135159   PAT - Page Attribute Table                              = 0 (0)
00:00:02.135160   PSE-36 - 36-bit Page Size Extension                     = 0 (0)
00:00:02.135161   NX - No-Execute/Execute-Disable                         = 1 (1)
00:00:02.135161   AXMMX - AMD Extensions to MMX instructions              = 0 (0)
00:00:02.135162   MMX - Intel MMX Technology                              = 0 (0)
00:00:02.135163   FXSR - FXSAVE and FXRSTOR Instructions                  = 0 (0)
00:00:02.135163   FFXSR - AMD fast FXSAVE and FXRSTOR instructions        = 0 (0)
00:00:02.135164   Page1GB - 1 GB large page                               = 0 (1)
00:00:02.135165   RDTSCP - RDTSCP instruction                             = 1 (1)
00:00:02.135166   LM - AMD64 Long Mode                                    = 1 (1)
00:00:02.135167   3DNOWEXT - AMD Extensions to 3DNow                      = 0 (0)
00:00:02.135167   3DNOW - AMD 3DNow                                       = 0 (0)
00:00:02.135169   LahfSahf - LAHF/SAHF support in 64-bit mode             = 1 (1)
00:00:02.135169   CmpLegacy - Core multi-processing legacy mode           = 0 (0)
00:00:02.135170   SVM - AMD Secure Virtual Machine extensions             = 0 (0)
00:00:02.135171   EXTAPIC - AMD Extended APIC registers                   = 0 (0)
00:00:02.135171   CR8L - AMD LOCK MOV CR0 means MOV CR8                   = 0 (0)
00:00:02.135172   ABM - AMD Advanced Bit Manipulation                     = 1 (1)
00:00:02.135173   SSE4A - SSE4A instructions                              = 0 (0)
00:00:02.135173   MISALIGNSSE - AMD Misaligned SSE mode                   = 0 (0)
00:00:02.135174   3DNOWPRF - AMD PREFETCH and PREFETCHW instructions      = 1 (1)
00:00:02.135175   OSVW - AMD OS Visible Workaround                        = 0 (0)
00:00:02.135175   IBS - Instruct Based Sampling                           = 0 (0)
00:00:02.135176   XOP - Extended Operation support                        = 0 (0)
00:00:02.135177   SKINIT - SKINIT, STGI, and DEV support                  = 0 (0)
00:00:02.135178   WDT - AMD Watchdog Timer support                        = 0 (0)
00:00:02.135178   LWP - Lightweight Profiling support                     = 0 (0)
00:00:02.135179   FMA4 - Four operand FMA instruction support             = 0 (0)
00:00:02.135180   NodeId - NodeId in MSR C001_100C                        = 0 (0)
00:00:02.135181   TBM - Trailing Bit Manipulation instructions            = 0 (0)
00:00:02.135181   TOPOEXT - Topology Extensions                           = 0 (0)
00:00:02.135182   PRFEXTCORE - Performance Counter Extensions support     = 0 (0)
00:00:02.135182   PRFEXTNB - NB Performance Counter Extensions support    = 0 (0)
00:00:02.135183   DATABPEXT - Data-access Breakpoint Extension            = 0 (0)
00:00:02.135184   PERFTSC - Performance Time Stamp Counter                = 0 (0)
00:00:02.135184   PCX_L2I - L2I/L3 Performance Counter Extensions         = 0 (0)
00:00:02.135185   MWAITX - MWAITX and MONITORX instructions               = 0 (0)
00:00:02.135186 Full Name:                       "Intel(R) Core(TM) i5-8257U CPU @ 1.40GHz"
00:00:02.135186 TLB 2/4M Instr/Uni:              res0     0 entries
00:00:02.135187 TLB 2/4M Data:                   res0     0 entries
00:00:02.135187 TLB 4K Instr/Uni:                res0     0 entries
00:00:02.135188 TLB 4K Data:                     res0     0 entries
00:00:02.135188 L1 Instr Cache Line Size:        0 bytes
00:00:02.135189 L1 Instr Cache Lines Per Tag:    0
00:00:02.135189 L1 Instr Cache Associativity:    res0  
00:00:02.135189 L1 Instr Cache Size:             0 KB
00:00:02.135189 L1 Data Cache Line Size:         0 bytes
00:00:02.135190 L1 Data Cache Lines Per Tag:     0
00:00:02.135190 L1 Data Cache Associativity:     res0  
00:00:02.135190 L1 Data Cache Size:              0 KB
00:00:02.135190 L2 TLB 2/4M Instr/Uni:           off       0 entries
00:00:02.135191 L2 TLB 2/4M Data:                off       0 entries
00:00:02.135191 L2 TLB 4K Instr/Uni:             off       0 entries
00:00:02.135191 L2 TLB 4K Data:                  off       0 entries
00:00:02.135192 L2 Cache Line Size:              0 bytes
00:00:02.135192 L2 Cache Lines Per Tag:          0
00:00:02.135192 L2 Cache Associativity:          off   
00:00:02.135192 L2 Cache Size:                   0 KB
00:00:02.135193   TS - Temperature Sensor                                 = 0 (0)
00:00:02.135194   FID - Frequency ID control                              = 0 (0)
00:00:02.135195   VID - Voltage ID control                                = 0 (0)
00:00:02.135196   TscInvariant - Invariant Time Stamp Counter             = 1 (1)
00:00:02.135197   CBP - Core Performance Boost                            = 0 (0)
00:00:02.135197   EffFreqRO - Read-only Effective Frequency Interface     = 0 (0)
00:00:02.135198   ProcFdbkIf - Processor Feedback Interface               = 0 (0)
00:00:02.135199   ProcPwrRep - Core power reporting interface support     = 0 (0)
00:00:02.135199 Physical Address Width:          39 bits
00:00:02.135200 Virtual Address Width:           48 bits
00:00:02.135200 Guest Physical Address Width:    0 bits
00:00:02.135200 Physical Core Count:             1
00:00:02.135202 
00:00:02.135202 ******************** End of CPUID dump **********************
00:00:02.135203 *********************** VT-x features ***********************
00:00:02.135204 Nested hardware virtualization - VMX features
00:00:02.135204   Mnemonic - Description                                  = guest (host)
00:00:02.135204   VMX - Virtual-Machine Extensions                        = 0 (1)
00:00:02.135205   InsOutInfo - INS/OUTS instruction info.                 = 0 (1)
00:00:02.135205   ExtIntExit - External interrupt exiting                 = 0 (1)
00:00:02.135206   NmiExit - NMI exiting                                   = 0 (1)
00:00:02.135206   VirtNmi - Virtual NMIs                                  = 0 (1)
00:00:02.135207   PreemptTimer - VMX preemption timer                     = 0 (1)
00:00:02.135207   PostedInt - Posted interrupts                           = 0 (0)
00:00:02.135207   IntWindowExit - Interrupt-window exiting                = 0 (1)
00:00:02.135208   TscOffsetting - TSC offsetting                          = 0 (1)
00:00:02.135208   HltExit - HLT exiting                                   = 0 (1)
00:00:02.135209   InvlpgExit - INVLPG exiting                             = 0 (1)
00:00:02.135209   MwaitExit - MWAIT exiting                               = 0 (1)
00:00:02.135209   RdpmcExit - RDPMC exiting                               = 0 (1)
00:00:02.135210   RdtscExit - RDTSC exiting                               = 0 (1)
00:00:02.135210   Cr3LoadExit - CR3-load exiting                          = 0 (1)
00:00:02.135211   Cr3StoreExit - CR3-store exiting                        = 0 (1)
00:00:02.135211   Cr8LoadExit  - CR8-load exiting                         = 0 (1)
00:00:02.135211   Cr8StoreExit - CR8-store exiting                        = 0 (1)
00:00:02.135212   UseTprShadow - Use TPR shadow                           = 0 (1)
00:00:02.135212   NmiWindowExit - NMI-window exiting                      = 0 (1)
00:00:02.135213   MovDRxExit - Mov-DR exiting                             = 0 (1)
00:00:02.135213   UncondIoExit - Unconditional I/O exiting                = 0 (1)
00:00:02.135213   UseIoBitmaps - Use I/O bitmaps                          = 0 (1)
00:00:02.135214   MonitorTrapFlag - Monitor Trap Flag                     = 0 (1)
00:00:02.135214   UseMsrBitmaps - MSR bitmaps                             = 0 (1)
00:00:02.135215   MonitorExit - MONITOR exiting                           = 0 (1)
00:00:02.135215   PauseExit - PAUSE exiting                               = 0 (1)
00:00:02.135215   SecondaryExecCtl - Activate secondary controls          = 0 (1)
00:00:02.135216   VirtApic - Virtualize-APIC accesses                     = 0 (1)
00:00:02.135216   Ept - Extended Page Tables                              = 0 (1)
00:00:02.135217   DescTableExit - Descriptor-table exiting                = 0 (1)
00:00:02.135231   Rdtscp - Enable RDTSCP                                  = 0 (1)
00:00:02.135231   VirtX2ApicMode - Virtualize-x2APIC mode                 = 0 (1)
00:00:02.135232   Vpid - Enable VPID                                      = 0 (1)
00:00:02.135232   WbinvdExit - WBINVD exiting                             = 0 (1)
00:00:02.135232   UnrestrictedGuest - Unrestricted guest                  = 0 (1)
00:00:02.135233   ApicRegVirt - APIC-register virtualization              = 0 (0)
00:00:02.135233   VirtIntDelivery - Virtual-interrupt delivery            = 0 (0)
00:00:02.135234   PauseLoopExit - PAUSE-loop exiting                      = 0 (1)
00:00:02.135234   RdrandExit - RDRAND exiting                             = 0 (1)
00:00:02.135234   Invpcid - Enable INVPCID                                = 0 (1)
00:00:02.135235   VmFuncs - Enable VM Functions                           = 0 (1)
00:00:02.135235   VmcsShadowing - VMCS shadowing                          = 0 (0)
00:00:02.135236   RdseedExiting - RDSEED exiting                          = 0 (1)
00:00:02.135236   PML - Page-Modification Log (PML)                       = 0 (1)
00:00:02.135236   EptVe - EPT violations can cause #VE                    = 0 (1)
00:00:02.135237   XsavesXRstors - Enable XSAVES/XRSTORS                   = 0 (1)
00:00:02.135237   EntryLoadDebugCtls - Load debug controls on VM-entry    = 0 (1)
00:00:02.135238   Ia32eModeGuest - IA-32e mode guest                      = 0 (1)
00:00:02.135238   EntryLoadEferMsr - Load IA32_EFER MSR on VM-entry       = 0 (1)
00:00:02.135238   EntryLoadPatMsr - Load IA32_PAT MSR on VM-entry         = 0 (1)
00:00:02.135239   ExitSaveDebugCtls - Save debug controls on VM-exit      = 0 (1)
00:00:02.135239   HostAddrSpaceSize - Host address-space size             = 0 (1)
00:00:02.135240   ExitAckExtInt - Acknowledge interrupt on VM-exit        = 0 (1)
00:00:02.135240   ExitSavePatMsr - Save IA32_PAT MSR on VM-exit           = 0 (1)
00:00:02.135240   ExitLoadPatMsr - Load IA32_PAT MSR on VM-exit           = 0 (1)
00:00:02.135241   ExitSaveEferMsr - Save IA32_EFER MSR on VM-exit         = 0 (1)
00:00:02.135241   ExitLoadEferMsr - Load IA32_EFER MSR on VM-exit         = 0 (1)
00:00:02.135242   SavePreemptTimer - Save VMX-preemption timer            = 0 (1)
00:00:02.135242   ExitSaveEferLma - Save IA32_EFER.LMA on VM-exit         = 0 (1)
00:00:02.135242   IntelPt - Intel PT (Processor Trace) in VMX operation   = 0 (1)
00:00:02.135243   VmwriteAll - VMWRITE to any supported VMCS field        = 0 (1)
00:00:02.135243   EntryInjectSoftInt - Inject softint. with 0-len instr.  = 0 (1)
00:00:02.135244 
00:00:02.135244 ******************* End of VT-x features ********************
00:00:02.135332 VMEmt: Halt method global1 (5)
00:00:02.135393 VMEmt: HaltedGlobal1 config: cNsSpinBlockThresholdCfg=2000
00:00:02.135397 Changing the VM state from 'CREATING' to 'CREATED'
00:00:02.138091 Changing the VM state from 'CREATED' to 'POWERING_ON'
00:00:02.138184 Changing the VM state from 'POWERING_ON' to 'RUNNING'
00:00:02.138191 Console: Machine state changed to 'Running'
00:00:02.141608 VMMDev: Guest Log: BIOS: VirtualBox 6.1.26
00:00:02.141713 PCI: Setting up resources and interrupts
00:00:02.141898 PIT: mode=2 count=0x10000 (65536) - 18.20 Hz (ch=0)
00:00:02.151129 Display::i_handleDisplayResize: uScreenId=0 pvVRAM=0000000000000000 w=720 h=400 bpp=0 cbLine=0x0 flags=0x0 origin=0,0
00:00:02.152062 VMMDev: Guest Log: CPUID EDX: 0x178bfbff
00:00:02.152177 PIIX3 ATA: Ctl#0: RESET, DevSel=0 AIOIf=0 CmdIf0=0x00 (-1 usec ago) CmdIf1=0x00 (-1 usec ago)
00:00:02.152247 PIIX3 ATA: Ctl#0: finished processing RESET
00:00:02.152936 VMMDev: Guest Log: BIOS: ata0-0: PCHS=16383/16/63 LCHS=1024/255/63
00:00:02.155575 PIT: mode=2 count=0x48d3 (18643) - 64.00 Hz (ch=0)
00:00:02.171599 Display::i_handleDisplayResize: uScreenId=0 pvVRAM=0000000112872000 w=640 h=480 bpp=32 cbLine=0xA00 flags=0x0 origin=0,0
00:00:02.643646 GUI: UIMachineViewNormal::resendSizeHint: Restoring guest size-hint for screen 0 to 800x600
00:00:02.643788 GUI: UIMediumEnumerator: Medium-enumeration finished!
00:00:02.661908 GUI: 2D video acceleration is disabled
00:00:02.661981 GUI: HID LEDs sync is enabled
00:00:02.739341 GUI: UIMachineLogicNormal::sltCheckForRequestedVisualStateType: Requested-state=0, Machine-state=5
00:00:02.830829 GUI: UIDesktopWidgetWatchdog::sltHandleHostScreenWorkAreaResized: Screen 0 work area is formally resized to: 0x25 x 1440x822
00:00:04.634242 PIT: mode=2 count=0x10000 (65536) - 18.20 Hz (ch=0)
00:00:04.634712 VMMDev: Guest Log: BIOS: Boot : bseqnr=1, bootseq=0032
00:00:04.635279 VMMDev: Guest Log: BIOS: Boot from Hard Disk 0 failed
00:00:04.635735 VMMDev: Guest Log: BIOS: Boot : bseqnr=2, bootseq=0003
00:00:04.636561 VMMDev: Guest Log: BIOS: Booting from CD-ROM...
00:00:04.785701 Display::i_handleDisplayResize: uScreenId=0 pvVRAM=0000000000000000 w=720 h=400 bpp=0 cbLine=0x0 flags=0x0 origin=0,0
00:00:04.855565 Display::i_handleDisplayResize: uScreenId=0 pvVRAM=0000000112872000 w=640 h=480 bpp=16 cbLine=0x500 flags=0x0 origin=0,0
00:00:05.272356 GUI: UIDesktopWidgetWatchdog::sltHandleHostScreenWorkAreaResized: Screen 0 work area is formally resized to: 0x25 x 1440x823
00:00:10.732216 Display::i_handleDisplayResize: uScreenId=0 pvVRAM=0000000000000000 w=720 h=400 bpp=0 cbLine=0x0 flags=0x0 origin=0,0
00:00:10.787825 VMMDev: Guest Log: BIOS: KBD: unsupported int 16h function 03
00:00:10.788282 VMMDev: Guest Log: BIOS: AX=0305 BX=0000 CX=0000 DX=0000 
00:00:10.917081 GIM: KVM: VCPU  0: Enabled system-time struct. at 0x0000000018201000 - u32TscScale=0xb7e875b7 i8TscShift=0 uVersion=2 fFlags=0x1 uTsc=0x2d85c5c59 uVirtNanoTS=0x20b3f68a4 TscKHz=1391999
00:00:10.917105 TM: Switching TSC mode from 'Dynamic' to 'RealTscOffset'
00:00:11.126561 GIM: KVM: Enabled wall-clock struct. at 0x0000000018200000 - u32Sec=1634166856 u32Nano=535267366 uVersion=2
00:00:11.134233 PIT: mode=2 count=0x12a5 (4773) - 249.98 Hz (ch=0)
00:00:11.134442 APIC0: Switched mode to x2APIC
00:00:11.250236 PIT: mode=0 count=0x10000 (65536) - 18.20 Hz (ch=0)
00:00:11.646492 NAT: Old socket recv size: 334KB
00:00:11.646513 NAT: Old socket send size: 79KB
00:00:11.785640 PIIX3 ATA: Ctl#0: RESET, DevSel=0 AIOIf=1 CmdIf0=0xc4 (-1 usec ago) CmdIf1=0xa0 (-1 usec ago)
00:00:11.785712 PIIX3 ATA: Ctl#0: finished processing RESET
00:00:12.241502 GUI: UISession::sltAdditionsChange: GA state really changed, notifying listeners
00:00:12.241608 GUI: UIMachineViewNormal::adjustGuestScreenSize: Adjust guest-screen size if necessary
00:00:12.241634 GUI: UISession::sltAdditionsChange: GA state change event came, notifying listeners
00:00:12.241638 GUI: UIMachineLogicNormal::sltCheckForRequestedVisualStateType: Requested-state=0, Machine-state=5
00:00:12.248075 Display::i_handleDisplayResize: uScreenId=0 pvVRAM=0000000112872000 w=800 h=600 bpp=32 cbLine=0xC80 flags=0x1 origin=0,0
00:00:12.409756 GUI: UIMediumEnumerator: Medium-enumeration finished!
00:00:12.550027 GUI: UIMachineView::sltPerformGuestResize: Sending guest size-hint to screen 0 as 800x600 if necessary
00:00:15.585713 NAT: Link up
00:00:28.856992 VMMDev: Guest Additions information report: Version 6.1.16 r140961 '6.1.16_Ubuntu'
00:00:28.966457 VMMDev: Guest Additions information report: Interface = 0x00010004 osType = 0x00053100 (Linux >= 2.6, 64-bit)
00:00:28.966607 VMMDev: Guest Additions capability report: (0x0 -> 0x0) seamless: no, hostWindowMapping: no, graphics: no
00:00:28.966710 VMMDev: vmmDevReqHandler_HeartbeatConfigure: No change (fHeartbeatActive=false)
00:00:28.966719 GUI: UISession::sltAdditionsChange: GA state really changed, notifying listeners
00:00:28.966736 VMMDev: Heartbeat flatline timer set to trigger after 4 000 000 000 ns
00:00:28.966814 GUI: UIMachineViewNormal::adjustGuestScreenSize: Adjust guest-screen size if necessary
00:00:28.966836 GUI: UISession::sltAdditionsChange: GA state change event came, notifying listeners
00:00:28.966840 GUI: UIMachineLogicNormal::sltCheckForRequestedVisualStateType: Requested-state=0, Machine-state=5
00:00:28.966852 GUI: UISession::sltAdditionsChange: GA state change event came, notifying listeners
00:00:28.966855 GUI: UIMachineLogicNormal::sltCheckForRequestedVisualStateType: Requested-state=0, Machine-state=5
00:00:28.968680 VMMDev: Guest Log: vgdrvHeartbeatInit: Setting up heartbeat to trigger every 2000 milliseconds
00:00:29.176574 GUI: UISession::sltAdditionsChange: GA state really changed, notifying listeners
00:00:29.176596 GUI: UIMachineViewNormal::adjustGuestScreenSize: Adjust guest-screen size if necessary
00:00:29.176614 GUI: UISession::sltAdditionsChange: GA state change event came, notifying listeners
00:00:29.176617 GUI: UIMachineLogicNormal::sltCheckForRequestedVisualStateType: Requested-state=0, Machine-state=5
00:00:29.180181 VMMDev: Guest Additions capability report: (0x0 -> 0x0) seamless: no, hostWindowMapping: no, graphics: no
00:00:29.180293 GUI: UISession::sltAdditionsChange: GA state change event came, notifying listeners
00:00:29.180301 GUI: UIMachineLogicNormal::sltCheckForRequestedVisualStateType: Requested-state=0, Machine-state=5
00:00:29.181743 VMMDev: Guest Log: vboxguest: Successfully loaded version 6.1.16_Ubuntu
00:00:29.181796 VMMDev: Guest Log: vboxguest: misc device minor 58, IRQ 20, I/O port d020, MMIO at 00000000f0400000 (size 0x400000)
00:00:34.271162 NAT: DHCP offered IP address 10.0.2.15
00:00:34.272903 NAT: IPv6 not supported
00:00:34.273059 NAT: DHCP offered IP address 10.0.2.15
00:00:36.148044 GUI: UIDesktopWidgetWatchdog::sltHandleHostScreenWorkAreaResized: Screen 0 work area is formally resized to: 0x25 x 1440x824
00:00:59.696669 NAT: DHCP released IP address 10.0.2.15
00:00:59.820639 NAT: DHCP offered IP address 10.0.2.15
00:00:59.820944 NAT: DHCP offered IP address 10.0.2.15
00:20:05.981178 PIIX3 ATA: execution time for ATA command 0xca was 10 seconds
