00:00:00.146524 VirtualBox VM 6.1.26 r145957 darwin.amd64 (Jul 28 2021 18:24:31) release log
00:00:00.146530 Log opened 2021-10-21T00:21:33.111530000Z
00:00:00.146530 Build Type: release
00:00:00.146542 OS Product: Darwin
00:00:00.146547 OS Release: 20.6.0
00:00:00.146552 OS Version: Darwin Kernel Version 20.6.0: Mon Aug 30 06:12:21 PDT 2021; root:xnu-7195.141.6~3/RELEASE_X86_64
00:00:00.146659 DMI Product Name: MacBookPro16,3
00:00:00.146702 DMI Product Version: 1.0
00:00:00.146705 Firmware type: failed - VERR_NOT_SUPPORTED
00:00:00.146713 Host RAM: 8192MB (8.0GB) total, 2842MB (2.7GB) available
00:00:00.146715 Executable: /Applications/VirtualBox.app/Contents/MacOS/VBoxHeadless
00:00:00.146715 Process ID: 62315
00:00:00.146716 Package type: DARWIN_64BITS_GENERIC
00:00:00.147912 Installed Extension Packs:
00:00:00.147921   None installed!
00:00:00.148804 Console: Machine state changed to 'Starting'
00:00:00.149854 VRDE: VirtualBox Remote Desktop Extension is not available.
00:00:00.178735 SUP: seg #0: RWX 0x00000000 LB 0x0015e000
00:00:00.178810 SUP: seg #1: R   0x0015e000 LB 0x00023580
00:00:00.186029 SUP: Loaded VMMR0.r0 (/Applications/VirtualBox.app/Contents/MacOS/VMMR0.r0) at 0xXXXXXXXXXXXXXXXX - ModuleInit at XXXXXXXXXXXXXXXX and ModuleTerm at XXXXXXXXXXXXXXXX using the native ring-0 loader
00:00:00.186066 SUP: VMMR0EntryEx located at XXXXXXXXXXXXXXXX and VMMR0EntryFast at XXXXXXXXXXXXXXXX
00:00:00.189147 Guest OS type: 'RedHat_64'
00:00:00.193149 fHMForced=true - No raw-mode support in this build!
00:00:00.207358 File system of '/Volumes/externalwd/ITMO-453/beyesus/packer-example-code/build/graphiteb_default_1634596919242_71042/Snapshots' (snapshots) is unknown
00:00:00.207369 File system of '/Volumes/externalwd/ITMO-453/beyesus/packer-example-code/build/graphiteb_default_1634596919242_71042/packer-centos-graphiteb-1634595746-disk001.vmdk' is hfs
00:00:00.290686 Shared Clipboard: Service loaded
00:00:00.290719 Shared Clipboard: Mode: Off
00:00:00.290770 Shared Clipboard: Service running in headless mode
00:00:00.292185 Drag and drop service loaded
00:00:00.292193 Drag and drop mode: Off
00:00:00.294702 Per-VM extradata API settings:
00:00:00.294711   VBoxInternal2/SharedFoldersEnableSymlinksCreate/vagrant="1"
00:00:00.295082 ************************* CFGM dump *************************
00:00:00.295121 [/] (level 0)
00:00:00.295124   CpuExecutionCap   <integer> = 0x0000000000000064 (100)
00:00:00.295128   EnablePAE         <integer> = 0x0000000000000001 (1)
00:00:00.295128   HMEnabled         <integer> = 0x0000000000000001 (1)
00:00:00.295129   MemBalloonSize    <integer> = 0x0000000000000000 (0)
00:00:00.295130   Name              <string>  = "graphiteb_default_1634596919242_71042" (cb=38)
00:00:00.295131   NumCPUs           <integer> = 0x0000000000000002 (2)
00:00:00.295131   PageFusionAllowed <integer> = 0x0000000000000000 (0)
00:00:00.295132   RamHoleSize       <integer> = 0x0000000020000000 (536 870 912, 512 MB)
00:00:00.295133   RamSize           <integer> = 0x0000000040000000 (1 073 741 824, 1 024 MB)
00:00:00.295134   TimerMillies      <integer> = 0x000000000000000a (10)
00:00:00.295135   UUID              <bytes>   = "c4 ac c4 78 df 75 3a 4e 9c 5d b3 3a 97 4a d3 8b" (cb=16)
00:00:00.295139 
00:00:00.295140 [/CPUM/] (level 1)
00:00:00.295140   GuestCpuName       <string>  = "host" (cb=5)
00:00:00.295141   NestedHWVirt       <integer> = 0x0000000000000000 (0)
00:00:00.295142   PortableCpuIdLevel <integer> = 0x0000000000000000 (0)
00:00:00.295142   SpecCtrl           <integer> = 0x0000000000000000 (0)
00:00:00.295143 
00:00:00.295143 [/CPUM/IsaExts/] (level 2)
00:00:00.295144 
00:00:00.295144 [/DBGC/] (level 1)
00:00:00.295145   GlobalInitScript <string>  = "/Users/birukeyesus/Library/VirtualBox/dbgc-init" (cb=48)
00:00:00.295145   HistoryFile      <string>  = "/Users/birukeyesus/Library/VirtualBox/dbgc-history" (cb=51)
00:00:00.295146   LocalInitScript  <string>  = "/Volumes/externalwd/ITMO-453/beyesus/packer-example-code/build/graphiteb_default_1634596919242_71042/dbgc-init" (cb=111)
00:00:00.295146 
00:00:00.295147 [/DBGF/] (level 1)
00:00:00.295147   Path <string>  = "/Volumes/externalwd/ITMO-453/beyesus/packer-example-code/build/graphiteb_default_1634596919242_71042/debug/;/Volumes/externalwd/ITMO-453/beyesus/packer-example-code/build/graphiteb_default_1634596919242_71042/;cache*/Volumes/externalwd/ITMO-453/beyesus/packer-example-code/build/graphiteb_default_1634596919242_71042/dbgcache/;/Users/birukeyesus/" (cb=347)
00:00:00.295148 
00:00:00.295148 [/Devices/] (level 1)
00:00:00.295149 
00:00:00.295149 [/Devices/8237A/] (level 2)
00:00:00.295150 
00:00:00.295150 [/Devices/8237A/0/] (level 3)
00:00:00.295151   Trusted <integer> = 0x0000000000000001 (1)
00:00:00.295151 
00:00:00.295151 [/Devices/GIMDev/] (level 2)
00:00:00.295152 
00:00:00.295152 [/Devices/GIMDev/0/] (level 3)
00:00:00.295153   Trusted <integer> = 0x0000000000000001 (1)
00:00:00.295153 
00:00:00.295154 [/Devices/VMMDev/] (level 2)
00:00:00.295154 
00:00:00.295154 [/Devices/VMMDev/0/] (level 3)
00:00:00.295155   PCIBusNo      <integer> = 0x0000000000000000 (0)
00:00:00.295156   PCIDeviceNo   <integer> = 0x0000000000000004 (4)
00:00:00.295156   PCIFunctionNo <integer> = 0x0000000000000000 (0)
00:00:00.295157   Trusted       <integer> = 0x0000000000000001 (1)
00:00:00.295157 
00:00:00.295157 [/Devices/VMMDev/0/Config/] (level 4)
00:00:00.295158   GuestCoreDumpDir <string>  = "/Volumes/externalwd/ITMO-453/beyesus/packer-example-code/build/graphiteb_default_1634596919242_71042/Snapshots" (cb=111)
00:00:00.295159 
00:00:00.295159 [/Devices/VMMDev/0/LUN#0/] (level 4)
00:00:00.295160   Driver <string>  = "HGCM" (cb=5)
00:00:00.295160 
00:00:00.295161 [/Devices/VMMDev/0/LUN#0/Config/] (level 5)
00:00:00.295161   Object <integer> = 0x00007fa03aa05380 (140 326 155 080 576)
00:00:00.295162 
00:00:00.295163 [/Devices/VMMDev/0/LUN#999/] (level 4)
00:00:00.295163   Driver <string>  = "MainStatus" (cb=11)
00:00:00.295164 
00:00:00.295164 [/Devices/VMMDev/0/LUN#999/Config/] (level 5)
00:00:00.295165   First   <integer> = 0x0000000000000000 (0)
00:00:00.295165   Last    <integer> = 0x0000000000000000 (0)
00:00:00.295166   papLeds <integer> = 0x00007fa039015790 (140 326 127 884 176)
00:00:00.295167 
00:00:00.295167 [/Devices/acpi/] (level 2)
00:00:00.295168 
00:00:00.295168 [/Devices/acpi/0/] (level 3)
00:00:00.295172   PCIBusNo      <integer> = 0x0000000000000000 (0)
00:00:00.295172   PCIDeviceNo   <integer> = 0x0000000000000007 (7)
00:00:00.295173   PCIFunctionNo <integer> = 0x0000000000000000 (0)
00:00:00.295173   Trusted       <integer> = 0x0000000000000001 (1)
00:00:00.295174 
00:00:00.295174 [/Devices/acpi/0/Config/] (level 4)
00:00:00.295175   CpuHotPlug          <integer> = 0x0000000000000000 (0)
00:00:00.295175   FdcEnabled          <integer> = 0x0000000000000000 (0)
00:00:00.295176   HostBusPciAddress   <integer> = 0x0000000000000000 (0)
00:00:00.295176   HpetEnabled         <integer> = 0x0000000000000000 (0)
00:00:00.295177   IOAPIC              <integer> = 0x0000000000000001 (1)
00:00:00.295177   IocPciAddress       <integer> = 0x0000000000010000 (65 536)
00:00:00.295178   NumCPUs             <integer> = 0x0000000000000002 (2)
00:00:00.295179   Parallel0IoPortBase <integer> = 0x0000000000000000 (0)
00:00:00.295179   Parallel0Irq        <integer> = 0x0000000000000000 (0)
00:00:00.295180   Parallel1IoPortBase <integer> = 0x0000000000000000 (0)
00:00:00.295180   Parallel1Irq        <integer> = 0x0000000000000000 (0)
00:00:00.295181   Serial0IoPortBase   <integer> = 0x0000000000000000 (0)
00:00:00.295181   Serial0Irq          <integer> = 0x0000000000000000 (0)
00:00:00.295182   Serial1IoPortBase   <integer> = 0x0000000000000000 (0)
00:00:00.295182   Serial1Irq          <integer> = 0x0000000000000000 (0)
00:00:00.295183   ShowCpu             <integer> = 0x0000000000000001 (1)
00:00:00.295183   ShowRtc             <integer> = 0x0000000000000000 (0)
00:00:00.295184   SmcEnabled          <integer> = 0x0000000000000000 (0)
00:00:00.295185 
00:00:00.295185 [/Devices/acpi/0/LUN#0/] (level 4)
00:00:00.295186   Driver <string>  = "ACPIHost" (cb=9)
00:00:00.295186 
00:00:00.295186 [/Devices/acpi/0/LUN#0/Config/] (level 5)
00:00:00.295187 
00:00:00.295187 [/Devices/acpi/0/LUN#1/] (level 4)
00:00:00.295188   Driver <string>  = "ACPICpu" (cb=8)
00:00:00.295188 
00:00:00.295188 [/Devices/acpi/0/LUN#1/Config/] (level 5)
00:00:00.295189 
00:00:00.295190 [/Devices/ahci/] (level 2)
00:00:00.295190 
00:00:00.295190 [/Devices/ahci/0/] (level 3)
00:00:00.295191   PCIBusNo      <integer> = 0x0000000000000000 (0)
00:00:00.295192   PCIDeviceNo   <integer> = 0x000000000000000d (13)
00:00:00.295192   PCIFunctionNo <integer> = 0x0000000000000000 (0)
00:00:00.295193   Trusted       <integer> = 0x0000000000000001 (1)
00:00:00.295193 
00:00:00.295193 [/Devices/ahci/0/Config/] (level 4)
00:00:00.295194   Bootable  <integer> = 0x0000000000000001 (1)
00:00:00.295195   PortCount <integer> = 0x0000000000000001 (1)
00:00:00.295195 
00:00:00.295195 [/Devices/ahci/0/Config/Port0/] (level 5)
00:00:00.295196   Hotpluggable <integer> = 0x0000000000000000 (0)
00:00:00.295197 
00:00:00.295197 [/Devices/ahci/0/LUN#0/] (level 4)
00:00:00.295198   Driver <string>  = "VD" (cb=3)
00:00:00.295198 
00:00:00.295198 [/Devices/ahci/0/LUN#0/Config/] (level 5)
00:00:00.295199   BlockCache <integer> = 0x0000000000000001 (1)
00:00:00.295200   Format     <string>  = "VMDK" (cb=5)
00:00:00.295200   Mountable  <integer> = 0x0000000000000000 (0)
00:00:00.295201   Path       <string>  = "/Volumes/externalwd/ITMO-453/beyesus/packer-example-code/build/graphiteb_default_1634596919242_71042/packer-centos-graphiteb-1634595746-disk001.vmdk" (cb=149)
00:00:00.295202   Type       <string>  = "HardDisk" (cb=9)
00:00:00.295202   UseNewIo   <integer> = 0x0000000000000001 (1)
00:00:00.295203 
00:00:00.295203 [/Devices/ahci/0/LUN#999/] (level 4)
00:00:00.295204   Driver <string>  = "MainStatus" (cb=11)
00:00:00.295204 
00:00:00.295204 [/Devices/ahci/0/LUN#999/Config/] (level 5)
00:00:00.295205   DeviceInstance        <string>  = "ahci/0" (cb=7)
00:00:00.295206   First                 <integer> = 0x0000000000000000 (0)
00:00:00.295207   Last                  <integer> = 0x0000000000000000 (0)
00:00:00.295207   pConsole              <integer> = 0x00007fa039014400 (140 326 127 879 168)
00:00:00.295208   papLeds               <integer> = 0x00007fa039014b98 (140 326 127 881 112)
00:00:00.295211   pmapMediumAttachments <integer> = 0x00007fa0390157b0 (140 326 127 884 208)
00:00:00.295212 
00:00:00.295212 [/Devices/apic/] (level 2)
00:00:00.295213 
00:00:00.295213 [/Devices/apic/0/] (level 3)
00:00:00.295214   Trusted <integer> = 0x0000000000000001 (1)
00:00:00.295214 
00:00:00.295214 [/Devices/apic/0/Config/] (level 4)
00:00:00.295215   IOAPIC  <integer> = 0x0000000000000001 (1)
00:00:00.295216   Mode    <integer> = 0x0000000000000003 (3)
00:00:00.295216   NumCPUs <integer> = 0x0000000000000002 (2)
00:00:00.295217 
00:00:00.295217 [/Devices/e1000/] (level 2)
00:00:00.295217 
00:00:00.295218 [/Devices/e1000/0/] (level 3)
00:00:00.295218   PCIBusNo      <integer> = 0x0000000000000000 (0)
00:00:00.295219   PCIDeviceNo   <integer> = 0x0000000000000003 (3)
00:00:00.295219   PCIFunctionNo <integer> = 0x0000000000000000 (0)
00:00:00.295220   Trusted       <integer> = 0x0000000000000001 (1)
00:00:00.295220 
00:00:00.295220 [/Devices/e1000/0/Config/] (level 4)
00:00:00.295221   AdapterType    <integer> = 0x0000000000000000 (0)
00:00:00.295222   CableConnected <integer> = 0x0000000000000001 (1)
00:00:00.295222   LineSpeed      <integer> = 0x0000000000000000 (0)
00:00:00.295223   MAC            <bytes>   = "08 00 27 29 95 1a" (cb=6)
00:00:00.295224 
00:00:00.295224 [/Devices/e1000/0/LUN#0/] (level 4)
00:00:00.295225   Driver <string>  = "NAT" (cb=4)
00:00:00.295225 
00:00:00.295225 [/Devices/e1000/0/LUN#0/Config/] (level 5)
00:00:00.295226   AliasMode       <integer> = 0x0000000000000000 (0)
00:00:00.295227   BootFile        <string>  = "graphiteb_default_1634596919242_71042.pxe" (cb=42)
00:00:00.295227   DNSProxy        <integer> = 0x0000000000000001 (1)
00:00:00.295228   Network         <string>  = "10.0.2.0/24" (cb=12)
00:00:00.295229   PassDomain      <integer> = 0x0000000000000001 (1)
00:00:00.295229   TFTPPrefix      <string>  = "/Users/birukeyesus/Library/VirtualBox/TFTP" (cb=43)
00:00:00.295230   UseHostResolver <integer> = 0x0000000000000000 (0)
00:00:00.295230 
00:00:00.295230 [/Devices/e1000/0/LUN#0/Config/PortForwarding/] (level 6)
00:00:00.295231 
00:00:00.295231 [/Devices/e1000/0/LUN#0/Config/PortForwarding/0/] (level 7)
00:00:00.295232   BindIP    <string>  = "127.0.0.1" (cb=10)
00:00:00.295233   GuestPort <integer> = 0x0000000000000016 (22)
00:00:00.295234   HostPort  <integer> = 0x00000000000008ae (2 222)
00:00:00.295234   Name      <string>  = "ssh" (cb=4)
00:00:00.295235   Protocol  <string>  = "TCP" (cb=4)
00:00:00.295235 
00:00:00.295235 [/Devices/e1000/0/LUN#999/] (level 4)
00:00:00.295236   Driver <string>  = "MainStatus" (cb=11)
00:00:00.295237 
00:00:00.295237 [/Devices/e1000/0/LUN#999/Config/] (level 5)
00:00:00.295238   First   <integer> = 0x0000000000000000 (0)
00:00:00.295238   Last    <integer> = 0x0000000000000000 (0)
00:00:00.295239   papLeds <integer> = 0x00007fa039015670 (140 326 127 883 888)
00:00:00.295240 
00:00:00.295240 [/Devices/e1000/1/] (level 3)
00:00:00.295241   PCIBusNo      <integer> = 0x0000000000000000 (0)
00:00:00.295241   PCIDeviceNo   <integer> = 0x0000000000000008 (8)
00:00:00.295242   PCIFunctionNo <integer> = 0x0000000000000000 (0)
00:00:00.295242   Trusted       <integer> = 0x0000000000000001 (1)
00:00:00.295242 
00:00:00.295243 [/Devices/e1000/1/Config/] (level 4)
00:00:00.295243   AdapterType    <integer> = 0x0000000000000000 (0)
00:00:00.295244   CableConnected <integer> = 0x0000000000000001 (1)
00:00:00.295244   LineSpeed      <integer> = 0x0000000000000000 (0)
00:00:00.295245   MAC            <bytes>   = "08 00 27 98 e1 b6" (cb=6)
00:00:00.295246 
00:00:00.295246 [/Devices/e1000/1/LUN#0/] (level 4)
00:00:00.295247   Driver <string>  = "IntNet" (cb=7)
00:00:00.295247 
00:00:00.295248 [/Devices/e1000/1/LUN#0/Config/] (level 5)
00:00:00.295248   IfPolicyPromisc <string>  = "deny" (cb=5)
00:00:00.295249   Network         <string>  = "HostInterfaceNetworking-vboxnet0" (cb=33)
00:00:00.295249   Trunk           <string>  = "vboxnet0" (cb=9)
00:00:00.295250   TrunkType       <integer> = 0x0000000000000004 (4)
00:00:00.295250 
00:00:00.295251 [/Devices/e1000/1/LUN#999/] (level 4)
00:00:00.295253   Driver <string>  = "MainStatus" (cb=11)
00:00:00.295254 
00:00:00.295254 [/Devices/e1000/1/LUN#999/Config/] (level 5)
00:00:00.295255   First   <integer> = 0x0000000000000000 (0)
00:00:00.295255   Last    <integer> = 0x0000000000000000 (0)
00:00:00.295256   papLeds <integer> = 0x00007fa039015678 (140 326 127 883 896)
00:00:00.295256 
00:00:00.295257 [/Devices/i8254/] (level 2)
00:00:00.295257 
00:00:00.295258 [/Devices/i8254/0/] (level 3)
00:00:00.295258 
00:00:00.295258 [/Devices/i8254/0/Config/] (level 4)
00:00:00.295259 
00:00:00.295259 [/Devices/i8259/] (level 2)
00:00:00.295260 
00:00:00.295260 [/Devices/i8259/0/] (level 3)
00:00:00.295261   Trusted <integer> = 0x0000000000000001 (1)
00:00:00.295261 
00:00:00.295261 [/Devices/i8259/0/Config/] (level 4)
00:00:00.295262 
00:00:00.295262 [/Devices/ioapic/] (level 2)
00:00:00.295263 
00:00:00.295263 [/Devices/ioapic/0/] (level 3)
00:00:00.295264   Trusted <integer> = 0x0000000000000001 (1)
00:00:00.295264 
00:00:00.295264 [/Devices/ioapic/0/Config/] (level 4)
00:00:00.295265   NumCPUs <integer> = 0x0000000000000002 (2)
00:00:00.295265 
00:00:00.295266 [/Devices/mc146818/] (level 2)
00:00:00.295266 
00:00:00.295266 [/Devices/mc146818/0/] (level 3)
00:00:00.295267 
00:00:00.295267 [/Devices/mc146818/0/Config/] (level 4)
00:00:00.295268   UseUTC <integer> = 0x0000000000000001 (1)
00:00:00.295269 
00:00:00.295269 [/Devices/parallel/] (level 2)
00:00:00.295269 
00:00:00.295270 [/Devices/pcarch/] (level 2)
00:00:00.295270 
00:00:00.295270 [/Devices/pcarch/0/] (level 3)
00:00:00.295271   Trusted <integer> = 0x0000000000000001 (1)
00:00:00.295271 
00:00:00.295272 [/Devices/pcarch/0/Config/] (level 4)
00:00:00.295272 
00:00:00.295273 [/Devices/pcbios/] (level 2)
00:00:00.295273 
00:00:00.295273 [/Devices/pcbios/0/] (level 3)
00:00:00.295274   Trusted <integer> = 0x0000000000000001 (1)
00:00:00.295274 
00:00:00.295275 [/Devices/pcbios/0/Config/] (level 4)
00:00:00.295276   APIC               <integer> = 0x0000000000000001 (1)
00:00:00.295276   BootDevice0        <string>  = "IDE" (cb=4)
00:00:00.295277   BootDevice1        <string>  = "DVD" (cb=4)
00:00:00.295277   BootDevice2        <string>  = "NONE" (cb=5)
00:00:00.295278   BootDevice3        <string>  = "NONE" (cb=5)
00:00:00.295278   FloppyDevice       <string>  = "i82078" (cb=7)
00:00:00.295279   HardDiskDevice     <string>  = "piix3ide" (cb=9)
00:00:00.295279   IOAPIC             <integer> = 0x0000000000000001 (1)
00:00:00.295280   McfgBase           <integer> = 0x0000000000000000 (0)
00:00:00.295281   McfgLength         <integer> = 0x0000000000000000 (0)
00:00:00.295281   NumCPUs            <integer> = 0x0000000000000002 (2)
00:00:00.295282   PXEDebug           <integer> = 0x0000000000000000 (0)
00:00:00.295282   SataHardDiskDevice <string>  = "ahci" (cb=5)
00:00:00.295283   SataLUN1           <integer> = 0x0000000000000000 (0)
00:00:00.295283   UUID               <bytes>   = "c4 ac c4 78 df 75 3a 4e 9c 5d b3 3a 97 4a d3 8b" (cb=16)
00:00:00.295285   UuidLe             <integer> = 0x0000000000000001 (1)
00:00:00.295286 
00:00:00.295286 [/Devices/pcbios/0/Config/NetBoot/] (level 5)
00:00:00.295287 
00:00:00.295287 [/Devices/pcbios/0/Config/NetBoot/0/] (level 6)
00:00:00.295288   NIC           <integer> = 0x0000000000000000 (0)
00:00:00.295289   PCIBusNo      <integer> = 0x0000000000000000 (0)
00:00:00.295289   PCIDeviceNo   <integer> = 0x0000000000000003 (3)
00:00:00.295290   PCIFunctionNo <integer> = 0x0000000000000000 (0)
00:00:00.295290 
00:00:00.295290 [/Devices/pci/] (level 2)
00:00:00.295291 
00:00:00.295291 [/Devices/pci/0/] (level 3)
00:00:00.295292   Trusted <integer> = 0x0000000000000001 (1)
00:00:00.295292 
00:00:00.295292 [/Devices/pci/0/Config/] (level 4)
00:00:00.295293   IOAPIC <integer> = 0x0000000000000001 (1)
00:00:00.295294 
00:00:00.295294 [/Devices/pcibridge/] (level 2)
00:00:00.295295 
00:00:00.295295 [/Devices/pckbd/] (level 2)
00:00:00.295295 
00:00:00.295296 [/Devices/pckbd/0/] (level 3)
00:00:00.295296   Trusted <integer> = 0x0000000000000001 (1)
00:00:00.295298 
00:00:00.295298 [/Devices/pckbd/0/Config/] (level 4)
00:00:00.295299 
00:00:00.295299 [/Devices/pckbd/0/LUN#0/] (level 4)
00:00:00.295300   Driver <string>  = "KeyboardQueue" (cb=14)
00:00:00.295300 
00:00:00.295301 [/Devices/pckbd/0/LUN#0/AttachedDriver/] (level 5)
00:00:00.295301   Driver <string>  = "MainKeyboard" (cb=13)
00:00:00.295302 
00:00:00.295302 [/Devices/pckbd/0/LUN#0/AttachedDriver/Config/] (level 6)
00:00:00.295303   Object <integer> = 0x00007fa0385143e0 (140 326 116 344 800)
00:00:00.295304 
00:00:00.295304 [/Devices/pckbd/0/LUN#0/Config/] (level 5)
00:00:00.295305   QueueSize <integer> = 0x0000000000000040 (64)
00:00:00.295305 
00:00:00.295306 [/Devices/pckbd/0/LUN#1/] (level 4)
00:00:00.295306   Driver <string>  = "MouseQueue" (cb=11)
00:00:00.295307 
00:00:00.295307 [/Devices/pckbd/0/LUN#1/AttachedDriver/] (level 5)
00:00:00.295308   Driver <string>  = "MainMouse" (cb=10)
00:00:00.295308 
00:00:00.295308 [/Devices/pckbd/0/LUN#1/AttachedDriver/Config/] (level 6)
00:00:00.295309   Object <integer> = 0x00007fa038514a40 (140 326 116 346 432)
00:00:00.295310 
00:00:00.295310 [/Devices/pckbd/0/LUN#1/Config/] (level 5)
00:00:00.295311   QueueSize <integer> = 0x0000000000000080 (128)
00:00:00.295312 
00:00:00.295312 [/Devices/pcnet/] (level 2)
00:00:00.295312 
00:00:00.295313 [/Devices/piix3ide/] (level 2)
00:00:00.295313 
00:00:00.295313 [/Devices/piix3ide/0/] (level 3)
00:00:00.295314   PCIBusNo      <integer> = 0x0000000000000000 (0)
00:00:00.295315   PCIDeviceNo   <integer> = 0x0000000000000001 (1)
00:00:00.295315   PCIFunctionNo <integer> = 0x0000000000000001 (1)
00:00:00.295316   Trusted       <integer> = 0x0000000000000001 (1)
00:00:00.295316 
00:00:00.295316 [/Devices/piix3ide/0/Config/] (level 4)
00:00:00.295317   Type <string>  = "PIIX4" (cb=6)
00:00:00.295317 
00:00:00.295318 [/Devices/piix3ide/0/LUN#999/] (level 4)
00:00:00.295318   Driver <string>  = "MainStatus" (cb=11)
00:00:00.295319 
00:00:00.295319 [/Devices/piix3ide/0/LUN#999/Config/] (level 5)
00:00:00.295320   DeviceInstance        <string>  = "piix3ide/0" (cb=11)
00:00:00.295320   First                 <integer> = 0x0000000000000000 (0)
00:00:00.295321   Last                  <integer> = 0x0000000000000003 (3)
00:00:00.295322   pConsole              <integer> = 0x00007fa039014400 (140 326 127 879 168)
00:00:00.295323   papLeds               <integer> = 0x00007fa039014b78 (140 326 127 881 080)
00:00:00.295324   pmapMediumAttachments <integer> = 0x00007fa0390157b0 (140 326 127 884 208)
00:00:00.295325 
00:00:00.295325 [/Devices/serial/] (level 2)
00:00:00.295326 
00:00:00.295326 [/Devices/vga/] (level 2)
00:00:00.295326 
00:00:00.295327 [/Devices/vga/0/] (level 3)
00:00:00.295327   PCIBusNo      <integer> = 0x0000000000000000 (0)
00:00:00.295328   PCIDeviceNo   <integer> = 0x0000000000000002 (2)
00:00:00.295328   PCIFunctionNo <integer> = 0x0000000000000000 (0)
00:00:00.295329   Trusted       <integer> = 0x0000000000000001 (1)
00:00:00.295329 
00:00:00.295329 [/Devices/vga/0/Config/] (level 4)
00:00:00.295331   3DEnabled        <integer> = 0x0000000000000000 (0)
00:00:00.295331   CustomVideoModes <integer> = 0x0000000000000000 (0)
00:00:00.295332   FadeIn           <integer> = 0x0000000000000001 (1)
00:00:00.295332   FadeOut          <integer> = 0x0000000000000001 (1)
00:00:00.295333   HeightReduction  <integer> = 0x0000000000000000 (0)
00:00:00.295333   LogoFile         <string>  = "" (cb=1)
00:00:00.295334   LogoTime         <integer> = 0x0000000000000000 (0)
00:00:00.295335   MonitorCount     <integer> = 0x0000000000000001 (1)
00:00:00.295335   ShowBootMenu     <integer> = 0x0000000000000002 (2)
00:00:00.295336   VRamSize         <integer> = 0x0000000000400000 (4 194 304, 4 MB)
00:00:00.295337 
00:00:00.295337 [/Devices/vga/0/LUN#0/] (level 4)
00:00:00.295338   Driver <string>  = "MainDisplay" (cb=12)
00:00:00.295338 
00:00:00.295338 [/Devices/vga/0/LUN#0/Config/] (level 5)
00:00:00.295339   Object <integer> = 0x00007fa039016400 (140 326 127 887 360)
00:00:00.295340 
00:00:00.295340 [/Devices/vga/0/LUN#999/] (level 4)
00:00:00.295343   Driver <string>  = "MainStatus" (cb=11)
00:00:00.295343 
00:00:00.295343 [/Devices/vga/0/LUN#999/Config/] (level 5)
00:00:00.295344   First   <integer> = 0x0000000000000000 (0)
00:00:00.295345   Last    <integer> = 0x0000000000000000 (0)
00:00:00.295345   papLeds <integer> = 0x00007fa0390157a8 (140 326 127 884 200)
00:00:00.295346 
00:00:00.295346 [/Devices/virtio-net/] (level 2)
00:00:00.295347 
00:00:00.295347 [/EM/] (level 1)
00:00:00.295348   TripleFaultReset <integer> = 0x0000000000000000 (0)
00:00:00.295348 
00:00:00.295348 [/GIM/] (level 1)
00:00:00.295349   Provider <string>  = "KVM" (cb=4)
00:00:00.295349 
00:00:00.295349 [/HM/] (level 1)
00:00:00.295350   64bitEnabled       <integer> = 0x0000000000000001 (1)
00:00:00.295351   EnableLargePages   <integer> = 0x0000000000000001 (1)
00:00:00.295351   EnableNestedPaging <integer> = 0x0000000000000001 (1)
00:00:00.295352   EnableUX           <integer> = 0x0000000000000001 (1)
00:00:00.295352   EnableVPID         <integer> = 0x0000000000000001 (1)
00:00:00.295353   Exclusive          <integer> = 0x0000000000000000 (0)
00:00:00.295353   HMForced           <integer> = 0x0000000000000001 (1)
00:00:00.295354   IBPBOnVMEntry      <integer> = 0x0000000000000000 (0)
00:00:00.295354   IBPBOnVMExit       <integer> = 0x0000000000000000 (0)
00:00:00.295355   L1DFlushOnSched    <integer> = 0x0000000000000001 (1)
00:00:00.295355   L1DFlushOnVMEntry  <integer> = 0x0000000000000000 (0)
00:00:00.295356   MDSClearOnSched    <integer> = 0x0000000000000001 (1)
00:00:00.295356   MDSClearOnVMEntry  <integer> = 0x0000000000000000 (0)
00:00:00.295357   SpecCtrlByHost     <integer> = 0x0000000000000000 (0)
00:00:00.295357   UseNEMInstead      <integer> = 0x0000000000000000 (0)
00:00:00.295358 
00:00:00.295358 [/MM/] (level 1)
00:00:00.295358   CanUseLargerHeap <integer> = 0x0000000000000000 (0)
00:00:00.295359 
00:00:00.295359 [/NEM/] (level 1)
00:00:00.295360   Allow64BitGuests <integer> = 0x0000000000000001 (1)
00:00:00.295360 
00:00:00.295360 [/PDM/] (level 1)
00:00:00.295361 
00:00:00.295361 [/PDM/AsyncCompletion/] (level 2)
00:00:00.295362 
00:00:00.295362 [/PDM/AsyncCompletion/File/] (level 3)
00:00:00.295363 
00:00:00.295363 [/PDM/AsyncCompletion/File/BwGroups/] (level 4)
00:00:00.295364 
00:00:00.295364 [/PDM/BlkCache/] (level 2)
00:00:00.295364   CacheSize <integer> = 0x0000000000500000 (5 242 880, 5 MB)
00:00:00.295365 
00:00:00.295365 [/PDM/Devices/] (level 2)
00:00:00.295366 
00:00:00.295366 [/PDM/Drivers/] (level 2)
00:00:00.295367 
00:00:00.295367 [/PDM/Drivers/VBoxC/] (level 3)
00:00:00.295368   Path <string>  = "/Applications/VirtualBox.app/Contents/MacOS/components/VBoxC" (cb=61)
00:00:00.295368 
00:00:00.295369 [/PDM/NetworkShaper/] (level 2)
00:00:00.295369 
00:00:00.295369 [/PDM/NetworkShaper/BwGroups/] (level 3)
00:00:00.295370 
00:00:00.295370 [/TM/] (level 1)
00:00:00.295371   UTCOffset <integer> = 0x0000000000000000 (0)
00:00:00.295371 
00:00:00.295372 ********************* End of CFGM dump **********************
00:00:00.295527 HM: HMR3Init: VT-x w/ nested paging and unrestricted guest execution hw support
00:00:00.295553 MM: cbHyperHeap=0x240000 (2359296)
00:00:00.298321 CPUM: fXStateHostMask=0x7; initial: 0x7; host XCR0=0x7
00:00:00.299549 CPUM: Matched host CPU INTEL 0x6/0x8e/0xa Intel_Core7_CoffeeLake with CPU DB entry 'Intel Core i7-6700K' (INTEL 0x6/0x5e/0x3 Intel_Core7_Skylake)
00:00:00.299745 CPUM: MXCSR_MASK=0xffff (host: 0xffff)
00:00:00.299791 CPUM: Microcode revision 0x000000EA
00:00:00.299823 CPUM: Changing leaf 13[0]: EBX=0x340 -> 0x340, ECX=0x440 -> 0x340
00:00:00.299857 CPUM: MSR/CPUID reconciliation insert: 0x0000010b IA32_FLUSH_CMD
00:00:00.299897 CPUM: SetGuestCpuIdFeature: Enabled PAE
00:00:00.300160 PGM: Host paging mode: AMD64+PGE+NX
00:00:00.300167 PGM: PGMPool: cMaxPages=768 (u64MaxPages=545)
00:00:00.300169 PGM: pgmR3PoolInit: cMaxPages=0x300 cMaxUsers=0x600 cMaxPhysExts=0x600 fCacheEnable=true 
00:00:00.310216 TM: GIP - u32Mode=3 (Invariant) u32UpdateHz=100 u32UpdateIntervalNS=10000000 enmUseTscDelta=2 (Practically Zero) fGetGipCpu=0x15 cCpus=8
00:00:00.310239 TM: GIP - u64CpuHz=1 391 999 999 (0x52f83bff)  SUPGetCpuHzFromGip => 1 391 999 999
00:00:00.310245 TM: GIP - CPU: iCpuSet=0x0 idCpu=0x0 idApic=0x0 iGipCpu=0x2 i64TSCDelta=0 enmState=3 u64CpuHz=1391999940(*) cErrors=0
00:00:00.310249 TM: GIP - CPU: iCpuSet=0x1 idCpu=0x1 idApic=0x1 iGipCpu=0x3 i64TSCDelta=0 enmState=3 u64CpuHz=1391999986(*) cErrors=0
00:00:00.310252 TM: GIP - CPU: iCpuSet=0x2 idCpu=0x2 idApic=0x2 iGipCpu=0x7 i64TSCDelta=0 enmState=3 u64CpuHz=1391999997(*) cErrors=0
00:00:00.310255 TM: GIP - CPU: iCpuSet=0x3 idCpu=0x3 idApic=0x3 iGipCpu=0x6 i64TSCDelta=0 enmState=3 u64CpuHz=1391999991(*) cErrors=0
00:00:00.310257 TM: GIP - CPU: iCpuSet=0x4 idCpu=0x4 idApic=0x4 iGipCpu=0x4 i64TSCDelta=0 enmState=3 u64CpuHz=1392000000(*) cErrors=0
00:00:00.310259 TM: GIP - CPU: iCpuSet=0x5 idCpu=0x5 idApic=0x5 iGipCpu=0x5 i64TSCDelta=0 enmState=3 u64CpuHz=1391999992(*) cErrors=0
00:00:00.310262 TM: GIP - CPU: iCpuSet=0x6 idCpu=0x6 idApic=0x6 iGipCpu=0x0 i64TSCDelta=0 enmState=3 u64CpuHz=1391999999(*) cErrors=0
00:00:00.310264 TM: GIP - CPU: iCpuSet=0x7 idCpu=0x7 idApic=0x7 iGipCpu=0x1 i64TSCDelta=0 enmState=3 u64CpuHz=1391992445(*) cErrors=0
00:00:00.310364 TM: cTSCTicksPerSecond=1 391 999 999 (0x52f83bff) enmTSCMode=1 (VirtTscEmulated)
00:00:00.310366 TM: TSCTiedToExecution=false TSCNotTiedToHalt=false
00:00:00.311632 EMR3Init: fIemExecutesAll=false fGuruOnTripleFault=true 
00:00:00.311803 IEM: TargetCpu=CURRENT, Microarch=Intel_Core7_CoffeeLake
00:00:00.312016 GIM: Using provider 'KVM' (Implementation version: 0)
00:00:00.312027 CPUM: SetGuestCpuIdFeature: Enabled Hypervisor Present bit
00:00:00.312195 AIOMgr: Default manager type is 'Async'
00:00:00.312202 AIOMgr: Default file backend is 'NonBuffered'
00:00:00.312303 BlkCache: Cache successfully initialized. Cache size is 5242880 bytes
00:00:00.312323 BlkCache: Cache commit interval is 10000 ms
00:00:00.312326 BlkCache: Cache commit threshold is 2621440 bytes
00:00:00.429198 PcBios: [SMP] BIOS with 2 CPUs
00:00:00.429276 PcBios: Using the 386+ BIOS image.
00:00:00.429562 PcBios: MPS table at 000e1300
00:00:00.431591 PcBios: fCheckShutdownStatusForSoftReset=true   fClearShutdownStatusOnHardReset=true 
00:00:00.437571 SUP: seg #0: RWX 0x00000000 LB 0x0002c000
00:00:00.437571 SUP: seg #1: R   0x0002c000 LB 0x00002880
00:00:00.438311 SUP: Loaded VBoxDDR0.r0 (/Applications/VirtualBox.app/Contents/MacOS/VBoxDDR0.r0) at 0xXXXXXXXXXXXXXXXX - ModuleInit at XXXXXXXXXXXXXXXX and ModuleTerm at XXXXXXXXXXXXXXXX using the native ring-0 loader
00:00:00.439232 CPUM: SetGuestCpuIdFeature: Enabled xAPIC
00:00:00.439243 CPUM: SetGuestCpuIdFeature: Enabled x2APIC
00:00:00.440039 IOAPIC: Using implementation 2.0! Chipset type ICH9
00:00:00.440184 PIT: mode=3 count=0x10000 (65536) - 18.20 Hz (ch=0)
00:00:00.440608 VMMDev: cbDefaultBudget: 134 217 728 (8000000)
00:00:00.445852 Shared Folders service loaded
00:00:00.446626 Guest Control service loaded
00:00:00.454833 VGA: Using the 386+ BIOS image.
00:00:00.459286 DrvVD: Flushes will be ignored
00:00:00.459297 DrvVD: Async flushes will be passed to the disk
00:00:00.461580 VD: VDInit finished with VINF_SUCCESS
00:00:00.461860 AIOMgr: Endpoint for file '/Volumes/externalwd/ITMO-453/beyesus/packer-example-code/build/graphiteb_default_1634596919242_71042/packer-centos-graphiteb-1634595746-disk001.vmdk' (flags 000c0723) created successfully
00:00:00.463415 VD: Opening the disk took 2012123 ns
00:00:00.463475 AHCI: LUN#0: disk, PCHS=16383/16/63, total number of sectors 30720000
00:00:00.463597 AHCI#0: Reset the HBA
00:00:00.463602 VD#0: Cancelling all active requests
00:00:00.464839 PIIX3 ATA: LUN#0: no unit
00:00:00.464847 PIIX3 ATA: LUN#1: no unit
00:00:00.464872 PIIX3 ATA: LUN#2: no unit
00:00:00.464876 PIIX3 ATA: LUN#3: no unit
00:00:00.464901 PIIX3 ATA: Ctl#0: finished processing RESET
00:00:00.464916 PIIX3 ATA: Ctl#1: finished processing RESET
00:00:00.465148 E1000#0: Chip=82540EM LinkUpDelay=3000ms EthernetCRC=on GSO=enabled Itr=disabled ItrRx=enabled TID=disabled R0=enabled RC=disabled
00:00:00.471587 NAT: Guest address guess set to 10.0.2.15 by initialization
00:00:00.471783 NAT: resolv.conf: nameserver 2001:558:feed::1
00:00:00.471791 NAT: resolv.conf: nameserver 2001:558:feed::2
00:00:00.471794 NAT: resolv.conf: nameserver 75.75.75.75
00:00:00.471798 NAT: resolv.conf: nameserver 75.75.76.76
00:00:00.471811 NAT: Adding domain name hsd1.il.comcast.net
00:00:00.471813 NAT: DNS#0: 75.75.75.75
00:00:00.471816 NAT: DNS#1: 75.75.76.76
00:00:00.471887 NAT: Set redirect TCP 127.0.0.1:2222 -> 0.0.0.0:22
00:00:00.473146 E1000#1: Chip=82540EM LinkUpDelay=3000ms EthernetCRC=on GSO=enabled Itr=disabled ItrRx=enabled TID=disabled R0=enabled RC=disabled
00:00:00.473259 IntNet#0: szNetwork={HostInterfaceNetworking-vboxnet0} enmTrunkType=4 szTrunk={vboxnet0} fFlags=0x8000 cbRecv=325632 cbSend=196608 fIgnoreConnectFailure=false
00:00:00.474622 PGM: The CPU physical address width is 39 bits
00:00:00.474632 PGM: PGMR3InitFinalize: 4 MB PSE mask 0000007fffffffff -> VINF_SUCCESS
00:00:00.474659 TM: TMR3InitFinalize: fTSCModeSwitchAllowed=true 
00:00:00.474929 VMM: Thread-context hooks unavailable
00:00:00.474933 VMM: RTThreadPreemptIsPending() can be trusted
00:00:00.474935 VMM: Kernel preemption is possible
00:00:00.475114 HM: fWorldSwitcher=0x0 (fIbpbOnVmExit=false fIbpbOnVmEntry=false fL1dFlushOnVmEntry=false); fL1dFlushOnSched=true  fMdsClearOnVmEntry=false
00:00:00.475145 HM: Using VT-x implementation 3.0
00:00:00.475145 HM: Max resume loops                  = 8192
00:00:00.475146 HM: Host CR4                          = 0x3626e0
00:00:00.475147 HM: Host EFER                         = 0xd01
00:00:00.475147 HM: MSR_IA32_SMM_MONITOR_CTL          = 0x0
00:00:00.475147 HM: MSR_IA32_FEATURE_CONTROL          = 0x5
00:00:00.475148 HM:   LOCK
00:00:00.475148 HM:   VMXON
00:00:00.475148 HM: MSR_IA32_VMX_BASIC                = 0xda040000000004
00:00:00.475149 HM:   VMCS id                           = 0x4
00:00:00.475149 HM:   VMCS size                         = 1024 bytes
00:00:00.475150 HM:   VMCS physical address limit       = None
00:00:00.475163 HM:   VMCS memory type                  = Write Back (WB)
00:00:00.475163 HM:   Dual-monitor treatment support    = true 
00:00:00.475164 HM:   OUTS & INS instruction-info       = true 
00:00:00.475164 HM:   Supports true-capability MSRs     = true 
00:00:00.475164 HM:   VM-entry Xcpt error-code optional = false
00:00:00.475165 HM: MSR_IA32_VMX_PINBASED_CTLS        = 0x7f00000016
00:00:00.475165 HM:   EXT_INT_EXIT
00:00:00.475165 HM:   NMI_EXIT
00:00:00.475166 HM:   VIRTUAL_NMI
00:00:00.475166 HM:   PREEMPT_TIMER
00:00:00.475166 HM:   POSTED_INT (must be cleared)
00:00:00.475166 HM: MSR_IA32_VMX_PROCBASED_CTLS       = 0xfff9fffe0401e172
00:00:00.475167 HM:   INT_WINDOW_EXIT
00:00:00.475167 HM:   USE_TSC_OFFSETTING
00:00:00.475168 HM:   HLT_EXIT
00:00:00.475168 HM:   INVLPG_EXIT
00:00:00.475168 HM:   MWAIT_EXIT
00:00:00.475169 HM:   RDPMC_EXIT
00:00:00.475169 HM:   RDTSC_EXIT
00:00:00.475169 HM:   CR3_LOAD_EXIT (must be set)
00:00:00.475169 HM:   CR3_STORE_EXIT (must be set)
00:00:00.475170 HM:   CR8_LOAD_EXIT
00:00:00.475170 HM:   CR8_STORE_EXIT
00:00:00.475170 HM:   USE_TPR_SHADOW
00:00:00.475170 HM:   NMI_WINDOW_EXIT
00:00:00.475170 HM:   MOV_DR_EXIT
00:00:00.475171 HM:   UNCOND_IO_EXIT
00:00:00.475171 HM:   USE_IO_BITMAPS
00:00:00.475171 HM:   MONITOR_TRAP_FLAG
00:00:00.475171 HM:   USE_MSR_BITMAPS
00:00:00.475171 HM:   MONITOR_EXIT
00:00:00.475172 HM:   PAUSE_EXIT
00:00:00.475172 HM:   USE_SECONDARY_CTLS
00:00:00.475184 HM: MSR_IA32_VMX_PROCBASED_CTLS2      = 0x5fbcff00000000
00:00:00.475185 HM:   VIRT_APIC_ACCESS
00:00:00.475185 HM:   EPT
00:00:00.475186 HM:   DESC_TABLE_EXIT
00:00:00.475186 HM:   RDTSCP
00:00:00.475186 HM:   VIRT_X2APIC_MODE
00:00:00.475186 HM:   VPID
00:00:00.475186 HM:   WBINVD_EXIT
00:00:00.475187 HM:   UNRESTRICTED_GUEST
00:00:00.475187 HM:   APIC_REG_VIRT (must be cleared)
00:00:00.475187 HM:   VIRT_INT_DELIVERY (must be cleared)
00:00:00.475187 HM:   PAUSE_LOOP_EXIT
00:00:00.475188 HM:   RDRAND_EXIT
00:00:00.475188 HM:   INVPCID
00:00:00.475201 HM:   VMFUNC
00:00:00.475202 HM:   VMCS_SHADOWING (must be cleared)
00:00:00.475202 HM:   ENCLS_EXIT
00:00:00.475202 HM:   RDSEED_EXIT
00:00:00.475202 HM:   PML
00:00:00.475202 HM:   EPT_VE
00:00:00.475203 HM:   CONCEAL_VMX_FROM_PT
00:00:00.475203 HM:   XSAVES_XRSTORS
00:00:00.475203 HM:   MODE_BASED_EPT_PERM
00:00:00.475203 HM:   SPPTP_EPT (must be cleared)
00:00:00.475203 HM:   PT_EPT (must be cleared)
00:00:00.475204 HM:   TSC_SCALING (must be cleared)
00:00:00.475204 HM:   USER_WAIT_PAUSE (must be cleared)
00:00:00.475204 HM:   ENCLV_EXIT (must be cleared)
00:00:00.475204 HM: MSR_IA32_VMX_ENTRY_CTLS           = 0x3ffff000011ff
00:00:00.475205 HM:   LOAD_DEBUG (must be set)
00:00:00.475205 HM:   IA32E_MODE_GUEST
00:00:00.475205 HM:   ENTRY_TO_SMM
00:00:00.475206 HM:   DEACTIVATE_DUAL_MON
00:00:00.475206 HM:   LOAD_PERF_MSR
00:00:00.475206 HM:   LOAD_PAT_MSR
00:00:00.475206 HM:   LOAD_EFER_MSR
00:00:00.475206 HM:   LOAD_BNDCFGS_MSR
00:00:00.475207 HM:   CONCEAL_VMX_FROM_PT
00:00:00.475207 HM:   LOAD_RTIT_CTL_MSR (must be cleared)
00:00:00.475207 HM: MSR_IA32_VMX_EXIT_CTLS            = 0x1ffffff00036dff
00:00:00.475208 HM:   SAVE_DEBUG (must be set)
00:00:00.475208 HM:   HOST_ADDR_SPACE_SIZE
00:00:00.475208 HM:   LOAD_PERF_MSR
00:00:00.475208 HM:   ACK_EXT_INT
00:00:00.475209 HM:   SAVE_PAT_MSR
00:00:00.475209 HM:   LOAD_PAT_MSR
00:00:00.475209 HM:   SAVE_EFER_MSR
00:00:00.475209 HM:   LOAD_EFER_MSR
00:00:00.475210 HM:   SAVE_PREEMPT_TIMER
00:00:00.475210 HM:   CLEAR_BNDCFGS_MSR
00:00:00.475210 HM:   CONCEAL_VMX_FROM_PT
00:00:00.475210 HM:   CLEAR_RTIT_CTL_MSR (must be cleared)
00:00:00.475211 HM: MSR_IA32_VMX_TRUE_PINBASED_CTLS   = 0x7f00000016
00:00:00.475211 HM: MSR_IA32_VMX_TRUE_PROCBASED_CTLS  = 0xfff9fffe04006172
00:00:00.475212 HM: MSR_IA32_VMX_TRUE_ENTRY_CTLS      = 0x3ffff000011fb
00:00:00.475212 HM: MSR_IA32_VMX_TRUE_EXIT_CTLS       = 0x1ffffff00036dfb
00:00:00.475213 HM: MSR_IA32_VMX_MISC                 = 0x7004c1e7
00:00:00.475213 HM:   PREEMPT_TIMER_TSC                 = 0x7
00:00:00.475214 HM:   EXIT_SAVE_EFER_LMA                = true 
00:00:00.475214 HM:   ACTIVITY_STATES                   = 0x7 ( HLT SHUTDOWN SIPI_WAIT )
00:00:00.475215 HM:   INTEL_PT                          = true 
00:00:00.475215 HM:   SMM_READ_SMBASE_MSR               = true 
00:00:00.475229 HM:   CR3_TARGET                        = 0x4
00:00:00.475229 HM:   MAX_MSR                           = 0x0 ( 512 )
00:00:00.475230 HM:   VMXOFF_BLOCK_SMI                  = true 
00:00:00.475230 HM:   VMWRITE_ALL                       = true 
00:00:00.475230 HM:   ENTRY_INJECT_SOFT_INT             = 0x1
00:00:00.475231 HM:   MSEG_ID                           = 0x0
00:00:00.475231 HM: MSR_IA32_VMX_VMCS_ENUM            = 0x2e
00:00:00.475231 HM:   HIGHEST_IDX                       = 0x17
00:00:00.475232 HM: MSR_IA32_VMX_EPT_VPID_CAP         = 0xf0106734141
00:00:00.475232 HM:   RWX_X_ONLY
00:00:00.475233 HM:   PAGE_WALK_LENGTH_4
00:00:00.475233 HM:   EMT_UC
00:00:00.475233 HM:   EMT_WB
00:00:00.475233 HM:   PDE_2M
00:00:00.475233 HM:   PDPTE_1G
00:00:00.475234 HM:   INVEPT
00:00:00.475234 HM:   EPT_ACCESS_DIRTY
00:00:00.475234 HM:   ADVEXITINFO_EPT
00:00:00.475234 HM:   INVEPT_SINGLE_CONTEXT
00:00:00.475235 HM:   INVEPT_ALL_CONTEXTS
00:00:00.475235 HM:   INVVPID
00:00:00.475235 HM:   INVVPID_INDIV_ADDR
00:00:00.475235 HM:   INVVPID_SINGLE_CONTEXT
00:00:00.475235 HM:   INVVPID_ALL_CONTEXTS
00:00:00.475236 HM:   INVVPID_SINGLE_CONTEXT_RETAIN_GLOBALS
00:00:00.475236 HM: MSR_IA32_VMX_VMFUNC               = 0x1
00:00:00.475236 HM:   EPTP_SWITCHING
00:00:00.475236 HM: MSR_IA32_VMX_CR0_FIXED0           = 0x80000021
00:00:00.475237 HM: MSR_IA32_VMX_CR0_FIXED1           = 0xffffffff
00:00:00.475237 HM: MSR_IA32_VMX_CR4_FIXED0           = 0x2000
00:00:00.475238 HM: MSR_IA32_VMX_CR4_FIXED1           = 0x3727ff
00:00:00.475238 HM: APIC-access page physaddr         = 0x000000005bfe5000
00:00:00.475239 HM: VCPU  0: MSR bitmap physaddr      = 0x000000005bfe6000
00:00:00.475240 HM: VCPU  0: VMCS physaddr            = 0x000000011680b000
00:00:00.475240 HM: VCPU  1: MSR bitmap physaddr      = 0x00000001686cf000
00:00:00.475241 HM: VCPU  1: VMCS physaddr            = 0x000000014c039000
00:00:00.475241 HM: Guest support: 32-bit and 64-bit
00:00:00.475252 HM: Supports VMCS EFER fields         = true 
00:00:00.475252 HM: Enabled VMX
00:00:00.475255 CPUM: SetGuestCpuIdFeature: Enabled SYSENTER/EXIT
00:00:00.475255 CPUM: SetGuestCpuIdFeature: Enabled PAE
00:00:00.475255 CPUM: SetGuestCpuIdFeature: Enabled LONG MODE
00:00:00.475256 CPUM: SetGuestCpuIdFeature: Enabled SYSCALL/RET
00:00:00.475256 CPUM: SetGuestCpuIdFeature: Enabled LAHF/SAHF
00:00:00.475256 CPUM: SetGuestCpuIdFeature: Enabled NX
00:00:00.475257 HM: Enabled nested paging
00:00:00.475257 HM:   EPT flush type                  = Single context
00:00:00.475257 HM: Enabled unrestricted guest execution
00:00:00.475257 HM: Enabled large page support
00:00:00.475258 HM: Enabled VPID
00:00:00.475258 HM:   VPID flush type                 = Single context
00:00:00.475260 HM: Enabled VMX-preemption timer (cPreemptTimerShift=7)
00:00:00.475261 HM: VT-x/AMD-V init method: Global
00:00:00.475261 EM: Exit history optimizations: enabled=true  enabled-r0=true  enabled-r0-no-preemption=false
00:00:00.475304 PcBios: SATA LUN#0 LCHS=1024/255/63
00:00:00.475323 APIC: fPostedIntrsEnabled=false fVirtApicRegsEnabled=false fSupportsTscDeadline=false
00:00:00.475327 TMR3UtcNow: nsNow=1 634 775 693 440 350 000 nsPrev=0 -> cNsDelta=1 634 775 693 440 350 000 (offLag=0 offVirtualSync=0 offVirtualSyncGivenUp=0, NowAgain=1 634 775 693 440 350 000)
00:00:00.475332 VMM: fUsePeriodicPreemptionTimers=false
00:00:00.475542 CPUM: Logical host processors: 8 present, 8 max, 8 online, online mask: 00000000000000ff
00:00:00.475545 CPUM: Physical host cores: 4
00:00:00.475545 ************************* CPUID dump ************************
00:00:00.475576          Raw Standard CPUID Leaves
00:00:00.475576      Leaf/sub-leaf  eax      ebx      ecx      edx
00:00:00.475576 Gst: 00000000/0000  00000016 756e6547 6c65746e 49656e69
00:00:00.475578 Hst:                00000016 756e6547 6c65746e 49656e69
00:00:00.475578 Gst: 00000001/0000  000806ea 00020800 d6fa2203 178bfbff
00:00:00.475579 Hst:                000806ea 04100800 7ffafbbf bfebfbff
00:00:00.475580 Gst: 00000002/0000  76036301 00f0b5ff 00000000 00c30000
00:00:00.475581 Hst:                76036301 00f0b5ff 00000000 00c30000
00:00:00.475582 Gst: 00000003/0000  00000000 00000000 00000000 00000000
00:00:00.475582 Hst:                00000000 00000000 00000000 00000000
00:00:00.475583 Gst: 00000004/0000  04000121 01c0003f 0000003f 00000000
00:00:00.475584 Hst:                1c004121 01c0003f 0000003f 00000000
00:00:00.475584 Gst: 00000004/0001  04000122 01c0003f 0000003f 00000000
00:00:00.475585 Hst:                1c004122 01c0003f 0000003f 00000000
00:00:00.475586 Gst: 00000004/0002  04000143 00c0003f 000003ff 00000000
00:00:00.475586 Hst:                1c004143 00c0003f 000003ff 00000000
00:00:00.475587 Gst: 00000004/0003  04000163 02c0003f 00001fff 00000006
00:00:00.475588 Hst:                1c03c163 02c0003f 00001fff 00000006
00:00:00.475588 Gst: 00000004/0004  04000000 00000000 00000000 00000000
00:00:00.475589 Hst:                00000000 00000000 00000000 00000000
00:00:00.475589 Gst: 00000005/0000  00000000 00000000 00000000 00000000
00:00:00.475590 Hst:                00000040 00000040 00000003 11142120
00:00:00.475591 Gst: 00000006/0000  00000000 00000000 00000000 00000000
00:00:00.475591 Hst:                000026f7 00000002 00000009 00000000
00:00:00.475592 Gst: 00000007/0000  00000000 00842421 00000000 10000400
00:00:00.475593 Hst:                00000000 029c67af 00000000 9c002e00
00:00:00.475593 Gst: 00000007/0001  00000000 00000000 00000000 00000000
00:00:00.475594 Hst:                00000000 00000000 00000000 00000000
00:00:00.475594 Gst: 00000008/0000  00000000 00000000 00000000 00000000
00:00:00.475595 Hst:                00000000 00000000 00000000 00000000
00:00:00.475595 Gst: 00000009/0000  00000000 00000000 00000000 00000000
00:00:00.475596 Hst:                00000000 00000000 00000000 00000000
00:00:00.475596 Gst: 0000000a/0000  00000000 00000000 00000000 00000000
00:00:00.475597 Hst:                07300404 00000000 00000000 00000603
00:00:00.475597 Gst: 0000000b/0000  00000000 00000001 00000100 00000000
00:00:00.475598 Hst:                00000001 00000002 00000100 00000004
00:00:00.475599 Gst: 0000000b/0001  00000001 00000002 00000201 00000000
00:00:00.475599 Hst:                00000004 00000008 00000201 00000004
00:00:00.475600 Gst: 0000000b/0002  00000000 00000000 00000002 00000000
00:00:00.475600 Hst:                00000000 00000000 00000002 00000004
00:00:00.475601 Gst: 0000000c/0000  00000000 00000000 00000000 00000000
00:00:00.475601 Hst:                00000000 00000000 00000000 00000000
00:00:00.475602 Gst: 0000000d/0000  00000007 00000340 00000340 00000000
00:00:00.475602 Hst:                0000001f 00000340 00000440 00000000
00:00:00.475603 Gst: 0000000d/0001  00000000 00000340 00000000 00000000
00:00:00.475603 Hst:                0000000f 00000340 00000100 00000000
00:00:00.475604 Gst: 0000000d/0002  00000100 00000240 00000000 00000000
00:00:00.475604 Hst:                00000100 00000240 00000000 00000000
00:00:00.475605 Gst: 0000000d/0003  00000000 00000000 00000000 00000000
00:00:00.475605 Hst:                00000040 000003c0 00000000 00000000
00:00:00.475606 Gst: 0000000d/0004  00000000 00000000 00000000 00000000
00:00:00.475606 Hst:                00000040 00000400 00000000 00000000
00:00:00.475607 Gst: 0000000d/0005  00000000 00000000 00000000 00000000
00:00:00.475607 Hst:                00000000 00000000 00000000 00000000
00:00:00.475608 Gst: 0000000d/0006  00000000 00000000 00000000 00000000
00:00:00.475608 Hst:                00000000 00000000 00000000 00000000
00:00:00.475609 Gst: 0000000d/0007  00000000 00000000 00000000 00000000
00:00:00.475609 Hst:                00000000 00000000 00000000 00000000
00:00:00.475610 Gst: 0000000d/0008  00000000 00000000 00000000 00000000
00:00:00.475610 Hst:                00000080 00000000 00000001 00000000
00:00:00.475611 Gst: 0000000d/0009  00000000 00000000 00000000 00000000
00:00:00.475612 Hst:                00000000 00000000 00000000 00000000
00:00:00.475627 Gst: 0000000e/0000  00000000 00000000 00000000 00000000
00:00:00.475628 Hst:                00000000 00000000 00000000 00000000
00:00:00.475628 Gst: 0000000f/0000  00000000 00000000 00000000 00000000
00:00:00.475629 Hst:                00000000 00000000 00000000 00000000
00:00:00.475629 Gst: 00000010/0000  00000000 00000000 00000000 00000000
00:00:00.475630 Hst:                00000000 00000000 00000000 00000000
00:00:00.475630 Gst: 00000011/0000  00000000 00000000 00000000 00000000
00:00:00.475631 Hst:                00000000 00000000 00000000 00000000
00:00:00.475631 Gst: 00000012/0000  00000000 00000000 00000000 00000000
00:00:00.475632 Hst:                00000000 00000000 00000000 00000000
00:00:00.475632 Gst: 00000013/0000  00000000 00000000 00000000 00000000
00:00:00.475633 Hst:                00000000 00000000 00000000 00000000
00:00:00.475633 Gst: 00000014/0000  00000000 00000000 00000000 00000000
00:00:00.475634 Hst:                00000001 0000000f 00000007 00000000
00:00:00.475634 Hst: 00000015/0000  00000002 00000074 00000000 00000000
00:00:00.475635 Hst: 00000016/0000  00000578 00000f3c 00000064 00000000
00:00:00.475636                                Name: GenuineIntel
00:00:00.475637                            Supports: 0x00000000-0x00000016
00:00:00.475652                              Family:  6 	Extended: 0 	Effective: 6
00:00:00.475653                               Model: 14 	Extended: 8 	Effective: 142
00:00:00.475654                            Stepping: 10
00:00:00.475655                                Type: 0 (primary)
00:00:00.475655                             APIC ID: 0x00
00:00:00.475656                        Logical CPUs: 2
00:00:00.475657                        CLFLUSH Size: 8
00:00:00.475657                            Brand ID: 0x00
00:00:00.475658 Features
00:00:00.475658   Mnemonic - Description                                  = guest (host)
00:00:00.475673   FPU - x87 FPU on Chip                                   = 1 (1)
00:00:00.475674   VME - Virtual 8086 Mode Enhancements                    = 1 (1)
00:00:00.475675   DE - Debugging extensions                               = 1 (1)
00:00:00.475676   PSE - Page Size Extension                               = 1 (1)
00:00:00.475677   TSC - Time Stamp Counter                                = 1 (1)
00:00:00.475677   MSR - Model Specific Registers                          = 1 (1)
00:00:00.475678   PAE - Physical Address Extension                        = 1 (1)
00:00:00.475679   MCE - Machine Check Exception                           = 1 (1)
00:00:00.475680   CX8 - CMPXCHG8B instruction                             = 1 (1)
00:00:00.475681   APIC - APIC On-Chip                                     = 1 (1)
00:00:00.475681   SEP - SYSENTER and SYSEXIT Present                      = 1 (1)
00:00:00.475682   MTRR - Memory Type Range Registers                      = 1 (1)
00:00:00.475683   PGE - PTE Global Bit                                    = 1 (1)
00:00:00.475684   MCA - Machine Check Architecture                        = 1 (1)
00:00:00.475684   CMOV - Conditional Move instructions                    = 1 (1)
00:00:00.475685   PAT - Page Attribute Table                              = 1 (1)
00:00:00.475686   PSE-36 - 36-bit Page Size Extension                     = 1 (1)
00:00:00.475687   PSN - Processor Serial Number                           = 0 (0)
00:00:00.475687   CLFSH - CLFLUSH instruction                             = 1 (1)
00:00:00.475688   DS - Debug Store                                        = 0 (1)
00:00:00.475689   ACPI - Thermal Mon. & Soft. Clock Ctrl.                 = 0 (1)
00:00:00.475690   MMX - Intel MMX Technology                              = 1 (1)
00:00:00.475691   FXSR - FXSAVE and FXRSTOR instructions                  = 1 (1)
00:00:00.475691   SSE - SSE support                                       = 1 (1)
00:00:00.475692   SSE2 - SSE2 support                                     = 1 (1)
00:00:00.475693   SS - Self Snoop                                         = 0 (1)
00:00:00.475694   HTT - Hyper-Threading Technology                        = 1 (1)
00:00:00.475695   TM - Therm. Monitor                                     = 0 (1)
00:00:00.475696   PBE - Pending Break Enabled                             = 0 (1)
00:00:00.475697   SSE3 - SSE3 support                                     = 1 (1)
00:00:00.475697   PCLMUL - PCLMULQDQ support (for AES-GCM)                = 1 (1)
00:00:00.475698   DTES64 - DS Area 64-bit Layout                          = 0 (1)
00:00:00.475699   MONITOR - MONITOR/MWAIT instructions                    = 0 (1)
00:00:00.475700   CPL-DS - CPL Qualified Debug Store                      = 0 (1)
00:00:00.475700   VMX - Virtual Machine Extensions                        = 0 (1)
00:00:00.475701   SMX - Safer Mode Extensions                             = 0 (0)
00:00:00.475702   EST - Enhanced SpeedStep Technology                     = 0 (1)
00:00:00.475702   TM2 - Terminal Monitor 2                                = 0 (1)
00:00:00.475703   SSSE3 - Supplemental Streaming SIMD Extensions 3        = 1 (1)
00:00:00.475704   CNTX-ID - L1 Context ID                                 = 0 (0)
00:00:00.475705   SDBG - Silicon Debug interface                          = 0 (1)
00:00:00.475705   FMA - Fused Multiply Add extensions                     = 0 (1)
00:00:00.475706   CX16 - CMPXCHG16B instruction                           = 1 (1)
00:00:00.475707   TPRUPDATE - xTPR Update Control                         = 0 (1)
00:00:00.475708   PDCM - Perf/Debug Capability MSR                        = 0 (1)
00:00:00.475708   PCID - Process Context Identifiers                      = 1 (1)
00:00:00.475709   DCA - Direct Cache Access                               = 0 (0)
00:00:00.475710   SSE4_1 - SSE4_1 support                                 = 1 (1)
00:00:00.475711   SSE4_2 - SSE4_2 support                                 = 1 (1)
00:00:00.475711   X2APIC - x2APIC support                                 = 1 (1)
00:00:00.475712   MOVBE - MOVBE instruction                               = 1 (1)
00:00:00.475713   POPCNT - POPCNT instruction                             = 1 (1)
00:00:00.475714   TSCDEADL - Time Stamp Counter Deadline                  = 0 (1)
00:00:00.475715   AES - AES instructions                                  = 1 (1)
00:00:00.475715   XSAVE - XSAVE instruction                               = 1 (1)
00:00:00.475716   OSXSAVE - OSXSAVE instruction                           = 0 (1)
00:00:00.475717   AVX - AVX support                                       = 1 (1)
00:00:00.475718   F16C - 16-bit floating point conversion instructions    = 0 (1)
00:00:00.475718   RDRAND - RDRAND instruction                             = 1 (1)
00:00:00.475719   HVP - Hypervisor Present (we're a guest)                = 1 (0)
00:00:00.475733 Structured Extended Feature Flags Enumeration (leaf 7):
00:00:00.475733   Mnemonic - Description                                  = guest (host)
00:00:00.475734   FSGSBASE - RDFSBASE/RDGSBASE/WRFSBASE/WRGSBASE instr.   = 1 (1)
00:00:00.475734   TSCADJUST - Supports MSR_IA32_TSC_ADJUST                = 0 (1)
00:00:00.475735   SGX - Supports Software Guard Extensions                = 0 (1)
00:00:00.475736   BMI1 - Advanced Bit Manipulation extension 1            = 0 (1)
00:00:00.475736   HLE - Hardware Lock Elision                             = 0 (0)
00:00:00.475737   AVX2 - Advanced Vector Extensions 2                     = 1 (1)
00:00:00.475738   FDP_EXCPTN_ONLY - FPU DP only updated on exceptions     = 0 (0)
00:00:00.475738   SMEP - Supervisor Mode Execution Prevention             = 0 (1)
00:00:00.475739   BMI2 - Advanced Bit Manipulation extension 2            = 0 (1)
00:00:00.475740   ERMS - Enhanced REP MOVSB/STOSB instructions            = 0 (1)
00:00:00.475740   INVPCID - INVPCID instruction                           = 1 (1)
00:00:00.475741   RTM - Restricted Transactional Memory                   = 0 (0)
00:00:00.475742   PQM - Platform Quality of Service Monitoring            = 0 (0)
00:00:00.475742   DEPFPU_CS_DS - Deprecates FPU CS, FPU DS values if set  = 1 (1)
00:00:00.475743   MPE - Intel Memory Protection Extensions                = 0 (1)
00:00:00.475744   PQE - Platform Quality of Service Enforcement           = 0 (0)
00:00:00.475744   AVX512F - AVX512 Foundation instructions                = 0 (0)
00:00:00.475745   RDSEED - RDSEED instruction                             = 1 (1)
00:00:00.475746   ADX - ADCX/ADOX instructions                            = 0 (1)
00:00:00.475746   SMAP - Supervisor Mode Access Prevention                = 0 (1)
00:00:00.475747   CLFLUSHOPT - CLFLUSHOPT (Cache Line Flush) instruction  = 1 (1)
00:00:00.475748   INTEL_PT - Intel Processor Trace                        = 0 (1)
00:00:00.475748   AVX512PF - AVX512 Prefetch instructions                 = 0 (0)
00:00:00.475749   AVX512ER - AVX512 Exponential & Reciprocal instructions = 0 (0)
00:00:00.475750   AVX512CD - AVX512 Conflict Detection instructions       = 0 (0)
00:00:00.475750   SHA - Secure Hash Algorithm extensions                  = 0 (0)
00:00:00.475751   PREFETCHWT1 - PREFETCHWT1 instruction                   = 0 (0)
00:00:00.475752   UMIP - User mode insturction prevention                 = 0 (0)
00:00:00.475752   PKU - Protection Key for Usermode pages                 = 0 (0)
00:00:00.475753   OSPKE - CR4.PKU mirror                                  = 0 (0)
00:00:00.475754   MAWAU - Value used by BNDLDX & BNDSTX                   = 0x0 (0x0)
00:00:00.475755   RDPID - Read processor ID support                       = 0 (0)
00:00:00.475755   SGX_LC - Supports SGX Launch Configuration              = 0 (0)
00:00:00.475756    9 - Reserved                                           = 0 (1)
00:00:00.475757   MD_CLEAR - Supports MDS related buffer clearing         = 1 (1)
00:00:00.475758   11 - Reserved                                           = 0 (1)
00:00:00.475759   13 - Reserved                                           = 0 (1)
00:00:00.475760   IBRS_IBPB - IA32_SPEC_CTRL.IBRS and IA32_PRED_CMD.IBPB  = 0 (1)
00:00:00.475760   STIBP - Supports IA32_SPEC_CTRL.STIBP                   = 0 (1)
00:00:00.475761   FLUSH_CMD - Supports IA32_FLUSH_CMD                     = 1 (1)
00:00:00.475762   ARCHCAP - Supports IA32_ARCH_CAP                        = 0 (0)
00:00:00.475762   CORECAP - Supports IA32_CORE_CAP                        = 0 (0)
00:00:00.475763   SSBD - Supports IA32_SPEC_CTRL.SSBD                     = 0 (1)
00:00:00.475764 Processor Extended State Enumeration (leaf 0xd):
00:00:00.475764    XSAVE area cur/max size by XCR0, guest: 0x340/0x340
00:00:00.475765     XSAVE area cur/max size by XCR0, host: 0x340/0x440
00:00:00.475766                    Valid XCR0 bits, guest: 0x00000000`00000007 ( x87 SSE YMM_Hi128 )
00:00:00.475767                     Valid XCR0 bits, host: 0x00000000`0000001f ( x87 SSE YMM_Hi128 BNDREGS BNDCSR )
00:00:00.475782                     XSAVE features, guest:
00:00:00.475782                      XSAVE features, host: XSAVEOPT XSAVEC XGETBC1 XSAVES
00:00:00.475783       XSAVE area cur size XCR0|XSS, guest: 0x340
00:00:00.475784        XSAVE area cur size XCR0|XSS, host: 0x340
00:00:00.475784                Valid IA32_XSS bits, guest: 0x00000000`00000000
00:00:00.475785                 Valid IA32_XSS bits, host: 0x00000100`00000000 ( 40 )
00:00:00.475786   State #2, guest: off=0x0240, cb=0x0100 IA32_XSS-bit -- YMM_Hi128
00:00:00.475787   State #2, host:  off=0x0240, cb=0x0100 IA32_XSS-bit -- YMM_Hi128
00:00:00.475788   State #3, host:  off=0x03c0, cb=0x0040 IA32_XSS-bit -- BNDREGS
00:00:00.475789   State #4, host:  off=0x0400, cb=0x0040 IA32_XSS-bit -- BNDCSR
00:00:00.475790   State #8, host:  off=0x0000, cb=0x0080 XCR0-bit -- 8
00:00:00.475798          Unknown CPUID Leaves
00:00:00.475798      Leaf/sub-leaf  eax      ebx      ecx      edx
00:00:00.475799 Gst: 00000014/0001  00000000 00000000 00000000 00000000
00:00:00.475799 Hst:                02490002 003f3fff 00000000 00000000
00:00:00.475800 Gst: 00000014/0002  00000000 00000000 00000000 00000000
00:00:00.475801 Hst:                00000000 00000000 00000000 00000000
00:00:00.475801 Gst: 00000015/0000  00000000 00000000 00000000 00000000
00:00:00.475802 Hst:                00000002 00000074 00000000 00000000
00:00:00.475802 Gst: 00000016/0000  00000000 00000000 00000000 00000000
00:00:00.475803 Hst:                00000578 00000f3c 00000064 00000000
00:00:00.475804          Raw Hypervisor CPUID Leaves
00:00:00.475804      Leaf/sub-leaf  eax      ebx      ecx      edx
00:00:00.475805 Gst: 40000000/0000  40000001 4b4d564b 564b4d56 0000004d
00:00:00.475806 Hst:                00000578 00000f3c 00000064 00000000
00:00:00.475806 Gst: 40000001/0000  01000089 00000000 00000000 00000000
00:00:00.475807 Hst:                00000578 00000f3c 00000064 00000000
00:00:00.475808          Raw Extended CPUID Leaves
00:00:00.475808      Leaf/sub-leaf  eax      ebx      ecx      edx
00:00:00.475808 Gst: 80000000/0000  80000008 00000000 00000000 00000000
00:00:00.475809 Hst:                80000008 00000000 00000000 00000000
00:00:00.475809 Gst: 80000001/0000  00000000 00000000 00000121 28100800
00:00:00.475810 Hst:                00000000 00000000 00000121 2c100800
00:00:00.475811 Gst: 80000002/0000  65746e49 2952286c 726f4320 4d542865
00:00:00.475812 Hst:                65746e49 2952286c 726f4320 4d542865
00:00:00.475813 Gst: 80000003/0000  35692029 3532382d 43205537 40205550
00:00:00.475814 Hst:                35692029 3532382d 43205537 40205550
00:00:00.475815 Gst: 80000004/0000  342e3120 7a484730 00000000 00000000
00:00:00.475816 Hst:                342e3120 7a484730 00000000 00000000
00:00:00.475816 Gst: 80000005/0000  00000000 00000000 00000000 00000000
00:00:00.475817 Hst:                00000000 00000000 00000000 00000000
00:00:00.475817 Gst: 80000006/0000  00000000 00000000 01006040 00000000
00:00:00.475818 Hst:                00000000 00000000 01006040 00000000
00:00:00.475819 Gst: 80000007/0000  00000000 00000000 00000000 00000100
00:00:00.475819 Hst:                00000000 00000000 00000000 00000100
00:00:00.475820 Gst: 80000008/0000  00003027 00000000 00000000 00000000
00:00:00.475820 Hst:                00003027 00000000 00000000 00000000
00:00:00.475821 Ext Name:                        
00:00:00.475821 Ext Supports:                    0x80000000-0x80000008
00:00:00.475822 Family:                          0  	Extended: 0 	Effective: 0
00:00:00.475822 Model:                           0  	Extended: 0 	Effective: 0
00:00:00.475823 Stepping:                        0
00:00:00.475823 Brand ID:                        0x000
00:00:00.475823 Ext Features
00:00:00.475824   Mnemonic - Description                                  = guest (host)
00:00:00.475824   FPU - x87 FPU on Chip                                   = 0 (0)
00:00:00.475825   VME - Virtual 8086 Mode Enhancements                    = 0 (0)
00:00:00.475826   DE - Debugging extensions                               = 0 (0)
00:00:00.475826   PSE - Page Size Extension                               = 0 (0)
00:00:00.475827   TSC - Time Stamp Counter                                = 0 (0)
00:00:00.475828   MSR - K86 Model Specific Registers                      = 0 (0)
00:00:00.475829   PAE - Physical Address Extension                        = 0 (0)
00:00:00.475829   MCE - Machine Check Exception                           = 0 (0)
00:00:00.475830   CX8 - CMPXCHG8B instruction                             = 0 (0)
00:00:00.475831   APIC - APIC On-Chip                                     = 0 (0)
00:00:00.475832   SEP - SYSCALL/SYSRET                                    = 1 (1)
00:00:00.475833   MTRR - Memory Type Range Registers                      = 0 (0)
00:00:00.475833   PGE - PTE Global Bit                                    = 0 (0)
00:00:00.475834   MCA - Machine Check Architecture                        = 0 (0)
00:00:00.475835   CMOV - Conditional Move instructions                    = 0 (0)
00:00:00.475836   PAT - Page Attribute Table                              = 0 (0)
00:00:00.475837   PSE-36 - 36-bit Page Size Extension                     = 0 (0)
00:00:00.475837   NX - No-Execute/Execute-Disable                         = 1 (1)
00:00:00.475838   AXMMX - AMD Extensions to MMX instructions              = 0 (0)
00:00:00.475839   MMX - Intel MMX Technology                              = 0 (0)
00:00:00.475839   FXSR - FXSAVE and FXRSTOR Instructions                  = 0 (0)
00:00:00.475840   FFXSR - AMD fast FXSAVE and FXRSTOR instructions        = 0 (0)
00:00:00.475841   Page1GB - 1 GB large page                               = 0 (1)
00:00:00.475842   RDTSCP - RDTSCP instruction                             = 1 (1)
00:00:00.475842   LM - AMD64 Long Mode                                    = 1 (1)
00:00:00.475843   3DNOWEXT - AMD Extensions to 3DNow                      = 0 (0)
00:00:00.475844   3DNOW - AMD 3DNow                                       = 0 (0)
00:00:00.475845   LahfSahf - LAHF/SAHF support in 64-bit mode             = 1 (1)
00:00:00.475845   CmpLegacy - Core multi-processing legacy mode           = 0 (0)
00:00:00.475846   SVM - AMD Secure Virtual Machine extensions             = 0 (0)
00:00:00.475847   EXTAPIC - AMD Extended APIC registers                   = 0 (0)
00:00:00.475847   CR8L - AMD LOCK MOV CR0 means MOV CR8                   = 0 (0)
00:00:00.475848   ABM - AMD Advanced Bit Manipulation                     = 1 (1)
00:00:00.475849   SSE4A - SSE4A instructions                              = 0 (0)
00:00:00.475849   MISALIGNSSE - AMD Misaligned SSE mode                   = 0 (0)
00:00:00.475850   3DNOWPRF - AMD PREFETCH and PREFETCHW instructions      = 1 (1)
00:00:00.475851   OSVW - AMD OS Visible Workaround                        = 0 (0)
00:00:00.475851   IBS - Instruct Based Sampling                           = 0 (0)
00:00:00.475852   XOP - Extended Operation support                        = 0 (0)
00:00:00.475853   SKINIT - SKINIT, STGI, and DEV support                  = 0 (0)
00:00:00.475853   WDT - AMD Watchdog Timer support                        = 0 (0)
00:00:00.475854   LWP - Lightweight Profiling support                     = 0 (0)
00:00:00.475855   FMA4 - Four operand FMA instruction support             = 0 (0)
00:00:00.475856   NodeId - NodeId in MSR C001_100C                        = 0 (0)
00:00:00.475856   TBM - Trailing Bit Manipulation instructions            = 0 (0)
00:00:00.475857   TOPOEXT - Topology Extensions                           = 0 (0)
00:00:00.475858   PRFEXTCORE - Performance Counter Extensions support     = 0 (0)
00:00:00.475858   PRFEXTNB - NB Performance Counter Extensions support    = 0 (0)
00:00:00.475859   DATABPEXT - Data-access Breakpoint Extension            = 0 (0)
00:00:00.475859   PERFTSC - Performance Time Stamp Counter                = 0 (0)
00:00:00.475860   PCX_L2I - L2I/L3 Performance Counter Extensions         = 0 (0)
00:00:00.475861   MWAITX - MWAITX and MONITORX instructions               = 0 (0)
00:00:00.475861 Full Name:                       "Intel(R) Core(TM) i5-8257U CPU @ 1.40GHz"
00:00:00.475862 TLB 2/4M Instr/Uni:              res0     0 entries
00:00:00.475862 TLB 2/4M Data:                   res0     0 entries
00:00:00.475863 TLB 4K Instr/Uni:                res0     0 entries
00:00:00.475863 TLB 4K Data:                     res0     0 entries
00:00:00.475864 L1 Instr Cache Line Size:        0 bytes
00:00:00.475864 L1 Instr Cache Lines Per Tag:    0
00:00:00.475864 L1 Instr Cache Associativity:    res0  
00:00:00.475864 L1 Instr Cache Size:             0 KB
00:00:00.475865 L1 Data Cache Line Size:         0 bytes
00:00:00.475865 L1 Data Cache Lines Per Tag:     0
00:00:00.475865 L1 Data Cache Associativity:     res0  
00:00:00.475865 L1 Data Cache Size:              0 KB
00:00:00.475866 L2 TLB 2/4M Instr/Uni:           off       0 entries
00:00:00.475869 L2 TLB 2/4M Data:                off       0 entries
00:00:00.475869 L2 TLB 4K Instr/Uni:             off       0 entries
00:00:00.475870 L2 TLB 4K Data:                  off       0 entries
00:00:00.475870 L2 Cache Line Size:              0 bytes
00:00:00.475870 L2 Cache Lines Per Tag:          0
00:00:00.475870 L2 Cache Associativity:          off   
00:00:00.475871 L2 Cache Size:                   0 KB
00:00:00.475871   TS - Temperature Sensor                                 = 0 (0)
00:00:00.475872   FID - Frequency ID control                              = 0 (0)
00:00:00.475873   VID - Voltage ID control                                = 0 (0)
00:00:00.475874   TscInvariant - Invariant Time Stamp Counter             = 1 (1)
00:00:00.475875   CBP - Core Performance Boost                            = 0 (0)
00:00:00.475875   EffFreqRO - Read-only Effective Frequency Interface     = 0 (0)
00:00:00.475876   ProcFdbkIf - Processor Feedback Interface               = 0 (0)
00:00:00.475876   ProcPwrRep - Core power reporting interface support     = 0 (0)
00:00:00.475877 Physical Address Width:          39 bits
00:00:00.475878 Virtual Address Width:           48 bits
00:00:00.475878 Guest Physical Address Width:    0 bits
00:00:00.475878 Physical Core Count:             1
00:00:00.475879 
00:00:00.475879 ******************** End of CPUID dump **********************
00:00:00.475880 *********************** VT-x features ***********************
00:00:00.475880 Nested hardware virtualization - VMX features
00:00:00.475881   Mnemonic - Description                                  = guest (host)
00:00:00.475881   VMX - Virtual-Machine Extensions                        = 0 (1)
00:00:00.475881   InsOutInfo - INS/OUTS instruction info.                 = 0 (1)
00:00:00.475882   ExtIntExit - External interrupt exiting                 = 0 (1)
00:00:00.475882   NmiExit - NMI exiting                                   = 0 (1)
00:00:00.475883   VirtNmi - Virtual NMIs                                  = 0 (1)
00:00:00.475883   PreemptTimer - VMX preemption timer                     = 0 (1)
00:00:00.475883   PostedInt - Posted interrupts                           = 0 (0)
00:00:00.475884   IntWindowExit - Interrupt-window exiting                = 0 (1)
00:00:00.475884   TscOffsetting - TSC offsetting                          = 0 (1)
00:00:00.475885   HltExit - HLT exiting                                   = 0 (1)
00:00:00.475885   InvlpgExit - INVLPG exiting                             = 0 (1)
00:00:00.475885   MwaitExit - MWAIT exiting                               = 0 (1)
00:00:00.475886   RdpmcExit - RDPMC exiting                               = 0 (1)
00:00:00.475886   RdtscExit - RDTSC exiting                               = 0 (1)
00:00:00.475887   Cr3LoadExit - CR3-load exiting                          = 0 (1)
00:00:00.475887   Cr3StoreExit - CR3-store exiting                        = 0 (1)
00:00:00.475887   Cr8LoadExit  - CR8-load exiting                         = 0 (1)
00:00:00.475888   Cr8StoreExit - CR8-store exiting                        = 0 (1)
00:00:00.475888   UseTprShadow - Use TPR shadow                           = 0 (1)
00:00:00.475888   NmiWindowExit - NMI-window exiting                      = 0 (1)
00:00:00.475889   MovDRxExit - Mov-DR exiting                             = 0 (1)
00:00:00.475889   UncondIoExit - Unconditional I/O exiting                = 0 (1)
00:00:00.475890   UseIoBitmaps - Use I/O bitmaps                          = 0 (1)
00:00:00.475890   MonitorTrapFlag - Monitor Trap Flag                     = 0 (1)
00:00:00.475890   UseMsrBitmaps - MSR bitmaps                             = 0 (1)
00:00:00.475891   MonitorExit - MONITOR exiting                           = 0 (1)
00:00:00.475891   PauseExit - PAUSE exiting                               = 0 (1)
00:00:00.475892   SecondaryExecCtl - Activate secondary controls          = 0 (1)
00:00:00.475892   VirtApic - Virtualize-APIC accesses                     = 0 (1)
00:00:00.475892   Ept - Extended Page Tables                              = 0 (1)
00:00:00.475895   DescTableExit - Descriptor-table exiting                = 0 (1)
00:00:00.475909   Rdtscp - Enable RDTSCP                                  = 0 (1)
00:00:00.475909   VirtX2ApicMode - Virtualize-x2APIC mode                 = 0 (1)
00:00:00.475910   Vpid - Enable VPID                                      = 0 (1)
00:00:00.475910   WbinvdExit - WBINVD exiting                             = 0 (1)
00:00:00.475910   UnrestrictedGuest - Unrestricted guest                  = 0 (1)
00:00:00.475911   ApicRegVirt - APIC-register virtualization              = 0 (0)
00:00:00.475911   VirtIntDelivery - Virtual-interrupt delivery            = 0 (0)
00:00:00.475912   PauseLoopExit - PAUSE-loop exiting                      = 0 (1)
00:00:00.475912   RdrandExit - RDRAND exiting                             = 0 (1)
00:00:00.475912   Invpcid - Enable INVPCID                                = 0 (1)
00:00:00.475913   VmFuncs - Enable VM Functions                           = 0 (1)
00:00:00.475913   VmcsShadowing - VMCS shadowing                          = 0 (0)
00:00:00.475913   RdseedExiting - RDSEED exiting                          = 0 (1)
00:00:00.475914   PML - Page-Modification Log (PML)                       = 0 (1)
00:00:00.475914   EptVe - EPT violations can cause #VE                    = 0 (1)
00:00:00.475915   XsavesXRstors - Enable XSAVES/XRSTORS                   = 0 (1)
00:00:00.475915   EntryLoadDebugCtls - Load debug controls on VM-entry    = 0 (1)
00:00:00.475915   Ia32eModeGuest - IA-32e mode guest                      = 0 (1)
00:00:00.475916   EntryLoadEferMsr - Load IA32_EFER MSR on VM-entry       = 0 (1)
00:00:00.475916   EntryLoadPatMsr - Load IA32_PAT MSR on VM-entry         = 0 (1)
00:00:00.475917   ExitSaveDebugCtls - Save debug controls on VM-exit      = 0 (1)
00:00:00.475917   HostAddrSpaceSize - Host address-space size             = 0 (1)
00:00:00.475917   ExitAckExtInt - Acknowledge interrupt on VM-exit        = 0 (1)
00:00:00.475918   ExitSavePatMsr - Save IA32_PAT MSR on VM-exit           = 0 (1)
00:00:00.475918   ExitLoadPatMsr - Load IA32_PAT MSR on VM-exit           = 0 (1)
00:00:00.475918   ExitSaveEferMsr - Save IA32_EFER MSR on VM-exit         = 0 (1)
00:00:00.475919   ExitLoadEferMsr - Load IA32_EFER MSR on VM-exit         = 0 (1)
00:00:00.475919   SavePreemptTimer - Save VMX-preemption timer            = 0 (1)
00:00:00.475920   ExitSaveEferLma - Save IA32_EFER.LMA on VM-exit         = 0 (1)
00:00:00.475920   IntelPt - Intel PT (Processor Trace) in VMX operation   = 0 (1)
00:00:00.475920   VmwriteAll - VMWRITE to any supported VMCS field        = 0 (1)
00:00:00.475921   EntryInjectSoftInt - Inject softint. with 0-len instr.  = 0 (1)
00:00:00.475921 
00:00:00.475921 ******************* End of VT-x features ********************
00:00:00.475962 VMEmt: Halt method global1 (5)
00:00:00.476022 VMEmt: HaltedGlobal1 config: cNsSpinBlockThresholdCfg=2000
00:00:00.476036 Changing the VM state from 'CREATING' to 'CREATED'
00:00:00.477675 SharedFolders host service: Adding host mapping
00:00:00.477684     Host path '/Volumes/externalwd/ITMO-453/beyesus/itmo-553/packer-example-code/build/graphiteb', map name 'vagrant', writable, automount=false, automntpnt=, create_symlinks=true, missing=false
00:00:00.478229 Changing the VM state from 'CREATED' to 'POWERING_ON'
00:00:00.478296 AIOMgr: Endpoints without assigned bandwidth groups:
00:00:00.478303 AIOMgr:     /Volumes/externalwd/ITMO-453/beyesus/packer-example-code/build/graphiteb_default_1634596919242_71042/packer-centos-graphiteb-1634595746-disk001.vmdk
00:00:00.478406 Changing the VM state from 'POWERING_ON' to 'RUNNING'
00:00:00.478420 Console: Machine state changed to 'Running'
00:00:00.478793 VBoxHeadless: starting event loop
00:00:00.481281 VMMDev: Guest Log: BIOS: VirtualBox 6.1.26
00:00:00.481360 PCI: Setting up resources and interrupts
00:00:00.481488 PIT: mode=2 count=0x10000 (65536) - 18.20 Hz (ch=0)
00:00:00.506599 Display::i_handleDisplayResize: uScreenId=0 pvVRAM=0000000000000000 w=720 h=400 bpp=0 cbLine=0x0 flags=0x0 origin=0,0
00:00:00.507063 VMMDev: Guest Log: CPUID EDX: 0x178bfbff
00:00:00.507685 AHCI#0: Reset the HBA
00:00:00.507698 VD#0: Cancelling all active requests
00:00:00.507786 AHCI#0: Port 0 reset
00:00:00.507834 VD#0: Cancelling all active requests
00:00:00.509173 VMMDev: Guest Log: BIOS: AHCI 0-P#0: PCHS=16383/16/63 LCHS=1024/255/63 0x0000000001d4c000 sectors
00:00:00.510938 PIT: mode=2 count=0x48d3 (18643) - 64.00 Hz (ch=0)
00:00:00.532549 Display::i_handleDisplayResize: uScreenId=0 pvVRAM=00000001132eb000 w=640 h=480 bpp=32 cbLine=0xA00 flags=0x0 origin=0,0
00:00:00.863039 NAT: Old socket recv size: 334KB
00:00:00.863059 NAT: Old socket send size: 79KB
00:00:02.990439 PIT: mode=2 count=0x10000 (65536) - 18.20 Hz (ch=0)
00:00:02.990903 VMMDev: Guest Log: BIOS: Boot : bseqnr=1, bootseq=0032
00:00:02.991916 VMMDev: Guest Log: BIOS: Booting from Hard Disk...
00:00:02.995565 Display::i_handleDisplayResize: uScreenId=0 pvVRAM=0000000000000000 w=720 h=400 bpp=0 cbLine=0x0 flags=0x0 origin=0,0
00:00:10.171516 VMMDev: Guest Log: BIOS: KBD: unsupported int 16h function 03
00:00:10.171906 VMMDev: Guest Log: BIOS: AX=0305 BX=0000 CX=0000 DX=0000 
00:00:10.189595 VMMDev: Guest Log: int13_harddisk_ext: function 41, unmapped device for ELDL=81
00:00:10.190190 VMMDev: Guest Log: int13_harddisk: function 02, unmapped device for ELDL=81
00:00:10.190777 VMMDev: Guest Log: int13_harddisk_ext: function 41, unmapped device for ELDL=82
00:00:10.191326 VMMDev: Guest Log: int13_harddisk: function 02, unmapped device for ELDL=82
00:00:10.192090 VMMDev: Guest Log: int13_harddisk_ext: function 41, unmapped device for ELDL=83
00:00:10.192647 VMMDev: Guest Log: int13_harddisk: function 02, unmapped device for ELDL=83
00:00:10.193325 VMMDev: Guest Log: int13_harddisk_ext: function 41, unmapped device for ELDL=84
00:00:10.193874 VMMDev: Guest Log: int13_harddisk: function 02, unmapped device for ELDL=84
00:00:10.194460 VMMDev: Guest Log: int13_harddisk_ext: function 41, unmapped device for ELDL=85
00:00:10.195007 VMMDev: Guest Log: int13_harddisk: function 02, unmapped device for ELDL=85
00:00:10.195593 VMMDev: Guest Log: int13_harddisk_ext: function 41, unmapped device for ELDL=86
00:00:10.196141 VMMDev: Guest Log: int13_harddisk: function 02, unmapped device for ELDL=86
00:00:10.196727 VMMDev: Guest Log: int13_harddisk_ext: function 41, unmapped device for ELDL=87
00:00:10.197313 VMMDev: Guest Log: int13_harddisk: function 02, unmapped device for ELDL=87
00:00:10.197894 VMMDev: Guest Log: int13_harddisk_ext: function 41, unmapped device for ELDL=88
00:00:10.198482 VMMDev: Guest Log: int13_harddisk: function 02, unmapped device for ELDL=88
00:00:10.199068 VMMDev: Guest Log: int13_harddisk_ext: function 41, unmapped device for ELDL=89
00:00:10.199615 VMMDev: Guest Log: int13_harddisk: function 02, unmapped device for ELDL=89
00:00:10.200202 VMMDev: Guest Log: int13_harddisk_ext: function 41, unmapped device for ELDL=8a
00:00:10.200753 VMMDev: Guest Log: int13_harddisk: function 02, unmapped device for ELDL=8a
00:00:10.201339 VMMDev: Guest Log: int13_harddisk_ext: function 41, unmapped device for ELDL=8b
00:00:10.201892 VMMDev: Guest Log: int13_harddisk: function 02, unmapped device for ELDL=8b
00:00:10.202479 VMMDev: Guest Log: int13_harddisk_ext: function 41, unmapped device for ELDL=8c
00:00:10.203029 VMMDev: Guest Log: int13_harddisk: function 02, unmapped device for ELDL=8c
00:00:10.203616 VMMDev: Guest Log: int13_harddisk_ext: function 41, unmapped device for ELDL=8d
00:00:10.204164 VMMDev: Guest Log: int13_harddisk: function 02, unmapped device for ELDL=8d
00:00:10.204752 VMMDev: Guest Log: int13_harddisk_ext: function 41, unmapped device for ELDL=8e
00:00:10.205300 VMMDev: Guest Log: int13_harddisk: function 02, unmapped device for ELDL=8e
00:00:10.205887 VMMDev: Guest Log: int13_harddisk_ext: function 41, unmapped device for ELDL=8f
00:00:10.206434 VMMDev: Guest Log: int13_harddisk: function 02, unmapped device for ELDL=8f
00:00:10.442840 GIM: KVM: VCPU  0: Enabled system-time struct. at 0x0000000020c01000 - u32TscScale=0xb7e875b5 i8TscShift=0 uVersion=2 fFlags=0x1 uTsc=0x33ab24470 uVirtNanoTS=0x251e41c98 TscKHz=1391999
00:00:10.442938 TM: Switching TSC mode from 'VirtTscEmulated' to 'RealTscOffset'
00:00:10.692077 GIM: KVM: Enabled wall-clock struct. at 0x0000000020c00000 - u32Sec=1634775703 u32Nano=657025000 uVersion=2
00:00:10.723086 PIT: mode=2 count=0x4a9 (1193) - 1000.15 Hz (ch=0)
00:00:10.723486 APIC0: Switched mode to x2APIC
00:00:10.729748 IEM: wrmsr(0x3a,0x0`00000001) -> #GP(0)
00:00:10.833318 PIT: mode=0 count=0x10000 (65536) - 18.20 Hz (ch=0)
00:00:10.835566 APIC1: Switched mode to x2APIC
00:00:10.835582 GIM: KVM: VCPU  1: Enabled system-time struct. at 0x0000000020c01040 - u32TscScale=0xb7e875b5 i8TscShift=0 uVersion=2 fFlags=0x1 uTsc=0x35b484738 uVirtNanoTS=0x2694cef83 TscKHz=1391999
00:00:10.835710 IEM: wrmsr(0x3a,0x0`00000001) -> #GP(0)
00:00:12.402202 AHCI#0: Reset the HBA
00:00:12.402219 VD#0: Cancelling all active requests
00:00:12.406953 AHCI#0: Port 0 reset
00:00:12.413974 VD#0: Cancelling all active requests
00:00:14.041311 AIOMgr: Host limits number of active IO requests to 16. Expect a performance impact.
00:00:15.750301 NAT: Link up
00:00:22.749930 Display::i_handleDisplayResize: uScreenId=0 pvVRAM=00000001132eb000 w=800 h=600 bpp=32 cbLine=0xC80 flags=0x1 origin=0,0
00:00:32.664628 NAT: DHCP offered IP address 10.0.2.15
00:00:32.689626 NAT: IPv6 not supported
00:00:43.012888 NAT: DHCP offered IP address 10.0.2.15
00:41:37.879690 Pausing VM execution, reason 'host suspend'
00:41:37.883387 Changing the VM state from 'RUNNING' to 'SUSPENDING'
00:41:37.902358 AIOMgr: Endpoint for file '/Volumes/externalwd/ITMO-453/beyesus/packer-example-code/build/graphiteb_default_1634596919242_71042/packer-centos-graphiteb-1634595746-disk001.vmdk' (flags 000c0781) created successfully
00:41:38.072034 PDMR3Suspend: 188 555 024 ns run time
00:41:38.072058 Changing the VM state from 'SUSPENDING' to 'SUSPENDED'
00:41:38.072079 Console: Machine state changed to 'Paused'
00:45:33.765209 Resuming VM execution, reason 'host resume'
00:45:33.774886 Changing the VM state from 'SUSPENDED' to 'RESUMING'
00:45:33.779031 AIOMgr: Endpoint for file '/Volumes/externalwd/ITMO-453/beyesus/packer-example-code/build/graphiteb_default_1634596919242_71042/packer-centos-graphiteb-1634595746-disk001.vmdk' (flags 000c0723) created successfully
00:45:33.919206 NAT: resolv.conf: nameserver 2001:558:feed::1
00:45:33.919236 NAT: resolv.conf: nameserver 2001:558:feed::2
00:45:33.919243 NAT: resolv.conf: nameserver 75.75.75.75
00:45:33.919250 NAT: resolv.conf: nameserver 75.75.76.76
00:45:33.919284 slirp_host_network_configuration_change_strategy_selector: NAT: rcp_parse:VINF_SUCCESS old domain:hsd1.il.comcast.net new domain:hsd1.il.comcast.net
00:45:33.920953 Changing the VM state from 'RESUMING' to 'RUNNING'
00:45:33.920978 Console: Machine state changed to 'Running'
00:45:33.921154 NAT: resolv.conf: nameserver 2001:558:feed::1
00:45:33.921169 NAT: resolv.conf: nameserver 2001:558:feed::2
00:45:33.921175 NAT: resolv.conf: nameserver 75.75.75.75
00:45:33.921181 NAT: resolv.conf: nameserver 75.75.76.76
00:45:33.921204 NAT: Adding domain name hsd1.il.comcast.net
00:45:33.921208 NAT: DNS#0: 75.75.75.75
00:45:33.921212 NAT: DNS#1: 75.75.76.76
01:40:08.832115 Pausing VM execution, reason 'host suspend'
01:40:08.855012 Changing the VM state from 'RUNNING' to 'SUSPENDING'
01:40:08.898822 AIOMgr: Endpoint for file '/Volumes/externalwd/ITMO-453/beyesus/packer-example-code/build/graphiteb_default_1634596919242_71042/packer-centos-graphiteb-1634595746-disk001.vmdk' (flags 000c0781) created successfully
01:40:09.006894 PDMR3Suspend: 151 808 908 ns run time
01:40:09.006909 Changing the VM state from 'SUSPENDING' to 'SUSPENDED'
01:40:09.006924 Console: Machine state changed to 'Paused'
01:53:01.970041 Resuming VM execution, reason 'host resume'
01:53:01.986014 Changing the VM state from 'SUSPENDED' to 'RESUMING'
01:53:01.987545 AIOMgr: Endpoint for file '/Volumes/externalwd/ITMO-453/beyesus/packer-example-code/build/graphiteb_default_1634596919242_71042/packer-centos-graphiteb-1634595746-disk001.vmdk' (flags 000c0723) created successfully
01:53:02.037283 NAT: resolv.conf: nameserver 2001:558:feed::1
01:53:02.037309 NAT: resolv.conf: nameserver 2001:558:feed::2
01:53:02.037313 NAT: resolv.conf: nameserver 75.75.75.75
01:53:02.037318 NAT: resolv.conf: nameserver 75.75.76.76
01:53:02.042259 slirp_host_network_configuration_change_strategy_selector: NAT: rcp_parse:VINF_SUCCESS old domain:hsd1.il.comcast.net new domain:hsd1.il.comcast.net
01:53:02.042999 Changing the VM state from 'RESUMING' to 'RUNNING'
01:53:02.043014 Console: Machine state changed to 'Running'
01:53:02.043130 NAT: resolv.conf: nameserver 2001:558:feed::1
01:53:02.043144 NAT: resolv.conf: nameserver 2001:558:feed::2
01:53:02.043154 NAT: resolv.conf: nameserver 75.75.75.75
01:53:02.043161 NAT: resolv.conf: nameserver 75.75.76.76
01:53:02.043218 NAT: Adding domain name hsd1.il.comcast.net
01:53:02.043224 NAT: DNS#0: 75.75.75.75
01:53:02.043227 NAT: DNS#1: 75.75.76.76
02:03:56.848589 Pausing VM execution, reason 'host suspend'
02:03:56.874127 Changing the VM state from 'RUNNING' to 'SUSPENDING'
02:03:56.892853 AIOMgr: Endpoint for file '/Volumes/externalwd/ITMO-453/beyesus/packer-example-code/build/graphiteb_default_1634596919242_71042/packer-centos-graphiteb-1634595746-disk001.vmdk' (flags 000c0781) created successfully
02:03:57.004531 PDMR3Suspend: 130 294 452 ns run time
02:03:57.004731 Changing the VM state from 'SUSPENDING' to 'SUSPENDED'
02:03:57.004787 Console: Machine state changed to 'Paused'
03:20:15.127328 Resuming VM execution, reason 'host resume'
03:20:15.184788 Changing the VM state from 'SUSPENDED' to 'RESUMING'
03:20:15.203585 AIOMgr: Endpoint for file '/Volumes/externalwd/ITMO-453/beyesus/packer-example-code/build/graphiteb_default_1634596919242_71042/packer-centos-graphiteb-1634595746-disk001.vmdk' (flags 000c0723) created successfully
03:20:15.411868 NAT: resolv.conf: nameserver 2001:558:feed::1
03:20:15.411891 NAT: resolv.conf: nameserver 2001:558:feed::2
03:20:15.411894 NAT: resolv.conf: nameserver 75.75.75.75
03:20:15.411899 NAT: resolv.conf: nameserver 75.75.76.76
03:20:15.411924 slirp_host_network_configuration_change_strategy_selector: NAT: rcp_parse:VINF_SUCCESS old domain:hsd1.il.comcast.net new domain:hsd1.il.comcast.net
03:20:15.412295 Changing the VM state from 'RESUMING' to 'RUNNING'
03:20:15.412316 Console: Machine state changed to 'Running'
03:20:15.412409 NAT: resolv.conf: nameserver 2001:558:feed::1
03:20:15.412420 NAT: resolv.conf: nameserver 2001:558:feed::2
03:20:15.412425 NAT: resolv.conf: nameserver 75.75.75.75
03:20:15.412430 NAT: resolv.conf: nameserver 75.75.76.76
03:20:15.412445 NAT: Adding domain name hsd1.il.comcast.net
03:20:15.412450 NAT: DNS#0: 75.75.75.75
03:20:15.412458 NAT: DNS#1: 75.75.76.76
