00:00:00.298610 VirtualBox VM 6.1.26 r145957 darwin.amd64 (Jul 28 2021 18:24:31) release log
00:00:00.298627 Log opened 2021-10-25T19:55:25.305563000Z
00:00:00.298628 Build Type: release
00:00:00.298638 OS Product: Darwin
00:00:00.298644 OS Release: 20.6.0
00:00:00.298648 OS Version: Darwin Kernel Version 20.6.0: Mon Aug 30 06:12:21 PDT 2021; root:xnu-7195.141.6~3/RELEASE_X86_64
00:00:00.298722 DMI Product Name: MacBookPro16,3
00:00:00.298757 DMI Product Version: 1.0
00:00:00.298759 Firmware type: failed - VERR_NOT_SUPPORTED
00:00:00.298768 Host RAM: 8192MB (8.0GB) total, 2640MB (2.5GB) available
00:00:00.298770 Executable: /Applications/VirtualBox.app/Contents/MacOS/VBoxHeadless
00:00:00.298770 Process ID: 28401
00:00:00.298771 Package type: DARWIN_64BITS_GENERIC
00:00:00.299762 Installed Extension Packs:
00:00:00.299769   None installed!
00:00:00.300899 Console: Machine state changed to 'Starting'
00:00:00.302123 VRDE: VirtualBox Remote Desktop Extension is not available.
00:00:00.304037 SUP: Opened VMMR0.r0 (/Applications/VirtualBox.app/Contents/MacOS/VMMR0.r0) at 0xXXXXXXXXXXXXXXXX loaded by the native ring-0 loader.
00:00:00.305836 Guest OS type: 'Ubuntu_64'
00:00:00.309974 fHMForced=true - No raw-mode support in this build!
00:00:00.320836 File system of '/Volumes/externalwd/ITMO-453/beyesus/packer-example-code/build/riemannmc_default_1635191723000_42588/Snapshots' (snapshots) is unknown
00:00:00.320847 File system of '/Volumes/externalwd/ITMO-453/beyesus/packer-example-code/build/riemannmc_default_1635191723000_42588/ubuntu-riemannmc-disk001.vmdk' is hfs
00:00:00.394424 Shared Clipboard: Service loaded
00:00:00.394450 Shared Clipboard: Mode: Off
00:00:00.394491 Shared Clipboard: Service running in headless mode
00:00:00.395630 Drag and drop service loaded
00:00:00.395639 Drag and drop mode: Off
00:00:00.398027 Per-VM extradata API settings:
00:00:00.398034   VBoxInternal2/SharedFoldersEnableSymlinksCreate/vagrant="1"
00:00:00.398289 ************************* CFGM dump *************************
00:00:00.398309 [/] (level 0)
00:00:00.398311   CpuExecutionCap   <integer> = 0x0000000000000064 (100)
00:00:00.398315   EnablePAE         <integer> = 0x0000000000000001 (1)
00:00:00.398315   HMEnabled         <integer> = 0x0000000000000001 (1)
00:00:00.398316   MemBalloonSize    <integer> = 0x0000000000000000 (0)
00:00:00.398317   Name              <string>  = "riemannmc_default_1635191723000_42588" (cb=38)
00:00:00.398317   NumCPUs           <integer> = 0x0000000000000001 (1)
00:00:00.398318   PageFusionAllowed <integer> = 0x0000000000000000 (0)
00:00:00.398319   RamHoleSize       <integer> = 0x0000000020000000 (536 870 912, 512 MB)
00:00:00.398320   RamSize           <integer> = 0x0000000040000000 (1 073 741 824, 1 024 MB)
00:00:00.398321   TimerMillies      <integer> = 0x000000000000000a (10)
00:00:00.398322   UUID              <bytes>   = "71 d5 5f 80 c0 ff a2 42 99 10 f5 6d ea 56 b7 5b" (cb=16)
00:00:00.398326 
00:00:00.398327 [/CPUM/] (level 1)
00:00:00.398328   GuestCpuName       <string>  = "host" (cb=5)
00:00:00.398328   NestedHWVirt       <integer> = 0x0000000000000000 (0)
00:00:00.398329   PortableCpuIdLevel <integer> = 0x0000000000000000 (0)
00:00:00.398330   SpecCtrl           <integer> = 0x0000000000000000 (0)
00:00:00.398330 
00:00:00.398330 [/CPUM/IsaExts/] (level 2)
00:00:00.398331 
00:00:00.398331 [/DBGC/] (level 1)
00:00:00.398332   GlobalInitScript <string>  = "/Users/birukeyesus/Library/VirtualBox/dbgc-init" (cb=48)
00:00:00.398333   HistoryFile      <string>  = "/Users/birukeyesus/Library/VirtualBox/dbgc-history" (cb=51)
00:00:00.398333   LocalInitScript  <string>  = "/Volumes/externalwd/ITMO-453/beyesus/packer-example-code/build/riemannmc_default_1635191723000_42588/dbgc-init" (cb=111)
00:00:00.398334 
00:00:00.398334 [/DBGF/] (level 1)
00:00:00.398335   Path <string>  = "/Volumes/externalwd/ITMO-453/beyesus/packer-example-code/build/riemannmc_default_1635191723000_42588/debug/;/Volumes/externalwd/ITMO-453/beyesus/packer-example-code/build/riemannmc_default_1635191723000_42588/;cache*/Volumes/externalwd/ITMO-453/beyesus/packer-example-code/build/riemannmc_default_1635191723000_42588/dbgcache/;/Users/birukeyesus/" (cb=347)
00:00:00.398336 
00:00:00.398336 [/Devices/] (level 1)
00:00:00.398336 
00:00:00.398336 [/Devices/8237A/] (level 2)
00:00:00.398337 
00:00:00.398338 [/Devices/8237A/0/] (level 3)
00:00:00.398338   Trusted <integer> = 0x0000000000000001 (1)
00:00:00.398339 
00:00:00.398339 [/Devices/GIMDev/] (level 2)
00:00:00.398340 
00:00:00.398340 [/Devices/GIMDev/0/] (level 3)
00:00:00.398341   Trusted <integer> = 0x0000000000000001 (1)
00:00:00.398341 
00:00:00.398341 [/Devices/VMMDev/] (level 2)
00:00:00.398342 
00:00:00.398342 [/Devices/VMMDev/0/] (level 3)
00:00:00.398343   PCIBusNo      <integer> = 0x0000000000000000 (0)
00:00:00.398343   PCIDeviceNo   <integer> = 0x0000000000000004 (4)
00:00:00.398344   PCIFunctionNo <integer> = 0x0000000000000000 (0)
00:00:00.398344   Trusted       <integer> = 0x0000000000000001 (1)
00:00:00.398345 
00:00:00.398345 [/Devices/VMMDev/0/Config/] (level 4)
00:00:00.398346   GuestCoreDumpDir <string>  = "/Volumes/externalwd/ITMO-453/beyesus/packer-example-code/build/riemannmc_default_1635191723000_42588/Snapshots" (cb=111)
00:00:00.398347 
00:00:00.398347 [/Devices/VMMDev/0/LUN#0/] (level 4)
00:00:00.398348   Driver <string>  = "HGCM" (cb=5)
00:00:00.398348 
00:00:00.398348 [/Devices/VMMDev/0/LUN#0/Config/] (level 5)
00:00:00.398349   Object <integer> = 0x00007ff43be125f0 (140 686 953 358 832)
00:00:00.398350 
00:00:00.398350 [/Devices/VMMDev/0/LUN#999/] (level 4)
00:00:00.398351   Driver <string>  = "MainStatus" (cb=11)
00:00:00.398352 
00:00:00.398352 [/Devices/VMMDev/0/LUN#999/Config/] (level 5)
00:00:00.398353   First   <integer> = 0x0000000000000000 (0)
00:00:00.398353   Last    <integer> = 0x0000000000000000 (0)
00:00:00.398354   papLeds <integer> = 0x00007ff43e809590 (140 686 997 362 064)
00:00:00.398355 
00:00:00.398355 [/Devices/acpi/] (level 2)
00:00:00.398356 
00:00:00.398356 [/Devices/acpi/0/] (level 3)
00:00:00.398359   PCIBusNo      <integer> = 0x0000000000000000 (0)
00:00:00.398360   PCIDeviceNo   <integer> = 0x0000000000000007 (7)
00:00:00.398360   PCIFunctionNo <integer> = 0x0000000000000000 (0)
00:00:00.398361   Trusted       <integer> = 0x0000000000000001 (1)
00:00:00.398361 
00:00:00.398361 [/Devices/acpi/0/Config/] (level 4)
00:00:00.398362   CpuHotPlug          <integer> = 0x0000000000000000 (0)
00:00:00.398363   FdcEnabled          <integer> = 0x0000000000000000 (0)
00:00:00.398363   HostBusPciAddress   <integer> = 0x0000000000000000 (0)
00:00:00.398364   HpetEnabled         <integer> = 0x0000000000000000 (0)
00:00:00.398365   IOAPIC              <integer> = 0x0000000000000001 (1)
00:00:00.398365   IocPciAddress       <integer> = 0x0000000000010000 (65 536)
00:00:00.398366   NumCPUs             <integer> = 0x0000000000000001 (1)
00:00:00.398367   Parallel0IoPortBase <integer> = 0x0000000000000000 (0)
00:00:00.398367   Parallel0Irq        <integer> = 0x0000000000000000 (0)
00:00:00.398368   Parallel1IoPortBase <integer> = 0x0000000000000000 (0)
00:00:00.398368   Parallel1Irq        <integer> = 0x0000000000000000 (0)
00:00:00.398369   Serial0IoPortBase   <integer> = 0x0000000000000000 (0)
00:00:00.398369   Serial0Irq          <integer> = 0x0000000000000000 (0)
00:00:00.398370   Serial1IoPortBase   <integer> = 0x0000000000000000 (0)
00:00:00.398370   Serial1Irq          <integer> = 0x0000000000000000 (0)
00:00:00.398371   ShowCpu             <integer> = 0x0000000000000001 (1)
00:00:00.398371   ShowRtc             <integer> = 0x0000000000000000 (0)
00:00:00.398372   SmcEnabled          <integer> = 0x0000000000000000 (0)
00:00:00.398372 
00:00:00.398373 [/Devices/acpi/0/LUN#0/] (level 4)
00:00:00.398373   Driver <string>  = "ACPIHost" (cb=9)
00:00:00.398374 
00:00:00.398374 [/Devices/acpi/0/LUN#0/Config/] (level 5)
00:00:00.398375 
00:00:00.398375 [/Devices/apic/] (level 2)
00:00:00.398376 
00:00:00.398376 [/Devices/apic/0/] (level 3)
00:00:00.398376   Trusted <integer> = 0x0000000000000001 (1)
00:00:00.398377 
00:00:00.398377 [/Devices/apic/0/Config/] (level 4)
00:00:00.398378   IOAPIC  <integer> = 0x0000000000000001 (1)
00:00:00.398378   Mode    <integer> = 0x0000000000000003 (3)
00:00:00.398379   NumCPUs <integer> = 0x0000000000000001 (1)
00:00:00.398379 
00:00:00.398379 [/Devices/e1000/] (level 2)
00:00:00.398380 
00:00:00.398380 [/Devices/e1000/0/] (level 3)
00:00:00.398381   PCIBusNo      <integer> = 0x0000000000000000 (0)
00:00:00.398381   PCIDeviceNo   <integer> = 0x0000000000000003 (3)
00:00:00.398382   PCIFunctionNo <integer> = 0x0000000000000000 (0)
00:00:00.398382   Trusted       <integer> = 0x0000000000000001 (1)
00:00:00.398383 
00:00:00.398383 [/Devices/e1000/0/Config/] (level 4)
00:00:00.398384   AdapterType    <integer> = 0x0000000000000000 (0)
00:00:00.398384   CableConnected <integer> = 0x0000000000000001 (1)
00:00:00.398385   LineSpeed      <integer> = 0x0000000000000000 (0)
00:00:00.398385   MAC            <bytes>   = "08 00 27 4a a5 5c" (cb=6)
00:00:00.398387 
00:00:00.398387 [/Devices/e1000/0/LUN#0/] (level 4)
00:00:00.398388   Driver <string>  = "NAT" (cb=4)
00:00:00.398388 
00:00:00.398388 [/Devices/e1000/0/LUN#0/Config/] (level 5)
00:00:00.398389   AliasMode       <integer> = 0x0000000000000000 (0)
00:00:00.398390   BootFile        <string>  = "riemannmc_default_1635191723000_42588.pxe" (cb=42)
00:00:00.398390   DNSProxy        <integer> = 0x0000000000000001 (1)
00:00:00.398391   Network         <string>  = "10.0.2.0/24" (cb=12)
00:00:00.398392   PassDomain      <integer> = 0x0000000000000001 (1)
00:00:00.398392   TFTPPrefix      <string>  = "/Users/birukeyesus/Library/VirtualBox/TFTP" (cb=43)
00:00:00.398393   UseHostResolver <integer> = 0x0000000000000000 (0)
00:00:00.398393 
00:00:00.398393 [/Devices/e1000/0/LUN#0/Config/PortForwarding/] (level 6)
00:00:00.398394 
00:00:00.398395 [/Devices/e1000/0/LUN#0/Config/PortForwarding/0/] (level 7)
00:00:00.398396   BindIP    <string>  = "127.0.0.1" (cb=10)
00:00:00.398396   GuestPort <integer> = 0x0000000000000016 (22)
00:00:00.398398   HostPort  <integer> = 0x0000000000000899 (2 201)
00:00:00.398399   Name      <string>  = "ssh" (cb=4)
00:00:00.398399   Protocol  <string>  = "TCP" (cb=4)
00:00:00.398400 
00:00:00.398400 [/Devices/e1000/0/LUN#999/] (level 4)
00:00:00.398401   Driver <string>  = "MainStatus" (cb=11)
00:00:00.398401 
00:00:00.398401 [/Devices/e1000/0/LUN#999/Config/] (level 5)
00:00:00.398402   First   <integer> = 0x0000000000000000 (0)
00:00:00.398403   Last    <integer> = 0x0000000000000000 (0)
00:00:00.398403   papLeds <integer> = 0x00007ff43e809470 (140 686 997 361 776)
00:00:00.398404 
00:00:00.398404 [/Devices/e1000/1/] (level 3)
00:00:00.398405   PCIBusNo      <integer> = 0x0000000000000000 (0)
00:00:00.398406   PCIDeviceNo   <integer> = 0x0000000000000008 (8)
00:00:00.398406   PCIFunctionNo <integer> = 0x0000000000000000 (0)
00:00:00.398407   Trusted       <integer> = 0x0000000000000001 (1)
00:00:00.398407 
00:00:00.398407 [/Devices/e1000/1/Config/] (level 4)
00:00:00.398408   AdapterType    <integer> = 0x0000000000000000 (0)
00:00:00.398409   CableConnected <integer> = 0x0000000000000001 (1)
00:00:00.398409   LineSpeed      <integer> = 0x0000000000000000 (0)
00:00:00.398410   MAC            <bytes>   = "08 00 27 ce 25 d9" (cb=6)
00:00:00.398411 
00:00:00.398411 [/Devices/e1000/1/LUN#0/] (level 4)
00:00:00.398412   Driver <string>  = "IntNet" (cb=7)
00:00:00.398412 
00:00:00.398412 [/Devices/e1000/1/LUN#0/Config/] (level 5)
00:00:00.398413   IfPolicyPromisc <string>  = "deny" (cb=5)
00:00:00.398414   Network         <string>  = "HostInterfaceNetworking-vboxnet0" (cb=33)
00:00:00.398414   Trunk           <string>  = "vboxnet0" (cb=9)
00:00:00.398415   TrunkType       <integer> = 0x0000000000000004 (4)
00:00:00.398415 
00:00:00.398416 [/Devices/e1000/1/LUN#999/] (level 4)
00:00:00.398416   Driver <string>  = "MainStatus" (cb=11)
00:00:00.398417 
00:00:00.398417 [/Devices/e1000/1/LUN#999/Config/] (level 5)
00:00:00.398418   First   <integer> = 0x0000000000000000 (0)
00:00:00.398418   Last    <integer> = 0x0000000000000000 (0)
00:00:00.398419   papLeds <integer> = 0x00007ff43e809478 (140 686 997 361 784)
00:00:00.398420 
00:00:00.398420 [/Devices/i8254/] (level 2)
00:00:00.398420 
00:00:00.398421 [/Devices/i8254/0/] (level 3)
00:00:00.398421 
00:00:00.398421 [/Devices/i8254/0/Config/] (level 4)
00:00:00.398422 
00:00:00.398422 [/Devices/i8259/] (level 2)
00:00:00.398423 
00:00:00.398423 [/Devices/i8259/0/] (level 3)
00:00:00.398424   Trusted <integer> = 0x0000000000000001 (1)
00:00:00.398424 
00:00:00.398424 [/Devices/i8259/0/Config/] (level 4)
00:00:00.398425 
00:00:00.398425 [/Devices/ioapic/] (level 2)
00:00:00.398426 
00:00:00.398426 [/Devices/ioapic/0/] (level 3)
00:00:00.398427   Trusted <integer> = 0x0000000000000001 (1)
00:00:00.398427 
00:00:00.398428 [/Devices/ioapic/0/Config/] (level 4)
00:00:00.398428   NumCPUs <integer> = 0x0000000000000001 (1)
00:00:00.398429 
00:00:00.398429 [/Devices/mc146818/] (level 2)
00:00:00.398430 
00:00:00.398430 [/Devices/mc146818/0/] (level 3)
00:00:00.398430 
00:00:00.398431 [/Devices/mc146818/0/Config/] (level 4)
00:00:00.398431   UseUTC <integer> = 0x0000000000000001 (1)
00:00:00.398432 
00:00:00.398432 [/Devices/parallel/] (level 2)
00:00:00.398433 
00:00:00.398433 [/Devices/pcarch/] (level 2)
00:00:00.398433 
00:00:00.398434 [/Devices/pcarch/0/] (level 3)
00:00:00.398434   Trusted <integer> = 0x0000000000000001 (1)
00:00:00.398435 
00:00:00.398435 [/Devices/pcarch/0/Config/] (level 4)
00:00:00.398436 
00:00:00.398436 [/Devices/pcbios/] (level 2)
00:00:00.398436 
00:00:00.398436 [/Devices/pcbios/0/] (level 3)
00:00:00.398437   Trusted <integer> = 0x0000000000000001 (1)
00:00:00.398438 
00:00:00.398438 [/Devices/pcbios/0/Config/] (level 4)
00:00:00.398439   APIC           <integer> = 0x0000000000000001 (1)
00:00:00.398439   BootDevice0    <string>  = "IDE" (cb=4)
00:00:00.398440   BootDevice1    <string>  = "DVD" (cb=4)
00:00:00.398440   BootDevice2    <string>  = "NONE" (cb=5)
00:00:00.398441   BootDevice3    <string>  = "NONE" (cb=5)
00:00:00.398441   FloppyDevice   <string>  = "i82078" (cb=7)
00:00:00.398443   HardDiskDevice <string>  = "piix3ide" (cb=9)
00:00:00.398444   IOAPIC         <integer> = 0x0000000000000001 (1)
00:00:00.398444   McfgBase       <integer> = 0x0000000000000000 (0)
00:00:00.398445   McfgLength     <integer> = 0x0000000000000000 (0)
00:00:00.398445   NumCPUs        <integer> = 0x0000000000000001 (1)
00:00:00.398446   PXEDebug       <integer> = 0x0000000000000000 (0)
00:00:00.398446   UUID           <bytes>   = "71 d5 5f 80 c0 ff a2 42 99 10 f5 6d ea 56 b7 5b" (cb=16)
00:00:00.398448   UuidLe         <integer> = 0x0000000000000001 (1)
00:00:00.398448 
00:00:00.398449 [/Devices/pcbios/0/Config/NetBoot/] (level 5)
00:00:00.398449 
00:00:00.398450 [/Devices/pcbios/0/Config/NetBoot/0/] (level 6)
00:00:00.398451   NIC           <integer> = 0x0000000000000000 (0)
00:00:00.398451   PCIBusNo      <integer> = 0x0000000000000000 (0)
00:00:00.398452   PCIDeviceNo   <integer> = 0x0000000000000003 (3)
00:00:00.398452   PCIFunctionNo <integer> = 0x0000000000000000 (0)
00:00:00.398453 
00:00:00.398453 [/Devices/pci/] (level 2)
00:00:00.398454 
00:00:00.398454 [/Devices/pci/0/] (level 3)
00:00:00.398455   Trusted <integer> = 0x0000000000000001 (1)
00:00:00.398455 
00:00:00.398455 [/Devices/pci/0/Config/] (level 4)
00:00:00.398456   IOAPIC <integer> = 0x0000000000000001 (1)
00:00:00.398456 
00:00:00.398457 [/Devices/pcibridge/] (level 2)
00:00:00.398457 
00:00:00.398458 [/Devices/pckbd/] (level 2)
00:00:00.398458 
00:00:00.398458 [/Devices/pckbd/0/] (level 3)
00:00:00.398459   Trusted <integer> = 0x0000000000000001 (1)
00:00:00.398459 
00:00:00.398460 [/Devices/pckbd/0/Config/] (level 4)
00:00:00.398460 
00:00:00.398461 [/Devices/pckbd/0/LUN#0/] (level 4)
00:00:00.398461   Driver <string>  = "KeyboardQueue" (cb=14)
00:00:00.398462 
00:00:00.398462 [/Devices/pckbd/0/LUN#0/AttachedDriver/] (level 5)
00:00:00.398463   Driver <string>  = "MainKeyboard" (cb=13)
00:00:00.398463 
00:00:00.398463 [/Devices/pckbd/0/LUN#0/AttachedDriver/Config/] (level 6)
00:00:00.398464   Object <integer> = 0x00007ff43bd1bb00 (140 686 952 348 416)
00:00:00.398465 
00:00:00.398465 [/Devices/pckbd/0/LUN#0/Config/] (level 5)
00:00:00.398466   QueueSize <integer> = 0x0000000000000040 (64)
00:00:00.398467 
00:00:00.398467 [/Devices/pckbd/0/LUN#1/] (level 4)
00:00:00.398468   Driver <string>  = "MouseQueue" (cb=11)
00:00:00.398468 
00:00:00.398468 [/Devices/pckbd/0/LUN#1/AttachedDriver/] (level 5)
00:00:00.398469   Driver <string>  = "MainMouse" (cb=10)
00:00:00.398470 
00:00:00.398470 [/Devices/pckbd/0/LUN#1/AttachedDriver/Config/] (level 6)
00:00:00.398471   Object <integer> = 0x00007ff43bd1c160 (140 686 952 350 048)
00:00:00.398472 
00:00:00.398472 [/Devices/pckbd/0/LUN#1/Config/] (level 5)
00:00:00.398473   QueueSize <integer> = 0x0000000000000080 (128)
00:00:00.398473 
00:00:00.398473 [/Devices/pcnet/] (level 2)
00:00:00.398474 
00:00:00.398474 [/Devices/piix3ide/] (level 2)
00:00:00.398475 
00:00:00.398475 [/Devices/piix3ide/0/] (level 3)
00:00:00.398476   PCIBusNo      <integer> = 0x0000000000000000 (0)
00:00:00.398476   PCIDeviceNo   <integer> = 0x0000000000000001 (1)
00:00:00.398477   PCIFunctionNo <integer> = 0x0000000000000001 (1)
00:00:00.398477   Trusted       <integer> = 0x0000000000000001 (1)
00:00:00.398478 
00:00:00.398478 [/Devices/piix3ide/0/Config/] (level 4)
00:00:00.398479   Type <string>  = "PIIX4" (cb=6)
00:00:00.398479 
00:00:00.398479 [/Devices/piix3ide/0/LUN#0/] (level 4)
00:00:00.398480   Driver <string>  = "VD" (cb=3)
00:00:00.398481 
00:00:00.398481 [/Devices/piix3ide/0/LUN#0/Config/] (level 5)
00:00:00.398482   Format    <string>  = "VMDK" (cb=5)
00:00:00.398482   Mountable <integer> = 0x0000000000000000 (0)
00:00:00.398483   Path      <string>  = "/Volumes/externalwd/ITMO-453/beyesus/packer-example-code/build/riemannmc_default_1635191723000_42588/ubuntu-riemannmc-disk001.vmdk" (cb=131)
00:00:00.398483   Type      <string>  = "HardDisk" (cb=9)
00:00:00.398484 
00:00:00.398484 [/Devices/piix3ide/0/LUN#999/] (level 4)
00:00:00.398485   Driver <string>  = "MainStatus" (cb=11)
00:00:00.398487 
00:00:00.398487 [/Devices/piix3ide/0/LUN#999/Config/] (level 5)
00:00:00.398488   DeviceInstance        <string>  = "piix3ide/0" (cb=11)
00:00:00.398488   First                 <integer> = 0x0000000000000000 (0)
00:00:00.398489   Last                  <integer> = 0x0000000000000003 (3)
00:00:00.398490   pConsole              <integer> = 0x00007ff43e808200 (140 686 997 357 056)
00:00:00.398491   papLeds               <integer> = 0x00007ff43e808978 (140 686 997 358 968)
00:00:00.398492   pmapMediumAttachments <integer> = 0x00007ff43e8095b0 (140 686 997 362 096)
00:00:00.398493 
00:00:00.398493 [/Devices/serial/] (level 2)
00:00:00.398494 
00:00:00.398494 [/Devices/vga/] (level 2)
00:00:00.398494 
00:00:00.398495 [/Devices/vga/0/] (level 3)
00:00:00.398495   PCIBusNo      <integer> = 0x0000000000000000 (0)
00:00:00.398496   PCIDeviceNo   <integer> = 0x0000000000000002 (2)
00:00:00.398496   PCIFunctionNo <integer> = 0x0000000000000000 (0)
00:00:00.398497   Trusted       <integer> = 0x0000000000000001 (1)
00:00:00.398497 
00:00:00.398498 [/Devices/vga/0/Config/] (level 4)
00:00:00.398498   3DEnabled        <integer> = 0x0000000000000000 (0)
00:00:00.398499   CustomVideoModes <integer> = 0x0000000000000000 (0)
00:00:00.398499   FadeIn           <integer> = 0x0000000000000001 (1)
00:00:00.398500   FadeOut          <integer> = 0x0000000000000001 (1)
00:00:00.398501   HeightReduction  <integer> = 0x0000000000000000 (0)
00:00:00.398501   LogoFile         <string>  = "" (cb=1)
00:00:00.398502   LogoTime         <integer> = 0x0000000000000000 (0)
00:00:00.398502   MonitorCount     <integer> = 0x0000000000000001 (1)
00:00:00.398503   ShowBootMenu     <integer> = 0x0000000000000002 (2)
00:00:00.398503   VRamSize         <integer> = 0x0000000000400000 (4 194 304, 4 MB)
00:00:00.398504 
00:00:00.398504 [/Devices/vga/0/LUN#0/] (level 4)
00:00:00.398505   Driver <string>  = "MainDisplay" (cb=12)
00:00:00.398506 
00:00:00.398506 [/Devices/vga/0/LUN#0/Config/] (level 5)
00:00:00.398507   Object <integer> = 0x00007ff43c83be00 (140 686 964 014 592)
00:00:00.398507 
00:00:00.398508 [/Devices/vga/0/LUN#999/] (level 4)
00:00:00.398508   Driver <string>  = "MainStatus" (cb=11)
00:00:00.398509 
00:00:00.398509 [/Devices/vga/0/LUN#999/Config/] (level 5)
00:00:00.398510   First   <integer> = 0x0000000000000000 (0)
00:00:00.398510   Last    <integer> = 0x0000000000000000 (0)
00:00:00.398511   papLeds <integer> = 0x00007ff43e8095a8 (140 686 997 362 088)
00:00:00.398512 
00:00:00.398512 [/Devices/virtio-net/] (level 2)
00:00:00.398513 
00:00:00.398513 [/EM/] (level 1)
00:00:00.398513   TripleFaultReset <integer> = 0x0000000000000000 (0)
00:00:00.398514 
00:00:00.398514 [/GIM/] (level 1)
00:00:00.398515   Provider <string>  = "KVM" (cb=4)
00:00:00.398515 
00:00:00.398515 [/HM/] (level 1)
00:00:00.398516   64bitEnabled       <integer> = 0x0000000000000001 (1)
00:00:00.398517   EnableLargePages   <integer> = 0x0000000000000001 (1)
00:00:00.398518   EnableNestedPaging <integer> = 0x0000000000000001 (1)
00:00:00.398518   EnableUX           <integer> = 0x0000000000000001 (1)
00:00:00.398519   EnableVPID         <integer> = 0x0000000000000001 (1)
00:00:00.398519   Exclusive          <integer> = 0x0000000000000000 (0)
00:00:00.398520   HMForced           <integer> = 0x0000000000000001 (1)
00:00:00.398520   IBPBOnVMEntry      <integer> = 0x0000000000000000 (0)
00:00:00.398521   IBPBOnVMExit       <integer> = 0x0000000000000000 (0)
00:00:00.398521   L1DFlushOnSched    <integer> = 0x0000000000000001 (1)
00:00:00.398522   L1DFlushOnVMEntry  <integer> = 0x0000000000000000 (0)
00:00:00.398522   MDSClearOnSched    <integer> = 0x0000000000000001 (1)
00:00:00.398523   MDSClearOnVMEntry  <integer> = 0x0000000000000000 (0)
00:00:00.398523   SpecCtrlByHost     <integer> = 0x0000000000000000 (0)
00:00:00.398524   UseNEMInstead      <integer> = 0x0000000000000000 (0)
00:00:00.398524 
00:00:00.398524 [/MM/] (level 1)
00:00:00.398525   CanUseLargerHeap <integer> = 0x0000000000000000 (0)
00:00:00.398525 
00:00:00.398526 [/NEM/] (level 1)
00:00:00.398526   Allow64BitGuests <integer> = 0x0000000000000001 (1)
00:00:00.398528 
00:00:00.398528 [/PDM/] (level 1)
00:00:00.398529 
00:00:00.398529 [/PDM/AsyncCompletion/] (level 2)
00:00:00.398530 
00:00:00.398530 [/PDM/AsyncCompletion/File/] (level 3)
00:00:00.398531 
00:00:00.398531 [/PDM/AsyncCompletion/File/BwGroups/] (level 4)
00:00:00.398532 
00:00:00.398532 [/PDM/BlkCache/] (level 2)
00:00:00.398532   CacheSize <integer> = 0x0000000000500000 (5 242 880, 5 MB)
00:00:00.398533 
00:00:00.398534 [/PDM/Devices/] (level 2)
00:00:00.398534 
00:00:00.398534 [/PDM/Drivers/] (level 2)
00:00:00.398535 
00:00:00.398535 [/PDM/Drivers/VBoxC/] (level 3)
00:00:00.398536   Path <string>  = "/Applications/VirtualBox.app/Contents/MacOS/components/VBoxC" (cb=61)
00:00:00.398536 
00:00:00.398537 [/PDM/NetworkShaper/] (level 2)
00:00:00.398537 
00:00:00.398537 [/PDM/NetworkShaper/BwGroups/] (level 3)
00:00:00.398538 
00:00:00.398538 [/TM/] (level 1)
00:00:00.398539   UTCOffset <integer> = 0x0000000000000000 (0)
00:00:00.398539 
00:00:00.398539 ********************* End of CFGM dump **********************
00:00:00.398675 HM: HMR3Init: VT-x w/ nested paging and unrestricted guest execution hw support
00:00:00.398696 MM: cbHyperHeap=0x200000 (2097152)
00:00:00.400851 CPUM: fXStateHostMask=0x7; initial: 0x7; host XCR0=0x7
00:00:00.401647 CPUM: Matched host CPU INTEL 0x6/0x8e/0xa Intel_Core7_CoffeeLake with CPU DB entry 'Intel Core i7-6700K' (INTEL 0x6/0x5e/0x3 Intel_Core7_Skylake)
00:00:00.401821 CPUM: MXCSR_MASK=0xffff (host: 0xffff)
00:00:00.401864 CPUM: Microcode revision 0x000000EA
00:00:00.401895 CPUM: Changing leaf 13[0]: EBX=0x340 -> 0x340, ECX=0x440 -> 0x340
00:00:00.401939 CPUM: MSR/CPUID reconciliation insert: 0x0000010b IA32_FLUSH_CMD
00:00:00.401976 CPUM: SetGuestCpuIdFeature: Enabled PAE
00:00:00.402206 PGM: Host paging mode: AMD64+PGE+NX
00:00:00.402213 PGM: PGMPool: cMaxPages=768 (u64MaxPages=545)
00:00:00.402215 PGM: pgmR3PoolInit: cMaxPages=0x300 cMaxUsers=0x600 cMaxPhysExts=0x600 fCacheEnable=true 
00:00:00.406904 TM: GIP - u32Mode=3 (Invariant) u32UpdateHz=100 u32UpdateIntervalNS=10000000 enmUseTscDelta=2 (Practically Zero) fGetGipCpu=0x15 cCpus=8
00:00:00.406932 TM: GIP - u64CpuHz=1 391 999 998 (0x52f83bfe)  SUPGetCpuHzFromGip => 1 391 999 998
00:00:00.406937 TM: GIP - CPU: iCpuSet=0x0 idCpu=0x0 idApic=0x0 iGipCpu=0x5 i64TSCDelta=0 enmState=3 u64CpuHz=1391999996(*) cErrors=0
00:00:00.406940 TM: GIP - CPU: iCpuSet=0x1 idCpu=0x1 idApic=0x1 iGipCpu=0x4 i64TSCDelta=0 enmState=3 u64CpuHz=1391999986(*) cErrors=0
00:00:00.406943 TM: GIP - CPU: iCpuSet=0x2 idCpu=0x2 idApic=0x2 iGipCpu=0x6 i64TSCDelta=0 enmState=3 u64CpuHz=1392000000(*) cErrors=0
00:00:00.406946 TM: GIP - CPU: iCpuSet=0x3 idCpu=0x3 idApic=0x3 iGipCpu=0x7 i64TSCDelta=0 enmState=3 u64CpuHz=1391999997(*) cErrors=0
00:00:00.406948 TM: GIP - CPU: iCpuSet=0x4 idCpu=0x4 idApic=0x4 iGipCpu=0x0 i64TSCDelta=0 enmState=3 u64CpuHz=1391999998(*) cErrors=0
00:00:00.406950 TM: GIP - CPU: iCpuSet=0x5 idCpu=0x5 idApic=0x5 iGipCpu=0x1 i64TSCDelta=0 enmState=3 u64CpuHz=1391997997(*) cErrors=0
00:00:00.406953 TM: GIP - CPU: iCpuSet=0x6 idCpu=0x6 idApic=0x6 iGipCpu=0x2 i64TSCDelta=0 enmState=3 u64CpuHz=1391999977(*) cErrors=0
00:00:00.406955 TM: GIP - CPU: iCpuSet=0x7 idCpu=0x7 idApic=0x7 iGipCpu=0x3 i64TSCDelta=0 enmState=3 u64CpuHz=1392000001(*) cErrors=0
00:00:00.407039 TM: cTSCTicksPerSecond=1 391 999 998 (0x52f83bfe) enmTSCMode=3 (Dynamic)
00:00:00.407040 TM: TSCTiedToExecution=false TSCNotTiedToHalt=false
00:00:00.407519 EMR3Init: fIemExecutesAll=false fGuruOnTripleFault=true 
00:00:00.407607 IEM: TargetCpu=CURRENT, Microarch=Intel_Core7_CoffeeLake
00:00:00.407728 GIM: Using provider 'KVM' (Implementation version: 0)
00:00:00.407733 CPUM: SetGuestCpuIdFeature: Enabled Hypervisor Present bit
00:00:00.407843 AIOMgr: Default manager type is 'Async'
00:00:00.407847 AIOMgr: Default file backend is 'NonBuffered'
00:00:00.407950 BlkCache: Cache successfully initialized. Cache size is 5242880 bytes
00:00:00.407954 BlkCache: Cache commit interval is 10000 ms
00:00:00.407956 BlkCache: Cache commit threshold is 2621440 bytes
00:00:00.513580 PcBios: [SMP] BIOS with 1 CPUs
00:00:00.513649 PcBios: Using the 386+ BIOS image.
00:00:00.513911 PcBios: MPS table at 000e1300
00:00:00.515304 PcBios: fCheckShutdownStatusForSoftReset=true   fClearShutdownStatusOnHardReset=true 
00:00:00.516127 SUP: Opened VBoxDDR0.r0 (/Applications/VirtualBox.app/Contents/MacOS/VBoxDDR0.r0) at 0xXXXXXXXXXXXXXXXX loaded by the native ring-0 loader.
00:00:00.516521 CPUM: SetGuestCpuIdFeature: Enabled xAPIC
00:00:00.516527 CPUM: SetGuestCpuIdFeature: Enabled x2APIC
00:00:00.517043 IOAPIC: Using implementation 2.0! Chipset type ICH9
00:00:00.517170 PIT: mode=3 count=0x10000 (65536) - 18.20 Hz (ch=0)
00:00:00.517553 VMMDev: cbDefaultBudget: 134 217 728 (8000000)
00:00:00.522456 Shared Folders service loaded
00:00:00.523548 Guest Control service loaded
00:00:00.528473 VGA: Using the 386+ BIOS image.
00:00:00.533927 DrvVD: Flushes will be ignored
00:00:00.533940 DrvVD: Async flushes will be passed to the disk
00:00:00.534668 VD: VDInit finished with VINF_SUCCESS
00:00:00.561937 VD: Opening the disk took 27959370 ns
00:00:00.562046 PIIX3 ATA: LUN#0: disk, PCHS=16383/16/63, total number of sectors 20480000
00:00:00.564202 PIIX3 ATA: LUN#1: no unit
00:00:00.564329 PIIX3 ATA: LUN#2: no unit
00:00:00.564339 PIIX3 ATA: LUN#3: no unit
00:00:00.564727 PIIX3 ATA: Ctl#0: finished processing RESET
00:00:00.564742 PIIX3 ATA: Ctl#1: finished processing RESET
00:00:00.564989 E1000#0: Chip=82540EM LinkUpDelay=3000ms EthernetCRC=on GSO=enabled Itr=disabled ItrRx=enabled TID=disabled R0=enabled RC=disabled
00:00:00.574437 NAT: Guest address guess set to 10.0.2.15 by initialization
00:00:00.574635 NAT: resolv.conf: nameserver 2001:558:feed::1
00:00:00.574644 NAT: resolv.conf: nameserver 2001:558:feed::2
00:00:00.574649 NAT: resolv.conf: nameserver 75.75.75.75
00:00:00.574653 NAT: resolv.conf: nameserver 75.75.76.76
00:00:00.574668 NAT: Adding domain name hsd1.il.comcast.net
00:00:00.574671 NAT: DNS#0: 75.75.75.75
00:00:00.574674 NAT: DNS#1: 75.75.76.76
00:00:00.574745 NAT: Set redirect TCP 127.0.0.1:2201 -> 0.0.0.0:22
00:00:00.577613 E1000#1: Chip=82540EM LinkUpDelay=3000ms EthernetCRC=on GSO=enabled Itr=disabled ItrRx=enabled TID=disabled R0=enabled RC=disabled
00:00:00.577783 IntNet#0: szNetwork={HostInterfaceNetworking-vboxnet0} enmTrunkType=4 szTrunk={vboxnet0} fFlags=0x8000 cbRecv=325632 cbSend=196608 fIgnoreConnectFailure=false
00:00:00.579127 PGM: The CPU physical address width is 39 bits
00:00:00.579137 PGM: PGMR3InitFinalize: 4 MB PSE mask 0000007fffffffff -> VINF_SUCCESS
00:00:00.579165 TM: TMR3InitFinalize: fTSCModeSwitchAllowed=true 
00:00:00.579367 VMM: Thread-context hooks unavailable
00:00:00.579371 VMM: RTThreadPreemptIsPending() can be trusted
00:00:00.579373 VMM: Kernel preemption is possible
00:00:00.579409 HM: fWorldSwitcher=0x0 (fIbpbOnVmExit=false fIbpbOnVmEntry=false fL1dFlushOnVmEntry=false); fL1dFlushOnSched=true  fMdsClearOnVmEntry=false
00:00:00.579439 HM: Using VT-x implementation 3.0
00:00:00.579439 HM: Max resume loops                  = 8192
00:00:00.579439 HM: Host CR4                          = 0x3626e0
00:00:00.579440 HM: Host EFER                         = 0xd01
00:00:00.579441 HM: MSR_IA32_SMM_MONITOR_CTL          = 0x0
00:00:00.579441 HM: MSR_IA32_FEATURE_CONTROL          = 0x5
00:00:00.579441 HM:   LOCK
00:00:00.579442 HM:   VMXON
00:00:00.579442 HM: MSR_IA32_VMX_BASIC                = 0xda040000000004
00:00:00.579443 HM:   VMCS id                           = 0x4
00:00:00.579443 HM:   VMCS size                         = 1024 bytes
00:00:00.579444 HM:   VMCS physical address limit       = None
00:00:00.579457 HM:   VMCS memory type                  = Write Back (WB)
00:00:00.579458 HM:   Dual-monitor treatment support    = true 
00:00:00.579458 HM:   OUTS & INS instruction-info       = true 
00:00:00.579458 HM:   Supports true-capability MSRs     = true 
00:00:00.579459 HM:   VM-entry Xcpt error-code optional = false
00:00:00.579459 HM: MSR_IA32_VMX_PINBASED_CTLS        = 0x7f00000016
00:00:00.579460 HM:   EXT_INT_EXIT
00:00:00.579460 HM:   NMI_EXIT
00:00:00.579460 HM:   VIRTUAL_NMI
00:00:00.579460 HM:   PREEMPT_TIMER
00:00:00.579461 HM:   POSTED_INT (must be cleared)
00:00:00.579461 HM: MSR_IA32_VMX_PROCBASED_CTLS       = 0xfff9fffe0401e172
00:00:00.579462 HM:   INT_WINDOW_EXIT
00:00:00.579462 HM:   USE_TSC_OFFSETTING
00:00:00.579462 HM:   HLT_EXIT
00:00:00.579462 HM:   INVLPG_EXIT
00:00:00.579463 HM:   MWAIT_EXIT
00:00:00.579463 HM:   RDPMC_EXIT
00:00:00.579463 HM:   RDTSC_EXIT
00:00:00.579463 HM:   CR3_LOAD_EXIT (must be set)
00:00:00.579464 HM:   CR3_STORE_EXIT (must be set)
00:00:00.579464 HM:   CR8_LOAD_EXIT
00:00:00.579464 HM:   CR8_STORE_EXIT
00:00:00.579464 HM:   USE_TPR_SHADOW
00:00:00.579464 HM:   NMI_WINDOW_EXIT
00:00:00.579465 HM:   MOV_DR_EXIT
00:00:00.579465 HM:   UNCOND_IO_EXIT
00:00:00.579465 HM:   USE_IO_BITMAPS
00:00:00.579465 HM:   MONITOR_TRAP_FLAG
00:00:00.579466 HM:   USE_MSR_BITMAPS
00:00:00.579466 HM:   MONITOR_EXIT
00:00:00.579466 HM:   PAUSE_EXIT
00:00:00.579466 HM:   USE_SECONDARY_CTLS
00:00:00.579480 HM: MSR_IA32_VMX_PROCBASED_CTLS2      = 0x5fbcff00000000
00:00:00.579480 HM:   VIRT_APIC_ACCESS
00:00:00.579481 HM:   EPT
00:00:00.579481 HM:   DESC_TABLE_EXIT
00:00:00.579481 HM:   RDTSCP
00:00:00.579481 HM:   VIRT_X2APIC_MODE
00:00:00.579482 HM:   VPID
00:00:00.579482 HM:   WBINVD_EXIT
00:00:00.579482 HM:   UNRESTRICTED_GUEST
00:00:00.579482 HM:   APIC_REG_VIRT (must be cleared)
00:00:00.579483 HM:   VIRT_INT_DELIVERY (must be cleared)
00:00:00.579483 HM:   PAUSE_LOOP_EXIT
00:00:00.579483 HM:   RDRAND_EXIT
00:00:00.579483 HM:   INVPCID
00:00:00.579496 HM:   VMFUNC
00:00:00.579497 HM:   VMCS_SHADOWING (must be cleared)
00:00:00.579497 HM:   ENCLS_EXIT
00:00:00.579497 HM:   RDSEED_EXIT
00:00:00.579497 HM:   PML
00:00:00.579498 HM:   EPT_VE
00:00:00.579498 HM:   CONCEAL_VMX_FROM_PT
00:00:00.579498 HM:   XSAVES_XRSTORS
00:00:00.579498 HM:   MODE_BASED_EPT_PERM
00:00:00.579499 HM:   SPPTP_EPT (must be cleared)
00:00:00.579499 HM:   PT_EPT (must be cleared)
00:00:00.579499 HM:   TSC_SCALING (must be cleared)
00:00:00.579499 HM:   USER_WAIT_PAUSE (must be cleared)
00:00:00.579500 HM:   ENCLV_EXIT (must be cleared)
00:00:00.579500 HM: MSR_IA32_VMX_ENTRY_CTLS           = 0x3ffff000011ff
00:00:00.579501 HM:   LOAD_DEBUG (must be set)
00:00:00.579501 HM:   IA32E_MODE_GUEST
00:00:00.579501 HM:   ENTRY_TO_SMM
00:00:00.579501 HM:   DEACTIVATE_DUAL_MON
00:00:00.579501 HM:   LOAD_PERF_MSR
00:00:00.579502 HM:   LOAD_PAT_MSR
00:00:00.579502 HM:   LOAD_EFER_MSR
00:00:00.579502 HM:   LOAD_BNDCFGS_MSR
00:00:00.579502 HM:   CONCEAL_VMX_FROM_PT
00:00:00.579503 HM:   LOAD_RTIT_CTL_MSR (must be cleared)
00:00:00.579503 HM: MSR_IA32_VMX_EXIT_CTLS            = 0x1ffffff00036dff
00:00:00.579504 HM:   SAVE_DEBUG (must be set)
00:00:00.579504 HM:   HOST_ADDR_SPACE_SIZE
00:00:00.579504 HM:   LOAD_PERF_MSR
00:00:00.579504 HM:   ACK_EXT_INT
00:00:00.579505 HM:   SAVE_PAT_MSR
00:00:00.579505 HM:   LOAD_PAT_MSR
00:00:00.579505 HM:   SAVE_EFER_MSR
00:00:00.579505 HM:   LOAD_EFER_MSR
00:00:00.579505 HM:   SAVE_PREEMPT_TIMER
00:00:00.579506 HM:   CLEAR_BNDCFGS_MSR
00:00:00.579506 HM:   CONCEAL_VMX_FROM_PT
00:00:00.579506 HM:   CLEAR_RTIT_CTL_MSR (must be cleared)
00:00:00.579506 HM: MSR_IA32_VMX_TRUE_PINBASED_CTLS   = 0x7f00000016
00:00:00.579507 HM: MSR_IA32_VMX_TRUE_PROCBASED_CTLS  = 0xfff9fffe04006172
00:00:00.579508 HM: MSR_IA32_VMX_TRUE_ENTRY_CTLS      = 0x3ffff000011fb
00:00:00.579508 HM: MSR_IA32_VMX_TRUE_EXIT_CTLS       = 0x1ffffff00036dfb
00:00:00.579509 HM: MSR_IA32_VMX_MISC                 = 0x7004c1e7
00:00:00.579509 HM:   PREEMPT_TIMER_TSC                 = 0x7
00:00:00.579510 HM:   EXIT_SAVE_EFER_LMA                = true 
00:00:00.579510 HM:   ACTIVITY_STATES                   = 0x7 ( HLT SHUTDOWN SIPI_WAIT )
00:00:00.579511 HM:   INTEL_PT                          = true 
00:00:00.579511 HM:   SMM_READ_SMBASE_MSR               = true 
00:00:00.579524 HM:   CR3_TARGET                        = 0x4
00:00:00.579525 HM:   MAX_MSR                           = 0x0 ( 512 )
00:00:00.579525 HM:   VMXOFF_BLOCK_SMI                  = true 
00:00:00.579526 HM:   VMWRITE_ALL                       = true 
00:00:00.579526 HM:   ENTRY_INJECT_SOFT_INT             = 0x1
00:00:00.579526 HM:   MSEG_ID                           = 0x0
00:00:00.579527 HM: MSR_IA32_VMX_VMCS_ENUM            = 0x2e
00:00:00.579527 HM:   HIGHEST_IDX                       = 0x17
00:00:00.579527 HM: MSR_IA32_VMX_EPT_VPID_CAP         = 0xf0106734141
00:00:00.579528 HM:   RWX_X_ONLY
00:00:00.579528 HM:   PAGE_WALK_LENGTH_4
00:00:00.579528 HM:   EMT_UC
00:00:00.579529 HM:   EMT_WB
00:00:00.579529 HM:   PDE_2M
00:00:00.579529 HM:   PDPTE_1G
00:00:00.579529 HM:   INVEPT
00:00:00.579529 HM:   EPT_ACCESS_DIRTY
00:00:00.579530 HM:   ADVEXITINFO_EPT
00:00:00.579530 HM:   INVEPT_SINGLE_CONTEXT
00:00:00.579530 HM:   INVEPT_ALL_CONTEXTS
00:00:00.579530 HM:   INVVPID
00:00:00.579531 HM:   INVVPID_INDIV_ADDR
00:00:00.579531 HM:   INVVPID_SINGLE_CONTEXT
00:00:00.579531 HM:   INVVPID_ALL_CONTEXTS
00:00:00.579531 HM:   INVVPID_SINGLE_CONTEXT_RETAIN_GLOBALS
00:00:00.579532 HM: MSR_IA32_VMX_VMFUNC               = 0x1
00:00:00.579532 HM:   EPTP_SWITCHING
00:00:00.579532 HM: MSR_IA32_VMX_CR0_FIXED0           = 0x80000021
00:00:00.579533 HM: MSR_IA32_VMX_CR0_FIXED1           = 0xffffffff
00:00:00.579533 HM: MSR_IA32_VMX_CR4_FIXED0           = 0x2000
00:00:00.579534 HM: MSR_IA32_VMX_CR4_FIXED1           = 0x3727ff
00:00:00.579534 HM: APIC-access page physaddr         = 0x00000001870cf000
00:00:00.579535 HM: VCPU  0: MSR bitmap physaddr      = 0x0000000103b30000
00:00:00.579536 HM: VCPU  0: VMCS physaddr            = 0x000000023d61c000
00:00:00.579536 HM: Guest support: 32-bit and 64-bit
00:00:00.579546 HM: Supports VMCS EFER fields         = true 
00:00:00.579547 HM: Enabled VMX
00:00:00.579549 CPUM: SetGuestCpuIdFeature: Enabled SYSENTER/EXIT
00:00:00.579550 CPUM: SetGuestCpuIdFeature: Enabled PAE
00:00:00.579550 CPUM: SetGuestCpuIdFeature: Enabled LONG MODE
00:00:00.579550 CPUM: SetGuestCpuIdFeature: Enabled SYSCALL/RET
00:00:00.579551 CPUM: SetGuestCpuIdFeature: Enabled LAHF/SAHF
00:00:00.579551 CPUM: SetGuestCpuIdFeature: Enabled NX
00:00:00.579551 HM: Enabled nested paging
00:00:00.579552 HM:   EPT flush type                  = Single context
00:00:00.579552 HM: Enabled unrestricted guest execution
00:00:00.579552 HM: Enabled large page support
00:00:00.579552 HM: Enabled VPID
00:00:00.579553 HM:   VPID flush type                 = Single context
00:00:00.579566 HM: Enabled VMX-preemption timer (cPreemptTimerShift=7)
00:00:00.579567 HM: VT-x/AMD-V init method: Global
00:00:00.579567 EM: Exit history optimizations: enabled=true  enabled-r0=true  enabled-r0-no-preemption=false
00:00:00.579604 PcBios: ATA LUN#0 LCHS=1024/255/63
00:00:00.579624 APIC: fPostedIntrsEnabled=false fVirtApicRegsEnabled=false fSupportsTscDeadline=false
00:00:00.579628 TMR3UtcNow: nsNow=1 635 191 725 586 597 000 nsPrev=0 -> cNsDelta=1 635 191 725 586 597 000 (offLag=0 offVirtualSync=0 offVirtualSyncGivenUp=0, NowAgain=1 635 191 725 586 597 000)
00:00:00.579634 VMM: fUsePeriodicPreemptionTimers=false
00:00:00.579847 CPUM: Logical host processors: 8 present, 8 max, 8 online, online mask: 00000000000000ff
00:00:00.579850 CPUM: Physical host cores: 4
00:00:00.579850 ************************* CPUID dump ************************
00:00:00.579880          Raw Standard CPUID Leaves
00:00:00.579880      Leaf/sub-leaf  eax      ebx      ecx      edx
00:00:00.579881 Gst: 00000000/0000  00000016 756e6547 6c65746e 49656e69
00:00:00.579882 Hst:                00000016 756e6547 6c65746e 49656e69
00:00:00.579883 Gst: 00000001/0000  000806ea 00010800 d6fa220b 178bfbff
00:00:00.579884 Hst:                000806ea 00100800 7ffafbbf bfebfbff
00:00:00.579885 Gst: 00000002/0000  76036301 00f0b5ff 00000000 00c30000
00:00:00.579886 Hst:                76036301 00f0b5ff 00000000 00c30000
00:00:00.579887 Gst: 00000003/0000  00000000 00000000 00000000 00000000
00:00:00.579887 Hst:                00000000 00000000 00000000 00000000
00:00:00.579888 Gst: 00000004/0000  00000121 01c0003f 0000003f 00000000
00:00:00.579889 Hst:                1c004121 01c0003f 0000003f 00000000
00:00:00.579889 Gst: 00000004/0001  00000122 01c0003f 0000003f 00000000
00:00:00.579890 Hst:                1c004122 01c0003f 0000003f 00000000
00:00:00.579891 Gst: 00000004/0002  00000143 00c0003f 000003ff 00000000
00:00:00.579891 Hst:                1c004143 00c0003f 000003ff 00000000
00:00:00.579892 Gst: 00000004/0003  00000163 02c0003f 00001fff 00000006
00:00:00.579893 Hst:                1c03c163 02c0003f 00001fff 00000006
00:00:00.579893 Gst: 00000004/0004  00000000 00000000 00000000 00000000
00:00:00.579894 Hst:                00000000 00000000 00000000 00000000
00:00:00.579894 Gst: 00000005/0000  00000040 00000040 00000000 00000000
00:00:00.579895 Hst:                00000040 00000040 00000003 11142120
00:00:00.579896 Gst: 00000006/0000  00000000 00000000 00000000 00000000
00:00:00.579897 Hst:                000026f7 00000002 00000009 00000000
00:00:00.579897 Gst: 00000007/0000  00000000 00842421 00000000 10000400
00:00:00.579898 Hst:                00000000 029c67af 00000000 9c002e00
00:00:00.579899 Gst: 00000007/0001  00000000 00000000 00000000 00000000
00:00:00.579899 Hst:                00000000 00000000 00000000 00000000
00:00:00.579900 Gst: 00000008/0000  00000000 00000000 00000000 00000000
00:00:00.579900 Hst:                00000000 00000000 00000000 00000000
00:00:00.579901 Gst: 00000009/0000  00000000 00000000 00000000 00000000
00:00:00.579902 Hst:                00000000 00000000 00000000 00000000
00:00:00.579902 Gst: 0000000a/0000  00000000 00000000 00000000 00000000
00:00:00.579903 Hst:                07300404 00000000 00000000 00000603
00:00:00.579903 Gst: 0000000b/0000  00000000 00000001 00000100 00000000
00:00:00.579904 Hst:                00000001 00000002 00000100 00000000
00:00:00.579904 Gst: 0000000b/0001  00000001 00000001 00000201 00000000
00:00:00.579905 Hst:                00000004 00000008 00000201 00000000
00:00:00.579906 Gst: 0000000b/0002  00000000 00000000 00000002 00000000
00:00:00.579906 Hst:                00000000 00000000 00000002 00000000
00:00:00.579907 Gst: 0000000c/0000  00000000 00000000 00000000 00000000
00:00:00.579907 Hst:                00000000 00000000 00000000 00000000
00:00:00.579908 Gst: 0000000d/0000  00000007 00000340 00000340 00000000
00:00:00.579908 Hst:                0000001f 00000340 00000440 00000000
00:00:00.579909 Gst: 0000000d/0001  00000000 00000340 00000000 00000000
00:00:00.579910 Hst:                0000000f 00000340 00000100 00000000
00:00:00.579910 Gst: 0000000d/0002  00000100 00000240 00000000 00000000
00:00:00.579911 Hst:                00000100 00000240 00000000 00000000
00:00:00.579911 Gst: 0000000d/0003  00000000 00000000 00000000 00000000
00:00:00.579912 Hst:                00000040 000003c0 00000000 00000000
00:00:00.579912 Gst: 0000000d/0004  00000000 00000000 00000000 00000000
00:00:00.579913 Hst:                00000040 00000400 00000000 00000000
00:00:00.579914 Gst: 0000000d/0005  00000000 00000000 00000000 00000000
00:00:00.579914 Hst:                00000000 00000000 00000000 00000000
00:00:00.579915 Gst: 0000000d/0006  00000000 00000000 00000000 00000000
00:00:00.579915 Hst:                00000000 00000000 00000000 00000000
00:00:00.579916 Gst: 0000000d/0007  00000000 00000000 00000000 00000000
00:00:00.579916 Hst:                00000000 00000000 00000000 00000000
00:00:00.579917 Gst: 0000000d/0008  00000000 00000000 00000000 00000000
00:00:00.579917 Hst:                00000080 00000000 00000001 00000000
00:00:00.579918 Gst: 0000000d/0009  00000000 00000000 00000000 00000000
00:00:00.579919 Hst:                00000000 00000000 00000000 00000000
00:00:00.579935 Gst: 0000000e/0000  00000000 00000000 00000000 00000000
00:00:00.579936 Hst:                00000000 00000000 00000000 00000000
00:00:00.579936 Gst: 0000000f/0000  00000000 00000000 00000000 00000000
00:00:00.579937 Hst:                00000000 00000000 00000000 00000000
00:00:00.579938 Gst: 00000010/0000  00000000 00000000 00000000 00000000
00:00:00.579938 Hst:                00000000 00000000 00000000 00000000
00:00:00.579939 Gst: 00000011/0000  00000000 00000000 00000000 00000000
00:00:00.579939 Hst:                00000000 00000000 00000000 00000000
00:00:00.579940 Gst: 00000012/0000  00000000 00000000 00000000 00000000
00:00:00.579940 Hst:                00000000 00000000 00000000 00000000
00:00:00.579941 Gst: 00000013/0000  00000000 00000000 00000000 00000000
00:00:00.579941 Hst:                00000000 00000000 00000000 00000000
00:00:00.579942 Gst: 00000014/0000  00000000 00000000 00000000 00000000
00:00:00.579942 Hst:                00000001 0000000f 00000007 00000000
00:00:00.579943 Hst: 00000015/0000  00000002 00000074 00000000 00000000
00:00:00.579944 Hst: 00000016/0000  00000578 00000f3c 00000064 00000000
00:00:00.579945                                Name: GenuineIntel
00:00:00.579946                            Supports: 0x00000000-0x00000016
00:00:00.579960                              Family:  6 	Extended: 0 	Effective: 6
00:00:00.579961                               Model: 14 	Extended: 8 	Effective: 142
00:00:00.579962                            Stepping: 10
00:00:00.579963                                Type: 0 (primary)
00:00:00.579964                             APIC ID: 0x00
00:00:00.579965                        Logical CPUs: 1
00:00:00.579965                        CLFLUSH Size: 8
00:00:00.579966                            Brand ID: 0x00
00:00:00.579966 Features
00:00:00.579967   Mnemonic - Description                                  = guest (host)
00:00:00.579980   FPU - x87 FPU on Chip                                   = 1 (1)
00:00:00.579982   VME - Virtual 8086 Mode Enhancements                    = 1 (1)
00:00:00.579983   DE - Debugging extensions                               = 1 (1)
00:00:00.579984   PSE - Page Size Extension                               = 1 (1)
00:00:00.579985   TSC - Time Stamp Counter                                = 1 (1)
00:00:00.579986   MSR - Model Specific Registers                          = 1 (1)
00:00:00.579986   PAE - Physical Address Extension                        = 1 (1)
00:00:00.579987   MCE - Machine Check Exception                           = 1 (1)
00:00:00.579988   CX8 - CMPXCHG8B instruction                             = 1 (1)
00:00:00.579989   APIC - APIC On-Chip                                     = 1 (1)
00:00:00.579990   SEP - SYSENTER and SYSEXIT Present                      = 1 (1)
00:00:00.579991   MTRR - Memory Type Range Registers                      = 1 (1)
00:00:00.579991   PGE - PTE Global Bit                                    = 1 (1)
00:00:00.579992   MCA - Machine Check Architecture                        = 1 (1)
00:00:00.579993   CMOV - Conditional Move instructions                    = 1 (1)
00:00:00.579994   PAT - Page Attribute Table                              = 1 (1)
00:00:00.579995   PSE-36 - 36-bit Page Size Extension                     = 1 (1)
00:00:00.579996   PSN - Processor Serial Number                           = 0 (0)
00:00:00.579996   CLFSH - CLFLUSH instruction                             = 1 (1)
00:00:00.579997   DS - Debug Store                                        = 0 (1)
00:00:00.579998   ACPI - Thermal Mon. & Soft. Clock Ctrl.                 = 0 (1)
00:00:00.579999   MMX - Intel MMX Technology                              = 1 (1)
00:00:00.580000   FXSR - FXSAVE and FXRSTOR instructions                  = 1 (1)
00:00:00.580001   SSE - SSE support                                       = 1 (1)
00:00:00.580002   SSE2 - SSE2 support                                     = 1 (1)
00:00:00.580002   SS - Self Snoop                                         = 0 (1)
00:00:00.580003   HTT - Hyper-Threading Technology                        = 1 (1)
00:00:00.580004   TM - Therm. Monitor                                     = 0 (1)
00:00:00.580005   PBE - Pending Break Enabled                             = 0 (1)
00:00:00.580006   SSE3 - SSE3 support                                     = 1 (1)
00:00:00.580007   PCLMUL - PCLMULQDQ support (for AES-GCM)                = 1 (1)
00:00:00.580008   DTES64 - DS Area 64-bit Layout                          = 0 (1)
00:00:00.580009   MONITOR - MONITOR/MWAIT instructions                    = 1 (1)
00:00:00.580009   CPL-DS - CPL Qualified Debug Store                      = 0 (1)
00:00:00.580010   VMX - Virtual Machine Extensions                        = 0 (1)
00:00:00.580011   SMX - Safer Mode Extensions                             = 0 (0)
00:00:00.580012   EST - Enhanced SpeedStep Technology                     = 0 (1)
00:00:00.580012   TM2 - Terminal Monitor 2                                = 0 (1)
00:00:00.580013   SSSE3 - Supplemental Streaming SIMD Extensions 3        = 1 (1)
00:00:00.580014   CNTX-ID - L1 Context ID                                 = 0 (0)
00:00:00.580015   SDBG - Silicon Debug interface                          = 0 (1)
00:00:00.580016   FMA - Fused Multiply Add extensions                     = 0 (1)
00:00:00.580016   CX16 - CMPXCHG16B instruction                           = 1 (1)
00:00:00.580017   TPRUPDATE - xTPR Update Control                         = 0 (1)
00:00:00.580018   PDCM - Perf/Debug Capability MSR                        = 0 (1)
00:00:00.580019   PCID - Process Context Identifiers                      = 1 (1)
00:00:00.580020   DCA - Direct Cache Access                               = 0 (0)
00:00:00.580021   SSE4_1 - SSE4_1 support                                 = 1 (1)
00:00:00.580021   SSE4_2 - SSE4_2 support                                 = 1 (1)
00:00:00.580022   X2APIC - x2APIC support                                 = 1 (1)
00:00:00.580023   MOVBE - MOVBE instruction                               = 1 (1)
00:00:00.580024   POPCNT - POPCNT instruction                             = 1 (1)
00:00:00.580025   TSCDEADL - Time Stamp Counter Deadline                  = 0 (1)
00:00:00.580026   AES - AES instructions                                  = 1 (1)
00:00:00.580026   XSAVE - XSAVE instruction                               = 1 (1)
00:00:00.580027   OSXSAVE - OSXSAVE instruction                           = 0 (1)
00:00:00.580028   AVX - AVX support                                       = 1 (1)
00:00:00.580029   F16C - 16-bit floating point conversion instructions    = 0 (1)
00:00:00.580030   RDRAND - RDRAND instruction                             = 1 (1)
00:00:00.580030   HVP - Hypervisor Present (we're a guest)                = 1 (0)
00:00:00.580045 Structured Extended Feature Flags Enumeration (leaf 7):
00:00:00.580045   Mnemonic - Description                                  = guest (host)
00:00:00.580045   FSGSBASE - RDFSBASE/RDGSBASE/WRFSBASE/WRGSBASE instr.   = 1 (1)
00:00:00.580046   TSCADJUST - Supports MSR_IA32_TSC_ADJUST                = 0 (1)
00:00:00.580047   SGX - Supports Software Guard Extensions                = 0 (1)
00:00:00.580047   BMI1 - Advanced Bit Manipulation extension 1            = 0 (1)
00:00:00.580048   HLE - Hardware Lock Elision                             = 0 (0)
00:00:00.580049   AVX2 - Advanced Vector Extensions 2                     = 1 (1)
00:00:00.580050   FDP_EXCPTN_ONLY - FPU DP only updated on exceptions     = 0 (0)
00:00:00.580050   SMEP - Supervisor Mode Execution Prevention             = 0 (1)
00:00:00.580051   BMI2 - Advanced Bit Manipulation extension 2            = 0 (1)
00:00:00.580052   ERMS - Enhanced REP MOVSB/STOSB instructions            = 0 (1)
00:00:00.580052   INVPCID - INVPCID instruction                           = 1 (1)
00:00:00.580053   RTM - Restricted Transactional Memory                   = 0 (0)
00:00:00.580054   PQM - Platform Quality of Service Monitoring            = 0 (0)
00:00:00.580054   DEPFPU_CS_DS - Deprecates FPU CS, FPU DS values if set  = 1 (1)
00:00:00.580055   MPE - Intel Memory Protection Extensions                = 0 (1)
00:00:00.580056   PQE - Platform Quality of Service Enforcement           = 0 (0)
00:00:00.580056   AVX512F - AVX512 Foundation instructions                = 0 (0)
00:00:00.580057   RDSEED - RDSEED instruction                             = 1 (1)
00:00:00.580058   ADX - ADCX/ADOX instructions                            = 0 (1)
00:00:00.580059   SMAP - Supervisor Mode Access Prevention                = 0 (1)
00:00:00.580060   CLFLUSHOPT - CLFLUSHOPT (Cache Line Flush) instruction  = 1 (1)
00:00:00.580060   INTEL_PT - Intel Processor Trace                        = 0 (1)
00:00:00.580061   AVX512PF - AVX512 Prefetch instructions                 = 0 (0)
00:00:00.580062   AVX512ER - AVX512 Exponential & Reciprocal instructions = 0 (0)
00:00:00.580062   AVX512CD - AVX512 Conflict Detection instructions       = 0 (0)
00:00:00.580063   SHA - Secure Hash Algorithm extensions                  = 0 (0)
00:00:00.580064   PREFETCHWT1 - PREFETCHWT1 instruction                   = 0 (0)
00:00:00.580064   UMIP - User mode insturction prevention                 = 0 (0)
00:00:00.580065   PKU - Protection Key for Usermode pages                 = 0 (0)
00:00:00.580066   OSPKE - CR4.PKU mirror                                  = 0 (0)
00:00:00.580067   MAWAU - Value used by BNDLDX & BNDSTX                   = 0x0 (0x0)
00:00:00.580068   RDPID - Read processor ID support                       = 0 (0)
00:00:00.580068   SGX_LC - Supports SGX Launch Configuration              = 0 (0)
00:00:00.580069    9 - Reserved                                           = 0 (1)
00:00:00.580070   MD_CLEAR - Supports MDS related buffer clearing         = 1 (1)
00:00:00.580071   11 - Reserved                                           = 0 (1)
00:00:00.580072   13 - Reserved                                           = 0 (1)
00:00:00.580073   IBRS_IBPB - IA32_SPEC_CTRL.IBRS and IA32_PRED_CMD.IBPB  = 0 (1)
00:00:00.580074   STIBP - Supports IA32_SPEC_CTRL.STIBP                   = 0 (1)
00:00:00.580074   FLUSH_CMD - Supports IA32_FLUSH_CMD                     = 1 (1)
00:00:00.580075   ARCHCAP - Supports IA32_ARCH_CAP                        = 0 (0)
00:00:00.580076   CORECAP - Supports IA32_CORE_CAP                        = 0 (0)
00:00:00.580077   SSBD - Supports IA32_SPEC_CTRL.SSBD                     = 0 (1)
00:00:00.580078 Processor Extended State Enumeration (leaf 0xd):
00:00:00.580078    XSAVE area cur/max size by XCR0, guest: 0x340/0x340
00:00:00.580079     XSAVE area cur/max size by XCR0, host: 0x340/0x440
00:00:00.580079                    Valid XCR0 bits, guest: 0x00000000`00000007 ( x87 SSE YMM_Hi128 )
00:00:00.580081                     Valid XCR0 bits, host: 0x00000000`0000001f ( x87 SSE YMM_Hi128 BNDREGS BNDCSR )
00:00:00.580096                     XSAVE features, guest:
00:00:00.580097                      XSAVE features, host: XSAVEOPT XSAVEC XGETBC1 XSAVES
00:00:00.580098       XSAVE area cur size XCR0|XSS, guest: 0x340
00:00:00.580098        XSAVE area cur size XCR0|XSS, host: 0x340
00:00:00.580099                Valid IA32_XSS bits, guest: 0x00000000`00000000
00:00:00.580099                 Valid IA32_XSS bits, host: 0x00000100`00000000 ( 40 )
00:00:00.580101   State #2, guest: off=0x0240, cb=0x0100 IA32_XSS-bit -- YMM_Hi128
00:00:00.580102   State #2, host:  off=0x0240, cb=0x0100 IA32_XSS-bit -- YMM_Hi128
00:00:00.580103   State #3, host:  off=0x03c0, cb=0x0040 IA32_XSS-bit -- BNDREGS
00:00:00.580104   State #4, host:  off=0x0400, cb=0x0040 IA32_XSS-bit -- BNDCSR
00:00:00.580105   State #8, host:  off=0x0000, cb=0x0080 XCR0-bit -- 8
00:00:00.580114          Unknown CPUID Leaves
00:00:00.580114      Leaf/sub-leaf  eax      ebx      ecx      edx
00:00:00.580114 Gst: 00000014/0001  00000000 00000000 00000000 00000000
00:00:00.580115 Hst:                02490002 003f3fff 00000000 00000000
00:00:00.580116 Gst: 00000014/0002  00000000 00000000 00000000 00000000
00:00:00.580117 Hst:                00000000 00000000 00000000 00000000
00:00:00.580117 Gst: 00000015/0000  00000000 00000000 00000000 00000000
00:00:00.580118 Hst:                00000002 00000074 00000000 00000000
00:00:00.580119 Gst: 00000016/0000  00000000 00000000 00000000 00000000
00:00:00.580119 Hst:                00000578 00000f3c 00000064 00000000
00:00:00.580120          Raw Hypervisor CPUID Leaves
00:00:00.580121      Leaf/sub-leaf  eax      ebx      ecx      edx
00:00:00.580121 Gst: 40000000/0000  40000001 4b4d564b 564b4d56 0000004d
00:00:00.580122 Hst:                00000578 00000f3c 00000064 00000000
00:00:00.580123 Gst: 40000001/0000  01000089 00000000 00000000 00000000
00:00:00.580124 Hst:                00000578 00000f3c 00000064 00000000
00:00:00.580124          Raw Extended CPUID Leaves
00:00:00.580125      Leaf/sub-leaf  eax      ebx      ecx      edx
00:00:00.580125 Gst: 80000000/0000  80000008 00000000 00000000 00000000
00:00:00.580126 Hst:                80000008 00000000 00000000 00000000
00:00:00.580126 Gst: 80000001/0000  00000000 00000000 00000121 28100800
00:00:00.580127 Hst:                00000000 00000000 00000121 2c100800
00:00:00.580128 Gst: 80000002/0000  65746e49 2952286c 726f4320 4d542865
00:00:00.580129 Hst:                65746e49 2952286c 726f4320 4d542865
00:00:00.580130 Gst: 80000003/0000  35692029 3532382d 43205537 40205550
00:00:00.580131 Hst:                35692029 3532382d 43205537 40205550
00:00:00.580132 Gst: 80000004/0000  342e3120 7a484730 00000000 00000000
00:00:00.580133 Hst:                342e3120 7a484730 00000000 00000000
00:00:00.580133 Gst: 80000005/0000  00000000 00000000 00000000 00000000
00:00:00.580134 Hst:                00000000 00000000 00000000 00000000
00:00:00.580135 Gst: 80000006/0000  00000000 00000000 01006040 00000000
00:00:00.580135 Hst:                00000000 00000000 01006040 00000000
00:00:00.580136 Gst: 80000007/0000  00000000 00000000 00000000 00000100
00:00:00.580137 Hst:                00000000 00000000 00000000 00000100
00:00:00.580137 Gst: 80000008/0000  00003027 00000000 00000000 00000000
00:00:00.580138 Hst:                00003027 00000000 00000000 00000000
00:00:00.580138 Ext Name:                        
00:00:00.580139 Ext Supports:                    0x80000000-0x80000008
00:00:00.580139 Family:                          0  	Extended: 0 	Effective: 0
00:00:00.580140 Model:                           0  	Extended: 0 	Effective: 0
00:00:00.580140 Stepping:                        0
00:00:00.580140 Brand ID:                        0x000
00:00:00.580141 Ext Features
00:00:00.580141   Mnemonic - Description                                  = guest (host)
00:00:00.580141   FPU - x87 FPU on Chip                                   = 0 (0)
00:00:00.580143   VME - Virtual 8086 Mode Enhancements                    = 0 (0)
00:00:00.580143   DE - Debugging extensions                               = 0 (0)
00:00:00.580144   PSE - Page Size Extension                               = 0 (0)
00:00:00.580145   TSC - Time Stamp Counter                                = 0 (0)
00:00:00.580146   MSR - K86 Model Specific Registers                      = 0 (0)
00:00:00.580147   PAE - Physical Address Extension                        = 0 (0)
00:00:00.580147   MCE - Machine Check Exception                           = 0 (0)
00:00:00.580148   CX8 - CMPXCHG8B instruction                             = 0 (0)
00:00:00.580149   APIC - APIC On-Chip                                     = 0 (0)
00:00:00.580150   SEP - SYSCALL/SYSRET                                    = 1 (1)
00:00:00.580151   MTRR - Memory Type Range Registers                      = 0 (0)
00:00:00.580152   PGE - PTE Global Bit                                    = 0 (0)
00:00:00.580153   MCA - Machine Check Architecture                        = 0 (0)
00:00:00.580153   CMOV - Conditional Move instructions                    = 0 (0)
00:00:00.580154   PAT - Page Attribute Table                              = 0 (0)
00:00:00.580155   PSE-36 - 36-bit Page Size Extension                     = 0 (0)
00:00:00.580156   NX - No-Execute/Execute-Disable                         = 1 (1)
00:00:00.580157   AXMMX - AMD Extensions to MMX instructions              = 0 (0)
00:00:00.580157   MMX - Intel MMX Technology                              = 0 (0)
00:00:00.580158   FXSR - FXSAVE and FXRSTOR Instructions                  = 0 (0)
00:00:00.580159   FFXSR - AMD fast FXSAVE and FXRSTOR instructions        = 0 (0)
00:00:00.580159   Page1GB - 1 GB large page                               = 0 (1)
00:00:00.580160   RDTSCP - RDTSCP instruction                             = 1 (1)
00:00:00.580161   LM - AMD64 Long Mode                                    = 1 (1)
00:00:00.580162   3DNOWEXT - AMD Extensions to 3DNow                      = 0 (0)
00:00:00.580163   3DNOW - AMD 3DNow                                       = 0 (0)
00:00:00.580164   LahfSahf - LAHF/SAHF support in 64-bit mode             = 1 (1)
00:00:00.580165   CmpLegacy - Core multi-processing legacy mode           = 0 (0)
00:00:00.580165   SVM - AMD Secure Virtual Machine extensions             = 0 (0)
00:00:00.580166   EXTAPIC - AMD Extended APIC registers                   = 0 (0)
00:00:00.580167   CR8L - AMD LOCK MOV CR0 means MOV CR8                   = 0 (0)
00:00:00.580167   ABM - AMD Advanced Bit Manipulation                     = 1 (1)
00:00:00.580168   SSE4A - SSE4A instructions                              = 0 (0)
00:00:00.580169   MISALIGNSSE - AMD Misaligned SSE mode                   = 0 (0)
00:00:00.580170   3DNOWPRF - AMD PREFETCH and PREFETCHW instructions      = 1 (1)
00:00:00.580170   OSVW - AMD OS Visible Workaround                        = 0 (0)
00:00:00.580171   IBS - Instruct Based Sampling                           = 0 (0)
00:00:00.580172   XOP - Extended Operation support                        = 0 (0)
00:00:00.580172   SKINIT - SKINIT, STGI, and DEV support                  = 0 (0)
00:00:00.580173   WDT - AMD Watchdog Timer support                        = 0 (0)
00:00:00.580174   LWP - Lightweight Profiling support                     = 0 (0)
00:00:00.580175   FMA4 - Four operand FMA instruction support             = 0 (0)
00:00:00.580175   NodeId - NodeId in MSR C001_100C                        = 0 (0)
00:00:00.580176   TBM - Trailing Bit Manipulation instructions            = 0 (0)
00:00:00.580177   TOPOEXT - Topology Extensions                           = 0 (0)
00:00:00.580178   PRFEXTCORE - Performance Counter Extensions support     = 0 (0)
00:00:00.580178   PRFEXTNB - NB Performance Counter Extensions support    = 0 (0)
00:00:00.580179   DATABPEXT - Data-access Breakpoint Extension            = 0 (0)
00:00:00.580179   PERFTSC - Performance Time Stamp Counter                = 0 (0)
00:00:00.580180   PCX_L2I - L2I/L3 Performance Counter Extensions         = 0 (0)
00:00:00.580181   MWAITX - MWAITX and MONITORX instructions               = 0 (0)
00:00:00.580182 Full Name:                       "Intel(R) Core(TM) i5-8257U CPU @ 1.40GHz"
00:00:00.580182 TLB 2/4M Instr/Uni:              res0     0 entries
00:00:00.580183 TLB 2/4M Data:                   res0     0 entries
00:00:00.580183 TLB 4K Instr/Uni:                res0     0 entries
00:00:00.580184 TLB 4K Data:                     res0     0 entries
00:00:00.580184 L1 Instr Cache Line Size:        0 bytes
00:00:00.580185 L1 Instr Cache Lines Per Tag:    0
00:00:00.580185 L1 Instr Cache Associativity:    res0  
00:00:00.580185 L1 Instr Cache Size:             0 KB
00:00:00.580185 L1 Data Cache Line Size:         0 bytes
00:00:00.580186 L1 Data Cache Lines Per Tag:     0
00:00:00.580186 L1 Data Cache Associativity:     res0  
00:00:00.580186 L1 Data Cache Size:              0 KB
00:00:00.580187 L2 TLB 2/4M Instr/Uni:           off       0 entries
00:00:00.580190 L2 TLB 2/4M Data:                off       0 entries
00:00:00.580191 L2 TLB 4K Instr/Uni:             off       0 entries
00:00:00.580191 L2 TLB 4K Data:                  off       0 entries
00:00:00.580191 L2 Cache Line Size:              0 bytes
00:00:00.580192 L2 Cache Lines Per Tag:          0
00:00:00.580192 L2 Cache Associativity:          off   
00:00:00.580192 L2 Cache Size:                   0 KB
00:00:00.580193   TS - Temperature Sensor                                 = 0 (0)
00:00:00.580194   FID - Frequency ID control                              = 0 (0)
00:00:00.580195   VID - Voltage ID control                                = 0 (0)
00:00:00.580196   TscInvariant - Invariant Time Stamp Counter             = 1 (1)
00:00:00.580196   CBP - Core Performance Boost                            = 0 (0)
00:00:00.580197   EffFreqRO - Read-only Effective Frequency Interface     = 0 (0)
00:00:00.580198   ProcFdbkIf - Processor Feedback Interface               = 0 (0)
00:00:00.580198   ProcPwrRep - Core power reporting interface support     = 0 (0)
00:00:00.580199 Physical Address Width:          39 bits
00:00:00.580199 Virtual Address Width:           48 bits
00:00:00.580200 Guest Physical Address Width:    0 bits
00:00:00.580200 Physical Core Count:             1
00:00:00.580201 
00:00:00.580201 ******************** End of CPUID dump **********************
00:00:00.580202 *********************** VT-x features ***********************
00:00:00.580202 Nested hardware virtualization - VMX features
00:00:00.580203   Mnemonic - Description                                  = guest (host)
00:00:00.580203   VMX - Virtual-Machine Extensions                        = 0 (1)
00:00:00.580204   InsOutInfo - INS/OUTS instruction info.                 = 0 (1)
00:00:00.580204   ExtIntExit - External interrupt exiting                 = 0 (1)
00:00:00.580204   NmiExit - NMI exiting                                   = 0 (1)
00:00:00.580205   VirtNmi - Virtual NMIs                                  = 0 (1)
00:00:00.580205   PreemptTimer - VMX preemption timer                     = 0 (1)
00:00:00.580206   PostedInt - Posted interrupts                           = 0 (0)
00:00:00.580206   IntWindowExit - Interrupt-window exiting                = 0 (1)
00:00:00.580207   TscOffsetting - TSC offsetting                          = 0 (1)
00:00:00.580207   HltExit - HLT exiting                                   = 0 (1)
00:00:00.580207   InvlpgExit - INVLPG exiting                             = 0 (1)
00:00:00.580208   MwaitExit - MWAIT exiting                               = 0 (1)
00:00:00.580208   RdpmcExit - RDPMC exiting                               = 0 (1)
00:00:00.580209   RdtscExit - RDTSC exiting                               = 0 (1)
00:00:00.580209   Cr3LoadExit - CR3-load exiting                          = 0 (1)
00:00:00.580210   Cr3StoreExit - CR3-store exiting                        = 0 (1)
00:00:00.580210   Cr8LoadExit  - CR8-load exiting                         = 0 (1)
00:00:00.580210   Cr8StoreExit - CR8-store exiting                        = 0 (1)
00:00:00.580211   UseTprShadow - Use TPR shadow                           = 0 (1)
00:00:00.580211   NmiWindowExit - NMI-window exiting                      = 0 (1)
00:00:00.580212   MovDRxExit - Mov-DR exiting                             = 0 (1)
00:00:00.580212   UncondIoExit - Unconditional I/O exiting                = 0 (1)
00:00:00.580212   UseIoBitmaps - Use I/O bitmaps                          = 0 (1)
00:00:00.580213   MonitorTrapFlag - Monitor Trap Flag                     = 0 (1)
00:00:00.580213   UseMsrBitmaps - MSR bitmaps                             = 0 (1)
00:00:00.580214   MonitorExit - MONITOR exiting                           = 0 (1)
00:00:00.580214   PauseExit - PAUSE exiting                               = 0 (1)
00:00:00.580215   SecondaryExecCtl - Activate secondary controls          = 0 (1)
00:00:00.580215   VirtApic - Virtualize-APIC accesses                     = 0 (1)
00:00:00.580215   Ept - Extended Page Tables                              = 0 (1)
00:00:00.580218   DescTableExit - Descriptor-table exiting                = 0 (1)
00:00:00.580231   Rdtscp - Enable RDTSCP                                  = 0 (1)
00:00:00.580232   VirtX2ApicMode - Virtualize-x2APIC mode                 = 0 (1)
00:00:00.580232   Vpid - Enable VPID                                      = 0 (1)
00:00:00.580232   WbinvdExit - WBINVD exiting                             = 0 (1)
00:00:00.580233   UnrestrictedGuest - Unrestricted guest                  = 0 (1)
00:00:00.580233   ApicRegVirt - APIC-register virtualization              = 0 (0)
00:00:00.580234   VirtIntDelivery - Virtual-interrupt delivery            = 0 (0)
00:00:00.580234   PauseLoopExit - PAUSE-loop exiting                      = 0 (1)
00:00:00.580235   RdrandExit - RDRAND exiting                             = 0 (1)
00:00:00.580235   Invpcid - Enable INVPCID                                = 0 (1)
00:00:00.580235   VmFuncs - Enable VM Functions                           = 0 (1)
00:00:00.580236   VmcsShadowing - VMCS shadowing                          = 0 (0)
00:00:00.580236   RdseedExiting - RDSEED exiting                          = 0 (1)
00:00:00.580237   PML - Page-Modification Log (PML)                       = 0 (1)
00:00:00.580237   EptVe - EPT violations can cause #VE                    = 0 (1)
00:00:00.580237   XsavesXRstors - Enable XSAVES/XRSTORS                   = 0 (1)
00:00:00.580238   EntryLoadDebugCtls - Load debug controls on VM-entry    = 0 (1)
00:00:00.580238   Ia32eModeGuest - IA-32e mode guest                      = 0 (1)
00:00:00.580239   EntryLoadEferMsr - Load IA32_EFER MSR on VM-entry       = 0 (1)
00:00:00.580239   EntryLoadPatMsr - Load IA32_PAT MSR on VM-entry         = 0 (1)
00:00:00.580240   ExitSaveDebugCtls - Save debug controls on VM-exit      = 0 (1)
00:00:00.580240   HostAddrSpaceSize - Host address-space size             = 0 (1)
00:00:00.580240   ExitAckExtInt - Acknowledge interrupt on VM-exit        = 0 (1)
00:00:00.580241   ExitSavePatMsr - Save IA32_PAT MSR on VM-exit           = 0 (1)
00:00:00.580241   ExitLoadPatMsr - Load IA32_PAT MSR on VM-exit           = 0 (1)
00:00:00.580242   ExitSaveEferMsr - Save IA32_EFER MSR on VM-exit         = 0 (1)
00:00:00.580242   ExitLoadEferMsr - Load IA32_EFER MSR on VM-exit         = 0 (1)
00:00:00.580242   SavePreemptTimer - Save VMX-preemption timer            = 0 (1)
00:00:00.580243   ExitSaveEferLma - Save IA32_EFER.LMA on VM-exit         = 0 (1)
00:00:00.580243   IntelPt - Intel PT (Processor Trace) in VMX operation   = 0 (1)
00:00:00.580244   VmwriteAll - VMWRITE to any supported VMCS field        = 0 (1)
00:00:00.580244   EntryInjectSoftInt - Inject softint. with 0-len instr.  = 0 (1)
00:00:00.580245 
00:00:00.580245 ******************* End of VT-x features ********************
00:00:00.580284 VMEmt: Halt method global1 (5)
00:00:00.580313 VMEmt: HaltedGlobal1 config: cNsSpinBlockThresholdCfg=2000
00:00:00.580317 Changing the VM state from 'CREATING' to 'CREATED'
00:00:00.582359 SharedFolders host service: Adding host mapping
00:00:00.582370     Host path '/Volumes/externalwd/ITMO-453/beyesus/itmo-553/packer-example-code/build/riemannmc', map name 'vagrant', writable, automount=false, automntpnt=, create_symlinks=true, missing=false
00:00:00.582956 Changing the VM state from 'CREATED' to 'POWERING_ON'
00:00:00.583094 Changing the VM state from 'POWERING_ON' to 'RUNNING'
00:00:00.583104 Console: Machine state changed to 'Running'
00:00:00.583423 VBoxHeadless: starting event loop
00:00:00.585444 VMMDev: Guest Log: BIOS: VirtualBox 6.1.26
00:00:00.585558 PCI: Setting up resources and interrupts
00:00:00.585732 PIT: mode=2 count=0x10000 (65536) - 18.20 Hz (ch=0)
00:00:00.597115 Display::i_handleDisplayResize: uScreenId=0 pvVRAM=0000000000000000 w=720 h=400 bpp=0 cbLine=0x0 flags=0x0 origin=0,0
00:00:00.597761 VMMDev: Guest Log: CPUID EDX: 0x178bfbff
00:00:00.597892 PIIX3 ATA: Ctl#0: RESET, DevSel=0 AIOIf=0 CmdIf0=0x00 (-1 usec ago) CmdIf1=0x00 (-1 usec ago)
00:00:00.597954 PIIX3 ATA: Ctl#0: finished processing RESET
00:00:00.598663 VMMDev: Guest Log: BIOS: ata0-0: PCHS=16383/16/63 LCHS=1024/255/63
00:00:00.600990 PIT: mode=2 count=0x48d3 (18643) - 64.00 Hz (ch=0)
00:00:00.617473 Display::i_handleDisplayResize: uScreenId=0 pvVRAM=00000001156a7000 w=640 h=480 bpp=32 cbLine=0xA00 flags=0x0 origin=0,0
00:00:00.933512 NAT: Old socket recv size: 334KB
00:00:00.933533 NAT: Old socket send size: 79KB
00:00:03.077390 PIT: mode=2 count=0x10000 (65536) - 18.20 Hz (ch=0)
00:00:03.077806 VMMDev: Guest Log: BIOS: Boot : bseqnr=1, bootseq=0032
00:00:03.101197 VMMDev: Guest Log: BIOS: Booting from Hard Disk...
00:00:03.113129 PIIX3 ATA: Ctl#0: RESET, DevSel=0 AIOIf=0 CmdIf0=0xc4 (-1 usec ago) CmdIf1=0x00 (-1 usec ago)
00:00:03.113190 PIIX3 ATA: Ctl#0: finished processing RESET
00:00:03.132332 Display::i_handleDisplayResize: uScreenId=0 pvVRAM=0000000000000000 w=720 h=400 bpp=0 cbLine=0x0 flags=0x0 origin=0,0
00:00:03.736110 Display::i_handleDisplayResize: uScreenId=0 pvVRAM=00000001156a7000 w=640 h=480 bpp=32 cbLine=0xA00 flags=0x0 origin=0,0
00:00:04.834569 Display::i_handleDisplayResize: uScreenId=0 pvVRAM=0000000000000000 w=720 h=400 bpp=0 cbLine=0x0 flags=0x0 origin=0,0
00:00:04.882582 GIM: KVM: VCPU  0: Enabled system-time struct. at 0x000000000ca01000 - u32TscScale=0xb7e875b7 i8TscShift=0 uVersion=2 fFlags=0x1 uTsc=0x164b39908 uVirtNanoTS=0x10040492d TscKHz=1391999
00:00:04.882604 TM: Switching TSC mode from 'Dynamic' to 'RealTscOffset'
00:00:05.051649 GIM: KVM: Enabled wall-clock struct. at 0x000000000ca00000 - u32Sec=1635191730 u32Nano=58403622 uVersion=2
00:00:05.080461 PIT: mode=2 count=0x12a5 (4773) - 249.98 Hz (ch=0)
00:00:05.080847 APIC0: Switched mode to x2APIC
00:00:05.202179 PIT: mode=0 count=0x10000 (65536) - 18.20 Hz (ch=0)
00:00:05.746441 PIIX3 ATA: Ctl#0: RESET, DevSel=0 AIOIf=0 CmdIf0=0xc4 (-1 usec ago) CmdIf1=0x00 (-1 usec ago)
00:00:05.746544 PIIX3 ATA: Ctl#0: finished processing RESET
00:00:06.203802 Display::i_handleDisplayResize: uScreenId=0 pvVRAM=00000001156a7000 w=1024 h=768 bpp=32 cbLine=0x1000 flags=0x1 origin=0,0
00:00:09.535441 NAT: Link up
00:00:12.025595 VMMDev: Guest Additions information report: Version 6.1.22 r144080 '6.1.22_Ubuntu'
00:00:12.025646 VMMDev: Guest Additions information report: Interface = 0x00010004 osType = 0x00053100 (Linux >= 2.6, 64-bit)
00:00:12.025718 VMMDev: Guest Additions capability report: (0x0 -> 0x0) seamless: no, hostWindowMapping: no, graphics: no
00:00:12.025784 VMMDev: vmmDevReqHandler_HeartbeatConfigure: No change (fHeartbeatActive=false)
00:00:12.025801 VMMDev: Heartbeat flatline timer set to trigger after 4 000 000 000 ns
00:00:12.025883 VMMDev: Guest Log: vgdrvHeartbeatInit: Setting up heartbeat to trigger every 2000 milliseconds
00:00:12.032772 VMMDev: Guest Additions capability report: (0x0 -> 0x0) seamless: no, hostWindowMapping: no, graphics: no
00:00:12.032882 VMMDev: Guest Log: vboxguest: Successfully loaded version 6.1.22_Ubuntu r144080
00:00:12.032910 VMMDev: Guest Log: vboxguest: misc device minor 58, IRQ 20, I/O port d020, MMIO at 00000000f0400000 (size 0x400000)
00:00:17.901187 NAT: DHCP offered IP address 10.0.2.15
00:00:17.911810 NAT: IPv6 not supported
00:00:17.912317 NAT: DHCP offered IP address 10.0.2.15
00:00:33.699623 NAT: DHCP released IP address 10.0.2.15
00:00:33.889736 NAT: DHCP offered IP address 10.0.2.15
00:00:33.892517 NAT: DHCP offered IP address 10.0.2.15
00:00:34.467583 VMMDev: Guest Log: vboxsf: g_fHostFeatures=0x8000000f g_fSfFeatures=0x1 g_uSfLastFunction=29
00:00:34.467672 VMMDev: Guest Log: vboxsf: Successfully loaded version 6.1.22_Ubuntu r144080 on 5.4.0-89-generic SMP mod_unload modversions  (LINUX_VERSION_CODE=0x5048f)
00:59:25.320271 VMMDev: vmmDevHeartbeatFlatlinedTimer: Guest seems to be unresponsive. Last heartbeat received 5 seconds ago
00:59:25.366009 VMMDev: GuestHeartBeat: Guest is alive (gone 5 352 562 000 ns)
01:00:07.951344 VMMDev: vmmDevHeartbeatFlatlinedTimer: Guest seems to be unresponsive. Last heartbeat received 11 seconds ago
01:00:08.057890 VMMDev: GuestHeartBeat: Guest is alive (gone 11 556 470 869 ns)
01:00:15.531306 VMMDev: vmmDevHeartbeatFlatlinedTimer: Guest seems to be unresponsive. Last heartbeat received 5 seconds ago
01:00:15.976227 VMMDev: GuestHeartBeat: Guest is alive (gone 6 293 190 096 ns)
01:00:45.485239 VMMDev: vmmDevHeartbeatFlatlinedTimer: Guest seems to be unresponsive. Last heartbeat received 6 seconds ago
01:00:45.507297 VMMDev: GuestHeartBeat: Guest is alive (gone 6 864 191 277 ns)
