00:00:00.046204 VirtualBox VM 6.1.26 r145957 darwin.amd64 (Jul 28 2021 18:24:31) release log
00:00:00.046210 Log opened 2021-10-25T19:08:33.095507000Z
00:00:00.046210 Build Type: release
00:00:00.046221 OS Product: Darwin
00:00:00.046226 OS Release: 20.6.0
00:00:00.046231 OS Version: Darwin Kernel Version 20.6.0: Mon Aug 30 06:12:21 PDT 2021; root:xnu-7195.141.6~3/RELEASE_X86_64
00:00:00.046318 DMI Product Name: MacBookPro16,3
00:00:00.046358 DMI Product Version: 1.0
00:00:00.046361 Firmware type: failed - VERR_NOT_SUPPORTED
00:00:00.046369 Host RAM: 8192MB (8.0GB) total, 2644MB (2.5GB) available
00:00:00.046371 Executable: /Applications/VirtualBox.app/Contents/MacOS/VBoxHeadless
00:00:00.046372 Process ID: 11604
00:00:00.046372 Package type: DARWIN_64BITS_GENERIC
00:00:00.047450 Installed Extension Packs:
00:00:00.047458   None installed!
00:00:00.048489 Console: Machine state changed to 'Starting'
00:00:00.113980 VRDE: VirtualBox Remote Desktop Extension is not available.
00:00:00.115049 SUP: Opened VMMR0.r0 (/Applications/VirtualBox.app/Contents/MacOS/VMMR0.r0) at 0xXXXXXXXXXXXXXXXX loaded by the native ring-0 loader.
00:00:00.116896 Guest OS type: 'Ubuntu_64'
00:00:00.119458 fHMForced=true - No raw-mode support in this build!
00:00:00.127039 File system of '/Volumes/externalwd/ITMO-453/beyesus/packer-example-code/build/graphitemc_default_1634854354456_74137/Snapshots' (snapshots) is unknown
00:00:00.127046 File system of '/Volumes/externalwd/ITMO-453/beyesus/packer-example-code/build/graphitemc_default_1634854354456_74137/ubuntu-graphitea-disk001.vmdk' is hfs
00:00:00.137770 Shared Clipboard: Service loaded
00:00:00.137783 Shared Clipboard: Mode: Off
00:00:00.137812 Shared Clipboard: Service running in headless mode
00:00:00.138508 Drag and drop service loaded
00:00:00.138516 Drag and drop mode: Off
00:00:00.140498 Per-VM extradata API settings:
00:00:00.140508   VBoxInternal2/SharedFoldersEnableSymlinksCreate/vagrant="1"
00:00:00.140824 ************************* CFGM dump *************************
00:00:00.140836 [/] (level 0)
00:00:00.140838   CpuExecutionCap   <integer> = 0x0000000000000064 (100)
00:00:00.140842   EnablePAE         <integer> = 0x0000000000000001 (1)
00:00:00.140843   HMEnabled         <integer> = 0x0000000000000001 (1)
00:00:00.140844   MemBalloonSize    <integer> = 0x0000000000000000 (0)
00:00:00.140844   Name              <string>  = "graphitemc_default_1634854354456_74137" (cb=39)
00:00:00.140845   NumCPUs           <integer> = 0x0000000000000001 (1)
00:00:00.140846   PageFusionAllowed <integer> = 0x0000000000000000 (0)
00:00:00.140847   RamHoleSize       <integer> = 0x0000000020000000 (536 870 912, 512 MB)
00:00:00.140848   RamSize           <integer> = 0x0000000080000000 (2 147 483 648, 2 048 MB)
00:00:00.140849   TimerMillies      <integer> = 0x000000000000000a (10)
00:00:00.140850   UUID              <bytes>   = "7a ee 15 78 95 14 d8 42 8e c7 02 4b 09 ba f2 32" (cb=16)
00:00:00.140855 
00:00:00.140855 [/CPUM/] (level 1)
00:00:00.140856   GuestCpuName       <string>  = "host" (cb=5)
00:00:00.140856   NestedHWVirt       <integer> = 0x0000000000000000 (0)
00:00:00.140857   PortableCpuIdLevel <integer> = 0x0000000000000000 (0)
00:00:00.140858   SpecCtrl           <integer> = 0x0000000000000000 (0)
00:00:00.140858 
00:00:00.140858 [/CPUM/IsaExts/] (level 2)
00:00:00.140859 
00:00:00.140859 [/DBGC/] (level 1)
00:00:00.140860   GlobalInitScript <string>  = "/Users/birukeyesus/Library/VirtualBox/dbgc-init" (cb=48)
00:00:00.140861   HistoryFile      <string>  = "/Users/birukeyesus/Library/VirtualBox/dbgc-history" (cb=51)
00:00:00.140861   LocalInitScript  <string>  = "/Volumes/externalwd/ITMO-453/beyesus/packer-example-code/build/graphitemc_default_1634854354456_74137/dbgc-init" (cb=112)
00:00:00.140862 
00:00:00.140862 [/DBGF/] (level 1)
00:00:00.140863   Path <string>  = "/Volumes/externalwd/ITMO-453/beyesus/packer-example-code/build/graphitemc_default_1634854354456_74137/debug/;/Volumes/externalwd/ITMO-453/beyesus/packer-example-code/build/graphitemc_default_1634854354456_74137/;cache*/Volumes/externalwd/ITMO-453/beyesus/packer-example-code/build/graphitemc_default_1634854354456_74137/dbgcache/;/Users/birukeyesus/" (cb=350)
00:00:00.140864 
00:00:00.140864 [/Devices/] (level 1)
00:00:00.140865 
00:00:00.140865 [/Devices/8237A/] (level 2)
00:00:00.140866 
00:00:00.140866 [/Devices/8237A/0/] (level 3)
00:00:00.140867   Trusted <integer> = 0x0000000000000001 (1)
00:00:00.140867 
00:00:00.140868 [/Devices/GIMDev/] (level 2)
00:00:00.140868 
00:00:00.140868 [/Devices/GIMDev/0/] (level 3)
00:00:00.140869   Trusted <integer> = 0x0000000000000001 (1)
00:00:00.140870 
00:00:00.140870 [/Devices/VMMDev/] (level 2)
00:00:00.140870 
00:00:00.140871 [/Devices/VMMDev/0/] (level 3)
00:00:00.140871   PCIBusNo      <integer> = 0x0000000000000000 (0)
00:00:00.140872   PCIDeviceNo   <integer> = 0x0000000000000004 (4)
00:00:00.140872   PCIFunctionNo <integer> = 0x0000000000000000 (0)
00:00:00.140873   Trusted       <integer> = 0x0000000000000001 (1)
00:00:00.140873 
00:00:00.140874 [/Devices/VMMDev/0/Config/] (level 4)
00:00:00.140875   GuestCoreDumpDir <string>  = "/Volumes/externalwd/ITMO-453/beyesus/packer-example-code/build/graphitemc_default_1634854354456_74137/Snapshots" (cb=112)
00:00:00.140875 
00:00:00.140875 [/Devices/VMMDev/0/LUN#0/] (level 4)
00:00:00.140876   Driver <string>  = "HGCM" (cb=5)
00:00:00.140877 
00:00:00.140877 [/Devices/VMMDev/0/LUN#0/Config/] (level 5)
00:00:00.140878   Object <integer> = 0x00007f9bdc805620 (140 307 396 056 608)
00:00:00.140879 
00:00:00.140879 [/Devices/VMMDev/0/LUN#999/] (level 4)
00:00:00.140880   Driver <string>  = "MainStatus" (cb=11)
00:00:00.140880 
00:00:00.140881 [/Devices/VMMDev/0/LUN#999/Config/] (level 5)
00:00:00.140881   First   <integer> = 0x0000000000000000 (0)
00:00:00.140882   Last    <integer> = 0x0000000000000000 (0)
00:00:00.140882   papLeds <integer> = 0x00007f9bde009590 (140 307 421 238 672)
00:00:00.140883 
00:00:00.140884 [/Devices/acpi/] (level 2)
00:00:00.140884 
00:00:00.140884 [/Devices/acpi/0/] (level 3)
00:00:00.140889   PCIBusNo      <integer> = 0x0000000000000000 (0)
00:00:00.140889   PCIDeviceNo   <integer> = 0x0000000000000007 (7)
00:00:00.140890   PCIFunctionNo <integer> = 0x0000000000000000 (0)
00:00:00.140890   Trusted       <integer> = 0x0000000000000001 (1)
00:00:00.140891 
00:00:00.140891 [/Devices/acpi/0/Config/] (level 4)
00:00:00.140892   CpuHotPlug          <integer> = 0x0000000000000000 (0)
00:00:00.140893   FdcEnabled          <integer> = 0x0000000000000000 (0)
00:00:00.140893   HostBusPciAddress   <integer> = 0x0000000000000000 (0)
00:00:00.140894   HpetEnabled         <integer> = 0x0000000000000000 (0)
00:00:00.140894   IOAPIC              <integer> = 0x0000000000000001 (1)
00:00:00.140895   IocPciAddress       <integer> = 0x0000000000010000 (65 536)
00:00:00.140896   NumCPUs             <integer> = 0x0000000000000001 (1)
00:00:00.140896   Parallel0IoPortBase <integer> = 0x0000000000000000 (0)
00:00:00.140897   Parallel0Irq        <integer> = 0x0000000000000000 (0)
00:00:00.140897   Parallel1IoPortBase <integer> = 0x0000000000000000 (0)
00:00:00.140898   Parallel1Irq        <integer> = 0x0000000000000000 (0)
00:00:00.140898   Serial0IoPortBase   <integer> = 0x0000000000000000 (0)
00:00:00.140899   Serial0Irq          <integer> = 0x0000000000000000 (0)
00:00:00.140899   Serial1IoPortBase   <integer> = 0x0000000000000000 (0)
00:00:00.140900   Serial1Irq          <integer> = 0x0000000000000000 (0)
00:00:00.140900   ShowCpu             <integer> = 0x0000000000000001 (1)
00:00:00.140901   ShowRtc             <integer> = 0x0000000000000000 (0)
00:00:00.140902   SmcEnabled          <integer> = 0x0000000000000000 (0)
00:00:00.140902 
00:00:00.140902 [/Devices/acpi/0/LUN#0/] (level 4)
00:00:00.140903   Driver <string>  = "ACPIHost" (cb=9)
00:00:00.140904 
00:00:00.140904 [/Devices/acpi/0/LUN#0/Config/] (level 5)
00:00:00.140905 
00:00:00.140905 [/Devices/apic/] (level 2)
00:00:00.140906 
00:00:00.140906 [/Devices/apic/0/] (level 3)
00:00:00.140906   Trusted <integer> = 0x0000000000000001 (1)
00:00:00.140907 
00:00:00.140907 [/Devices/apic/0/Config/] (level 4)
00:00:00.140908   IOAPIC  <integer> = 0x0000000000000001 (1)
00:00:00.140908   Mode    <integer> = 0x0000000000000003 (3)
00:00:00.140909   NumCPUs <integer> = 0x0000000000000001 (1)
00:00:00.140909 
00:00:00.140909 [/Devices/e1000/] (level 2)
00:00:00.140910 
00:00:00.140910 [/Devices/e1000/0/] (level 3)
00:00:00.140911   PCIBusNo      <integer> = 0x0000000000000000 (0)
00:00:00.140912   PCIDeviceNo   <integer> = 0x0000000000000003 (3)
00:00:00.140912   PCIFunctionNo <integer> = 0x0000000000000000 (0)
00:00:00.140912   Trusted       <integer> = 0x0000000000000001 (1)
00:00:00.140913 
00:00:00.140913 [/Devices/e1000/0/Config/] (level 4)
00:00:00.140914   AdapterType    <integer> = 0x0000000000000000 (0)
00:00:00.140914   CableConnected <integer> = 0x0000000000000001 (1)
00:00:00.140915   LineSpeed      <integer> = 0x0000000000000000 (0)
00:00:00.140915   MAC            <bytes>   = "08 00 27 6e fe 46" (cb=6)
00:00:00.140917 
00:00:00.140917 [/Devices/e1000/0/LUN#0/] (level 4)
00:00:00.140918   Driver <string>  = "NAT" (cb=4)
00:00:00.140918 
00:00:00.140918 [/Devices/e1000/0/LUN#0/Config/] (level 5)
00:00:00.140919   AliasMode       <integer> = 0x0000000000000000 (0)
00:00:00.140920   BootFile        <string>  = "graphitemc_default_1634854354456_74137.pxe" (cb=43)
00:00:00.140920   DNSProxy        <integer> = 0x0000000000000001 (1)
00:00:00.140921   Network         <string>  = "10.0.2.0/24" (cb=12)
00:00:00.140922   PassDomain      <integer> = 0x0000000000000001 (1)
00:00:00.140922   TFTPPrefix      <string>  = "/Users/birukeyesus/Library/VirtualBox/TFTP" (cb=43)
00:00:00.140923   UseHostResolver <integer> = 0x0000000000000000 (0)
00:00:00.140923 
00:00:00.140923 [/Devices/e1000/0/LUN#0/Config/PortForwarding/] (level 6)
00:00:00.140924 
00:00:00.140924 [/Devices/e1000/0/LUN#0/Config/PortForwarding/0/] (level 7)
00:00:00.140926   BindIP    <string>  = "127.0.0.1" (cb=10)
00:00:00.140926   GuestPort <integer> = 0x0000000000000016 (22)
00:00:00.140928   HostPort  <integer> = 0x0000000000000898 (2 200)
00:00:00.140929   Name      <string>  = "ssh" (cb=4)
00:00:00.140930   Protocol  <string>  = "TCP" (cb=4)
00:00:00.140930 
00:00:00.140930 [/Devices/e1000/0/LUN#999/] (level 4)
00:00:00.140931   Driver <string>  = "MainStatus" (cb=11)
00:00:00.140931 
00:00:00.140932 [/Devices/e1000/0/LUN#999/Config/] (level 5)
00:00:00.140933   First   <integer> = 0x0000000000000000 (0)
00:00:00.140933   Last    <integer> = 0x0000000000000000 (0)
00:00:00.140934   papLeds <integer> = 0x00007f9bde009470 (140 307 421 238 384)
00:00:00.140934 
00:00:00.140935 [/Devices/i8254/] (level 2)
00:00:00.140935 
00:00:00.140935 [/Devices/i8254/0/] (level 3)
00:00:00.140936 
00:00:00.140936 [/Devices/i8254/0/Config/] (level 4)
00:00:00.140937 
00:00:00.140937 [/Devices/i8259/] (level 2)
00:00:00.140938 
00:00:00.140938 [/Devices/i8259/0/] (level 3)
00:00:00.140939   Trusted <integer> = 0x0000000000000001 (1)
00:00:00.140939 
00:00:00.140939 [/Devices/i8259/0/Config/] (level 4)
00:00:00.140940 
00:00:00.140940 [/Devices/ioapic/] (level 2)
00:00:00.140941 
00:00:00.140941 [/Devices/ioapic/0/] (level 3)
00:00:00.140942   Trusted <integer> = 0x0000000000000001 (1)
00:00:00.140942 
00:00:00.140942 [/Devices/ioapic/0/Config/] (level 4)
00:00:00.140943   NumCPUs <integer> = 0x0000000000000001 (1)
00:00:00.140943 
00:00:00.140944 [/Devices/mc146818/] (level 2)
00:00:00.140944 
00:00:00.140944 [/Devices/mc146818/0/] (level 3)
00:00:00.140945 
00:00:00.140945 [/Devices/mc146818/0/Config/] (level 4)
00:00:00.140946   UseUTC <integer> = 0x0000000000000001 (1)
00:00:00.140946 
00:00:00.140947 [/Devices/parallel/] (level 2)
00:00:00.140947 
00:00:00.140947 [/Devices/pcarch/] (level 2)
00:00:00.140948 
00:00:00.140948 [/Devices/pcarch/0/] (level 3)
00:00:00.140949   Trusted <integer> = 0x0000000000000001 (1)
00:00:00.140949 
00:00:00.140949 [/Devices/pcarch/0/Config/] (level 4)
00:00:00.140950 
00:00:00.140950 [/Devices/pcbios/] (level 2)
00:00:00.140951 
00:00:00.140951 [/Devices/pcbios/0/] (level 3)
00:00:00.140952   Trusted <integer> = 0x0000000000000001 (1)
00:00:00.140952 
00:00:00.140952 [/Devices/pcbios/0/Config/] (level 4)
00:00:00.140954   APIC           <integer> = 0x0000000000000001 (1)
00:00:00.140954   BootDevice0    <string>  = "IDE" (cb=4)
00:00:00.140955   BootDevice1    <string>  = "DVD" (cb=4)
00:00:00.140955   BootDevice2    <string>  = "NONE" (cb=5)
00:00:00.140956   BootDevice3    <string>  = "NONE" (cb=5)
00:00:00.140956   FloppyDevice   <string>  = "i82078" (cb=7)
00:00:00.140956   HardDiskDevice <string>  = "piix3ide" (cb=9)
00:00:00.140957   IOAPIC         <integer> = 0x0000000000000001 (1)
00:00:00.140957   McfgBase       <integer> = 0x0000000000000000 (0)
00:00:00.140958   McfgLength     <integer> = 0x0000000000000000 (0)
00:00:00.140958   NumCPUs        <integer> = 0x0000000000000001 (1)
00:00:00.140959   PXEDebug       <integer> = 0x0000000000000000 (0)
00:00:00.140960   UUID           <bytes>   = "7a ee 15 78 95 14 d8 42 8e c7 02 4b 09 ba f2 32" (cb=16)
00:00:00.140961   UuidLe         <integer> = 0x0000000000000001 (1)
00:00:00.140962 
00:00:00.140962 [/Devices/pcbios/0/Config/NetBoot/] (level 5)
00:00:00.140963 
00:00:00.140963 [/Devices/pcbios/0/Config/NetBoot/0/] (level 6)
00:00:00.140964   NIC           <integer> = 0x0000000000000000 (0)
00:00:00.140964   PCIBusNo      <integer> = 0x0000000000000000 (0)
00:00:00.140965   PCIDeviceNo   <integer> = 0x0000000000000003 (3)
00:00:00.140965   PCIFunctionNo <integer> = 0x0000000000000000 (0)
00:00:00.140966 
00:00:00.140966 [/Devices/pci/] (level 2)
00:00:00.140967 
00:00:00.140967 [/Devices/pci/0/] (level 3)
00:00:00.140968   Trusted <integer> = 0x0000000000000001 (1)
00:00:00.140968 
00:00:00.140968 [/Devices/pci/0/Config/] (level 4)
00:00:00.140969   IOAPIC <integer> = 0x0000000000000001 (1)
00:00:00.140970 
00:00:00.140970 [/Devices/pcibridge/] (level 2)
00:00:00.140970 
00:00:00.140971 [/Devices/pckbd/] (level 2)
00:00:00.140971 
00:00:00.140971 [/Devices/pckbd/0/] (level 3)
00:00:00.140972   Trusted <integer> = 0x0000000000000001 (1)
00:00:00.140974 
00:00:00.140974 [/Devices/pckbd/0/Config/] (level 4)
00:00:00.140975 
00:00:00.140975 [/Devices/pckbd/0/LUN#0/] (level 4)
00:00:00.140976   Driver <string>  = "KeyboardQueue" (cb=14)
00:00:00.140976 
00:00:00.140976 [/Devices/pckbd/0/LUN#0/AttachedDriver/] (level 5)
00:00:00.140977   Driver <string>  = "MainKeyboard" (cb=13)
00:00:00.140978 
00:00:00.140978 [/Devices/pckbd/0/LUN#0/AttachedDriver/Config/] (level 6)
00:00:00.140979   Object <integer> = 0x00007f9bdb606a00 (140 307 377 187 328)
00:00:00.140980 
00:00:00.140980 [/Devices/pckbd/0/LUN#0/Config/] (level 5)
00:00:00.140981   QueueSize <integer> = 0x0000000000000040 (64)
00:00:00.140981 
00:00:00.140982 [/Devices/pckbd/0/LUN#1/] (level 4)
00:00:00.140982   Driver <string>  = "MouseQueue" (cb=11)
00:00:00.140983 
00:00:00.140983 [/Devices/pckbd/0/LUN#1/AttachedDriver/] (level 5)
00:00:00.140984   Driver <string>  = "MainMouse" (cb=10)
00:00:00.140984 
00:00:00.140984 [/Devices/pckbd/0/LUN#1/AttachedDriver/Config/] (level 6)
00:00:00.140985   Object <integer> = 0x00007f9bdb606de0 (140 307 377 188 320)
00:00:00.140986 
00:00:00.140986 [/Devices/pckbd/0/LUN#1/Config/] (level 5)
00:00:00.140987   QueueSize <integer> = 0x0000000000000080 (128)
00:00:00.140988 
00:00:00.140988 [/Devices/pcnet/] (level 2)
00:00:00.140988 
00:00:00.140989 [/Devices/piix3ide/] (level 2)
00:00:00.140989 
00:00:00.140989 [/Devices/piix3ide/0/] (level 3)
00:00:00.140990   PCIBusNo      <integer> = 0x0000000000000000 (0)
00:00:00.140991   PCIDeviceNo   <integer> = 0x0000000000000001 (1)
00:00:00.140991   PCIFunctionNo <integer> = 0x0000000000000001 (1)
00:00:00.140992   Trusted       <integer> = 0x0000000000000001 (1)
00:00:00.140992 
00:00:00.140992 [/Devices/piix3ide/0/Config/] (level 4)
00:00:00.140993   Type <string>  = "PIIX4" (cb=6)
00:00:00.140994 
00:00:00.140994 [/Devices/piix3ide/0/LUN#0/] (level 4)
00:00:00.140995   Driver <string>  = "VD" (cb=3)
00:00:00.140995 
00:00:00.140995 [/Devices/piix3ide/0/LUN#0/Config/] (level 5)
00:00:00.140996   Format    <string>  = "VMDK" (cb=5)
00:00:00.140997   Mountable <integer> = 0x0000000000000000 (0)
00:00:00.140997   Path      <string>  = "/Volumes/externalwd/ITMO-453/beyesus/packer-example-code/build/graphitemc_default_1634854354456_74137/ubuntu-graphitea-disk001.vmdk" (cb=132)
00:00:00.140998   Type      <string>  = "HardDisk" (cb=9)
00:00:00.140998 
00:00:00.140998 [/Devices/piix3ide/0/LUN#999/] (level 4)
00:00:00.140999   Driver <string>  = "MainStatus" (cb=11)
00:00:00.141000 
00:00:00.141000 [/Devices/piix3ide/0/LUN#999/Config/] (level 5)
00:00:00.141001   DeviceInstance        <string>  = "piix3ide/0" (cb=11)
00:00:00.141001   First                 <integer> = 0x0000000000000000 (0)
00:00:00.141002   Last                  <integer> = 0x0000000000000003 (3)
00:00:00.141003   pConsole              <integer> = 0x00007f9bde008200 (140 307 421 233 664)
00:00:00.141004   papLeds               <integer> = 0x00007f9bde008978 (140 307 421 235 576)
00:00:00.141005   pmapMediumAttachments <integer> = 0x00007f9bde0095b0 (140 307 421 238 704)
00:00:00.141006 
00:00:00.141006 [/Devices/serial/] (level 2)
00:00:00.141007 
00:00:00.141007 [/Devices/vga/] (level 2)
00:00:00.141007 
00:00:00.141008 [/Devices/vga/0/] (level 3)
00:00:00.141008   PCIBusNo      <integer> = 0x0000000000000000 (0)
00:00:00.141009   PCIDeviceNo   <integer> = 0x0000000000000002 (2)
00:00:00.141009   PCIFunctionNo <integer> = 0x0000000000000000 (0)
00:00:00.141010   Trusted       <integer> = 0x0000000000000001 (1)
00:00:00.141010 
00:00:00.141010 [/Devices/vga/0/Config/] (level 4)
00:00:00.141011   3DEnabled        <integer> = 0x0000000000000000 (0)
00:00:00.141012   CustomVideoModes <integer> = 0x0000000000000000 (0)
00:00:00.141012   FadeIn           <integer> = 0x0000000000000001 (1)
00:00:00.141013   FadeOut          <integer> = 0x0000000000000001 (1)
00:00:00.141013   HeightReduction  <integer> = 0x0000000000000000 (0)
00:00:00.141014   LogoFile         <string>  = "" (cb=1)
00:00:00.141014   LogoTime         <integer> = 0x0000000000000000 (0)
00:00:00.141016   MonitorCount     <integer> = 0x0000000000000001 (1)
00:00:00.141017   ShowBootMenu     <integer> = 0x0000000000000002 (2)
00:00:00.141017   VRamSize         <integer> = 0x0000000000400000 (4 194 304, 4 MB)
00:00:00.141019 
00:00:00.141019 [/Devices/vga/0/LUN#0/] (level 4)
00:00:00.141019   Driver <string>  = "MainDisplay" (cb=12)
00:00:00.141020 
00:00:00.141020 [/Devices/vga/0/LUN#0/Config/] (level 5)
00:00:00.141021   Object <integer> = 0x00007f9bdd00a600 (140 307 404 465 664)
00:00:00.141022 
00:00:00.141022 [/Devices/vga/0/LUN#999/] (level 4)
00:00:00.141023   Driver <string>  = "MainStatus" (cb=11)
00:00:00.141023 
00:00:00.141023 [/Devices/vga/0/LUN#999/Config/] (level 5)
00:00:00.141024   First   <integer> = 0x0000000000000000 (0)
00:00:00.141025   Last    <integer> = 0x0000000000000000 (0)
00:00:00.141025   papLeds <integer> = 0x00007f9bde0095a8 (140 307 421 238 696)
00:00:00.141026 
00:00:00.141026 [/Devices/virtio-net/] (level 2)
00:00:00.141027 
00:00:00.141027 [/EM/] (level 1)
00:00:00.141028   TripleFaultReset <integer> = 0x0000000000000000 (0)
00:00:00.141028 
00:00:00.141028 [/GIM/] (level 1)
00:00:00.141029   Provider <string>  = "KVM" (cb=4)
00:00:00.141029 
00:00:00.141029 [/HM/] (level 1)
00:00:00.141030   64bitEnabled       <integer> = 0x0000000000000001 (1)
00:00:00.141031   EnableLargePages   <integer> = 0x0000000000000001 (1)
00:00:00.141031   EnableNestedPaging <integer> = 0x0000000000000001 (1)
00:00:00.141032   EnableUX           <integer> = 0x0000000000000001 (1)
00:00:00.141032   EnableVPID         <integer> = 0x0000000000000001 (1)
00:00:00.141033   Exclusive          <integer> = 0x0000000000000000 (0)
00:00:00.141033   HMForced           <integer> = 0x0000000000000001 (1)
00:00:00.141034   IBPBOnVMEntry      <integer> = 0x0000000000000000 (0)
00:00:00.141034   IBPBOnVMExit       <integer> = 0x0000000000000000 (0)
00:00:00.141035   L1DFlushOnSched    <integer> = 0x0000000000000001 (1)
00:00:00.141035   L1DFlushOnVMEntry  <integer> = 0x0000000000000000 (0)
00:00:00.141036   MDSClearOnSched    <integer> = 0x0000000000000001 (1)
00:00:00.141036   MDSClearOnVMEntry  <integer> = 0x0000000000000000 (0)
00:00:00.141037   SpecCtrlByHost     <integer> = 0x0000000000000000 (0)
00:00:00.141037   UseNEMInstead      <integer> = 0x0000000000000000 (0)
00:00:00.141038 
00:00:00.141038 [/MM/] (level 1)
00:00:00.141039   CanUseLargerHeap <integer> = 0x0000000000000000 (0)
00:00:00.141039 
00:00:00.141039 [/NEM/] (level 1)
00:00:00.141040   Allow64BitGuests <integer> = 0x0000000000000001 (1)
00:00:00.141040 
00:00:00.141040 [/PDM/] (level 1)
00:00:00.141041 
00:00:00.141041 [/PDM/AsyncCompletion/] (level 2)
00:00:00.141042 
00:00:00.141042 [/PDM/AsyncCompletion/File/] (level 3)
00:00:00.141043 
00:00:00.141043 [/PDM/AsyncCompletion/File/BwGroups/] (level 4)
00:00:00.141043 
00:00:00.141044 [/PDM/BlkCache/] (level 2)
00:00:00.141044   CacheSize <integer> = 0x0000000000500000 (5 242 880, 5 MB)
00:00:00.141045 
00:00:00.141045 [/PDM/Devices/] (level 2)
00:00:00.141046 
00:00:00.141046 [/PDM/Drivers/] (level 2)
00:00:00.141047 
00:00:00.141047 [/PDM/Drivers/VBoxC/] (level 3)
00:00:00.141048   Path <string>  = "/Applications/VirtualBox.app/Contents/MacOS/components/VBoxC" (cb=61)
00:00:00.141048 
00:00:00.141048 [/PDM/NetworkShaper/] (level 2)
00:00:00.141049 
00:00:00.141049 [/PDM/NetworkShaper/BwGroups/] (level 3)
00:00:00.141050 
00:00:00.141050 [/TM/] (level 1)
00:00:00.141050   UTCOffset <integer> = 0x0000000000000000 (0)
00:00:00.141051 
00:00:00.141051 ********************* End of CFGM dump **********************
00:00:00.141102 HM: HMR3Init: VT-x w/ nested paging and unrestricted guest execution hw support
00:00:00.141122 MM: cbHyperHeap=0x200000 (2097152)
00:00:00.143360 CPUM: fXStateHostMask=0x7; initial: 0x7; host XCR0=0x7
00:00:00.144072 CPUM: Matched host CPU INTEL 0x6/0x8e/0xa Intel_Core7_CoffeeLake with CPU DB entry 'Intel Core i7-6700K' (INTEL 0x6/0x5e/0x3 Intel_Core7_Skylake)
00:00:00.144145 CPUM: MXCSR_MASK=0xffff (host: 0xffff)
00:00:00.144166 CPUM: Microcode revision 0x000000EA
00:00:00.144176 CPUM: Changing leaf 13[0]: EBX=0x340 -> 0x340, ECX=0x440 -> 0x340
00:00:00.144187 CPUM: MSR/CPUID reconciliation insert: 0x0000010b IA32_FLUSH_CMD
00:00:00.144204 CPUM: SetGuestCpuIdFeature: Enabled PAE
00:00:00.144359 PGM: Host paging mode: AMD64+PGE+NX
00:00:00.144359 PGM: PGMPool: cMaxPages=1280 (u64MaxPages=1058)
00:00:00.144359 PGM: pgmR3PoolInit: cMaxPages=0x500 cMaxUsers=0xa00 cMaxPhysExts=0xa00 fCacheEnable=true 
00:00:00.152453 TM: GIP - u32Mode=3 (Invariant) u32UpdateHz=100 u32UpdateIntervalNS=10000000 enmUseTscDelta=2 (Practically Zero) fGetGipCpu=0x15 cCpus=8
00:00:00.152484 TM: GIP - u64CpuHz=1 391 999 998 (0x52f83bfe)  SUPGetCpuHzFromGip => 1 391 999 998
00:00:00.152489 TM: GIP - CPU: iCpuSet=0x0 idCpu=0x0 idApic=0x0 iGipCpu=0x5 i64TSCDelta=0 enmState=3 u64CpuHz=1391999996(*) cErrors=0
00:00:00.152493 TM: GIP - CPU: iCpuSet=0x1 idCpu=0x1 idApic=0x1 iGipCpu=0x4 i64TSCDelta=0 enmState=3 u64CpuHz=1391999986(*) cErrors=0
00:00:00.152495 TM: GIP - CPU: iCpuSet=0x2 idCpu=0x2 idApic=0x2 iGipCpu=0x6 i64TSCDelta=0 enmState=3 u64CpuHz=1392000000(*) cErrors=0
00:00:00.152498 TM: GIP - CPU: iCpuSet=0x3 idCpu=0x3 idApic=0x3 iGipCpu=0x7 i64TSCDelta=0 enmState=3 u64CpuHz=1391999997(*) cErrors=0
00:00:00.152500 TM: GIP - CPU: iCpuSet=0x4 idCpu=0x4 idApic=0x4 iGipCpu=0x0 i64TSCDelta=0 enmState=3 u64CpuHz=1391999998(*) cErrors=0
00:00:00.152503 TM: GIP - CPU: iCpuSet=0x5 idCpu=0x5 idApic=0x5 iGipCpu=0x1 i64TSCDelta=0 enmState=3 u64CpuHz=1391997997(*) cErrors=0
00:00:00.152505 TM: GIP - CPU: iCpuSet=0x6 idCpu=0x6 idApic=0x6 iGipCpu=0x2 i64TSCDelta=0 enmState=3 u64CpuHz=1391999977(*) cErrors=0
00:00:00.152507 TM: GIP - CPU: iCpuSet=0x7 idCpu=0x7 idApic=0x7 iGipCpu=0x3 i64TSCDelta=0 enmState=3 u64CpuHz=1392000001(*) cErrors=0
00:00:00.152565 TM: cTSCTicksPerSecond=1 391 999 998 (0x52f83bfe) enmTSCMode=3 (Dynamic)
00:00:00.152566 TM: TSCTiedToExecution=false TSCNotTiedToHalt=false
00:00:00.153167 EMR3Init: fIemExecutesAll=false fGuruOnTripleFault=true 
00:00:00.153240 IEM: TargetCpu=CURRENT, Microarch=Intel_Core7_CoffeeLake
00:00:00.153294 GIM: Using provider 'KVM' (Implementation version: 0)
00:00:00.153311 CPUM: SetGuestCpuIdFeature: Enabled Hypervisor Present bit
00:00:00.153390 AIOMgr: Default manager type is 'Async'
00:00:00.153393 AIOMgr: Default file backend is 'NonBuffered'
00:00:00.153507 BlkCache: Cache successfully initialized. Cache size is 5242880 bytes
00:00:00.153511 BlkCache: Cache commit interval is 10000 ms
00:00:00.153513 BlkCache: Cache commit threshold is 2621440 bytes
00:00:00.170830 PcBios: [SMP] BIOS with 1 CPUs
00:00:00.170857 PcBios: Using the 386+ BIOS image.
00:00:00.170940 PcBios: MPS table at 000e1300
00:00:00.171925 PcBios: fCheckShutdownStatusForSoftReset=true   fClearShutdownStatusOnHardReset=true 
00:00:00.172033 SUP: Opened VBoxDDR0.r0 (/Applications/VirtualBox.app/Contents/MacOS/VBoxDDR0.r0) at 0xXXXXXXXXXXXXXXXX loaded by the native ring-0 loader.
00:00:00.172329 CPUM: SetGuestCpuIdFeature: Enabled xAPIC
00:00:00.172334 CPUM: SetGuestCpuIdFeature: Enabled x2APIC
00:00:00.172736 IOAPIC: Using implementation 2.0! Chipset type ICH9
00:00:00.172838 PIT: mode=3 count=0x10000 (65536) - 18.20 Hz (ch=0)
00:00:00.173137 VMMDev: cbDefaultBudget: 134 217 728 (8000000)
00:00:00.177187 Shared Folders service loaded
00:00:00.177733 Guest Control service loaded
00:00:00.182121 VGA: Using the 386+ BIOS image.
00:00:00.184522 DrvVD: Flushes will be ignored
00:00:00.184532 DrvVD: Async flushes will be passed to the disk
00:00:00.184697 VD: VDInit finished with VINF_SUCCESS
00:00:00.197544 VD: Opening the disk took 13000539 ns
00:00:00.197631 PIIX3 ATA: LUN#0: disk, PCHS=16383/16/63, total number of sectors 20480000
00:00:00.197871 PIIX3 ATA: LUN#1: no unit
00:00:00.197965 PIIX3 ATA: LUN#2: no unit
00:00:00.197975 PIIX3 ATA: LUN#3: no unit
00:00:00.198333 PIIX3 ATA: Ctl#0: finished processing RESET
00:00:00.198355 PIIX3 ATA: Ctl#1: finished processing RESET
00:00:00.198551 E1000#0: Chip=82540EM LinkUpDelay=3000ms EthernetCRC=on GSO=enabled Itr=disabled ItrRx=enabled TID=disabled R0=enabled RC=disabled
00:00:00.207705 NAT: Guest address guess set to 10.0.2.15 by initialization
00:00:00.207879 NAT: resolv.conf: nameserver 2001:558:feed::1
00:00:00.207888 NAT: resolv.conf: nameserver 2001:558:feed::2
00:00:00.207892 NAT: resolv.conf: nameserver 75.75.75.75
00:00:00.207896 NAT: resolv.conf: nameserver 75.75.76.76
00:00:00.207911 NAT: Adding domain name hsd1.il.comcast.net
00:00:00.207914 NAT: DNS#0: 75.75.75.75
00:00:00.207917 NAT: DNS#1: 75.75.76.76
00:00:00.207986 NAT: Set redirect TCP 127.0.0.1:2200 -> 0.0.0.0:22
00:00:00.209430 PGM: The CPU physical address width is 39 bits
00:00:00.209441 PGM: PGMR3InitFinalize: 4 MB PSE mask 0000007fffffffff -> VINF_SUCCESS
00:00:00.209475 TM: TMR3InitFinalize: fTSCModeSwitchAllowed=true 
00:00:00.209670 VMM: Thread-context hooks unavailable
00:00:00.209675 VMM: RTThreadPreemptIsPending() can be trusted
00:00:00.209677 VMM: Kernel preemption is possible
00:00:00.209702 HM: fWorldSwitcher=0x0 (fIbpbOnVmExit=false fIbpbOnVmEntry=false fL1dFlushOnVmEntry=false); fL1dFlushOnSched=true  fMdsClearOnVmEntry=false
00:00:00.209710 HM: Using VT-x implementation 3.0
00:00:00.209711 HM: Max resume loops                  = 8192
00:00:00.209711 HM: Host CR4                          = 0x3626e0
00:00:00.209712 HM: Host EFER                         = 0xd01
00:00:00.209713 HM: MSR_IA32_SMM_MONITOR_CTL          = 0x0
00:00:00.209713 HM: MSR_IA32_FEATURE_CONTROL          = 0x5
00:00:00.209714 HM:   LOCK
00:00:00.209714 HM:   VMXON
00:00:00.209714 HM: MSR_IA32_VMX_BASIC                = 0xda040000000004
00:00:00.209715 HM:   VMCS id                           = 0x4
00:00:00.209715 HM:   VMCS size                         = 1024 bytes
00:00:00.209716 HM:   VMCS physical address limit       = None
00:00:00.209718 HM:   VMCS memory type                  = Write Back (WB)
00:00:00.209719 HM:   Dual-monitor treatment support    = true 
00:00:00.209719 HM:   OUTS & INS instruction-info       = true 
00:00:00.209719 HM:   Supports true-capability MSRs     = true 
00:00:00.209720 HM:   VM-entry Xcpt error-code optional = false
00:00:00.209720 HM: MSR_IA32_VMX_PINBASED_CTLS        = 0x7f00000016
00:00:00.209721 HM:   EXT_INT_EXIT
00:00:00.209721 HM:   NMI_EXIT
00:00:00.209721 HM:   VIRTUAL_NMI
00:00:00.209722 HM:   PREEMPT_TIMER
00:00:00.209722 HM:   POSTED_INT (must be cleared)
00:00:00.209722 HM: MSR_IA32_VMX_PROCBASED_CTLS       = 0xfff9fffe0401e172
00:00:00.209723 HM:   INT_WINDOW_EXIT
00:00:00.209723 HM:   USE_TSC_OFFSETTING
00:00:00.209724 HM:   HLT_EXIT
00:00:00.209724 HM:   INVLPG_EXIT
00:00:00.209724 HM:   MWAIT_EXIT
00:00:00.209725 HM:   RDPMC_EXIT
00:00:00.209725 HM:   RDTSC_EXIT
00:00:00.209725 HM:   CR3_LOAD_EXIT (must be set)
00:00:00.209725 HM:   CR3_STORE_EXIT (must be set)
00:00:00.209726 HM:   CR8_LOAD_EXIT
00:00:00.209726 HM:   CR8_STORE_EXIT
00:00:00.209726 HM:   USE_TPR_SHADOW
00:00:00.209727 HM:   NMI_WINDOW_EXIT
00:00:00.209727 HM:   MOV_DR_EXIT
00:00:00.209727 HM:   UNCOND_IO_EXIT
00:00:00.209727 HM:   USE_IO_BITMAPS
00:00:00.209728 HM:   MONITOR_TRAP_FLAG
00:00:00.209728 HM:   USE_MSR_BITMAPS
00:00:00.209728 HM:   MONITOR_EXIT
00:00:00.209728 HM:   PAUSE_EXIT
00:00:00.209729 HM:   USE_SECONDARY_CTLS
00:00:00.209731 HM: MSR_IA32_VMX_PROCBASED_CTLS2      = 0x5fbcff00000000
00:00:00.209731 HM:   VIRT_APIC_ACCESS
00:00:00.209732 HM:   EPT
00:00:00.209732 HM:   DESC_TABLE_EXIT
00:00:00.209732 HM:   RDTSCP
00:00:00.209732 HM:   VIRT_X2APIC_MODE
00:00:00.209733 HM:   VPID
00:00:00.209733 HM:   WBINVD_EXIT
00:00:00.209733 HM:   UNRESTRICTED_GUEST
00:00:00.209733 HM:   APIC_REG_VIRT (must be cleared)
00:00:00.209734 HM:   VIRT_INT_DELIVERY (must be cleared)
00:00:00.209734 HM:   PAUSE_LOOP_EXIT
00:00:00.209734 HM:   RDRAND_EXIT
00:00:00.209734 HM:   INVPCID
00:00:00.209736 HM:   VMFUNC
00:00:00.209737 HM:   VMCS_SHADOWING (must be cleared)
00:00:00.209737 HM:   ENCLS_EXIT
00:00:00.209737 HM:   RDSEED_EXIT
00:00:00.209737 HM:   PML
00:00:00.209738 HM:   EPT_VE
00:00:00.209738 HM:   CONCEAL_VMX_FROM_PT
00:00:00.209738 HM:   XSAVES_XRSTORS
00:00:00.209738 HM:   MODE_BASED_EPT_PERM
00:00:00.209739 HM:   SPPTP_EPT (must be cleared)
00:00:00.209739 HM:   PT_EPT (must be cleared)
00:00:00.209739 HM:   TSC_SCALING (must be cleared)
00:00:00.209740 HM:   USER_WAIT_PAUSE (must be cleared)
00:00:00.209740 HM:   ENCLV_EXIT (must be cleared)
00:00:00.209740 HM: MSR_IA32_VMX_ENTRY_CTLS           = 0x3ffff000011ff
00:00:00.209741 HM:   LOAD_DEBUG (must be set)
00:00:00.209741 HM:   IA32E_MODE_GUEST
00:00:00.209741 HM:   ENTRY_TO_SMM
00:00:00.209742 HM:   DEACTIVATE_DUAL_MON
00:00:00.209742 HM:   LOAD_PERF_MSR
00:00:00.209742 HM:   LOAD_PAT_MSR
00:00:00.209742 HM:   LOAD_EFER_MSR
00:00:00.209743 HM:   LOAD_BNDCFGS_MSR
00:00:00.209743 HM:   CONCEAL_VMX_FROM_PT
00:00:00.209743 HM:   LOAD_RTIT_CTL_MSR (must be cleared)
00:00:00.209744 HM: MSR_IA32_VMX_EXIT_CTLS            = 0x1ffffff00036dff
00:00:00.209744 HM:   SAVE_DEBUG (must be set)
00:00:00.209745 HM:   HOST_ADDR_SPACE_SIZE
00:00:00.209745 HM:   LOAD_PERF_MSR
00:00:00.209745 HM:   ACK_EXT_INT
00:00:00.209745 HM:   SAVE_PAT_MSR
00:00:00.209746 HM:   LOAD_PAT_MSR
00:00:00.209746 HM:   SAVE_EFER_MSR
00:00:00.209746 HM:   LOAD_EFER_MSR
00:00:00.209747 HM:   SAVE_PREEMPT_TIMER
00:00:00.209747 HM:   CLEAR_BNDCFGS_MSR
00:00:00.209747 HM:   CONCEAL_VMX_FROM_PT
00:00:00.209747 HM:   CLEAR_RTIT_CTL_MSR (must be cleared)
00:00:00.209748 HM: MSR_IA32_VMX_TRUE_PINBASED_CTLS   = 0x7f00000016
00:00:00.209748 HM: MSR_IA32_VMX_TRUE_PROCBASED_CTLS  = 0xfff9fffe04006172
00:00:00.209749 HM: MSR_IA32_VMX_TRUE_ENTRY_CTLS      = 0x3ffff000011fb
00:00:00.209750 HM: MSR_IA32_VMX_TRUE_EXIT_CTLS       = 0x1ffffff00036dfb
00:00:00.209750 HM: MSR_IA32_VMX_MISC                 = 0x7004c1e7
00:00:00.209751 HM:   PREEMPT_TIMER_TSC                 = 0x7
00:00:00.209751 HM:   EXIT_SAVE_EFER_LMA                = true 
00:00:00.209752 HM:   ACTIVITY_STATES                   = 0x7 ( HLT SHUTDOWN SIPI_WAIT )
00:00:00.209752 HM:   INTEL_PT                          = true 
00:00:00.209753 HM:   SMM_READ_SMBASE_MSR               = true 
00:00:00.209755 HM:   CR3_TARGET                        = 0x4
00:00:00.209755 HM:   MAX_MSR                           = 0x0 ( 512 )
00:00:00.209756 HM:   VMXOFF_BLOCK_SMI                  = true 
00:00:00.209756 HM:   VMWRITE_ALL                       = true 
00:00:00.209757 HM:   ENTRY_INJECT_SOFT_INT             = 0x1
00:00:00.209757 HM:   MSEG_ID                           = 0x0
00:00:00.209757 HM: MSR_IA32_VMX_VMCS_ENUM            = 0x2e
00:00:00.209758 HM:   HIGHEST_IDX                       = 0x17
00:00:00.209758 HM: MSR_IA32_VMX_EPT_VPID_CAP         = 0xf0106734141
00:00:00.209759 HM:   RWX_X_ONLY
00:00:00.209759 HM:   PAGE_WALK_LENGTH_4
00:00:00.209760 HM:   EMT_UC
00:00:00.209760 HM:   EMT_WB
00:00:00.209760 HM:   PDE_2M
00:00:00.209760 HM:   PDPTE_1G
00:00:00.209761 HM:   INVEPT
00:00:00.209761 HM:   EPT_ACCESS_DIRTY
00:00:00.209761 HM:   ADVEXITINFO_EPT
00:00:00.209761 HM:   INVEPT_SINGLE_CONTEXT
00:00:00.209762 HM:   INVEPT_ALL_CONTEXTS
00:00:00.209762 HM:   INVVPID
00:00:00.209762 HM:   INVVPID_INDIV_ADDR
00:00:00.209762 HM:   INVVPID_SINGLE_CONTEXT
00:00:00.209763 HM:   INVVPID_ALL_CONTEXTS
00:00:00.209763 HM:   INVVPID_SINGLE_CONTEXT_RETAIN_GLOBALS
00:00:00.209763 HM: MSR_IA32_VMX_VMFUNC               = 0x1
00:00:00.209764 HM:   EPTP_SWITCHING
00:00:00.209764 HM: MSR_IA32_VMX_CR0_FIXED0           = 0x80000021
00:00:00.209765 HM: MSR_IA32_VMX_CR0_FIXED1           = 0xffffffff
00:00:00.209765 HM: MSR_IA32_VMX_CR4_FIXED0           = 0x2000
00:00:00.209766 HM: MSR_IA32_VMX_CR4_FIXED1           = 0x3727ff
00:00:00.209766 HM: APIC-access page physaddr         = 0x000000011bf94000
00:00:00.209767 HM: VCPU  0: MSR bitmap physaddr      = 0x000000011bf96000
00:00:00.209768 HM: VCPU  0: VMCS physaddr            = 0x000000021a802000
00:00:00.209769 HM: Guest support: 32-bit and 64-bit
00:00:00.209779 HM: Supports VMCS EFER fields         = true 
00:00:00.209780 HM: Enabled VMX
00:00:00.209783 CPUM: SetGuestCpuIdFeature: Enabled SYSENTER/EXIT
00:00:00.209783 CPUM: SetGuestCpuIdFeature: Enabled PAE
00:00:00.209784 CPUM: SetGuestCpuIdFeature: Enabled LONG MODE
00:00:00.209784 CPUM: SetGuestCpuIdFeature: Enabled SYSCALL/RET
00:00:00.209784 CPUM: SetGuestCpuIdFeature: Enabled LAHF/SAHF
00:00:00.209785 CPUM: SetGuestCpuIdFeature: Enabled NX
00:00:00.209785 HM: Enabled nested paging
00:00:00.209785 HM:   EPT flush type                  = Single context
00:00:00.209785 HM: Enabled unrestricted guest execution
00:00:00.209786 HM: Enabled large page support
00:00:00.209786 HM: Enabled VPID
00:00:00.209786 HM:   VPID flush type                 = Single context
00:00:00.209789 HM: Enabled VMX-preemption timer (cPreemptTimerShift=7)
00:00:00.209789 HM: VT-x/AMD-V init method: Global
00:00:00.209790 EM: Exit history optimizations: enabled=true  enabled-r0=true  enabled-r0-no-preemption=false
00:00:00.209823 PcBios: ATA LUN#0 LCHS=1024/255/63
00:00:00.209832 APIC: fPostedIntrsEnabled=false fVirtApicRegsEnabled=false fSupportsTscDeadline=false
00:00:00.209836 TMR3UtcNow: nsNow=1 635 188 913 259 155 000 nsPrev=0 -> cNsDelta=1 635 188 913 259 155 000 (offLag=0 offVirtualSync=0 offVirtualSyncGivenUp=0, NowAgain=1 635 188 913 259 155 000)
00:00:00.209843 VMM: fUsePeriodicPreemptionTimers=false
00:00:00.210084 CPUM: Logical host processors: 8 present, 8 max, 8 online, online mask: 00000000000000ff
00:00:00.210088 CPUM: Physical host cores: 4
00:00:00.210088 ************************* CPUID dump ************************
00:00:00.210095          Raw Standard CPUID Leaves
00:00:00.210095      Leaf/sub-leaf  eax      ebx      ecx      edx
00:00:00.210096 Gst: 00000000/0000  00000016 756e6547 6c65746e 49656e69
00:00:00.210097 Hst:                00000016 756e6547 6c65746e 49656e69
00:00:00.210098 Gst: 00000001/0000  000806ea 00010800 d6fa220b 178bfbff
00:00:00.210099 Hst:                000806ea 02100800 7ffafbbf bfebfbff
00:00:00.210100 Gst: 00000002/0000  76036301 00f0b5ff 00000000 00c30000
00:00:00.210101 Hst:                76036301 00f0b5ff 00000000 00c30000
00:00:00.210102 Gst: 00000003/0000  00000000 00000000 00000000 00000000
00:00:00.210103 Hst:                00000000 00000000 00000000 00000000
00:00:00.210104 Gst: 00000004/0000  00000121 01c0003f 0000003f 00000000
00:00:00.210105 Hst:                1c004121 01c0003f 0000003f 00000000
00:00:00.210105 Gst: 00000004/0001  00000122 01c0003f 0000003f 00000000
00:00:00.210106 Hst:                1c004122 01c0003f 0000003f 00000000
00:00:00.210107 Gst: 00000004/0002  00000143 00c0003f 000003ff 00000000
00:00:00.210108 Hst:                1c004143 00c0003f 000003ff 00000000
00:00:00.210109 Gst: 00000004/0003  00000163 02c0003f 00001fff 00000006
00:00:00.210109 Hst:                1c03c163 02c0003f 00001fff 00000006
00:00:00.210110 Gst: 00000004/0004  00000000 00000000 00000000 00000000
00:00:00.210111 Hst:                00000000 00000000 00000000 00000000
00:00:00.210111 Gst: 00000005/0000  00000040 00000040 00000000 00000000
00:00:00.210112 Hst:                00000040 00000040 00000003 11142120
00:00:00.210113 Gst: 00000006/0000  00000000 00000000 00000000 00000000
00:00:00.210114 Hst:                000026f7 00000002 00000009 00000000
00:00:00.210115 Gst: 00000007/0000  00000000 00842421 00000000 10000400
00:00:00.210115 Hst:                00000000 029c67af 00000000 9c002e00
00:00:00.210116 Gst: 00000007/0001  00000000 00000000 00000000 00000000
00:00:00.210117 Hst:                00000000 00000000 00000000 00000000
00:00:00.210118 Gst: 00000008/0000  00000000 00000000 00000000 00000000
00:00:00.210118 Hst:                00000000 00000000 00000000 00000000
00:00:00.210119 Gst: 00000009/0000  00000000 00000000 00000000 00000000
00:00:00.210119 Hst:                00000000 00000000 00000000 00000000
00:00:00.210120 Gst: 0000000a/0000  00000000 00000000 00000000 00000000
00:00:00.210121 Hst:                07300404 00000000 00000000 00000603
00:00:00.210121 Gst: 0000000b/0000  00000000 00000001 00000100 00000000
00:00:00.210122 Hst:                00000001 00000002 00000100 00000002
00:00:00.210123 Gst: 0000000b/0001  00000001 00000001 00000201 00000000
00:00:00.210123 Hst:                00000004 00000008 00000201 00000002
00:00:00.210124 Gst: 0000000b/0002  00000000 00000000 00000002 00000000
00:00:00.210125 Hst:                00000000 00000000 00000002 00000002
00:00:00.210125 Gst: 0000000c/0000  00000000 00000000 00000000 00000000
00:00:00.210126 Hst:                00000000 00000000 00000000 00000000
00:00:00.210127 Gst: 0000000d/0000  00000007 00000340 00000340 00000000
00:00:00.210127 Hst:                0000001f 00000340 00000440 00000000
00:00:00.210128 Gst: 0000000d/0001  00000000 00000340 00000000 00000000
00:00:00.210129 Hst:                0000000f 00000340 00000100 00000000
00:00:00.210129 Gst: 0000000d/0002  00000100 00000240 00000000 00000000
00:00:00.210130 Hst:                00000100 00000240 00000000 00000000
00:00:00.210131 Gst: 0000000d/0003  00000000 00000000 00000000 00000000
00:00:00.210131 Hst:                00000040 000003c0 00000000 00000000
00:00:00.210132 Gst: 0000000d/0004  00000000 00000000 00000000 00000000
00:00:00.210133 Hst:                00000040 00000400 00000000 00000000
00:00:00.210133 Gst: 0000000d/0005  00000000 00000000 00000000 00000000
00:00:00.210134 Hst:                00000000 00000000 00000000 00000000
00:00:00.210134 Gst: 0000000d/0006  00000000 00000000 00000000 00000000
00:00:00.210135 Hst:                00000000 00000000 00000000 00000000
00:00:00.210136 Gst: 0000000d/0007  00000000 00000000 00000000 00000000
00:00:00.210136 Hst:                00000000 00000000 00000000 00000000
00:00:00.210137 Gst: 0000000d/0008  00000000 00000000 00000000 00000000
00:00:00.210138 Hst:                00000080 00000000 00000001 00000000
00:00:00.210138 Gst: 0000000d/0009  00000000 00000000 00000000 00000000
00:00:00.210139 Hst:                00000000 00000000 00000000 00000000
00:00:00.210158 Gst: 0000000e/0000  00000000 00000000 00000000 00000000
00:00:00.210158 Hst:                00000000 00000000 00000000 00000000
00:00:00.210159 Gst: 0000000f/0000  00000000 00000000 00000000 00000000
00:00:00.210160 Hst:                00000000 00000000 00000000 00000000
00:00:00.210160 Gst: 00000010/0000  00000000 00000000 00000000 00000000
00:00:00.210161 Hst:                00000000 00000000 00000000 00000000
00:00:00.210162 Gst: 00000011/0000  00000000 00000000 00000000 00000000
00:00:00.210162 Hst:                00000000 00000000 00000000 00000000
00:00:00.210163 Gst: 00000012/0000  00000000 00000000 00000000 00000000
00:00:00.210163 Hst:                00000000 00000000 00000000 00000000
00:00:00.210164 Gst: 00000013/0000  00000000 00000000 00000000 00000000
00:00:00.210165 Hst:                00000000 00000000 00000000 00000000
00:00:00.210165 Gst: 00000014/0000  00000000 00000000 00000000 00000000
00:00:00.210166 Hst:                00000001 0000000f 00000007 00000000
00:00:00.210166 Hst: 00000015/0000  00000002 00000074 00000000 00000000
00:00:00.210168 Hst: 00000016/0000  00000578 00000f3c 00000064 00000000
00:00:00.210169                                Name: GenuineIntel
00:00:00.210170                            Supports: 0x00000000-0x00000016
00:00:00.210172                              Family:  6 	Extended: 0 	Effective: 6
00:00:00.210174                               Model: 14 	Extended: 8 	Effective: 142
00:00:00.210175                            Stepping: 10
00:00:00.210176                                Type: 0 (primary)
00:00:00.210177                             APIC ID: 0x00
00:00:00.210178                        Logical CPUs: 1
00:00:00.210179                        CLFLUSH Size: 8
00:00:00.210179                            Brand ID: 0x00
00:00:00.210180 Features
00:00:00.210181   Mnemonic - Description                                  = guest (host)
00:00:00.210183   FPU - x87 FPU on Chip                                   = 1 (1)
00:00:00.210185   VME - Virtual 8086 Mode Enhancements                    = 1 (1)
00:00:00.210186   DE - Debugging extensions                               = 1 (1)
00:00:00.210187   PSE - Page Size Extension                               = 1 (1)
00:00:00.210188   TSC - Time Stamp Counter                                = 1 (1)
00:00:00.210189   MSR - Model Specific Registers                          = 1 (1)
00:00:00.210190   PAE - Physical Address Extension                        = 1 (1)
00:00:00.210191   MCE - Machine Check Exception                           = 1 (1)
00:00:00.210191   CX8 - CMPXCHG8B instruction                             = 1 (1)
00:00:00.210192   APIC - APIC On-Chip                                     = 1 (1)
00:00:00.210194   SEP - SYSENTER and SYSEXIT Present                      = 1 (1)
00:00:00.210194   MTRR - Memory Type Range Registers                      = 1 (1)
00:00:00.210195   PGE - PTE Global Bit                                    = 1 (1)
00:00:00.210196   MCA - Machine Check Architecture                        = 1 (1)
00:00:00.210197   CMOV - Conditional Move instructions                    = 1 (1)
00:00:00.210198   PAT - Page Attribute Table                              = 1 (1)
00:00:00.210199   PSE-36 - 36-bit Page Size Extension                     = 1 (1)
00:00:00.210200   PSN - Processor Serial Number                           = 0 (0)
00:00:00.210201   CLFSH - CLFLUSH instruction                             = 1 (1)
00:00:00.210202   DS - Debug Store                                        = 0 (1)
00:00:00.210203   ACPI - Thermal Mon. & Soft. Clock Ctrl.                 = 0 (1)
00:00:00.210204   MMX - Intel MMX Technology                              = 1 (1)
00:00:00.210205   FXSR - FXSAVE and FXRSTOR instructions                  = 1 (1)
00:00:00.210205   SSE - SSE support                                       = 1 (1)
00:00:00.210207   SSE2 - SSE2 support                                     = 1 (1)
00:00:00.210208   SS - Self Snoop                                         = 0 (1)
00:00:00.210209   HTT - Hyper-Threading Technology                        = 1 (1)
00:00:00.210210   TM - Therm. Monitor                                     = 0 (1)
00:00:00.210211   PBE - Pending Break Enabled                             = 0 (1)
00:00:00.210212   SSE3 - SSE3 support                                     = 1 (1)
00:00:00.210213   PCLMUL - PCLMULQDQ support (for AES-GCM)                = 1 (1)
00:00:00.210214   DTES64 - DS Area 64-bit Layout                          = 0 (1)
00:00:00.210215   MONITOR - MONITOR/MWAIT instructions                    = 1 (1)
00:00:00.210215   CPL-DS - CPL Qualified Debug Store                      = 0 (1)
00:00:00.210216   VMX - Virtual Machine Extensions                        = 0 (1)
00:00:00.210217   SMX - Safer Mode Extensions                             = 0 (0)
00:00:00.210218   EST - Enhanced SpeedStep Technology                     = 0 (1)
00:00:00.210219   TM2 - Terminal Monitor 2                                = 0 (1)
00:00:00.210220   SSSE3 - Supplemental Streaming SIMD Extensions 3        = 1 (1)
00:00:00.210221   CNTX-ID - L1 Context ID                                 = 0 (0)
00:00:00.210222   SDBG - Silicon Debug interface                          = 0 (1)
00:00:00.210223   FMA - Fused Multiply Add extensions                     = 0 (1)
00:00:00.210223   CX16 - CMPXCHG16B instruction                           = 1 (1)
00:00:00.210224   TPRUPDATE - xTPR Update Control                         = 0 (1)
00:00:00.210225   PDCM - Perf/Debug Capability MSR                        = 0 (1)
00:00:00.210226   PCID - Process Context Identifiers                      = 1 (1)
00:00:00.210227   DCA - Direct Cache Access                               = 0 (0)
00:00:00.210228   SSE4_1 - SSE4_1 support                                 = 1 (1)
00:00:00.210229   SSE4_2 - SSE4_2 support                                 = 1 (1)
00:00:00.210230   X2APIC - x2APIC support                                 = 1 (1)
00:00:00.210231   MOVBE - MOVBE instruction                               = 1 (1)
00:00:00.210232   POPCNT - POPCNT instruction                             = 1 (1)
00:00:00.210233   TSCDEADL - Time Stamp Counter Deadline                  = 0 (1)
00:00:00.210234   AES - AES instructions                                  = 1 (1)
00:00:00.210235   XSAVE - XSAVE instruction                               = 1 (1)
00:00:00.210236   OSXSAVE - OSXSAVE instruction                           = 0 (1)
00:00:00.210237   AVX - AVX support                                       = 1 (1)
00:00:00.210238   F16C - 16-bit floating point conversion instructions    = 0 (1)
00:00:00.210238   RDRAND - RDRAND instruction                             = 1 (1)
00:00:00.210239   HVP - Hypervisor Present (we're a guest)                = 1 (0)
00:00:00.210242 Structured Extended Feature Flags Enumeration (leaf 7):
00:00:00.210242   Mnemonic - Description                                  = guest (host)
00:00:00.210243   FSGSBASE - RDFSBASE/RDGSBASE/WRFSBASE/WRGSBASE instr.   = 1 (1)
00:00:00.210244   TSCADJUST - Supports MSR_IA32_TSC_ADJUST                = 0 (1)
00:00:00.210244   SGX - Supports Software Guard Extensions                = 0 (1)
00:00:00.210245   BMI1 - Advanced Bit Manipulation extension 1            = 0 (1)
00:00:00.210246   HLE - Hardware Lock Elision                             = 0 (0)
00:00:00.210247   AVX2 - Advanced Vector Extensions 2                     = 1 (1)
00:00:00.210248   FDP_EXCPTN_ONLY - FPU DP only updated on exceptions     = 0 (0)
00:00:00.210248   SMEP - Supervisor Mode Execution Prevention             = 0 (1)
00:00:00.210249   BMI2 - Advanced Bit Manipulation extension 2            = 0 (1)
00:00:00.210250   ERMS - Enhanced REP MOVSB/STOSB instructions            = 0 (1)
00:00:00.210251   INVPCID - INVPCID instruction                           = 1 (1)
00:00:00.210251   RTM - Restricted Transactional Memory                   = 0 (0)
00:00:00.210252   PQM - Platform Quality of Service Monitoring            = 0 (0)
00:00:00.210253   DEPFPU_CS_DS - Deprecates FPU CS, FPU DS values if set  = 1 (1)
00:00:00.210254   MPE - Intel Memory Protection Extensions                = 0 (1)
00:00:00.210254   PQE - Platform Quality of Service Enforcement           = 0 (0)
00:00:00.210255   AVX512F - AVX512 Foundation instructions                = 0 (0)
00:00:00.210256   RDSEED - RDSEED instruction                             = 1 (1)
00:00:00.210257   ADX - ADCX/ADOX instructions                            = 0 (1)
00:00:00.210258   SMAP - Supervisor Mode Access Prevention                = 0 (1)
00:00:00.210259   CLFLUSHOPT - CLFLUSHOPT (Cache Line Flush) instruction  = 1 (1)
00:00:00.210259   INTEL_PT - Intel Processor Trace                        = 0 (1)
00:00:00.210260   AVX512PF - AVX512 Prefetch instructions                 = 0 (0)
00:00:00.210261   AVX512ER - AVX512 Exponential & Reciprocal instructions = 0 (0)
00:00:00.210262   AVX512CD - AVX512 Conflict Detection instructions       = 0 (0)
00:00:00.210262   SHA - Secure Hash Algorithm extensions                  = 0 (0)
00:00:00.210263   PREFETCHWT1 - PREFETCHWT1 instruction                   = 0 (0)
00:00:00.210264   UMIP - User mode insturction prevention                 = 0 (0)
00:00:00.210265   PKU - Protection Key for Usermode pages                 = 0 (0)
00:00:00.210266   OSPKE - CR4.PKU mirror                                  = 0 (0)
00:00:00.210267   MAWAU - Value used by BNDLDX & BNDSTX                   = 0x0 (0x0)
00:00:00.210268   RDPID - Read processor ID support                       = 0 (0)
00:00:00.210269   SGX_LC - Supports SGX Launch Configuration              = 0 (0)
00:00:00.210270    9 - Reserved                                           = 0 (1)
00:00:00.210271   MD_CLEAR - Supports MDS related buffer clearing         = 1 (1)
00:00:00.210271   11 - Reserved                                           = 0 (1)
00:00:00.210273   13 - Reserved                                           = 0 (1)
00:00:00.210274   IBRS_IBPB - IA32_SPEC_CTRL.IBRS and IA32_PRED_CMD.IBPB  = 0 (1)
00:00:00.210274   STIBP - Supports IA32_SPEC_CTRL.STIBP                   = 0 (1)
00:00:00.210275   FLUSH_CMD - Supports IA32_FLUSH_CMD                     = 1 (1)
00:00:00.210276   ARCHCAP - Supports IA32_ARCH_CAP                        = 0 (0)
00:00:00.210277   CORECAP - Supports IA32_CORE_CAP                        = 0 (0)
00:00:00.210278   SSBD - Supports IA32_SPEC_CTRL.SSBD                     = 0 (1)
00:00:00.210279 Processor Extended State Enumeration (leaf 0xd):
00:00:00.210280    XSAVE area cur/max size by XCR0, guest: 0x340/0x340
00:00:00.210281     XSAVE area cur/max size by XCR0, host: 0x340/0x440
00:00:00.210281                    Valid XCR0 bits, guest: 0x00000000`00000007 ( x87 SSE YMM_Hi128 )
00:00:00.210283                     Valid XCR0 bits, host: 0x00000000`0000001f ( x87 SSE YMM_Hi128 BNDREGS BNDCSR )
00:00:00.210287                     XSAVE features, guest:
00:00:00.210287                      XSAVE features, host: XSAVEOPT XSAVEC XGETBC1 XSAVES
00:00:00.210289       XSAVE area cur size XCR0|XSS, guest: 0x340
00:00:00.210289        XSAVE area cur size XCR0|XSS, host: 0x340
00:00:00.210290                Valid IA32_XSS bits, guest: 0x00000000`00000000
00:00:00.210291                 Valid IA32_XSS bits, host: 0x00000100`00000000 ( 40 )
00:00:00.210292   State #2, guest: off=0x0240, cb=0x0100 IA32_XSS-bit -- YMM_Hi128
00:00:00.210293   State #2, host:  off=0x0240, cb=0x0100 IA32_XSS-bit -- YMM_Hi128
00:00:00.210295   State #3, host:  off=0x03c0, cb=0x0040 IA32_XSS-bit -- BNDREGS
00:00:00.210296   State #4, host:  off=0x0400, cb=0x0040 IA32_XSS-bit -- BNDCSR
00:00:00.210297   State #8, host:  off=0x0000, cb=0x0080 XCR0-bit -- 8
00:00:00.210307          Unknown CPUID Leaves
00:00:00.210307      Leaf/sub-leaf  eax      ebx      ecx      edx
00:00:00.210308 Gst: 00000014/0001  00000000 00000000 00000000 00000000
00:00:00.210309 Hst:                02490002 003f3fff 00000000 00000000
00:00:00.210309 Gst: 00000014/0002  00000000 00000000 00000000 00000000
00:00:00.210310 Hst:                00000000 00000000 00000000 00000000
00:00:00.210311 Gst: 00000015/0000  00000000 00000000 00000000 00000000
00:00:00.210311 Hst:                00000002 00000074 00000000 00000000
00:00:00.210312 Gst: 00000016/0000  00000000 00000000 00000000 00000000
00:00:00.210313 Hst:                00000578 00000f3c 00000064 00000000
00:00:00.210314          Raw Hypervisor CPUID Leaves
00:00:00.210314      Leaf/sub-leaf  eax      ebx      ecx      edx
00:00:00.210315 Gst: 40000000/0000  40000001 4b4d564b 564b4d56 0000004d
00:00:00.210316 Hst:                00000578 00000f3c 00000064 00000000
00:00:00.210317 Gst: 40000001/0000  01000089 00000000 00000000 00000000
00:00:00.210318 Hst:                00000578 00000f3c 00000064 00000000
00:00:00.210319          Raw Extended CPUID Leaves
00:00:00.210319      Leaf/sub-leaf  eax      ebx      ecx      edx
00:00:00.210319 Gst: 80000000/0000  80000008 00000000 00000000 00000000
00:00:00.210320 Hst:                80000008 00000000 00000000 00000000
00:00:00.210321 Gst: 80000001/0000  00000000 00000000 00000121 28100800
00:00:00.210322 Hst:                00000000 00000000 00000121 2c100800
00:00:00.210323 Gst: 80000002/0000  65746e49 2952286c 726f4320 4d542865
00:00:00.210324 Hst:                65746e49 2952286c 726f4320 4d542865
00:00:00.210325 Gst: 80000003/0000  35692029 3532382d 43205537 40205550
00:00:00.210326 Hst:                35692029 3532382d 43205537 40205550
00:00:00.210328 Gst: 80000004/0000  342e3120 7a484730 00000000 00000000
00:00:00.210328 Hst:                342e3120 7a484730 00000000 00000000
00:00:00.210329 Gst: 80000005/0000  00000000 00000000 00000000 00000000
00:00:00.210330 Hst:                00000000 00000000 00000000 00000000
00:00:00.210330 Gst: 80000006/0000  00000000 00000000 01006040 00000000
00:00:00.210331 Hst:                00000000 00000000 01006040 00000000
00:00:00.210332 Gst: 80000007/0000  00000000 00000000 00000000 00000100
00:00:00.210333 Hst:                00000000 00000000 00000000 00000100
00:00:00.210333 Gst: 80000008/0000  00003027 00000000 00000000 00000000
00:00:00.210334 Hst:                00003027 00000000 00000000 00000000
00:00:00.210335 Ext Name:                        
00:00:00.210335 Ext Supports:                    0x80000000-0x80000008
00:00:00.210336 Family:                          0  	Extended: 0 	Effective: 0
00:00:00.210336 Model:                           0  	Extended: 0 	Effective: 0
00:00:00.210337 Stepping:                        0
00:00:00.210337 Brand ID:                        0x000
00:00:00.210338 Ext Features
00:00:00.210338   Mnemonic - Description                                  = guest (host)
00:00:00.210338   FPU - x87 FPU on Chip                                   = 0 (0)
00:00:00.210340   VME - Virtual 8086 Mode Enhancements                    = 0 (0)
00:00:00.210340   DE - Debugging extensions                               = 0 (0)
00:00:00.210341   PSE - Page Size Extension                               = 0 (0)
00:00:00.210342   TSC - Time Stamp Counter                                = 0 (0)
00:00:00.210343   MSR - K86 Model Specific Registers                      = 0 (0)
00:00:00.210344   PAE - Physical Address Extension                        = 0 (0)
00:00:00.210345   MCE - Machine Check Exception                           = 0 (0)
00:00:00.210346   CX8 - CMPXCHG8B instruction                             = 0 (0)
00:00:00.210347   APIC - APIC On-Chip                                     = 0 (0)
00:00:00.210348   SEP - SYSCALL/SYSRET                                    = 1 (1)
00:00:00.210349   MTRR - Memory Type Range Registers                      = 0 (0)
00:00:00.210350   PGE - PTE Global Bit                                    = 0 (0)
00:00:00.210354   MCA - Machine Check Architecture                        = 0 (0)
00:00:00.210355   CMOV - Conditional Move instructions                    = 0 (0)
00:00:00.210355   PAT - Page Attribute Table                              = 0 (0)
00:00:00.210356   PSE-36 - 36-bit Page Size Extension                     = 0 (0)
00:00:00.210357   NX - No-Execute/Execute-Disable                         = 1 (1)
00:00:00.210358   AXMMX - AMD Extensions to MMX instructions              = 0 (0)
00:00:00.210359   MMX - Intel MMX Technology                              = 0 (0)
00:00:00.210360   FXSR - FXSAVE and FXRSTOR Instructions                  = 0 (0)
00:00:00.210361   FFXSR - AMD fast FXSAVE and FXRSTOR instructions        = 0 (0)
00:00:00.210361   Page1GB - 1 GB large page                               = 0 (1)
00:00:00.210362   RDTSCP - RDTSCP instruction                             = 1 (1)
00:00:00.210363   LM - AMD64 Long Mode                                    = 1 (1)
00:00:00.210364   3DNOWEXT - AMD Extensions to 3DNow                      = 0 (0)
00:00:00.210365   3DNOW - AMD 3DNow                                       = 0 (0)
00:00:00.210366   LahfSahf - LAHF/SAHF support in 64-bit mode             = 1 (1)
00:00:00.210367   CmpLegacy - Core multi-processing legacy mode           = 0 (0)
00:00:00.210368   SVM - AMD Secure Virtual Machine extensions             = 0 (0)
00:00:00.210369   EXTAPIC - AMD Extended APIC registers                   = 0 (0)
00:00:00.210369   CR8L - AMD LOCK MOV CR0 means MOV CR8                   = 0 (0)
00:00:00.210370   ABM - AMD Advanced Bit Manipulation                     = 1 (1)
00:00:00.210371   SSE4A - SSE4A instructions                              = 0 (0)
00:00:00.210372   MISALIGNSSE - AMD Misaligned SSE mode                   = 0 (0)
00:00:00.210373   3DNOWPRF - AMD PREFETCH and PREFETCHW instructions      = 1 (1)
00:00:00.210374   OSVW - AMD OS Visible Workaround                        = 0 (0)
00:00:00.210374   IBS - Instruct Based Sampling                           = 0 (0)
00:00:00.210375   XOP - Extended Operation support                        = 0 (0)
00:00:00.210376   SKINIT - SKINIT, STGI, and DEV support                  = 0 (0)
00:00:00.210377   WDT - AMD Watchdog Timer support                        = 0 (0)
00:00:00.210378   LWP - Lightweight Profiling support                     = 0 (0)
00:00:00.210379   FMA4 - Four operand FMA instruction support             = 0 (0)
00:00:00.210380   NodeId - NodeId in MSR C001_100C                        = 0 (0)
00:00:00.210380   TBM - Trailing Bit Manipulation instructions            = 0 (0)
00:00:00.210381   TOPOEXT - Topology Extensions                           = 0 (0)
00:00:00.210382   PRFEXTCORE - Performance Counter Extensions support     = 0 (0)
00:00:00.210383   PRFEXTNB - NB Performance Counter Extensions support    = 0 (0)
00:00:00.210383   DATABPEXT - Data-access Breakpoint Extension            = 0 (0)
00:00:00.210384   PERFTSC - Performance Time Stamp Counter                = 0 (0)
00:00:00.210385   PCX_L2I - L2I/L3 Performance Counter Extensions         = 0 (0)
00:00:00.210386   MWAITX - MWAITX and MONITORX instructions               = 0 (0)
00:00:00.210387 Full Name:                       "Intel(R) Core(TM) i5-8257U CPU @ 1.40GHz"
00:00:00.210387 TLB 2/4M Instr/Uni:              res0     0 entries
00:00:00.210388 TLB 2/4M Data:                   res0     0 entries
00:00:00.210388 TLB 4K Instr/Uni:                res0     0 entries
00:00:00.210389 TLB 4K Data:                     res0     0 entries
00:00:00.210389 L1 Instr Cache Line Size:        0 bytes
00:00:00.210390 L1 Instr Cache Lines Per Tag:    0
00:00:00.210390 L1 Instr Cache Associativity:    res0  
00:00:00.210390 L1 Instr Cache Size:             0 KB
00:00:00.210391 L1 Data Cache Line Size:         0 bytes
00:00:00.210391 L1 Data Cache Lines Per Tag:     0
00:00:00.210391 L1 Data Cache Associativity:     res0  
00:00:00.210392 L1 Data Cache Size:              0 KB
00:00:00.210392 L2 TLB 2/4M Instr/Uni:           off       0 entries
00:00:00.210394 L2 TLB 2/4M Data:                off       0 entries
00:00:00.210395 L2 TLB 4K Instr/Uni:             off       0 entries
00:00:00.210395 L2 TLB 4K Data:                  off       0 entries
00:00:00.210396 L2 Cache Line Size:              0 bytes
00:00:00.210396 L2 Cache Lines Per Tag:          0
00:00:00.210396 L2 Cache Associativity:          off   
00:00:00.210397 L2 Cache Size:                   0 KB
00:00:00.210397   TS - Temperature Sensor                                 = 0 (0)
00:00:00.210398   FID - Frequency ID control                              = 0 (0)
00:00:00.210399   VID - Voltage ID control                                = 0 (0)
00:00:00.210400   TscInvariant - Invariant Time Stamp Counter             = 1 (1)
00:00:00.210401   CBP - Core Performance Boost                            = 0 (0)
00:00:00.210402   EffFreqRO - Read-only Effective Frequency Interface     = 0 (0)
00:00:00.210403   ProcFdbkIf - Processor Feedback Interface               = 0 (0)
00:00:00.210404   ProcPwrRep - Core power reporting interface support     = 0 (0)
00:00:00.210405 Physical Address Width:          39 bits
00:00:00.210405 Virtual Address Width:           48 bits
00:00:00.210405 Guest Physical Address Width:    0 bits
00:00:00.210406 Physical Core Count:             1
00:00:00.210407 
00:00:00.210407 ******************** End of CPUID dump **********************
00:00:00.210408 *********************** VT-x features ***********************
00:00:00.210408 Nested hardware virtualization - VMX features
00:00:00.210409   Mnemonic - Description                                  = guest (host)
00:00:00.210409   VMX - Virtual-Machine Extensions                        = 0 (1)
00:00:00.210410   InsOutInfo - INS/OUTS instruction info.                 = 0 (1)
00:00:00.210410   ExtIntExit - External interrupt exiting                 = 0 (1)
00:00:00.210411   NmiExit - NMI exiting                                   = 0 (1)
00:00:00.210411   VirtNmi - Virtual NMIs                                  = 0 (1)
00:00:00.210412   PreemptTimer - VMX preemption timer                     = 0 (1)
00:00:00.210412   PostedInt - Posted interrupts                           = 0 (0)
00:00:00.210413   IntWindowExit - Interrupt-window exiting                = 0 (1)
00:00:00.210413   TscOffsetting - TSC offsetting                          = 0 (1)
00:00:00.210414   HltExit - HLT exiting                                   = 0 (1)
00:00:00.210414   InvlpgExit - INVLPG exiting                             = 0 (1)
00:00:00.210415   MwaitExit - MWAIT exiting                               = 0 (1)
00:00:00.210415   RdpmcExit - RDPMC exiting                               = 0 (1)
00:00:00.210416   RdtscExit - RDTSC exiting                               = 0 (1)
00:00:00.210416   Cr3LoadExit - CR3-load exiting                          = 0 (1)
00:00:00.210417   Cr3StoreExit - CR3-store exiting                        = 0 (1)
00:00:00.210417   Cr8LoadExit  - CR8-load exiting                         = 0 (1)
00:00:00.210418   Cr8StoreExit - CR8-store exiting                        = 0 (1)
00:00:00.210418   UseTprShadow - Use TPR shadow                           = 0 (1)
00:00:00.210418   NmiWindowExit - NMI-window exiting                      = 0 (1)
00:00:00.210419   MovDRxExit - Mov-DR exiting                             = 0 (1)
00:00:00.210419   UncondIoExit - Unconditional I/O exiting                = 0 (1)
00:00:00.210420   UseIoBitmaps - Use I/O bitmaps                          = 0 (1)
00:00:00.210420   MonitorTrapFlag - Monitor Trap Flag                     = 0 (1)
00:00:00.210421   UseMsrBitmaps - MSR bitmaps                             = 0 (1)
00:00:00.210421   MonitorExit - MONITOR exiting                           = 0 (1)
00:00:00.210422   PauseExit - PAUSE exiting                               = 0 (1)
00:00:00.210422   SecondaryExecCtl - Activate secondary controls          = 0 (1)
00:00:00.210423   VirtApic - Virtualize-APIC accesses                     = 0 (1)
00:00:00.210423   Ept - Extended Page Tables                              = 0 (1)
00:00:00.210425   DescTableExit - Descriptor-table exiting                = 0 (1)
00:00:00.210428   Rdtscp - Enable RDTSCP                                  = 0 (1)
00:00:00.210428   VirtX2ApicMode - Virtualize-x2APIC mode                 = 0 (1)
00:00:00.210429   Vpid - Enable VPID                                      = 0 (1)
00:00:00.210429   WbinvdExit - WBINVD exiting                             = 0 (1)
00:00:00.210430   UnrestrictedGuest - Unrestricted guest                  = 0 (1)
00:00:00.210430   ApicRegVirt - APIC-register virtualization              = 0 (0)
00:00:00.210431   VirtIntDelivery - Virtual-interrupt delivery            = 0 (0)
00:00:00.210431   PauseLoopExit - PAUSE-loop exiting                      = 0 (1)
00:00:00.210431   RdrandExit - RDRAND exiting                             = 0 (1)
00:00:00.210432   Invpcid - Enable INVPCID                                = 0 (1)
00:00:00.210432   VmFuncs - Enable VM Functions                           = 0 (1)
00:00:00.210433   VmcsShadowing - VMCS shadowing                          = 0 (0)
00:00:00.210433   RdseedExiting - RDSEED exiting                          = 0 (1)
00:00:00.210434   PML - Page-Modification Log (PML)                       = 0 (1)
00:00:00.210434   EptVe - EPT violations can cause #VE                    = 0 (1)
00:00:00.210435   XsavesXRstors - Enable XSAVES/XRSTORS                   = 0 (1)
00:00:00.210435   EntryLoadDebugCtls - Load debug controls on VM-entry    = 0 (1)
00:00:00.210436   Ia32eModeGuest - IA-32e mode guest                      = 0 (1)
00:00:00.210436   EntryLoadEferMsr - Load IA32_EFER MSR on VM-entry       = 0 (1)
00:00:00.210437   EntryLoadPatMsr - Load IA32_PAT MSR on VM-entry         = 0 (1)
00:00:00.210437   ExitSaveDebugCtls - Save debug controls on VM-exit      = 0 (1)
00:00:00.210438   HostAddrSpaceSize - Host address-space size             = 0 (1)
00:00:00.210438   ExitAckExtInt - Acknowledge interrupt on VM-exit        = 0 (1)
00:00:00.210439   ExitSavePatMsr - Save IA32_PAT MSR on VM-exit           = 0 (1)
00:00:00.210439   ExitLoadPatMsr - Load IA32_PAT MSR on VM-exit           = 0 (1)
00:00:00.210439   ExitSaveEferMsr - Save IA32_EFER MSR on VM-exit         = 0 (1)
00:00:00.210440   ExitLoadEferMsr - Load IA32_EFER MSR on VM-exit         = 0 (1)
00:00:00.210440   SavePreemptTimer - Save VMX-preemption timer            = 0 (1)
00:00:00.210441   ExitSaveEferLma - Save IA32_EFER.LMA on VM-exit         = 0 (1)
00:00:00.210441   IntelPt - Intel PT (Processor Trace) in VMX operation   = 0 (1)
00:00:00.210442   VmwriteAll - VMWRITE to any supported VMCS field        = 0 (1)
00:00:00.210442   EntryInjectSoftInt - Inject softint. with 0-len instr.  = 0 (1)
00:00:00.210443 
00:00:00.210443 ******************* End of VT-x features ********************
00:00:00.210460 VMEmt: Halt method global1 (5)
00:00:00.210493 VMEmt: HaltedGlobal1 config: cNsSpinBlockThresholdCfg=2000
00:00:00.210497 Changing the VM state from 'CREATING' to 'CREATED'
00:00:00.212600 SharedFolders host service: Adding host mapping
00:00:00.212610     Host path '/Volumes/externalwd/ITMO-453/beyesus/itmo-553/packer-example-code/build/graphitemc', map name 'vagrant', writable, automount=false, automntpnt=, create_symlinks=true, missing=false
00:00:00.213171 Changing the VM state from 'CREATED' to 'POWERING_ON'
00:00:00.213248 Changing the VM state from 'POWERING_ON' to 'RUNNING'
00:00:00.213257 Console: Machine state changed to 'Running'
00:00:00.213691 VBoxHeadless: starting event loop
00:00:00.215786 VMMDev: Guest Log: BIOS: VirtualBox 6.1.26
00:00:00.215848 PCI: Setting up resources and interrupts
00:00:00.215993 PIT: mode=2 count=0x10000 (65536) - 18.20 Hz (ch=0)
00:00:00.227076 Display::i_handleDisplayResize: uScreenId=0 pvVRAM=0000000000000000 w=720 h=400 bpp=0 cbLine=0x0 flags=0x0 origin=0,0
00:00:00.227562 VMMDev: Guest Log: CPUID EDX: 0x178bfbff
00:00:00.227651 PIIX3 ATA: Ctl#0: RESET, DevSel=0 AIOIf=0 CmdIf0=0x00 (-1 usec ago) CmdIf1=0x00 (-1 usec ago)
00:00:00.227683 PIIX3 ATA: Ctl#0: finished processing RESET
00:00:00.228281 VMMDev: Guest Log: BIOS: ata0-0: PCHS=16383/16/63 LCHS=1024/255/63
00:00:00.230265 PIT: mode=2 count=0x48d3 (18643) - 64.00 Hz (ch=0)
00:00:00.262276 Display::i_handleDisplayResize: uScreenId=0 pvVRAM=000000010f04c000 w=640 h=480 bpp=32 cbLine=0xA00 flags=0x0 origin=0,0
00:00:00.566987 NAT: Old socket recv size: 334KB
00:00:00.567007 NAT: Old socket send size: 79KB
00:00:02.707605 PIT: mode=2 count=0x10000 (65536) - 18.20 Hz (ch=0)
00:00:02.708021 VMMDev: Guest Log: BIOS: Boot : bseqnr=1, bootseq=0032
00:00:02.720894 VMMDev: Guest Log: BIOS: Booting from Hard Disk...
00:00:02.740919 PIIX3 ATA: Ctl#0: RESET, DevSel=0 AIOIf=0 CmdIf0=0xc4 (-1 usec ago) CmdIf1=0x00 (-1 usec ago)
00:00:02.741026 PIIX3 ATA: Ctl#0: finished processing RESET
00:00:02.762549 Display::i_handleDisplayResize: uScreenId=0 pvVRAM=0000000000000000 w=720 h=400 bpp=0 cbLine=0x0 flags=0x0 origin=0,0
00:00:03.971059 Display::i_handleDisplayResize: uScreenId=0 pvVRAM=000000010f04c000 w=640 h=480 bpp=32 cbLine=0xA00 flags=0x0 origin=0,0
00:00:06.387689 Display::i_handleDisplayResize: uScreenId=0 pvVRAM=0000000000000000 w=720 h=400 bpp=0 cbLine=0x0 flags=0x0 origin=0,0
00:00:06.444416 GIM: KVM: VCPU  0: Enabled system-time struct. at 0x0000000017c01000 - u32TscScale=0xb7e875b7 i8TscShift=0 uVersion=2 fFlags=0x1 uTsc=0x204f6ac99 uVirtNanoTS=0x17361c2a5 TscKHz=1391999
00:00:06.444436 TM: Switching TSC mode from 'Dynamic' to 'RealTscOffset'
00:00:06.616739 GIM: KVM: Enabled wall-clock struct. at 0x0000000017c00000 - u32Sec=1635188919 u32Nano=665852421 uVersion=2
00:00:06.644481 PIT: mode=2 count=0x12a5 (4773) - 249.98 Hz (ch=0)
00:00:06.644846 APIC0: Switched mode to x2APIC
00:00:06.764809 PIT: mode=0 count=0x10000 (65536) - 18.20 Hz (ch=0)
00:00:07.425731 PIIX3 ATA: Ctl#0: RESET, DevSel=0 AIOIf=0 CmdIf0=0xc4 (-1 usec ago) CmdIf1=0x00 (-1 usec ago)
00:00:07.425893 PIIX3 ATA: Ctl#0: finished processing RESET
00:00:08.005764 Display::i_handleDisplayResize: uScreenId=0 pvVRAM=000000010f04c000 w=1024 h=768 bpp=32 cbLine=0x1000 flags=0x1 origin=0,0
00:00:11.394315 NAT: Link up
00:00:27.924663 VMMDev: Guest Additions information report: Version 6.1.22 r144080 '6.1.22_Ubuntu'
00:00:27.972269 VMMDev: Guest Additions information report: Interface = 0x00010004 osType = 0x00053100 (Linux >= 2.6, 64-bit)
00:00:27.972805 VMMDev: Guest Additions capability report: (0x0 -> 0x0) seamless: no, hostWindowMapping: no, graphics: no
00:00:27.972929 VMMDev: vmmDevReqHandler_HeartbeatConfigure: No change (fHeartbeatActive=false)
00:00:27.972962 VMMDev: Heartbeat flatline timer set to trigger after 4 000 000 000 ns
00:00:27.973019 VMMDev: Guest Log: vgdrvHeartbeatInit: Setting up heartbeat to trigger every 2000 milliseconds
00:00:28.068225 VMMDev: Guest Additions capability report: (0x0 -> 0x0) seamless: no, hostWindowMapping: no, graphics: no
00:00:28.068347 VMMDev: Guest Log: vboxguest: Successfully loaded version 6.1.22_Ubuntu r144080
00:00:28.068378 VMMDev: Guest Log: vboxguest: misc device minor 58, IRQ 20, I/O port d020, MMIO at 00000000f0400000 (size 0x400000)
00:01:02.208251 NAT: DHCP offered IP address 10.0.2.15
00:01:02.247810 NAT: IPv6 not supported
00:01:02.248083 NAT: DHCP offered IP address 10.0.2.15
00:01:05.912112 VMMDev: Guest Log: vboxsf: g_fHostFeatures=0x8000000f g_fSfFeatures=0x1 g_uSfLastFunction=29
00:01:05.912224 VMMDev: Guest Log: vboxsf: Successfully loaded version 6.1.22_Ubuntu r144080 on 5.4.0-89-generic SMP mod_unload modversions  (LINUX_VERSION_CODE=0x5048f)
00:01:05.912640 VMMDev: Guest Log: vboxsf: SHFL_FN_MAP_FOLDER failed for '/vagrant': share not found
