00:00:00.116174 VirtualBox VM 6.1.26 r145957 darwin.amd64 (Jul 28 2021 18:24:31) release log
00:00:00.116191 Log opened 2021-10-25T15:54:50.832338000Z
00:00:00.116192 Build Type: release
00:00:00.116204 OS Product: Darwin
00:00:00.116209 OS Release: 20.6.0
00:00:00.116214 OS Version: Darwin Kernel Version 20.6.0: Mon Aug 30 06:12:21 PDT 2021; root:xnu-7195.141.6~3/RELEASE_X86_64
00:00:00.116293 DMI Product Name: MacBookPro16,3
00:00:00.116335 DMI Product Version: 1.0
00:00:00.116338 Firmware type: failed - VERR_NOT_SUPPORTED
00:00:00.116347 Host RAM: 8192MB (8.0GB) total, 1408MB available
00:00:00.116348 Executable: /Applications/VirtualBox.app/Contents/MacOS/VBoxHeadless
00:00:00.116349 Process ID: 3704
00:00:00.116349 Package type: DARWIN_64BITS_GENERIC
00:00:00.117998 Installed Extension Packs:
00:00:00.118006   None installed!
00:00:00.119909 Console: Machine state changed to 'Starting'
00:00:00.169230 VRDE: VirtualBox Remote Desktop Extension is not available.
00:00:00.171461 SUP: Opened VMMR0.r0 (/Applications/VirtualBox.app/Contents/MacOS/VMMR0.r0) at 0xXXXXXXXXXXXXXXXX loaded by the native ring-0 loader.
00:00:00.174089 Guest OS type: 'Ubuntu_64'
00:00:00.178190 fHMForced=true - No raw-mode support in this build!
00:00:00.187659 File system of '/Volumes/externalwd/ITMO-453/beyesus/packer-example-code/build/riemanna_default_1635170197387_31545/Snapshots' (snapshots) is unknown
00:00:00.187668 File system of '/Volumes/externalwd/ITMO-453/beyesus/packer-example-code/build/riemanna_default_1635170197387_31545/ubuntu-riemanna-disk001.vmdk' is hfs
00:00:00.199488 Shared Clipboard: Service loaded
00:00:00.199513 Shared Clipboard: Mode: Off
00:00:00.199544 Shared Clipboard: Service running in headless mode
00:00:00.200852 Drag and drop service loaded
00:00:00.200861 Drag and drop mode: Off
00:00:00.203721 Per-VM extradata API settings:
00:00:00.203729   VBoxInternal2/SharedFoldersEnableSymlinksCreate/vagrant="1"
00:00:00.203993 ************************* CFGM dump *************************
00:00:00.204026 [/] (level 0)
00:00:00.204028   CpuExecutionCap   <integer> = 0x0000000000000064 (100)
00:00:00.204032   EnablePAE         <integer> = 0x0000000000000001 (1)
00:00:00.204033   HMEnabled         <integer> = 0x0000000000000001 (1)
00:00:00.204033   MemBalloonSize    <integer> = 0x0000000000000000 (0)
00:00:00.204034   Name              <string>  = "riemanna_default_1635170197387_31545" (cb=37)
00:00:00.204035   NumCPUs           <integer> = 0x0000000000000001 (1)
00:00:00.204035   PageFusionAllowed <integer> = 0x0000000000000000 (0)
00:00:00.204036   RamHoleSize       <integer> = 0x0000000020000000 (536 870 912, 512 MB)
00:00:00.204037   RamSize           <integer> = 0x0000000040000000 (1 073 741 824, 1 024 MB)
00:00:00.204039   TimerMillies      <integer> = 0x000000000000000a (10)
00:00:00.204039   UUID              <bytes>   = "c7 d4 b5 1d 35 2f 99 47 ac c3 09 ef a9 ab 68 c4" (cb=16)
00:00:00.204055 
00:00:00.204056 [/CPUM/] (level 1)
00:00:00.204057   GuestCpuName       <string>  = "host" (cb=5)
00:00:00.204058   NestedHWVirt       <integer> = 0x0000000000000000 (0)
00:00:00.204058   PortableCpuIdLevel <integer> = 0x0000000000000000 (0)
00:00:00.204059   SpecCtrl           <integer> = 0x0000000000000000 (0)
00:00:00.204059 
00:00:00.204060 [/CPUM/IsaExts/] (level 2)
00:00:00.204060 
00:00:00.204061 [/DBGC/] (level 1)
00:00:00.204061   GlobalInitScript <string>  = "/Users/birukeyesus/Library/VirtualBox/dbgc-init" (cb=48)
00:00:00.204062   HistoryFile      <string>  = "/Users/birukeyesus/Library/VirtualBox/dbgc-history" (cb=51)
00:00:00.204062   LocalInitScript  <string>  = "/Volumes/externalwd/ITMO-453/beyesus/packer-example-code/build/riemanna_default_1635170197387_31545/dbgc-init" (cb=110)
00:00:00.204063 
00:00:00.204063 [/DBGF/] (level 1)
00:00:00.204064   Path <string>  = "/Volumes/externalwd/ITMO-453/beyesus/packer-example-code/build/riemanna_default_1635170197387_31545/debug/;/Volumes/externalwd/ITMO-453/beyesus/packer-example-code/build/riemanna_default_1635170197387_31545/;cache*/Volumes/externalwd/ITMO-453/beyesus/packer-example-code/build/riemanna_default_1635170197387_31545/dbgcache/;/Users/birukeyesus/" (cb=344)
00:00:00.204065 
00:00:00.204065 [/Devices/] (level 1)
00:00:00.204065 
00:00:00.204066 [/Devices/8237A/] (level 2)
00:00:00.204066 
00:00:00.204067 [/Devices/8237A/0/] (level 3)
00:00:00.204067   Trusted <integer> = 0x0000000000000001 (1)
00:00:00.204068 
00:00:00.204068 [/Devices/GIMDev/] (level 2)
00:00:00.204069 
00:00:00.204069 [/Devices/GIMDev/0/] (level 3)
00:00:00.204070   Trusted <integer> = 0x0000000000000001 (1)
00:00:00.204070 
00:00:00.204070 [/Devices/VMMDev/] (level 2)
00:00:00.204071 
00:00:00.204071 [/Devices/VMMDev/0/] (level 3)
00:00:00.204072   PCIBusNo      <integer> = 0x0000000000000000 (0)
00:00:00.204073   PCIDeviceNo   <integer> = 0x0000000000000004 (4)
00:00:00.204073   PCIFunctionNo <integer> = 0x0000000000000000 (0)
00:00:00.204074   Trusted       <integer> = 0x0000000000000001 (1)
00:00:00.204074 
00:00:00.204074 [/Devices/VMMDev/0/Config/] (level 4)
00:00:00.204075   GuestCoreDumpDir <string>  = "/Volumes/externalwd/ITMO-453/beyesus/packer-example-code/build/riemanna_default_1635170197387_31545/Snapshots" (cb=110)
00:00:00.204076 
00:00:00.204076 [/Devices/VMMDev/0/LUN#0/] (level 4)
00:00:00.204077   Driver <string>  = "HGCM" (cb=5)
00:00:00.204077 
00:00:00.204077 [/Devices/VMMDev/0/LUN#0/Config/] (level 5)
00:00:00.204078   Object <integer> = 0x00007fb4bf204710 (140 414 277 404 432)
00:00:00.204079 
00:00:00.204079 [/Devices/VMMDev/0/LUN#999/] (level 4)
00:00:00.204080   Driver <string>  = "MainStatus" (cb=11)
00:00:00.204081 
00:00:00.204081 [/Devices/VMMDev/0/LUN#999/Config/] (level 5)
00:00:00.204082   First   <integer> = 0x0000000000000000 (0)
00:00:00.204082   Last    <integer> = 0x0000000000000000 (0)
00:00:00.204083   papLeds <integer> = 0x00007fb4bd086190 (140 414 242 283 920)
00:00:00.204084 
00:00:00.204084 [/Devices/acpi/] (level 2)
00:00:00.204085 
00:00:00.204085 [/Devices/acpi/0/] (level 3)
00:00:00.204089   PCIBusNo      <integer> = 0x0000000000000000 (0)
00:00:00.204089   PCIDeviceNo   <integer> = 0x0000000000000007 (7)
00:00:00.204090   PCIFunctionNo <integer> = 0x0000000000000000 (0)
00:00:00.204090   Trusted       <integer> = 0x0000000000000001 (1)
00:00:00.204091 
00:00:00.204091 [/Devices/acpi/0/Config/] (level 4)
00:00:00.204092   CpuHotPlug          <integer> = 0x0000000000000000 (0)
00:00:00.204092   FdcEnabled          <integer> = 0x0000000000000000 (0)
00:00:00.204093   HostBusPciAddress   <integer> = 0x0000000000000000 (0)
00:00:00.204093   HpetEnabled         <integer> = 0x0000000000000000 (0)
00:00:00.204094   IOAPIC              <integer> = 0x0000000000000001 (1)
00:00:00.204094   IocPciAddress       <integer> = 0x0000000000010000 (65 536)
00:00:00.204095   NumCPUs             <integer> = 0x0000000000000001 (1)
00:00:00.204096   Parallel0IoPortBase <integer> = 0x0000000000000000 (0)
00:00:00.204096   Parallel0Irq        <integer> = 0x0000000000000000 (0)
00:00:00.204097   Parallel1IoPortBase <integer> = 0x0000000000000000 (0)
00:00:00.204097   Parallel1Irq        <integer> = 0x0000000000000000 (0)
00:00:00.204098   Serial0IoPortBase   <integer> = 0x0000000000000000 (0)
00:00:00.204098   Serial0Irq          <integer> = 0x0000000000000000 (0)
00:00:00.204099   Serial1IoPortBase   <integer> = 0x0000000000000000 (0)
00:00:00.204099   Serial1Irq          <integer> = 0x0000000000000000 (0)
00:00:00.204100   ShowCpu             <integer> = 0x0000000000000001 (1)
00:00:00.204100   ShowRtc             <integer> = 0x0000000000000000 (0)
00:00:00.204101   SmcEnabled          <integer> = 0x0000000000000000 (0)
00:00:00.204102 
00:00:00.204102 [/Devices/acpi/0/LUN#0/] (level 4)
00:00:00.204103   Driver <string>  = "ACPIHost" (cb=9)
00:00:00.204103 
00:00:00.204103 [/Devices/acpi/0/LUN#0/Config/] (level 5)
00:00:00.204104 
00:00:00.204104 [/Devices/apic/] (level 2)
00:00:00.204105 
00:00:00.204105 [/Devices/apic/0/] (level 3)
00:00:00.204106   Trusted <integer> = 0x0000000000000001 (1)
00:00:00.204106 
00:00:00.204106 [/Devices/apic/0/Config/] (level 4)
00:00:00.204107   IOAPIC  <integer> = 0x0000000000000001 (1)
00:00:00.204108   Mode    <integer> = 0x0000000000000003 (3)
00:00:00.204108   NumCPUs <integer> = 0x0000000000000001 (1)
00:00:00.204109 
00:00:00.204109 [/Devices/e1000/] (level 2)
00:00:00.204109 
00:00:00.204110 [/Devices/e1000/0/] (level 3)
00:00:00.204110   PCIBusNo      <integer> = 0x0000000000000000 (0)
00:00:00.204111   PCIDeviceNo   <integer> = 0x0000000000000003 (3)
00:00:00.204111   PCIFunctionNo <integer> = 0x0000000000000000 (0)
00:00:00.204112   Trusted       <integer> = 0x0000000000000001 (1)
00:00:00.204112 
00:00:00.204113 [/Devices/e1000/0/Config/] (level 4)
00:00:00.204113   AdapterType    <integer> = 0x0000000000000000 (0)
00:00:00.204114   CableConnected <integer> = 0x0000000000000001 (1)
00:00:00.204114   LineSpeed      <integer> = 0x0000000000000000 (0)
00:00:00.204115   MAC            <bytes>   = "08 00 27 24 8e b8" (cb=6)
00:00:00.204116 
00:00:00.204116 [/Devices/e1000/0/LUN#0/] (level 4)
00:00:00.204117   Driver <string>  = "NAT" (cb=4)
00:00:00.204117 
00:00:00.204118 [/Devices/e1000/0/LUN#0/Config/] (level 5)
00:00:00.204119   AliasMode       <integer> = 0x0000000000000000 (0)
00:00:00.204119   BootFile        <string>  = "riemanna_default_1635170197387_31545.pxe" (cb=41)
00:00:00.204120   DNSProxy        <integer> = 0x0000000000000001 (1)
00:00:00.204120   Network         <string>  = "10.0.2.0/24" (cb=12)
00:00:00.204121   PassDomain      <integer> = 0x0000000000000001 (1)
00:00:00.204121   TFTPPrefix      <string>  = "/Users/birukeyesus/Library/VirtualBox/TFTP" (cb=43)
00:00:00.204122   UseHostResolver <integer> = 0x0000000000000000 (0)
00:00:00.204122 
00:00:00.204122 [/Devices/e1000/0/LUN#0/Config/PortForwarding/] (level 6)
00:00:00.204123 
00:00:00.204124 [/Devices/e1000/0/LUN#0/Config/PortForwarding/0/] (level 7)
00:00:00.204125   BindIP    <string>  = "127.0.0.1" (cb=10)
00:00:00.204125   GuestPort <integer> = 0x0000000000000016 (22)
00:00:00.204127   HostPort  <integer> = 0x0000000000000898 (2 200)
00:00:00.204128   Name      <string>  = "ssh" (cb=4)
00:00:00.204128   Protocol  <string>  = "TCP" (cb=4)
00:00:00.204129 
00:00:00.204129 [/Devices/e1000/0/LUN#999/] (level 4)
00:00:00.204130   Driver <string>  = "MainStatus" (cb=11)
00:00:00.204130 
00:00:00.204130 [/Devices/e1000/0/LUN#999/Config/] (level 5)
00:00:00.204131   First   <integer> = 0x0000000000000000 (0)
00:00:00.204132   Last    <integer> = 0x0000000000000000 (0)
00:00:00.204132   papLeds <integer> = 0x00007fb4bd086070 (140 414 242 283 632)
00:00:00.204133 
00:00:00.204133 [/Devices/i8254/] (level 2)
00:00:00.204134 
00:00:00.204134 [/Devices/i8254/0/] (level 3)
00:00:00.204135 
00:00:00.204136 [/Devices/i8254/0/Config/] (level 4)
00:00:00.204136 
00:00:00.204137 [/Devices/i8259/] (level 2)
00:00:00.204137 
00:00:00.204137 [/Devices/i8259/0/] (level 3)
00:00:00.204138   Trusted <integer> = 0x0000000000000001 (1)
00:00:00.204139 
00:00:00.204139 [/Devices/i8259/0/Config/] (level 4)
00:00:00.204140 
00:00:00.204140 [/Devices/ioapic/] (level 2)
00:00:00.204140 
00:00:00.204141 [/Devices/ioapic/0/] (level 3)
00:00:00.204141   Trusted <integer> = 0x0000000000000001 (1)
00:00:00.204142 
00:00:00.204142 [/Devices/ioapic/0/Config/] (level 4)
00:00:00.204143   NumCPUs <integer> = 0x0000000000000001 (1)
00:00:00.204143 
00:00:00.204143 [/Devices/mc146818/] (level 2)
00:00:00.204144 
00:00:00.204144 [/Devices/mc146818/0/] (level 3)
00:00:00.204145 
00:00:00.204145 [/Devices/mc146818/0/Config/] (level 4)
00:00:00.204146   UseUTC <integer> = 0x0000000000000001 (1)
00:00:00.204146 
00:00:00.204146 [/Devices/parallel/] (level 2)
00:00:00.204147 
00:00:00.204147 [/Devices/pcarch/] (level 2)
00:00:00.204148 
00:00:00.204148 [/Devices/pcarch/0/] (level 3)
00:00:00.204149   Trusted <integer> = 0x0000000000000001 (1)
00:00:00.204149 
00:00:00.204149 [/Devices/pcarch/0/Config/] (level 4)
00:00:00.204150 
00:00:00.204150 [/Devices/pcbios/] (level 2)
00:00:00.204151 
00:00:00.204151 [/Devices/pcbios/0/] (level 3)
00:00:00.204152   Trusted <integer> = 0x0000000000000001 (1)
00:00:00.204152 
00:00:00.204152 [/Devices/pcbios/0/Config/] (level 4)
00:00:00.204153   APIC           <integer> = 0x0000000000000001 (1)
00:00:00.204154   BootDevice0    <string>  = "IDE" (cb=4)
00:00:00.204154   BootDevice1    <string>  = "DVD" (cb=4)
00:00:00.204155   BootDevice2    <string>  = "NONE" (cb=5)
00:00:00.204155   BootDevice3    <string>  = "NONE" (cb=5)
00:00:00.204156   FloppyDevice   <string>  = "i82078" (cb=7)
00:00:00.204156   HardDiskDevice <string>  = "piix3ide" (cb=9)
00:00:00.204157   IOAPIC         <integer> = 0x0000000000000001 (1)
00:00:00.204157   McfgBase       <integer> = 0x0000000000000000 (0)
00:00:00.204158   McfgLength     <integer> = 0x0000000000000000 (0)
00:00:00.204158   NumCPUs        <integer> = 0x0000000000000001 (1)
00:00:00.204159   PXEDebug       <integer> = 0x0000000000000000 (0)
00:00:00.204159   UUID           <bytes>   = "c7 d4 b5 1d 35 2f 99 47 ac c3 09 ef a9 ab 68 c4" (cb=16)
00:00:00.204161   UuidLe         <integer> = 0x0000000000000001 (1)
00:00:00.204161 
00:00:00.204162 [/Devices/pcbios/0/Config/NetBoot/] (level 5)
00:00:00.204163 
00:00:00.204163 [/Devices/pcbios/0/Config/NetBoot/0/] (level 6)
00:00:00.204164   NIC           <integer> = 0x0000000000000000 (0)
00:00:00.204164   PCIBusNo      <integer> = 0x0000000000000000 (0)
00:00:00.204165   PCIDeviceNo   <integer> = 0x0000000000000003 (3)
00:00:00.204165   PCIFunctionNo <integer> = 0x0000000000000000 (0)
00:00:00.204166 
00:00:00.204166 [/Devices/pci/] (level 2)
00:00:00.204167 
00:00:00.204167 [/Devices/pci/0/] (level 3)
00:00:00.204168   Trusted <integer> = 0x0000000000000001 (1)
00:00:00.204168 
00:00:00.204169 [/Devices/pci/0/Config/] (level 4)
00:00:00.204169   IOAPIC <integer> = 0x0000000000000001 (1)
00:00:00.204170 
00:00:00.204170 [/Devices/pcibridge/] (level 2)
00:00:00.204171 
00:00:00.204171 [/Devices/pckbd/] (level 2)
00:00:00.204171 
00:00:00.204172 [/Devices/pckbd/0/] (level 3)
00:00:00.204172   Trusted <integer> = 0x0000000000000001 (1)
00:00:00.204174 
00:00:00.204175 [/Devices/pckbd/0/Config/] (level 4)
00:00:00.204175 
00:00:00.204176 [/Devices/pckbd/0/LUN#0/] (level 4)
00:00:00.204176   Driver <string>  = "KeyboardQueue" (cb=14)
00:00:00.204177 
00:00:00.204177 [/Devices/pckbd/0/LUN#0/AttachedDriver/] (level 5)
00:00:00.204178   Driver <string>  = "MainKeyboard" (cb=13)
00:00:00.204178 
00:00:00.204178 [/Devices/pckbd/0/LUN#0/AttachedDriver/Config/] (level 6)
00:00:00.204179   Object <integer> = 0x00007fb4bcf076d0 (140 414 240 716 496)
00:00:00.204180 
00:00:00.204181 [/Devices/pckbd/0/LUN#0/Config/] (level 5)
00:00:00.204181   QueueSize <integer> = 0x0000000000000040 (64)
00:00:00.204182 
00:00:00.204182 [/Devices/pckbd/0/LUN#1/] (level 4)
00:00:00.204183   Driver <string>  = "MouseQueue" (cb=11)
00:00:00.204183 
00:00:00.204183 [/Devices/pckbd/0/LUN#1/AttachedDriver/] (level 5)
00:00:00.204184   Driver <string>  = "MainMouse" (cb=10)
00:00:00.204185 
00:00:00.204185 [/Devices/pckbd/0/LUN#1/AttachedDriver/Config/] (level 6)
00:00:00.204186   Object <integer> = 0x00007fb4bcf07b30 (140 414 240 717 616)
00:00:00.204187 
00:00:00.204187 [/Devices/pckbd/0/LUN#1/Config/] (level 5)
00:00:00.204188   QueueSize <integer> = 0x0000000000000080 (128)
00:00:00.204188 
00:00:00.204189 [/Devices/pcnet/] (level 2)
00:00:00.204189 
00:00:00.204189 [/Devices/piix3ide/] (level 2)
00:00:00.204190 
00:00:00.204190 [/Devices/piix3ide/0/] (level 3)
00:00:00.204191   PCIBusNo      <integer> = 0x0000000000000000 (0)
00:00:00.204192   PCIDeviceNo   <integer> = 0x0000000000000001 (1)
00:00:00.204192   PCIFunctionNo <integer> = 0x0000000000000001 (1)
00:00:00.204193   Trusted       <integer> = 0x0000000000000001 (1)
00:00:00.204193 
00:00:00.204193 [/Devices/piix3ide/0/Config/] (level 4)
00:00:00.204194   Type <string>  = "PIIX4" (cb=6)
00:00:00.204194 
00:00:00.204195 [/Devices/piix3ide/0/LUN#0/] (level 4)
00:00:00.204195   Driver <string>  = "VD" (cb=3)
00:00:00.204196 
00:00:00.204196 [/Devices/piix3ide/0/LUN#0/Config/] (level 5)
00:00:00.204197   Format    <string>  = "VMDK" (cb=5)
00:00:00.204197   Mountable <integer> = 0x0000000000000000 (0)
00:00:00.204198   Path      <string>  = "/Volumes/externalwd/ITMO-453/beyesus/packer-example-code/build/riemanna_default_1635170197387_31545/ubuntu-riemanna-disk001.vmdk" (cb=129)
00:00:00.204198   Type      <string>  = "HardDisk" (cb=9)
00:00:00.204199 
00:00:00.204199 [/Devices/piix3ide/0/LUN#999/] (level 4)
00:00:00.204200   Driver <string>  = "MainStatus" (cb=11)
00:00:00.204200 
00:00:00.204200 [/Devices/piix3ide/0/LUN#999/Config/] (level 5)
00:00:00.204202   DeviceInstance        <string>  = "piix3ide/0" (cb=11)
00:00:00.204202   First                 <integer> = 0x0000000000000000 (0)
00:00:00.204203   Last                  <integer> = 0x0000000000000003 (3)
00:00:00.204204   pConsole              <integer> = 0x00007fb4bd084e00 (140 414 242 278 912)
00:00:00.204205   papLeds               <integer> = 0x00007fb4bd085578 (140 414 242 280 824)
00:00:00.204206   pmapMediumAttachments <integer> = 0x00007fb4bd0861b0 (140 414 242 283 952)
00:00:00.204207 
00:00:00.204207 [/Devices/serial/] (level 2)
00:00:00.204207 
00:00:00.204208 [/Devices/vga/] (level 2)
00:00:00.204208 
00:00:00.204208 [/Devices/vga/0/] (level 3)
00:00:00.204209   PCIBusNo      <integer> = 0x0000000000000000 (0)
00:00:00.204210   PCIDeviceNo   <integer> = 0x0000000000000002 (2)
00:00:00.204210   PCIFunctionNo <integer> = 0x0000000000000000 (0)
00:00:00.204211   Trusted       <integer> = 0x0000000000000001 (1)
00:00:00.204211 
00:00:00.204211 [/Devices/vga/0/Config/] (level 4)
00:00:00.204212   3DEnabled        <integer> = 0x0000000000000000 (0)
00:00:00.204213   CustomVideoModes <integer> = 0x0000000000000000 (0)
00:00:00.204213   FadeIn           <integer> = 0x0000000000000001 (1)
00:00:00.204214   FadeOut          <integer> = 0x0000000000000001 (1)
00:00:00.204215   HeightReduction  <integer> = 0x0000000000000000 (0)
00:00:00.204215   LogoFile         <string>  = "" (cb=1)
00:00:00.204216   LogoTime         <integer> = 0x0000000000000000 (0)
00:00:00.204218   MonitorCount     <integer> = 0x0000000000000001 (1)
00:00:00.204218   ShowBootMenu     <integer> = 0x0000000000000002 (2)
00:00:00.204219   VRamSize         <integer> = 0x0000000000400000 (4 194 304, 4 MB)
00:00:00.204220 
00:00:00.204220 [/Devices/vga/0/LUN#0/] (level 4)
00:00:00.204221   Driver <string>  = "MainDisplay" (cb=12)
00:00:00.204221 
00:00:00.204222 [/Devices/vga/0/LUN#0/Config/] (level 5)
00:00:00.204222   Object <integer> = 0x00007fb4be00e000 (140 414 258 569 216)
00:00:00.204223 
00:00:00.204223 [/Devices/vga/0/LUN#999/] (level 4)
00:00:00.204224   Driver <string>  = "MainStatus" (cb=11)
00:00:00.204225 
00:00:00.204225 [/Devices/vga/0/LUN#999/Config/] (level 5)
00:00:00.204226   First   <integer> = 0x0000000000000000 (0)
00:00:00.204226   Last    <integer> = 0x0000000000000000 (0)
00:00:00.204227   papLeds <integer> = 0x00007fb4bd0861a8 (140 414 242 283 944)
00:00:00.204228 
00:00:00.204228 [/Devices/virtio-net/] (level 2)
00:00:00.204229 
00:00:00.204229 [/EM/] (level 1)
00:00:00.204230   TripleFaultReset <integer> = 0x0000000000000000 (0)
00:00:00.204230 
00:00:00.204230 [/GIM/] (level 1)
00:00:00.204231   Provider <string>  = "KVM" (cb=4)
00:00:00.204231 
00:00:00.204231 [/HM/] (level 1)
00:00:00.204232   64bitEnabled       <integer> = 0x0000000000000001 (1)
00:00:00.204233   EnableLargePages   <integer> = 0x0000000000000001 (1)
00:00:00.204233   EnableNestedPaging <integer> = 0x0000000000000001 (1)
00:00:00.204234   EnableUX           <integer> = 0x0000000000000001 (1)
00:00:00.204235   EnableVPID         <integer> = 0x0000000000000001 (1)
00:00:00.204235   Exclusive          <integer> = 0x0000000000000000 (0)
00:00:00.204236   HMForced           <integer> = 0x0000000000000001 (1)
00:00:00.204236   IBPBOnVMEntry      <integer> = 0x0000000000000000 (0)
00:00:00.204237   IBPBOnVMExit       <integer> = 0x0000000000000000 (0)
00:00:00.204237   L1DFlushOnSched    <integer> = 0x0000000000000001 (1)
00:00:00.204238   L1DFlushOnVMEntry  <integer> = 0x0000000000000000 (0)
00:00:00.204238   MDSClearOnSched    <integer> = 0x0000000000000001 (1)
00:00:00.204239   MDSClearOnVMEntry  <integer> = 0x0000000000000000 (0)
00:00:00.204239   SpecCtrlByHost     <integer> = 0x0000000000000000 (0)
00:00:00.204240   UseNEMInstead      <integer> = 0x0000000000000000 (0)
00:00:00.204240 
00:00:00.204240 [/MM/] (level 1)
00:00:00.204241   CanUseLargerHeap <integer> = 0x0000000000000000 (0)
00:00:00.204241 
00:00:00.204242 [/NEM/] (level 1)
00:00:00.204242   Allow64BitGuests <integer> = 0x0000000000000001 (1)
00:00:00.204243 
00:00:00.204243 [/PDM/] (level 1)
00:00:00.204244 
00:00:00.204244 [/PDM/AsyncCompletion/] (level 2)
00:00:00.204244 
00:00:00.204245 [/PDM/AsyncCompletion/File/] (level 3)
00:00:00.204245 
00:00:00.204245 [/PDM/AsyncCompletion/File/BwGroups/] (level 4)
00:00:00.204246 
00:00:00.204246 [/PDM/BlkCache/] (level 2)
00:00:00.204247   CacheSize <integer> = 0x0000000000500000 (5 242 880, 5 MB)
00:00:00.204248 
00:00:00.204248 [/PDM/Devices/] (level 2)
00:00:00.204249 
00:00:00.204249 [/PDM/Drivers/] (level 2)
00:00:00.204250 
00:00:00.204250 [/PDM/Drivers/VBoxC/] (level 3)
00:00:00.204250   Path <string>  = "/Applications/VirtualBox.app/Contents/MacOS/components/VBoxC" (cb=61)
00:00:00.204251 
00:00:00.204251 [/PDM/NetworkShaper/] (level 2)
00:00:00.204252 
00:00:00.204252 [/PDM/NetworkShaper/BwGroups/] (level 3)
00:00:00.204253 
00:00:00.204253 [/TM/] (level 1)
00:00:00.204253   UTCOffset <integer> = 0x0000000000000000 (0)
00:00:00.204254 
00:00:00.204254 ********************* End of CFGM dump **********************
00:00:00.204406 HM: HMR3Init: VT-x w/ nested paging and unrestricted guest execution hw support
00:00:00.204424 MM: cbHyperHeap=0x200000 (2097152)
00:00:00.206846 CPUM: fXStateHostMask=0x7; initial: 0x7; host XCR0=0x7
00:00:00.207698 CPUM: Matched host CPU INTEL 0x6/0x8e/0xa Intel_Core7_CoffeeLake with CPU DB entry 'Intel Core i7-6700K' (INTEL 0x6/0x5e/0x3 Intel_Core7_Skylake)
00:00:00.207885 CPUM: MXCSR_MASK=0xffff (host: 0xffff)
00:00:00.207931 CPUM: Microcode revision 0x000000EA
00:00:00.207964 CPUM: Changing leaf 13[0]: EBX=0x340 -> 0x340, ECX=0x440 -> 0x340
00:00:00.207999 CPUM: MSR/CPUID reconciliation insert: 0x0000010b IA32_FLUSH_CMD
00:00:00.208038 CPUM: SetGuestCpuIdFeature: Enabled PAE
00:00:00.208326 PGM: Host paging mode: AMD64+PGE+NX
00:00:00.208332 PGM: PGMPool: cMaxPages=768 (u64MaxPages=545)
00:00:00.208335 PGM: pgmR3PoolInit: cMaxPages=0x300 cMaxUsers=0x600 cMaxPhysExts=0x600 fCacheEnable=true 
00:00:00.215102 TM: GIP - u32Mode=3 (Invariant) u32UpdateHz=100 u32UpdateIntervalNS=10000000 enmUseTscDelta=2 (Practically Zero) fGetGipCpu=0x15 cCpus=8
00:00:00.215102 TM: GIP - u64CpuHz=1 392 000 000 (0x52f83c00)  SUPGetCpuHzFromGip => 1 392 000 000
00:00:00.215102 TM: GIP - CPU: iCpuSet=0x0 idCpu=0x0 idApic=0x0 iGipCpu=0x5 i64TSCDelta=0 enmState=3 u64CpuHz=1391999994(*) cErrors=0
00:00:00.215102 TM: GIP - CPU: iCpuSet=0x1 idCpu=0x1 idApic=0x1 iGipCpu=0x4 i64TSCDelta=0 enmState=3 u64CpuHz=1391999995(*) cErrors=0
00:00:00.215102 TM: GIP - CPU: iCpuSet=0x2 idCpu=0x2 idApic=0x2 iGipCpu=0x7 i64TSCDelta=0 enmState=3 u64CpuHz=1392000000(*) cErrors=0
00:00:00.215102 TM: GIP - CPU: iCpuSet=0x3 idCpu=0x3 idApic=0x3 iGipCpu=0x6 i64TSCDelta=0 enmState=3 u64CpuHz=1392000000(*) cErrors=0
00:00:00.215102 TM: GIP - CPU: iCpuSet=0x4 idCpu=0x4 idApic=0x4 iGipCpu=0x3 i64TSCDelta=0 enmState=3 u64CpuHz=1392000004(*) cErrors=0
00:00:00.215102 TM: GIP - CPU: iCpuSet=0x5 idCpu=0x5 idApic=0x5 iGipCpu=0x2 i64TSCDelta=0 enmState=3 u64CpuHz=1391999973(*) cErrors=0
00:00:00.215102 TM: GIP - CPU: iCpuSet=0x6 idCpu=0x6 idApic=0x6 iGipCpu=0x0 i64TSCDelta=0 enmState=3 u64CpuHz=1392000000(*) cErrors=0
00:00:00.215102 TM: GIP - CPU: iCpuSet=0x7 idCpu=0x7 idApic=0x7 iGipCpu=0x1 i64TSCDelta=0 enmState=3 u64CpuHz=1391995658(*) cErrors=0
00:00:00.215585 TM: cTSCTicksPerSecond=1 392 000 000 (0x52f83c00) enmTSCMode=3 (Dynamic)
00:00:00.215586 TM: TSCTiedToExecution=false TSCNotTiedToHalt=false
00:00:00.216239 EMR3Init: fIemExecutesAll=false fGuruOnTripleFault=true 
00:00:00.216346 IEM: TargetCpu=CURRENT, Microarch=Intel_Core7_CoffeeLake
00:00:00.216548 GIM: Using provider 'KVM' (Implementation version: 0)
00:00:00.216555 CPUM: SetGuestCpuIdFeature: Enabled Hypervisor Present bit
00:00:00.216668 AIOMgr: Default manager type is 'Async'
00:00:00.216672 AIOMgr: Default file backend is 'NonBuffered'
00:00:00.216749 BlkCache: Cache successfully initialized. Cache size is 5242880 bytes
00:00:00.216756 BlkCache: Cache commit interval is 10000 ms
00:00:00.216759 BlkCache: Cache commit threshold is 2621440 bytes
00:00:00.287456 PcBios: [SMP] BIOS with 1 CPUs
00:00:00.287482 PcBios: Using the 386+ BIOS image.
00:00:00.287564 PcBios: MPS table at 000e1300
00:00:00.288665 PcBios: fCheckShutdownStatusForSoftReset=true   fClearShutdownStatusOnHardReset=true 
00:00:00.289524 SUP: Opened VBoxDDR0.r0 (/Applications/VirtualBox.app/Contents/MacOS/VBoxDDR0.r0) at 0xXXXXXXXXXXXXXXXX loaded by the native ring-0 loader.
00:00:00.289862 CPUM: SetGuestCpuIdFeature: Enabled xAPIC
00:00:00.289867 CPUM: SetGuestCpuIdFeature: Enabled x2APIC
00:00:00.290219 IOAPIC: Using implementation 2.0! Chipset type ICH9
00:00:00.290321 PIT: mode=3 count=0x10000 (65536) - 18.20 Hz (ch=0)
00:00:00.290636 VMMDev: cbDefaultBudget: 134 217 728 (8000000)
00:00:00.298634 Shared Folders service loaded
00:00:00.299743 Guest Control service loaded
00:00:00.308844 VGA: Using the 386+ BIOS image.
00:00:00.318099 DrvVD: Flushes will be ignored
00:00:00.318108 DrvVD: Async flushes will be passed to the disk
00:00:00.318283 VD: VDInit finished with VINF_SUCCESS
00:00:00.319410 VD: Opening the disk took 1293416 ns
00:00:00.319451 PIIX3 ATA: LUN#0: disk, PCHS=16383/16/63, total number of sectors 20480000
00:00:00.319585 PIIX3 ATA: LUN#1: no unit
00:00:00.319627 PIIX3 ATA: LUN#2: no unit
00:00:00.319631 PIIX3 ATA: LUN#3: no unit
00:00:00.319793 PIIX3 ATA: Ctl#0: finished processing RESET
00:00:00.319808 PIIX3 ATA: Ctl#1: finished processing RESET
00:00:00.320127 E1000#0: Chip=82540EM LinkUpDelay=3000ms EthernetCRC=on GSO=enabled Itr=disabled ItrRx=enabled TID=disabled R0=enabled RC=disabled
00:00:00.329913 NAT: Guest address guess set to 10.0.2.15 by initialization
00:00:00.330205 NAT: resolv.conf: nameserver 2001:558:feed::1
00:00:00.330216 NAT: resolv.conf: nameserver 2001:558:feed::2
00:00:00.330220 NAT: resolv.conf: nameserver 75.75.75.75
00:00:00.330224 NAT: resolv.conf: nameserver 75.75.76.76
00:00:00.330240 NAT: Adding domain name hsd1.il.comcast.net
00:00:00.330243 NAT: DNS#0: 75.75.75.75
00:00:00.330246 NAT: DNS#1: 75.75.76.76
00:00:00.330314 NAT: Set redirect TCP 127.0.0.1:2200 -> 0.0.0.0:22
00:00:00.333088 PGM: The CPU physical address width is 39 bits
00:00:00.333100 PGM: PGMR3InitFinalize: 4 MB PSE mask 0000007fffffffff -> VINF_SUCCESS
00:00:00.333130 TM: TMR3InitFinalize: fTSCModeSwitchAllowed=true 
00:00:00.333671 VMM: Thread-context hooks unavailable
00:00:00.333678 VMM: RTThreadPreemptIsPending() can be trusted
00:00:00.333681 VMM: Kernel preemption is possible
00:00:00.333769 HM: fWorldSwitcher=0x0 (fIbpbOnVmExit=false fIbpbOnVmEntry=false fL1dFlushOnVmEntry=false); fL1dFlushOnSched=true  fMdsClearOnVmEntry=false
00:00:00.333885 HM: Using VT-x implementation 3.0
00:00:00.333887 HM: Max resume loops                  = 8192
00:00:00.333887 HM: Host CR4                          = 0x3626e0
00:00:00.333888 HM: Host EFER                         = 0xd01
00:00:00.333889 HM: MSR_IA32_SMM_MONITOR_CTL          = 0x0
00:00:00.333890 HM: MSR_IA32_FEATURE_CONTROL          = 0x5
00:00:00.333890 HM:   LOCK
00:00:00.333890 HM:   VMXON
00:00:00.333891 HM: MSR_IA32_VMX_BASIC                = 0xda040000000004
00:00:00.333891 HM:   VMCS id                           = 0x4
00:00:00.333892 HM:   VMCS size                         = 1024 bytes
00:00:00.333892 HM:   VMCS physical address limit       = None
00:00:00.333975 HM:   VMCS memory type                  = Write Back (WB)
00:00:00.333976 HM:   Dual-monitor treatment support    = true 
00:00:00.333976 HM:   OUTS & INS instruction-info       = true 
00:00:00.333976 HM:   Supports true-capability MSRs     = true 
00:00:00.333977 HM:   VM-entry Xcpt error-code optional = false
00:00:00.333977 HM: MSR_IA32_VMX_PINBASED_CTLS        = 0x7f00000016
00:00:00.333978 HM:   EXT_INT_EXIT
00:00:00.333978 HM:   NMI_EXIT
00:00:00.333978 HM:   VIRTUAL_NMI
00:00:00.333978 HM:   PREEMPT_TIMER
00:00:00.333979 HM:   POSTED_INT (must be cleared)
00:00:00.333979 HM: MSR_IA32_VMX_PROCBASED_CTLS       = 0xfff9fffe0401e172
00:00:00.333980 HM:   INT_WINDOW_EXIT
00:00:00.333980 HM:   USE_TSC_OFFSETTING
00:00:00.333980 HM:   HLT_EXIT
00:00:00.333980 HM:   INVLPG_EXIT
00:00:00.333981 HM:   MWAIT_EXIT
00:00:00.333981 HM:   RDPMC_EXIT
00:00:00.333981 HM:   RDTSC_EXIT
00:00:00.333981 HM:   CR3_LOAD_EXIT (must be set)
00:00:00.333982 HM:   CR3_STORE_EXIT (must be set)
00:00:00.333982 HM:   CR8_LOAD_EXIT
00:00:00.333982 HM:   CR8_STORE_EXIT
00:00:00.333982 HM:   USE_TPR_SHADOW
00:00:00.333982 HM:   NMI_WINDOW_EXIT
00:00:00.333983 HM:   MOV_DR_EXIT
00:00:00.333983 HM:   UNCOND_IO_EXIT
00:00:00.333983 HM:   USE_IO_BITMAPS
00:00:00.333983 HM:   MONITOR_TRAP_FLAG
00:00:00.333984 HM:   USE_MSR_BITMAPS
00:00:00.333984 HM:   MONITOR_EXIT
00:00:00.333984 HM:   PAUSE_EXIT
00:00:00.333984 HM:   USE_SECONDARY_CTLS
00:00:00.334013 HM: MSR_IA32_VMX_PROCBASED_CTLS2      = 0x5fbcff00000000
00:00:00.334015 HM:   VIRT_APIC_ACCESS
00:00:00.334015 HM:   EPT
00:00:00.334016 HM:   DESC_TABLE_EXIT
00:00:00.334016 HM:   RDTSCP
00:00:00.334016 HM:   VIRT_X2APIC_MODE
00:00:00.334016 HM:   VPID
00:00:00.334016 HM:   WBINVD_EXIT
00:00:00.334017 HM:   UNRESTRICTED_GUEST
00:00:00.334017 HM:   APIC_REG_VIRT (must be cleared)
00:00:00.334017 HM:   VIRT_INT_DELIVERY (must be cleared)
00:00:00.334017 HM:   PAUSE_LOOP_EXIT
00:00:00.334018 HM:   RDRAND_EXIT
00:00:00.334018 HM:   INVPCID
00:00:00.334043 HM:   VMFUNC
00:00:00.334043 HM:   VMCS_SHADOWING (must be cleared)
00:00:00.334043 HM:   ENCLS_EXIT
00:00:00.334044 HM:   RDSEED_EXIT
00:00:00.334044 HM:   PML
00:00:00.334044 HM:   EPT_VE
00:00:00.334044 HM:   CONCEAL_VMX_FROM_PT
00:00:00.334045 HM:   XSAVES_XRSTORS
00:00:00.334045 HM:   MODE_BASED_EPT_PERM
00:00:00.334045 HM:   SPPTP_EPT (must be cleared)
00:00:00.334045 HM:   PT_EPT (must be cleared)
00:00:00.334046 HM:   TSC_SCALING (must be cleared)
00:00:00.334046 HM:   USER_WAIT_PAUSE (must be cleared)
00:00:00.334046 HM:   ENCLV_EXIT (must be cleared)
00:00:00.334046 HM: MSR_IA32_VMX_ENTRY_CTLS           = 0x3ffff000011ff
00:00:00.334047 HM:   LOAD_DEBUG (must be set)
00:00:00.334047 HM:   IA32E_MODE_GUEST
00:00:00.334048 HM:   ENTRY_TO_SMM
00:00:00.334048 HM:   DEACTIVATE_DUAL_MON
00:00:00.334048 HM:   LOAD_PERF_MSR
00:00:00.334048 HM:   LOAD_PAT_MSR
00:00:00.334048 HM:   LOAD_EFER_MSR
00:00:00.334049 HM:   LOAD_BNDCFGS_MSR
00:00:00.334049 HM:   CONCEAL_VMX_FROM_PT
00:00:00.334049 HM:   LOAD_RTIT_CTL_MSR (must be cleared)
00:00:00.334049 HM: MSR_IA32_VMX_EXIT_CTLS            = 0x1ffffff00036dff
00:00:00.334050 HM:   SAVE_DEBUG (must be set)
00:00:00.334050 HM:   HOST_ADDR_SPACE_SIZE
00:00:00.334051 HM:   LOAD_PERF_MSR
00:00:00.334051 HM:   ACK_EXT_INT
00:00:00.334051 HM:   SAVE_PAT_MSR
00:00:00.334051 HM:   LOAD_PAT_MSR
00:00:00.334051 HM:   SAVE_EFER_MSR
00:00:00.334052 HM:   LOAD_EFER_MSR
00:00:00.334052 HM:   SAVE_PREEMPT_TIMER
00:00:00.334052 HM:   CLEAR_BNDCFGS_MSR
00:00:00.334053 HM:   CONCEAL_VMX_FROM_PT
00:00:00.334053 HM:   CLEAR_RTIT_CTL_MSR (must be cleared)
00:00:00.334053 HM: MSR_IA32_VMX_TRUE_PINBASED_CTLS   = 0x7f00000016
00:00:00.334054 HM: MSR_IA32_VMX_TRUE_PROCBASED_CTLS  = 0xfff9fffe04006172
00:00:00.334054 HM: MSR_IA32_VMX_TRUE_ENTRY_CTLS      = 0x3ffff000011fb
00:00:00.334055 HM: MSR_IA32_VMX_TRUE_EXIT_CTLS       = 0x1ffffff00036dfb
00:00:00.334056 HM: MSR_IA32_VMX_MISC                 = 0x7004c1e7
00:00:00.334056 HM:   PREEMPT_TIMER_TSC                 = 0x7
00:00:00.334056 HM:   EXIT_SAVE_EFER_LMA                = true 
00:00:00.334057 HM:   ACTIVITY_STATES                   = 0x7 ( HLT SHUTDOWN SIPI_WAIT )
00:00:00.334057 HM:   INTEL_PT                          = true 
00:00:00.334058 HM:   SMM_READ_SMBASE_MSR               = true 
00:00:00.334087 HM:   CR3_TARGET                        = 0x4
00:00:00.334088 HM:   MAX_MSR                           = 0x0 ( 512 )
00:00:00.334088 HM:   VMXOFF_BLOCK_SMI                  = true 
00:00:00.334089 HM:   VMWRITE_ALL                       = true 
00:00:00.334089 HM:   ENTRY_INJECT_SOFT_INT             = 0x1
00:00:00.334090 HM:   MSEG_ID                           = 0x0
00:00:00.334090 HM: MSR_IA32_VMX_VMCS_ENUM            = 0x2e
00:00:00.334090 HM:   HIGHEST_IDX                       = 0x17
00:00:00.334091 HM: MSR_IA32_VMX_EPT_VPID_CAP         = 0xf0106734141
00:00:00.334091 HM:   RWX_X_ONLY
00:00:00.334091 HM:   PAGE_WALK_LENGTH_4
00:00:00.334092 HM:   EMT_UC
00:00:00.334092 HM:   EMT_WB
00:00:00.334092 HM:   PDE_2M
00:00:00.334092 HM:   PDPTE_1G
00:00:00.334093 HM:   INVEPT
00:00:00.334093 HM:   EPT_ACCESS_DIRTY
00:00:00.334093 HM:   ADVEXITINFO_EPT
00:00:00.334093 HM:   INVEPT_SINGLE_CONTEXT
00:00:00.334093 HM:   INVEPT_ALL_CONTEXTS
00:00:00.334094 HM:   INVVPID
00:00:00.334094 HM:   INVVPID_INDIV_ADDR
00:00:00.334094 HM:   INVVPID_SINGLE_CONTEXT
00:00:00.334096 HM:   INVVPID_ALL_CONTEXTS
00:00:00.334096 HM:   INVVPID_SINGLE_CONTEXT_RETAIN_GLOBALS
00:00:00.334096 HM: MSR_IA32_VMX_VMFUNC               = 0x1
00:00:00.334097 HM:   EPTP_SWITCHING
00:00:00.334097 HM: MSR_IA32_VMX_CR0_FIXED0           = 0x80000021
00:00:00.334097 HM: MSR_IA32_VMX_CR0_FIXED1           = 0xffffffff
00:00:00.334098 HM: MSR_IA32_VMX_CR4_FIXED0           = 0x2000
00:00:00.334098 HM: MSR_IA32_VMX_CR4_FIXED1           = 0x3727ff
00:00:00.334099 HM: APIC-access page physaddr         = 0x0000000217038000
00:00:00.334099 HM: VCPU  0: MSR bitmap physaddr      = 0x00000001945dd000
00:00:00.334100 HM: VCPU  0: VMCS physaddr            = 0x000000011a5e8000
00:00:00.334101 HM: Guest support: 32-bit and 64-bit
00:00:00.334115 HM: Supports VMCS EFER fields         = true 
00:00:00.334116 HM: Enabled VMX
00:00:00.334118 CPUM: SetGuestCpuIdFeature: Enabled SYSENTER/EXIT
00:00:00.334119 CPUM: SetGuestCpuIdFeature: Enabled PAE
00:00:00.334119 CPUM: SetGuestCpuIdFeature: Enabled LONG MODE
00:00:00.334119 CPUM: SetGuestCpuIdFeature: Enabled SYSCALL/RET
00:00:00.334120 CPUM: SetGuestCpuIdFeature: Enabled LAHF/SAHF
00:00:00.334120 CPUM: SetGuestCpuIdFeature: Enabled NX
00:00:00.334120 HM: Enabled nested paging
00:00:00.334120 HM:   EPT flush type                  = Single context
00:00:00.334121 HM: Enabled unrestricted guest execution
00:00:00.334121 HM: Enabled large page support
00:00:00.334121 HM: Enabled VPID
00:00:00.334121 HM:   VPID flush type                 = Single context
00:00:00.334124 HM: Enabled VMX-preemption timer (cPreemptTimerShift=7)
00:00:00.334125 HM: VT-x/AMD-V init method: Global
00:00:00.334125 EM: Exit history optimizations: enabled=true  enabled-r0=true  enabled-r0-no-preemption=false
00:00:00.334206 PcBios: ATA LUN#0 LCHS=1024/255/63
00:00:00.334247 APIC: fPostedIntrsEnabled=false fVirtApicRegsEnabled=false fSupportsTscDeadline=false
00:00:00.334254 TMR3UtcNow: nsNow=1 635 177 291 050 441 000 nsPrev=0 -> cNsDelta=1 635 177 291 050 441 000 (offLag=0 offVirtualSync=0 offVirtualSyncGivenUp=0, NowAgain=1 635 177 291 050 441 000)
00:00:00.334261 VMM: fUsePeriodicPreemptionTimers=false
00:00:00.341037 CPUM: Logical host processors: 8 present, 8 max, 8 online, online mask: 00000000000000ff
00:00:00.341042 CPUM: Physical host cores: 4
00:00:00.341042 ************************* CPUID dump ************************
00:00:00.341075          Raw Standard CPUID Leaves
00:00:00.341075      Leaf/sub-leaf  eax      ebx      ecx      edx
00:00:00.341076 Gst: 00000000/0000  00000016 756e6547 6c65746e 49656e69
00:00:00.341077 Hst:                00000016 756e6547 6c65746e 49656e69
00:00:00.341078 Gst: 00000001/0000  000806ea 00010800 d6fa220b 178bfbff
00:00:00.341079 Hst:                000806ea 04100800 7ffafbbf bfebfbff
00:00:00.341079 Gst: 00000002/0000  76036301 00f0b5ff 00000000 00c30000
00:00:00.341080 Hst:                76036301 00f0b5ff 00000000 00c30000
00:00:00.341081 Gst: 00000003/0000  00000000 00000000 00000000 00000000
00:00:00.341082 Hst:                00000000 00000000 00000000 00000000
00:00:00.341082 Gst: 00000004/0000  00000121 01c0003f 0000003f 00000000
00:00:00.341083 Hst:                1c004121 01c0003f 0000003f 00000000
00:00:00.341084 Gst: 00000004/0001  00000122 01c0003f 0000003f 00000000
00:00:00.341084 Hst:                1c004122 01c0003f 0000003f 00000000
00:00:00.341085 Gst: 00000004/0002  00000143 00c0003f 000003ff 00000000
00:00:00.341086 Hst:                1c004143 00c0003f 000003ff 00000000
00:00:00.341086 Gst: 00000004/0003  00000163 02c0003f 00001fff 00000006
00:00:00.341087 Hst:                1c03c163 02c0003f 00001fff 00000006
00:00:00.341088 Gst: 00000004/0004  00000000 00000000 00000000 00000000
00:00:00.341088 Hst:                00000000 00000000 00000000 00000000
00:00:00.341089 Gst: 00000005/0000  00000040 00000040 00000000 00000000
00:00:00.341089 Hst:                00000040 00000040 00000003 11142120
00:00:00.341090 Gst: 00000006/0000  00000000 00000000 00000000 00000000
00:00:00.341091 Hst:                000026f7 00000002 00000009 00000000
00:00:00.341091 Gst: 00000007/0000  00000000 00842421 00000000 10000400
00:00:00.341092 Hst:                00000000 029c67af 00000000 9c002e00
00:00:00.341093 Gst: 00000007/0001  00000000 00000000 00000000 00000000
00:00:00.341093 Hst:                00000000 00000000 00000000 00000000
00:00:00.341094 Gst: 00000008/0000  00000000 00000000 00000000 00000000
00:00:00.341094 Hst:                00000000 00000000 00000000 00000000
00:00:00.341095 Gst: 00000009/0000  00000000 00000000 00000000 00000000
00:00:00.341095 Hst:                00000000 00000000 00000000 00000000
00:00:00.341096 Gst: 0000000a/0000  00000000 00000000 00000000 00000000
00:00:00.341096 Hst:                07300404 00000000 00000000 00000603
00:00:00.341097 Gst: 0000000b/0000  00000000 00000001 00000100 00000000
00:00:00.341098 Hst:                00000001 00000002 00000100 00000004
00:00:00.341098 Gst: 0000000b/0001  00000001 00000001 00000201 00000000
00:00:00.341099 Hst:                00000004 00000008 00000201 00000004
00:00:00.341099 Gst: 0000000b/0002  00000000 00000000 00000002 00000000
00:00:00.341100 Hst:                00000000 00000000 00000002 00000004
00:00:00.341100 Gst: 0000000c/0000  00000000 00000000 00000000 00000000
00:00:00.341101 Hst:                00000000 00000000 00000000 00000000
00:00:00.341101 Gst: 0000000d/0000  00000007 00000340 00000340 00000000
00:00:00.341102 Hst:                0000001f 00000340 00000440 00000000
00:00:00.341103 Gst: 0000000d/0001  00000000 00000340 00000000 00000000
00:00:00.341103 Hst:                0000000f 00000340 00000100 00000000
00:00:00.341104 Gst: 0000000d/0002  00000100 00000240 00000000 00000000
00:00:00.341104 Hst:                00000100 00000240 00000000 00000000
00:00:00.341105 Gst: 0000000d/0003  00000000 00000000 00000000 00000000
00:00:00.341105 Hst:                00000040 000003c0 00000000 00000000
00:00:00.341106 Gst: 0000000d/0004  00000000 00000000 00000000 00000000
00:00:00.341106 Hst:                00000040 00000400 00000000 00000000
00:00:00.341107 Gst: 0000000d/0005  00000000 00000000 00000000 00000000
00:00:00.341107 Hst:                00000000 00000000 00000000 00000000
00:00:00.341108 Gst: 0000000d/0006  00000000 00000000 00000000 00000000
00:00:00.341108 Hst:                00000000 00000000 00000000 00000000
00:00:00.341109 Gst: 0000000d/0007  00000000 00000000 00000000 00000000
00:00:00.341110 Hst:                00000000 00000000 00000000 00000000
00:00:00.341110 Gst: 0000000d/0008  00000000 00000000 00000000 00000000
00:00:00.341111 Hst:                00000080 00000000 00000001 00000000
00:00:00.341111 Gst: 0000000d/0009  00000000 00000000 00000000 00000000
00:00:00.341112 Hst:                00000000 00000000 00000000 00000000
00:00:00.341127 Gst: 0000000e/0000  00000000 00000000 00000000 00000000
00:00:00.341128 Hst:                00000000 00000000 00000000 00000000
00:00:00.341129 Gst: 0000000f/0000  00000000 00000000 00000000 00000000
00:00:00.341129 Hst:                00000000 00000000 00000000 00000000
00:00:00.341130 Gst: 00000010/0000  00000000 00000000 00000000 00000000
00:00:00.341130 Hst:                00000000 00000000 00000000 00000000
00:00:00.341131 Gst: 00000011/0000  00000000 00000000 00000000 00000000
00:00:00.341131 Hst:                00000000 00000000 00000000 00000000
00:00:00.341132 Gst: 00000012/0000  00000000 00000000 00000000 00000000
00:00:00.341132 Hst:                00000000 00000000 00000000 00000000
00:00:00.341133 Gst: 00000013/0000  00000000 00000000 00000000 00000000
00:00:00.341133 Hst:                00000000 00000000 00000000 00000000
00:00:00.341134 Gst: 00000014/0000  00000000 00000000 00000000 00000000
00:00:00.341134 Hst:                00000001 0000000f 00000007 00000000
00:00:00.341135 Hst: 00000015/0000  00000002 00000074 00000000 00000000
00:00:00.341136 Hst: 00000016/0000  00000578 00000f3c 00000064 00000000
00:00:00.341137                                Name: GenuineIntel
00:00:00.341138                            Supports: 0x00000000-0x00000016
00:00:00.341151                              Family:  6 	Extended: 0 	Effective: 6
00:00:00.341152                               Model: 14 	Extended: 8 	Effective: 142
00:00:00.341154                            Stepping: 10
00:00:00.341154                                Type: 0 (primary)
00:00:00.341155                             APIC ID: 0x00
00:00:00.341156                        Logical CPUs: 1
00:00:00.341156                        CLFLUSH Size: 8
00:00:00.341157                            Brand ID: 0x00
00:00:00.341158 Features
00:00:00.341158   Mnemonic - Description                                  = guest (host)
00:00:00.341171   FPU - x87 FPU on Chip                                   = 1 (1)
00:00:00.341173   VME - Virtual 8086 Mode Enhancements                    = 1 (1)
00:00:00.341173   DE - Debugging extensions                               = 1 (1)
00:00:00.341174   PSE - Page Size Extension                               = 1 (1)
00:00:00.341175   TSC - Time Stamp Counter                                = 1 (1)
00:00:00.341176   MSR - Model Specific Registers                          = 1 (1)
00:00:00.341177   PAE - Physical Address Extension                        = 1 (1)
00:00:00.341177   MCE - Machine Check Exception                           = 1 (1)
00:00:00.341178   CX8 - CMPXCHG8B instruction                             = 1 (1)
00:00:00.341179   APIC - APIC On-Chip                                     = 1 (1)
00:00:00.341180   SEP - SYSENTER and SYSEXIT Present                      = 1 (1)
00:00:00.341181   MTRR - Memory Type Range Registers                      = 1 (1)
00:00:00.341181   PGE - PTE Global Bit                                    = 1 (1)
00:00:00.341182   MCA - Machine Check Architecture                        = 1 (1)
00:00:00.341183   CMOV - Conditional Move instructions                    = 1 (1)
00:00:00.341184   PAT - Page Attribute Table                              = 1 (1)
00:00:00.341184   PSE-36 - 36-bit Page Size Extension                     = 1 (1)
00:00:00.341185   PSN - Processor Serial Number                           = 0 (0)
00:00:00.341186   CLFSH - CLFLUSH instruction                             = 1 (1)
00:00:00.341187   DS - Debug Store                                        = 0 (1)
00:00:00.341188   ACPI - Thermal Mon. & Soft. Clock Ctrl.                 = 0 (1)
00:00:00.341189   MMX - Intel MMX Technology                              = 1 (1)
00:00:00.341189   FXSR - FXSAVE and FXRSTOR instructions                  = 1 (1)
00:00:00.341190   SSE - SSE support                                       = 1 (1)
00:00:00.341191   SSE2 - SSE2 support                                     = 1 (1)
00:00:00.341192   SS - Self Snoop                                         = 0 (1)
00:00:00.341193   HTT - Hyper-Threading Technology                        = 1 (1)
00:00:00.341194   TM - Therm. Monitor                                     = 0 (1)
00:00:00.341194   PBE - Pending Break Enabled                             = 0 (1)
00:00:00.341195   SSE3 - SSE3 support                                     = 1 (1)
00:00:00.341196   PCLMUL - PCLMULQDQ support (for AES-GCM)                = 1 (1)
00:00:00.341197   DTES64 - DS Area 64-bit Layout                          = 0 (1)
00:00:00.341198   MONITOR - MONITOR/MWAIT instructions                    = 1 (1)
00:00:00.341199   CPL-DS - CPL Qualified Debug Store                      = 0 (1)
00:00:00.341199   VMX - Virtual Machine Extensions                        = 0 (1)
00:00:00.341200   SMX - Safer Mode Extensions                             = 0 (0)
00:00:00.341201   EST - Enhanced SpeedStep Technology                     = 0 (1)
00:00:00.341201   TM2 - Terminal Monitor 2                                = 0 (1)
00:00:00.341202   SSSE3 - Supplemental Streaming SIMD Extensions 3        = 1 (1)
00:00:00.341203   CNTX-ID - L1 Context ID                                 = 0 (0)
00:00:00.341204   SDBG - Silicon Debug interface                          = 0 (1)
00:00:00.341204   FMA - Fused Multiply Add extensions                     = 0 (1)
00:00:00.341205   CX16 - CMPXCHG16B instruction                           = 1 (1)
00:00:00.341206   TPRUPDATE - xTPR Update Control                         = 0 (1)
00:00:00.341207   PDCM - Perf/Debug Capability MSR                        = 0 (1)
00:00:00.341208   PCID - Process Context Identifiers                      = 1 (1)
00:00:00.341208   DCA - Direct Cache Access                               = 0 (0)
00:00:00.341209   SSE4_1 - SSE4_1 support                                 = 1 (1)
00:00:00.341210   SSE4_2 - SSE4_2 support                                 = 1 (1)
00:00:00.341211   X2APIC - x2APIC support                                 = 1 (1)
00:00:00.341212   MOVBE - MOVBE instruction                               = 1 (1)
00:00:00.341212   POPCNT - POPCNT instruction                             = 1 (1)
00:00:00.341213   TSCDEADL - Time Stamp Counter Deadline                  = 0 (1)
00:00:00.341214   AES - AES instructions                                  = 1 (1)
00:00:00.341215   XSAVE - XSAVE instruction                               = 1 (1)
00:00:00.341215   OSXSAVE - OSXSAVE instruction                           = 0 (1)
00:00:00.341216   AVX - AVX support                                       = 1 (1)
00:00:00.341217   F16C - 16-bit floating point conversion instructions    = 0 (1)
00:00:00.341218   RDRAND - RDRAND instruction                             = 1 (1)
00:00:00.341219   HVP - Hypervisor Present (we're a guest)                = 1 (0)
00:00:00.341232 Structured Extended Feature Flags Enumeration (leaf 7):
00:00:00.341232   Mnemonic - Description                                  = guest (host)
00:00:00.341233   FSGSBASE - RDFSBASE/RDGSBASE/WRFSBASE/WRGSBASE instr.   = 1 (1)
00:00:00.341233   TSCADJUST - Supports MSR_IA32_TSC_ADJUST                = 0 (1)
00:00:00.341234   SGX - Supports Software Guard Extensions                = 0 (1)
00:00:00.341235   BMI1 - Advanced Bit Manipulation extension 1            = 0 (1)
00:00:00.341235   HLE - Hardware Lock Elision                             = 0 (0)
00:00:00.341236   AVX2 - Advanced Vector Extensions 2                     = 1 (1)
00:00:00.341237   FDP_EXCPTN_ONLY - FPU DP only updated on exceptions     = 0 (0)
00:00:00.341238   SMEP - Supervisor Mode Execution Prevention             = 0 (1)
00:00:00.341238   BMI2 - Advanced Bit Manipulation extension 2            = 0 (1)
00:00:00.341239   ERMS - Enhanced REP MOVSB/STOSB instructions            = 0 (1)
00:00:00.341240   INVPCID - INVPCID instruction                           = 1 (1)
00:00:00.341240   RTM - Restricted Transactional Memory                   = 0 (0)
00:00:00.341241   PQM - Platform Quality of Service Monitoring            = 0 (0)
00:00:00.341242   DEPFPU_CS_DS - Deprecates FPU CS, FPU DS values if set  = 1 (1)
00:00:00.341242   MPE - Intel Memory Protection Extensions                = 0 (1)
00:00:00.341243   PQE - Platform Quality of Service Enforcement           = 0 (0)
00:00:00.341244   AVX512F - AVX512 Foundation instructions                = 0 (0)
00:00:00.341244   RDSEED - RDSEED instruction                             = 1 (1)
00:00:00.341245   ADX - ADCX/ADOX instructions                            = 0 (1)
00:00:00.341246   SMAP - Supervisor Mode Access Prevention                = 0 (1)
00:00:00.341246   CLFLUSHOPT - CLFLUSHOPT (Cache Line Flush) instruction  = 1 (1)
00:00:00.341247   INTEL_PT - Intel Processor Trace                        = 0 (1)
00:00:00.341248   AVX512PF - AVX512 Prefetch instructions                 = 0 (0)
00:00:00.341248   AVX512ER - AVX512 Exponential & Reciprocal instructions = 0 (0)
00:00:00.341249   AVX512CD - AVX512 Conflict Detection instructions       = 0 (0)
00:00:00.341249   SHA - Secure Hash Algorithm extensions                  = 0 (0)
00:00:00.341250   PREFETCHWT1 - PREFETCHWT1 instruction                   = 0 (0)
00:00:00.341251   UMIP - User mode insturction prevention                 = 0 (0)
00:00:00.341252   PKU - Protection Key for Usermode pages                 = 0 (0)
00:00:00.341252   OSPKE - CR4.PKU mirror                                  = 0 (0)
00:00:00.341253   MAWAU - Value used by BNDLDX & BNDSTX                   = 0x0 (0x0)
00:00:00.341254   RDPID - Read processor ID support                       = 0 (0)
00:00:00.341255   SGX_LC - Supports SGX Launch Configuration              = 0 (0)
00:00:00.341256    9 - Reserved                                           = 0 (1)
00:00:00.341257   MD_CLEAR - Supports MDS related buffer clearing         = 1 (1)
00:00:00.341257   11 - Reserved                                           = 0 (1)
00:00:00.341258   13 - Reserved                                           = 0 (1)
00:00:00.341259   IBRS_IBPB - IA32_SPEC_CTRL.IBRS and IA32_PRED_CMD.IBPB  = 0 (1)
00:00:00.341260   STIBP - Supports IA32_SPEC_CTRL.STIBP                   = 0 (1)
00:00:00.341260   FLUSH_CMD - Supports IA32_FLUSH_CMD                     = 1 (1)
00:00:00.341261   ARCHCAP - Supports IA32_ARCH_CAP                        = 0 (0)
00:00:00.341262   CORECAP - Supports IA32_CORE_CAP                        = 0 (0)
00:00:00.341263   SSBD - Supports IA32_SPEC_CTRL.SSBD                     = 0 (1)
00:00:00.341263 Processor Extended State Enumeration (leaf 0xd):
00:00:00.341264    XSAVE area cur/max size by XCR0, guest: 0x340/0x340
00:00:00.341265     XSAVE area cur/max size by XCR0, host: 0x340/0x440
00:00:00.341265                    Valid XCR0 bits, guest: 0x00000000`00000007 ( x87 SSE YMM_Hi128 )
00:00:00.341267                     Valid XCR0 bits, host: 0x00000000`0000001f ( x87 SSE YMM_Hi128 BNDREGS BNDCSR )
00:00:00.341281                     XSAVE features, guest:
00:00:00.341282                      XSAVE features, host: XSAVEOPT XSAVEC XGETBC1 XSAVES
00:00:00.341283       XSAVE area cur size XCR0|XSS, guest: 0x340
00:00:00.341283        XSAVE area cur size XCR0|XSS, host: 0x340
00:00:00.341284                Valid IA32_XSS bits, guest: 0x00000000`00000000
00:00:00.341284                 Valid IA32_XSS bits, host: 0x00000100`00000000 ( 40 )
00:00:00.341286   State #2, guest: off=0x0240, cb=0x0100 IA32_XSS-bit -- YMM_Hi128
00:00:00.341287   State #2, host:  off=0x0240, cb=0x0100 IA32_XSS-bit -- YMM_Hi128
00:00:00.341288   State #3, host:  off=0x03c0, cb=0x0040 IA32_XSS-bit -- BNDREGS
00:00:00.341289   State #4, host:  off=0x0400, cb=0x0040 IA32_XSS-bit -- BNDCSR
00:00:00.341290   State #8, host:  off=0x0000, cb=0x0080 XCR0-bit -- 8
00:00:00.341310          Unknown CPUID Leaves
00:00:00.341313      Leaf/sub-leaf  eax      ebx      ecx      edx
00:00:00.341314 Gst: 00000014/0001  00000000 00000000 00000000 00000000
00:00:00.341316 Hst:                02490002 003f3fff 00000000 00000000
00:00:00.341328 Gst: 00000014/0002  00000000 00000000 00000000 00000000
00:00:00.341331 Hst:                00000000 00000000 00000000 00000000
00:00:00.341332 Gst: 00000015/0000  00000000 00000000 00000000 00000000
00:00:00.341334 Hst:                00000002 00000074 00000000 00000000
00:00:00.341335 Gst: 00000016/0000  00000000 00000000 00000000 00000000
00:00:00.341337 Hst:                00000578 00000f3c 00000064 00000000
00:00:00.341339          Raw Hypervisor CPUID Leaves
00:00:00.341340      Leaf/sub-leaf  eax      ebx      ecx      edx
00:00:00.341341 Gst: 40000000/0000  40000001 4b4d564b 564b4d56 0000004d
00:00:00.341342 Hst:                00000578 00000f3c 00000064 00000000
00:00:00.341344 Gst: 40000001/0000  01000089 00000000 00000000 00000000
00:00:00.341345 Hst:                00000578 00000f3c 00000064 00000000
00:00:00.341347          Raw Extended CPUID Leaves
00:00:00.341347      Leaf/sub-leaf  eax      ebx      ecx      edx
00:00:00.341348 Gst: 80000000/0000  80000008 00000000 00000000 00000000
00:00:00.341349 Hst:                80000008 00000000 00000000 00000000
00:00:00.341350 Gst: 80000001/0000  00000000 00000000 00000121 28100800
00:00:00.341351 Hst:                00000000 00000000 00000121 2c100800
00:00:00.341354 Gst: 80000002/0000  65746e49 2952286c 726f4320 4d542865
00:00:00.341355 Hst:                65746e49 2952286c 726f4320 4d542865
00:00:00.341357 Gst: 80000003/0000  35692029 3532382d 43205537 40205550
00:00:00.341358 Hst:                35692029 3532382d 43205537 40205550
00:00:00.341361 Gst: 80000004/0000  342e3120 7a484730 00000000 00000000
00:00:00.341362 Hst:                342e3120 7a484730 00000000 00000000
00:00:00.341363 Gst: 80000005/0000  00000000 00000000 00000000 00000000
00:00:00.341364 Hst:                00000000 00000000 00000000 00000000
00:00:00.341365 Gst: 80000006/0000  00000000 00000000 01006040 00000000
00:00:00.341367 Hst:                00000000 00000000 01006040 00000000
00:00:00.341368 Gst: 80000007/0000  00000000 00000000 00000000 00000100
00:00:00.341368 Hst:                00000000 00000000 00000000 00000100
00:00:00.341369 Gst: 80000008/0000  00003027 00000000 00000000 00000000
00:00:00.341369 Hst:                00003027 00000000 00000000 00000000
00:00:00.341370 Ext Name:                        
00:00:00.341370 Ext Supports:                    0x80000000-0x80000008
00:00:00.341371 Family:                          0  	Extended: 0 	Effective: 0
00:00:00.341372 Model:                           0  	Extended: 0 	Effective: 0
00:00:00.341372 Stepping:                        0
00:00:00.341373 Brand ID:                        0x000
00:00:00.341374 Ext Features
00:00:00.341374   Mnemonic - Description                                  = guest (host)
00:00:00.341375   FPU - x87 FPU on Chip                                   = 0 (0)
00:00:00.341378   VME - Virtual 8086 Mode Enhancements                    = 0 (0)
00:00:00.341380   DE - Debugging extensions                               = 0 (0)
00:00:00.341381   PSE - Page Size Extension                               = 0 (0)
00:00:00.341383   TSC - Time Stamp Counter                                = 0 (0)
00:00:00.341384   MSR - K86 Model Specific Registers                      = 0 (0)
00:00:00.341386   PAE - Physical Address Extension                        = 0 (0)
00:00:00.341387   MCE - Machine Check Exception                           = 0 (0)
00:00:00.341388   CX8 - CMPXCHG8B instruction                             = 0 (0)
00:00:00.341390   APIC - APIC On-Chip                                     = 0 (0)
00:00:00.341391   SEP - SYSCALL/SYSRET                                    = 1 (1)
00:00:00.341394   MTRR - Memory Type Range Registers                      = 0 (0)
00:00:00.341395   PGE - PTE Global Bit                                    = 0 (0)
00:00:00.341403   MCA - Machine Check Architecture                        = 0 (0)
00:00:00.341404   CMOV - Conditional Move instructions                    = 0 (0)
00:00:00.341406   PAT - Page Attribute Table                              = 0 (0)
00:00:00.341407   PSE-36 - 36-bit Page Size Extension                     = 0 (0)
00:00:00.341408   NX - No-Execute/Execute-Disable                         = 1 (1)
00:00:00.341410   AXMMX - AMD Extensions to MMX instructions              = 0 (0)
00:00:00.341411   MMX - Intel MMX Technology                              = 0 (0)
00:00:00.341411   FXSR - FXSAVE and FXRSTOR Instructions                  = 0 (0)
00:00:00.341412   FFXSR - AMD fast FXSAVE and FXRSTOR instructions        = 0 (0)
00:00:00.341413   Page1GB - 1 GB large page                               = 0 (1)
00:00:00.341414   RDTSCP - RDTSCP instruction                             = 1 (1)
00:00:00.341416   LM - AMD64 Long Mode                                    = 1 (1)
00:00:00.341417   3DNOWEXT - AMD Extensions to 3DNow                      = 0 (0)
00:00:00.341419   3DNOW - AMD 3DNow                                       = 0 (0)
00:00:00.341420   LahfSahf - LAHF/SAHF support in 64-bit mode             = 1 (1)
00:00:00.341422   CmpLegacy - Core multi-processing legacy mode           = 0 (0)
00:00:00.341423   SVM - AMD Secure Virtual Machine extensions             = 0 (0)
00:00:00.341424   EXTAPIC - AMD Extended APIC registers                   = 0 (0)
00:00:00.341426   CR8L - AMD LOCK MOV CR0 means MOV CR8                   = 0 (0)
00:00:00.341427   ABM - AMD Advanced Bit Manipulation                     = 1 (1)
00:00:00.341428   SSE4A - SSE4A instructions                              = 0 (0)
00:00:00.341428   MISALIGNSSE - AMD Misaligned SSE mode                   = 0 (0)
00:00:00.341429   3DNOWPRF - AMD PREFETCH and PREFETCHW instructions      = 1 (1)
00:00:00.341430   OSVW - AMD OS Visible Workaround                        = 0 (0)
00:00:00.341430   IBS - Instruct Based Sampling                           = 0 (0)
00:00:00.341432   XOP - Extended Operation support                        = 0 (0)
00:00:00.341433   SKINIT - SKINIT, STGI, and DEV support                  = 0 (0)
00:00:00.341434   WDT - AMD Watchdog Timer support                        = 0 (0)
00:00:00.341436   LWP - Lightweight Profiling support                     = 0 (0)
00:00:00.341437   FMA4 - Four operand FMA instruction support             = 0 (0)
00:00:00.341439   NodeId - NodeId in MSR C001_100C                        = 0 (0)
00:00:00.341440   TBM - Trailing Bit Manipulation instructions            = 0 (0)
00:00:00.341442   TOPOEXT - Topology Extensions                           = 0 (0)
00:00:00.341443   PRFEXTCORE - Performance Counter Extensions support     = 0 (0)
00:00:00.341443   PRFEXTNB - NB Performance Counter Extensions support    = 0 (0)
00:00:00.341445   DATABPEXT - Data-access Breakpoint Extension            = 0 (0)
00:00:00.341446   PERFTSC - Performance Time Stamp Counter                = 0 (0)
00:00:00.341448   PCX_L2I - L2I/L3 Performance Counter Extensions         = 0 (0)
00:00:00.341449   MWAITX - MWAITX and MONITORX instructions               = 0 (0)
00:00:00.341451 Full Name:                       "Intel(R) Core(TM) i5-8257U CPU @ 1.40GHz"
00:00:00.341452 TLB 2/4M Instr/Uni:              res0     0 entries
00:00:00.341452 TLB 2/4M Data:                   res0     0 entries
00:00:00.341453 TLB 4K Instr/Uni:                res0     0 entries
00:00:00.341454 TLB 4K Data:                     res0     0 entries
00:00:00.341455 L1 Instr Cache Line Size:        0 bytes
00:00:00.341455 L1 Instr Cache Lines Per Tag:    0
00:00:00.341456 L1 Instr Cache Associativity:    res0  
00:00:00.341456 L1 Instr Cache Size:             0 KB
00:00:00.341457 L1 Data Cache Line Size:         0 bytes
00:00:00.341458 L1 Data Cache Lines Per Tag:     0
00:00:00.341458 L1 Data Cache Associativity:     res0  
00:00:00.341458 L1 Data Cache Size:              0 KB
00:00:00.341459 L2 TLB 2/4M Instr/Uni:           off       0 entries
00:00:00.341462 L2 TLB 2/4M Data:                off       0 entries
00:00:00.341463 L2 TLB 4K Instr/Uni:             off       0 entries
00:00:00.341464 L2 TLB 4K Data:                  off       0 entries
00:00:00.341465 L2 Cache Line Size:              0 bytes
00:00:00.341465 L2 Cache Lines Per Tag:          0
00:00:00.341465 L2 Cache Associativity:          off   
00:00:00.341466 L2 Cache Size:                   0 KB
00:00:00.341467   TS - Temperature Sensor                                 = 0 (0)
00:00:00.341469   FID - Frequency ID control                              = 0 (0)
00:00:00.341471   VID - Voltage ID control                                = 0 (0)
00:00:00.341472   TscInvariant - Invariant Time Stamp Counter             = 1 (1)
00:00:00.341472   CBP - Core Performance Boost                            = 0 (0)
00:00:00.341475   EffFreqRO - Read-only Effective Frequency Interface     = 0 (0)
00:00:00.341475   ProcFdbkIf - Processor Feedback Interface               = 0 (0)
00:00:00.341477   ProcPwrRep - Core power reporting interface support     = 0 (0)
00:00:00.341479 Physical Address Width:          39 bits
00:00:00.341480 Virtual Address Width:           48 bits
00:00:00.341480 Guest Physical Address Width:    0 bits
00:00:00.341481 Physical Core Count:             1
00:00:00.341482 
00:00:00.341484 ******************** End of CPUID dump **********************
00:00:00.341484 *********************** VT-x features ***********************
00:00:00.341487 Nested hardware virtualization - VMX features
00:00:00.341487   Mnemonic - Description                                  = guest (host)
00:00:00.341488   VMX - Virtual-Machine Extensions                        = 0 (1)
00:00:00.341488   InsOutInfo - INS/OUTS instruction info.                 = 0 (1)
00:00:00.341490   ExtIntExit - External interrupt exiting                 = 0 (1)
00:00:00.341490   NmiExit - NMI exiting                                   = 0 (1)
00:00:00.341491   VirtNmi - Virtual NMIs                                  = 0 (1)
00:00:00.341491   PreemptTimer - VMX preemption timer                     = 0 (1)
00:00:00.341493   PostedInt - Posted interrupts                           = 0 (0)
00:00:00.341493   IntWindowExit - Interrupt-window exiting                = 0 (1)
00:00:00.341494   TscOffsetting - TSC offsetting                          = 0 (1)
00:00:00.341494   HltExit - HLT exiting                                   = 0 (1)
00:00:00.341495   InvlpgExit - INVLPG exiting                             = 0 (1)
00:00:00.341496   MwaitExit - MWAIT exiting                               = 0 (1)
00:00:00.341497   RdpmcExit - RDPMC exiting                               = 0 (1)
00:00:00.341498   RdtscExit - RDTSC exiting                               = 0 (1)
00:00:00.341498   Cr3LoadExit - CR3-load exiting                          = 0 (1)
00:00:00.341500   Cr3StoreExit - CR3-store exiting                        = 0 (1)
00:00:00.341500   Cr8LoadExit  - CR8-load exiting                         = 0 (1)
00:00:00.341501   Cr8StoreExit - CR8-store exiting                        = 0 (1)
00:00:00.341501   UseTprShadow - Use TPR shadow                           = 0 (1)
00:00:00.341503   NmiWindowExit - NMI-window exiting                      = 0 (1)
00:00:00.341503   MovDRxExit - Mov-DR exiting                             = 0 (1)
00:00:00.341504   UncondIoExit - Unconditional I/O exiting                = 0 (1)
00:00:00.341504   UseIoBitmaps - Use I/O bitmaps                          = 0 (1)
00:00:00.341506   MonitorTrapFlag - Monitor Trap Flag                     = 0 (1)
00:00:00.341506   UseMsrBitmaps - MSR bitmaps                             = 0 (1)
00:00:00.341507   MonitorExit - MONITOR exiting                           = 0 (1)
00:00:00.341507   PauseExit - PAUSE exiting                               = 0 (1)
00:00:00.341508   SecondaryExecCtl - Activate secondary controls          = 0 (1)
00:00:00.341509   VirtApic - Virtualize-APIC accesses                     = 0 (1)
00:00:00.341510   Ept - Extended Page Tables                              = 0 (1)
00:00:00.341512   DescTableExit - Descriptor-table exiting                = 0 (1)
00:00:00.341979   Rdtscp - Enable RDTSCP                                  = 0 (1)
00:00:00.341980   VirtX2ApicMode - Virtualize-x2APIC mode                 = 0 (1)
00:00:00.341981   Vpid - Enable VPID                                      = 0 (1)
00:00:00.341981   WbinvdExit - WBINVD exiting                             = 0 (1)
00:00:00.341982   UnrestrictedGuest - Unrestricted guest                  = 0 (1)
00:00:00.341982   ApicRegVirt - APIC-register virtualization              = 0 (0)
00:00:00.341982   VirtIntDelivery - Virtual-interrupt delivery            = 0 (0)
00:00:00.341983   PauseLoopExit - PAUSE-loop exiting                      = 0 (1)
00:00:00.341983   RdrandExit - RDRAND exiting                             = 0 (1)
00:00:00.341984   Invpcid - Enable INVPCID                                = 0 (1)
00:00:00.341984   VmFuncs - Enable VM Functions                           = 0 (1)
00:00:00.341984   VmcsShadowing - VMCS shadowing                          = 0 (0)
00:00:00.341985   RdseedExiting - RDSEED exiting                          = 0 (1)
00:00:00.341985   PML - Page-Modification Log (PML)                       = 0 (1)
00:00:00.341986   EptVe - EPT violations can cause #VE                    = 0 (1)
00:00:00.341986   XsavesXRstors - Enable XSAVES/XRSTORS                   = 0 (1)
00:00:00.341986   EntryLoadDebugCtls - Load debug controls on VM-entry    = 0 (1)
00:00:00.341987   Ia32eModeGuest - IA-32e mode guest                      = 0 (1)
00:00:00.341987   EntryLoadEferMsr - Load IA32_EFER MSR on VM-entry       = 0 (1)
00:00:00.341988   EntryLoadPatMsr - Load IA32_PAT MSR on VM-entry         = 0 (1)
00:00:00.341988   ExitSaveDebugCtls - Save debug controls on VM-exit      = 0 (1)
00:00:00.341988   HostAddrSpaceSize - Host address-space size             = 0 (1)
00:00:00.341989   ExitAckExtInt - Acknowledge interrupt on VM-exit        = 0 (1)
00:00:00.341989   ExitSavePatMsr - Save IA32_PAT MSR on VM-exit           = 0 (1)
00:00:00.341990   ExitLoadPatMsr - Load IA32_PAT MSR on VM-exit           = 0 (1)
00:00:00.341990   ExitSaveEferMsr - Save IA32_EFER MSR on VM-exit         = 0 (1)
00:00:00.341990   ExitLoadEferMsr - Load IA32_EFER MSR on VM-exit         = 0 (1)
00:00:00.341991   SavePreemptTimer - Save VMX-preemption timer            = 0 (1)
00:00:00.341992   ExitSaveEferLma - Save IA32_EFER.LMA on VM-exit         = 0 (1)
00:00:00.341993   IntelPt - Intel PT (Processor Trace) in VMX operation   = 0 (1)
00:00:00.341994   VmwriteAll - VMWRITE to any supported VMCS field        = 0 (1)
00:00:00.341994   EntryInjectSoftInt - Inject softint. with 0-len instr.  = 0 (1)
00:00:00.341996 
00:00:00.341996 ******************* End of VT-x features ********************
00:00:00.342381 VMEmt: Halt method global1 (5)
00:00:00.342419 VMEmt: HaltedGlobal1 config: cNsSpinBlockThresholdCfg=2000
00:00:00.342423 Changing the VM state from 'CREATING' to 'CREATED'
00:00:00.351853 SharedFolders host service: Adding host mapping
00:00:00.351879     Host path '/Volumes/externalwd/ITMO-453/beyesus/itmo-553/packer-example-code/build/riemanna', map name 'vagrant', writable, automount=false, automntpnt=, create_symlinks=true, missing=false
00:00:00.355501 Changing the VM state from 'CREATED' to 'POWERING_ON'
00:00:00.355633 Changing the VM state from 'POWERING_ON' to 'RUNNING'
00:00:00.355657 Console: Machine state changed to 'Running'
00:00:00.356168 VBoxHeadless: starting event loop
00:00:00.358743 VMMDev: Guest Log: BIOS: VirtualBox 6.1.26
00:00:00.358824 PCI: Setting up resources and interrupts
00:00:00.358992 PIT: mode=2 count=0x10000 (65536) - 18.20 Hz (ch=0)
00:00:00.367763 Display::i_handleDisplayResize: uScreenId=0 pvVRAM=0000000000000000 w=720 h=400 bpp=0 cbLine=0x0 flags=0x0 origin=0,0
00:00:00.368169 VMMDev: Guest Log: CPUID EDX: 0x178bfbff
00:00:00.368255 PIIX3 ATA: Ctl#0: RESET, DevSel=0 AIOIf=0 CmdIf0=0x00 (-1 usec ago) CmdIf1=0x00 (-1 usec ago)
00:00:00.368305 PIIX3 ATA: Ctl#0: finished processing RESET
00:00:00.368866 VMMDev: Guest Log: BIOS: ata0-0: PCHS=16383/16/63 LCHS=1024/255/63
00:00:00.371227 PIT: mode=2 count=0x48d3 (18643) - 64.00 Hz (ch=0)
00:00:00.402792 Display::i_handleDisplayResize: uScreenId=0 pvVRAM=00000001080ab000 w=640 h=480 bpp=32 cbLine=0xA00 flags=0x0 origin=0,0
00:00:00.720303 NAT: Old socket recv size: 334KB
00:00:00.720322 NAT: Old socket send size: 79KB
00:00:02.846737 PIT: mode=2 count=0x10000 (65536) - 18.20 Hz (ch=0)
00:00:02.847152 VMMDev: Guest Log: BIOS: Boot : bseqnr=1, bootseq=0032
00:00:02.867959 VMMDev: Guest Log: BIOS: Booting from Hard Disk...
00:00:02.868899 PIIX3 ATA: Ctl#0: RESET, DevSel=0 AIOIf=0 CmdIf0=0xc4 (-1 usec ago) CmdIf1=0x00 (-1 usec ago)
00:00:02.868947 PIIX3 ATA: Ctl#0: finished processing RESET
00:00:02.901677 Display::i_handleDisplayResize: uScreenId=0 pvVRAM=0000000000000000 w=720 h=400 bpp=0 cbLine=0x0 flags=0x0 origin=0,0
00:00:03.725529 Display::i_handleDisplayResize: uScreenId=0 pvVRAM=00000001080ab000 w=640 h=480 bpp=32 cbLine=0xA00 flags=0x0 origin=0,0
00:00:04.825756 Display::i_handleDisplayResize: uScreenId=0 pvVRAM=0000000000000000 w=720 h=400 bpp=0 cbLine=0x0 flags=0x0 origin=0,0
00:00:04.903761 GIM: KVM: VCPU  0: Enabled system-time struct. at 0x0000000026a01000 - u32TscScale=0xb7e875b3 i8TscShift=0 uVersion=2 fFlags=0x1 uTsc=0x1795487f5 uVirtNanoTS=0x10f120f47 TscKHz=1392000
00:00:04.903781 TM: Switching TSC mode from 'Dynamic' to 'RealTscOffset'
00:00:05.063231 GIM: KVM: Enabled wall-clock struct. at 0x0000000026a00000 - u32Sec=1635177295 u32Nano=779396149 uVersion=2
00:00:05.090713 PIT: mode=2 count=0x12a5 (4773) - 249.98 Hz (ch=0)
00:00:05.091083 APIC0: Switched mode to x2APIC
00:00:05.210915 PIT: mode=0 count=0x10000 (65536) - 18.20 Hz (ch=0)
00:00:05.757736 PIIX3 ATA: Ctl#0: RESET, DevSel=0 AIOIf=0 CmdIf0=0xc4 (-1 usec ago) CmdIf1=0x00 (-1 usec ago)
00:00:05.757810 PIIX3 ATA: Ctl#0: finished processing RESET
00:00:06.214188 Display::i_handleDisplayResize: uScreenId=0 pvVRAM=00000001080ab000 w=1024 h=768 bpp=32 cbLine=0x1000 flags=0x1 origin=0,0
00:00:09.571166 NAT: Link up
00:00:14.598068 VMMDev: Guest Additions information report: Version 6.1.22 r144080 '6.1.22_Ubuntu'
00:00:14.598110 VMMDev: Guest Additions information report: Interface = 0x00010004 osType = 0x00053100 (Linux >= 2.6, 64-bit)
00:00:14.598215 VMMDev: Guest Additions capability report: (0x0 -> 0x0) seamless: no, hostWindowMapping: no, graphics: no
00:00:14.598280 VMMDev: vmmDevReqHandler_HeartbeatConfigure: No change (fHeartbeatActive=false)
00:00:14.598298 VMMDev: Heartbeat flatline timer set to trigger after 4 000 000 000 ns
00:00:14.598338 VMMDev: Guest Log: vgdrvHeartbeatInit: Setting up heartbeat to trigger every 2000 milliseconds
00:00:14.602741 VMMDev: Guest Additions capability report: (0x0 -> 0x0) seamless: no, hostWindowMapping: no, graphics: no
00:00:14.602855 VMMDev: Guest Log: vboxguest: Successfully loaded version 6.1.22_Ubuntu r144080
00:00:14.602883 VMMDev: Guest Log: vboxguest: misc device minor 58, IRQ 20, I/O port d020, MMIO at 00000000f0400000 (size 0x400000)
00:00:40.303295 NAT: DHCP offered IP address 10.0.2.15
00:00:40.320690 NAT: IPv6 not supported
00:00:40.321196 NAT: DHCP offered IP address 10.0.2.15
00:00:43.218940 VMMDev: Guest Log: vboxsf: g_fHostFeatures=0x8000000f g_fSfFeatures=0x1 g_uSfLastFunction=29
00:00:43.219032 VMMDev: Guest Log: vboxsf: Successfully loaded version 6.1.22_Ubuntu r144080 on 5.4.0-89-generic SMP mod_unload modversions  (LINUX_VERSION_CODE=0x5048f)
00:00:43.219372 VMMDev: Guest Log: vboxsf: SHFL_FN_MAP_FOLDER failed for '/vagrant': share not found
02:40:32.623332 VMMDev: vmmDevHeartbeatFlatlinedTimer: Guest seems to be unresponsive. Last heartbeat received 4 seconds ago
02:40:32.740471 VMMDev: GuestHeartBeat: Guest is alive (gone 4 224 918 774 ns)
