00:00:00.047427 VirtualBox VM 6.1.26 r145957 darwin.amd64 (Jul 28 2021 18:24:31) release log
00:00:00.047433 Log opened 2021-10-25T21:24:05.771947000Z
00:00:00.047434 Build Type: release
00:00:00.047444 OS Product: Darwin
00:00:00.047449 OS Release: 20.6.0
00:00:00.047454 OS Version: Darwin Kernel Version 20.6.0: Mon Aug 30 06:12:21 PDT 2021; root:xnu-7195.141.6~3/RELEASE_X86_64
00:00:00.047530 DMI Product Name: MacBookPro16,3
00:00:00.047569 DMI Product Version: 1.0
00:00:00.047572 Firmware type: failed - VERR_NOT_SUPPORTED
00:00:00.047581 Host RAM: 8192MB (8.0GB) total, 2952MB (2.8GB) available
00:00:00.047583 Executable: /Applications/VirtualBox.app/Contents/MacOS/VBoxHeadless
00:00:00.047583 Process ID: 10601
00:00:00.047583 Package type: DARWIN_64BITS_GENERIC
00:00:00.048426 Installed Extension Packs:
00:00:00.048432   None installed!
00:00:00.049156 Console: Machine state changed to 'Starting'
00:00:00.049746 VRDE: VirtualBox Remote Desktop Extension is not available.
00:00:00.052005 SUP: Opened VMMR0.r0 (/Applications/VirtualBox.app/Contents/MacOS/VMMR0.r0) at 0xXXXXXXXXXXXXXXXX loaded by the native ring-0 loader.
00:00:00.053771 Guest OS type: 'Ubuntu_64'
00:00:00.056230 fHMForced=true - No raw-mode support in this build!
00:00:00.064346 File system of '/Volumes/externalwd/ITMO-453/beyesus/packer-example-code/build/graphitea_default_1635197043796_16964/Snapshots' (snapshots) is unknown
00:00:00.064357 File system of '/Volumes/externalwd/ITMO-453/beyesus/packer-example-code/build/graphitea_default_1635197043796_16964/ubuntu-graphitea-disk001.vmdk' is hfs
00:00:00.076069 Shared Clipboard: Service loaded
00:00:00.076082 Shared Clipboard: Mode: Off
00:00:00.076114 Shared Clipboard: Service running in headless mode
00:00:00.077379 Drag and drop service loaded
00:00:00.077418 Drag and drop mode: Off
00:00:00.079441 Per-VM extradata API settings:
00:00:00.079447   VBoxInternal2/SharedFoldersEnableSymlinksCreate/vagrant="1"
00:00:00.079743 ************************* CFGM dump *************************
00:00:00.079751 [/] (level 0)
00:00:00.079754   CpuExecutionCap   <integer> = 0x0000000000000064 (100)
00:00:00.079758   EnablePAE         <integer> = 0x0000000000000001 (1)
00:00:00.079759   HMEnabled         <integer> = 0x0000000000000001 (1)
00:00:00.079759   MemBalloonSize    <integer> = 0x0000000000000000 (0)
00:00:00.079760   Name              <string>  = "graphitea_default_1635197043796_16964" (cb=38)
00:00:00.079761   NumCPUs           <integer> = 0x0000000000000001 (1)
00:00:00.079761   PageFusionAllowed <integer> = 0x0000000000000000 (0)
00:00:00.079762   RamHoleSize       <integer> = 0x0000000020000000 (536 870 912, 512 MB)
00:00:00.079763   RamSize           <integer> = 0x0000000040000000 (1 073 741 824, 1 024 MB)
00:00:00.079764   TimerMillies      <integer> = 0x000000000000000a (10)
00:00:00.079765   UUID              <bytes>   = "98 33 7d 5f 52 89 ce 45 8d 8e 30 95 af df bf 9c" (cb=16)
00:00:00.079769 
00:00:00.079770 [/CPUM/] (level 1)
00:00:00.079771   GuestCpuName       <string>  = "host" (cb=5)
00:00:00.079771   NestedHWVirt       <integer> = 0x0000000000000000 (0)
00:00:00.079772   PortableCpuIdLevel <integer> = 0x0000000000000000 (0)
00:00:00.079772   SpecCtrl           <integer> = 0x0000000000000000 (0)
00:00:00.079773 
00:00:00.079773 [/CPUM/IsaExts/] (level 2)
00:00:00.079774 
00:00:00.079774 [/DBGC/] (level 1)
00:00:00.079775   GlobalInitScript <string>  = "/Users/birukeyesus/Library/VirtualBox/dbgc-init" (cb=48)
00:00:00.079775   HistoryFile      <string>  = "/Users/birukeyesus/Library/VirtualBox/dbgc-history" (cb=51)
00:00:00.079776   LocalInitScript  <string>  = "/Volumes/externalwd/ITMO-453/beyesus/packer-example-code/build/graphitea_default_1635197043796_16964/dbgc-init" (cb=111)
00:00:00.079777 
00:00:00.079777 [/DBGF/] (level 1)
00:00:00.079777   Path <string>  = "/Volumes/externalwd/ITMO-453/beyesus/packer-example-code/build/graphitea_default_1635197043796_16964/debug/;/Volumes/externalwd/ITMO-453/beyesus/packer-example-code/build/graphitea_default_1635197043796_16964/;cache*/Volumes/externalwd/ITMO-453/beyesus/packer-example-code/build/graphitea_default_1635197043796_16964/dbgcache/;/Users/birukeyesus/" (cb=347)
00:00:00.079778 
00:00:00.079779 [/Devices/] (level 1)
00:00:00.079779 
00:00:00.079779 [/Devices/8237A/] (level 2)
00:00:00.079780 
00:00:00.079780 [/Devices/8237A/0/] (level 3)
00:00:00.079781   Trusted <integer> = 0x0000000000000001 (1)
00:00:00.079781 
00:00:00.079782 [/Devices/GIMDev/] (level 2)
00:00:00.079782 
00:00:00.079782 [/Devices/GIMDev/0/] (level 3)
00:00:00.079783   Trusted <integer> = 0x0000000000000001 (1)
00:00:00.079784 
00:00:00.079784 [/Devices/VMMDev/] (level 2)
00:00:00.079785 
00:00:00.079785 [/Devices/VMMDev/0/] (level 3)
00:00:00.079785   PCIBusNo      <integer> = 0x0000000000000000 (0)
00:00:00.079786   PCIDeviceNo   <integer> = 0x0000000000000004 (4)
00:00:00.079787   PCIFunctionNo <integer> = 0x0000000000000000 (0)
00:00:00.079787   Trusted       <integer> = 0x0000000000000001 (1)
00:00:00.079788 
00:00:00.079788 [/Devices/VMMDev/0/Config/] (level 4)
00:00:00.079789   GuestCoreDumpDir <string>  = "/Volumes/externalwd/ITMO-453/beyesus/packer-example-code/build/graphitea_default_1635197043796_16964/Snapshots" (cb=111)
00:00:00.079789 
00:00:00.079790 [/Devices/VMMDev/0/LUN#0/] (level 4)
00:00:00.079790   Driver <string>  = "HGCM" (cb=5)
00:00:00.079791 
00:00:00.079791 [/Devices/VMMDev/0/LUN#0/Config/] (level 5)
00:00:00.079792   Object <integer> = 0x00007fdf971082a0 (140 598 288 876 192)
00:00:00.079793 
00:00:00.079793 [/Devices/VMMDev/0/LUN#999/] (level 4)
00:00:00.079794   Driver <string>  = "MainStatus" (cb=11)
00:00:00.079794 
00:00:00.079795 [/Devices/VMMDev/0/LUN#999/Config/] (level 5)
00:00:00.079795   First   <integer> = 0x0000000000000000 (0)
00:00:00.079796   Last    <integer> = 0x0000000000000000 (0)
00:00:00.079796   papLeds <integer> = 0x00007fdf9600b990 (140 598 271 064 464)
00:00:00.079797 
00:00:00.079798 [/Devices/acpi/] (level 2)
00:00:00.079798 
00:00:00.079798 [/Devices/acpi/0/] (level 3)
00:00:00.079802   PCIBusNo      <integer> = 0x0000000000000000 (0)
00:00:00.079802   PCIDeviceNo   <integer> = 0x0000000000000007 (7)
00:00:00.079803   PCIFunctionNo <integer> = 0x0000000000000000 (0)
00:00:00.079803   Trusted       <integer> = 0x0000000000000001 (1)
00:00:00.079804 
00:00:00.079804 [/Devices/acpi/0/Config/] (level 4)
00:00:00.079805   CpuHotPlug          <integer> = 0x0000000000000000 (0)
00:00:00.079805   FdcEnabled          <integer> = 0x0000000000000000 (0)
00:00:00.079806   HostBusPciAddress   <integer> = 0x0000000000000000 (0)
00:00:00.079806   HpetEnabled         <integer> = 0x0000000000000000 (0)
00:00:00.079807   IOAPIC              <integer> = 0x0000000000000001 (1)
00:00:00.079808   IocPciAddress       <integer> = 0x0000000000010000 (65 536)
00:00:00.079808   NumCPUs             <integer> = 0x0000000000000001 (1)
00:00:00.079809   Parallel0IoPortBase <integer> = 0x0000000000000000 (0)
00:00:00.079810   Parallel0Irq        <integer> = 0x0000000000000000 (0)
00:00:00.079810   Parallel1IoPortBase <integer> = 0x0000000000000000 (0)
00:00:00.079811   Parallel1Irq        <integer> = 0x0000000000000000 (0)
00:00:00.079811   Serial0IoPortBase   <integer> = 0x0000000000000000 (0)
00:00:00.079812   Serial0Irq          <integer> = 0x0000000000000000 (0)
00:00:00.079812   Serial1IoPortBase   <integer> = 0x0000000000000000 (0)
00:00:00.079813   Serial1Irq          <integer> = 0x0000000000000000 (0)
00:00:00.079813   ShowCpu             <integer> = 0x0000000000000001 (1)
00:00:00.079814   ShowRtc             <integer> = 0x0000000000000000 (0)
00:00:00.079814   SmcEnabled          <integer> = 0x0000000000000000 (0)
00:00:00.079815 
00:00:00.079815 [/Devices/acpi/0/LUN#0/] (level 4)
00:00:00.079816   Driver <string>  = "ACPIHost" (cb=9)
00:00:00.079816 
00:00:00.079816 [/Devices/acpi/0/LUN#0/Config/] (level 5)
00:00:00.079817 
00:00:00.079817 [/Devices/apic/] (level 2)
00:00:00.079818 
00:00:00.079818 [/Devices/apic/0/] (level 3)
00:00:00.079819   Trusted <integer> = 0x0000000000000001 (1)
00:00:00.079819 
00:00:00.079819 [/Devices/apic/0/Config/] (level 4)
00:00:00.079820   IOAPIC  <integer> = 0x0000000000000001 (1)
00:00:00.079821   Mode    <integer> = 0x0000000000000003 (3)
00:00:00.079821   NumCPUs <integer> = 0x0000000000000001 (1)
00:00:00.079822 
00:00:00.079822 [/Devices/e1000/] (level 2)
00:00:00.079822 
00:00:00.079823 [/Devices/e1000/0/] (level 3)
00:00:00.079824   PCIBusNo      <integer> = 0x0000000000000000 (0)
00:00:00.079825   PCIDeviceNo   <integer> = 0x0000000000000003 (3)
00:00:00.079825   PCIFunctionNo <integer> = 0x0000000000000000 (0)
00:00:00.079825   Trusted       <integer> = 0x0000000000000001 (1)
00:00:00.079826 
00:00:00.079826 [/Devices/e1000/0/Config/] (level 4)
00:00:00.079827   AdapterType    <integer> = 0x0000000000000000 (0)
00:00:00.079828   CableConnected <integer> = 0x0000000000000001 (1)
00:00:00.079828   LineSpeed      <integer> = 0x0000000000000000 (0)
00:00:00.079829   MAC            <bytes>   = "08 00 27 f0 97 1b" (cb=6)
00:00:00.079830 
00:00:00.079830 [/Devices/e1000/0/LUN#0/] (level 4)
00:00:00.079831   Driver <string>  = "NAT" (cb=4)
00:00:00.079831 
00:00:00.079831 [/Devices/e1000/0/LUN#0/Config/] (level 5)
00:00:00.079832   AliasMode       <integer> = 0x0000000000000000 (0)
00:00:00.079833   BootFile        <string>  = "graphitea_default_1635197043796_16964.pxe" (cb=42)
00:00:00.079834   DNSProxy        <integer> = 0x0000000000000001 (1)
00:00:00.079834   Network         <string>  = "10.0.2.0/24" (cb=12)
00:00:00.079835   PassDomain      <integer> = 0x0000000000000001 (1)
00:00:00.079835   TFTPPrefix      <string>  = "/Users/birukeyesus/Library/VirtualBox/TFTP" (cb=43)
00:00:00.079836   UseHostResolver <integer> = 0x0000000000000000 (0)
00:00:00.079836 
00:00:00.079837 [/Devices/e1000/0/LUN#0/Config/PortForwarding/] (level 6)
00:00:00.079838 
00:00:00.079838 [/Devices/e1000/0/LUN#0/Config/PortForwarding/0/] (level 7)
00:00:00.079840   BindIP    <string>  = "127.0.0.1" (cb=10)
00:00:00.079840   GuestPort <integer> = 0x0000000000000016 (22)
00:00:00.079842   HostPort  <integer> = 0x0000000000000898 (2 200)
00:00:00.079843   Name      <string>  = "ssh" (cb=4)
00:00:00.079844   Protocol  <string>  = "TCP" (cb=4)
00:00:00.079844 
00:00:00.079844 [/Devices/e1000/0/LUN#999/] (level 4)
00:00:00.079845   Driver <string>  = "MainStatus" (cb=11)
00:00:00.079845 
00:00:00.079846 [/Devices/e1000/0/LUN#999/Config/] (level 5)
00:00:00.079846   First   <integer> = 0x0000000000000000 (0)
00:00:00.079847   Last    <integer> = 0x0000000000000000 (0)
00:00:00.079847   papLeds <integer> = 0x00007fdf9600b870 (140 598 271 064 176)
00:00:00.079848 
00:00:00.079849 [/Devices/i8254/] (level 2)
00:00:00.079849 
00:00:00.079849 [/Devices/i8254/0/] (level 3)
00:00:00.079850 
00:00:00.079850 [/Devices/i8254/0/Config/] (level 4)
00:00:00.079851 
00:00:00.079851 [/Devices/i8259/] (level 2)
00:00:00.079852 
00:00:00.079852 [/Devices/i8259/0/] (level 3)
00:00:00.079852   Trusted <integer> = 0x0000000000000001 (1)
00:00:00.079853 
00:00:00.079853 [/Devices/i8259/0/Config/] (level 4)
00:00:00.079854 
00:00:00.079854 [/Devices/ioapic/] (level 2)
00:00:00.079855 
00:00:00.079855 [/Devices/ioapic/0/] (level 3)
00:00:00.079855   Trusted <integer> = 0x0000000000000001 (1)
00:00:00.079856 
00:00:00.079856 [/Devices/ioapic/0/Config/] (level 4)
00:00:00.079857   NumCPUs <integer> = 0x0000000000000001 (1)
00:00:00.079857 
00:00:00.079857 [/Devices/mc146818/] (level 2)
00:00:00.079858 
00:00:00.079859 [/Devices/mc146818/0/] (level 3)
00:00:00.079859 
00:00:00.079859 [/Devices/mc146818/0/Config/] (level 4)
00:00:00.079860   UseUTC <integer> = 0x0000000000000001 (1)
00:00:00.079861 
00:00:00.079861 [/Devices/parallel/] (level 2)
00:00:00.079861 
00:00:00.079862 [/Devices/pcarch/] (level 2)
00:00:00.079862 
00:00:00.079862 [/Devices/pcarch/0/] (level 3)
00:00:00.079863   Trusted <integer> = 0x0000000000000001 (1)
00:00:00.079863 
00:00:00.079864 [/Devices/pcarch/0/Config/] (level 4)
00:00:00.079864 
00:00:00.079864 [/Devices/pcbios/] (level 2)
00:00:00.079865 
00:00:00.079865 [/Devices/pcbios/0/] (level 3)
00:00:00.079866   Trusted <integer> = 0x0000000000000001 (1)
00:00:00.079866 
00:00:00.079866 [/Devices/pcbios/0/Config/] (level 4)
00:00:00.079867   APIC           <integer> = 0x0000000000000001 (1)
00:00:00.079868   BootDevice0    <string>  = "IDE" (cb=4)
00:00:00.079869   BootDevice1    <string>  = "DVD" (cb=4)
00:00:00.079869   BootDevice2    <string>  = "NONE" (cb=5)
00:00:00.079870   BootDevice3    <string>  = "NONE" (cb=5)
00:00:00.079870   FloppyDevice   <string>  = "i82078" (cb=7)
00:00:00.079871   HardDiskDevice <string>  = "piix3ide" (cb=9)
00:00:00.079871   IOAPIC         <integer> = 0x0000000000000001 (1)
00:00:00.079872   McfgBase       <integer> = 0x0000000000000000 (0)
00:00:00.079872   McfgLength     <integer> = 0x0000000000000000 (0)
00:00:00.079873   NumCPUs        <integer> = 0x0000000000000001 (1)
00:00:00.079873   PXEDebug       <integer> = 0x0000000000000000 (0)
00:00:00.079874   UUID           <bytes>   = "98 33 7d 5f 52 89 ce 45 8d 8e 30 95 af df bf 9c" (cb=16)
00:00:00.079876   UuidLe         <integer> = 0x0000000000000001 (1)
00:00:00.079876 
00:00:00.079876 [/Devices/pcbios/0/Config/NetBoot/] (level 5)
00:00:00.079877 
00:00:00.079877 [/Devices/pcbios/0/Config/NetBoot/0/] (level 6)
00:00:00.079878   NIC           <integer> = 0x0000000000000000 (0)
00:00:00.079879   PCIBusNo      <integer> = 0x0000000000000000 (0)
00:00:00.079879   PCIDeviceNo   <integer> = 0x0000000000000003 (3)
00:00:00.079880   PCIFunctionNo <integer> = 0x0000000000000000 (0)
00:00:00.079880 
00:00:00.079881 [/Devices/pci/] (level 2)
00:00:00.079881 
00:00:00.079881 [/Devices/pci/0/] (level 3)
00:00:00.079882   Trusted <integer> = 0x0000000000000001 (1)
00:00:00.079883 
00:00:00.079883 [/Devices/pci/0/Config/] (level 4)
00:00:00.079884   IOAPIC <integer> = 0x0000000000000001 (1)
00:00:00.079884 
00:00:00.079884 [/Devices/pcibridge/] (level 2)
00:00:00.079885 
00:00:00.079885 [/Devices/pckbd/] (level 2)
00:00:00.079886 
00:00:00.079886 [/Devices/pckbd/0/] (level 3)
00:00:00.079887   Trusted <integer> = 0x0000000000000001 (1)
00:00:00.079888 
00:00:00.079889 [/Devices/pckbd/0/Config/] (level 4)
00:00:00.079889 
00:00:00.079890 [/Devices/pckbd/0/LUN#0/] (level 4)
00:00:00.079890   Driver <string>  = "KeyboardQueue" (cb=14)
00:00:00.079891 
00:00:00.079891 [/Devices/pckbd/0/LUN#0/AttachedDriver/] (level 5)
00:00:00.079892   Driver <string>  = "MainKeyboard" (cb=13)
00:00:00.079892 
00:00:00.079892 [/Devices/pckbd/0/LUN#0/AttachedDriver/Config/] (level 6)
00:00:00.079893   Object <integer> = 0x00007fdf95707160 (140 598 261 608 800)
00:00:00.079894 
00:00:00.079894 [/Devices/pckbd/0/LUN#0/Config/] (level 5)
00:00:00.079895   QueueSize <integer> = 0x0000000000000040 (64)
00:00:00.079896 
00:00:00.079896 [/Devices/pckbd/0/LUN#1/] (level 4)
00:00:00.079897   Driver <string>  = "MouseQueue" (cb=11)
00:00:00.079897 
00:00:00.079897 [/Devices/pckbd/0/LUN#1/AttachedDriver/] (level 5)
00:00:00.079898   Driver <string>  = "MainMouse" (cb=10)
00:00:00.079898 
00:00:00.079899 [/Devices/pckbd/0/LUN#1/AttachedDriver/Config/] (level 6)
00:00:00.079900   Object <integer> = 0x00007fdf957074f0 (140 598 261 609 712)
00:00:00.079900 
00:00:00.079901 [/Devices/pckbd/0/LUN#1/Config/] (level 5)
00:00:00.079901   QueueSize <integer> = 0x0000000000000080 (128)
00:00:00.079902 
00:00:00.079902 [/Devices/pcnet/] (level 2)
00:00:00.079903 
00:00:00.079903 [/Devices/piix3ide/] (level 2)
00:00:00.079904 
00:00:00.079904 [/Devices/piix3ide/0/] (level 3)
00:00:00.079904   PCIBusNo      <integer> = 0x0000000000000000 (0)
00:00:00.079905   PCIDeviceNo   <integer> = 0x0000000000000001 (1)
00:00:00.079905   PCIFunctionNo <integer> = 0x0000000000000001 (1)
00:00:00.079906   Trusted       <integer> = 0x0000000000000001 (1)
00:00:00.079906 
00:00:00.079907 [/Devices/piix3ide/0/Config/] (level 4)
00:00:00.079907   Type <string>  = "PIIX4" (cb=6)
00:00:00.079908 
00:00:00.079908 [/Devices/piix3ide/0/LUN#0/] (level 4)
00:00:00.079909   Driver <string>  = "VD" (cb=3)
00:00:00.079909 
00:00:00.079909 [/Devices/piix3ide/0/LUN#0/Config/] (level 5)
00:00:00.079910   Format    <string>  = "VMDK" (cb=5)
00:00:00.079911   Mountable <integer> = 0x0000000000000000 (0)
00:00:00.079911   Path      <string>  = "/Volumes/externalwd/ITMO-453/beyesus/packer-example-code/build/graphitea_default_1635197043796_16964/ubuntu-graphitea-disk001.vmdk" (cb=131)
00:00:00.079912   Type      <string>  = "HardDisk" (cb=9)
00:00:00.079912 
00:00:00.079913 [/Devices/piix3ide/0/LUN#999/] (level 4)
00:00:00.079913   Driver <string>  = "MainStatus" (cb=11)
00:00:00.079914 
00:00:00.079914 [/Devices/piix3ide/0/LUN#999/Config/] (level 5)
00:00:00.079915   DeviceInstance        <string>  = "piix3ide/0" (cb=11)
00:00:00.079916   First                 <integer> = 0x0000000000000000 (0)
00:00:00.079916   Last                  <integer> = 0x0000000000000003 (3)
00:00:00.079917   pConsole              <integer> = 0x00007fdf9600a600 (140 598 271 059 456)
00:00:00.079918   papLeds               <integer> = 0x00007fdf9600ad78 (140 598 271 061 368)
00:00:00.079919   pmapMediumAttachments <integer> = 0x00007fdf9600b9b0 (140 598 271 064 496)
00:00:00.079920 
00:00:00.079920 [/Devices/serial/] (level 2)
00:00:00.079921 
00:00:00.079921 [/Devices/vga/] (level 2)
00:00:00.079922 
00:00:00.079923 [/Devices/vga/0/] (level 3)
00:00:00.079924   PCIBusNo      <integer> = 0x0000000000000000 (0)
00:00:00.079924   PCIDeviceNo   <integer> = 0x0000000000000002 (2)
00:00:00.079925   PCIFunctionNo <integer> = 0x0000000000000000 (0)
00:00:00.079925   Trusted       <integer> = 0x0000000000000001 (1)
00:00:00.079926 
00:00:00.079926 [/Devices/vga/0/Config/] (level 4)
00:00:00.079927   3DEnabled        <integer> = 0x0000000000000000 (0)
00:00:00.079928   CustomVideoModes <integer> = 0x0000000000000000 (0)
00:00:00.079928   FadeIn           <integer> = 0x0000000000000001 (1)
00:00:00.079929   FadeOut          <integer> = 0x0000000000000001 (1)
00:00:00.079929   HeightReduction  <integer> = 0x0000000000000000 (0)
00:00:00.079930   LogoFile         <string>  = "" (cb=1)
00:00:00.079930   LogoTime         <integer> = 0x0000000000000000 (0)
00:00:00.079933   MonitorCount     <integer> = 0x0000000000000001 (1)
00:00:00.079933   ShowBootMenu     <integer> = 0x0000000000000002 (2)
00:00:00.079934   VRamSize         <integer> = 0x0000000000400000 (4 194 304, 4 MB)
00:00:00.079935 
00:00:00.079935 [/Devices/vga/0/LUN#0/] (level 4)
00:00:00.079936   Driver <string>  = "MainDisplay" (cb=12)
00:00:00.079936 
00:00:00.079936 [/Devices/vga/0/LUN#0/Config/] (level 5)
00:00:00.079937   Object <integer> = 0x00007fdf9680a400 (140 598 279 447 552)
00:00:00.079938 
00:00:00.079938 [/Devices/vga/0/LUN#999/] (level 4)
00:00:00.079939   Driver <string>  = "MainStatus" (cb=11)
00:00:00.079939 
00:00:00.079939 [/Devices/vga/0/LUN#999/Config/] (level 5)
00:00:00.079940   First   <integer> = 0x0000000000000000 (0)
00:00:00.079941   Last    <integer> = 0x0000000000000000 (0)
00:00:00.079941   papLeds <integer> = 0x00007fdf9600b9a8 (140 598 271 064 488)
00:00:00.079942 
00:00:00.079942 [/Devices/virtio-net/] (level 2)
00:00:00.079943 
00:00:00.079943 [/EM/] (level 1)
00:00:00.079944   TripleFaultReset <integer> = 0x0000000000000000 (0)
00:00:00.079944 
00:00:00.079944 [/GIM/] (level 1)
00:00:00.079945   Provider <string>  = "KVM" (cb=4)
00:00:00.079945 
00:00:00.079946 [/HM/] (level 1)
00:00:00.079947   64bitEnabled       <integer> = 0x0000000000000001 (1)
00:00:00.079947   EnableLargePages   <integer> = 0x0000000000000001 (1)
00:00:00.079948   EnableNestedPaging <integer> = 0x0000000000000001 (1)
00:00:00.079948   EnableUX           <integer> = 0x0000000000000001 (1)
00:00:00.079949   EnableVPID         <integer> = 0x0000000000000001 (1)
00:00:00.079949   Exclusive          <integer> = 0x0000000000000000 (0)
00:00:00.079950   HMForced           <integer> = 0x0000000000000001 (1)
00:00:00.079950   IBPBOnVMEntry      <integer> = 0x0000000000000000 (0)
00:00:00.079951   IBPBOnVMExit       <integer> = 0x0000000000000000 (0)
00:00:00.079951   L1DFlushOnSched    <integer> = 0x0000000000000001 (1)
00:00:00.079952   L1DFlushOnVMEntry  <integer> = 0x0000000000000000 (0)
00:00:00.079952   MDSClearOnSched    <integer> = 0x0000000000000001 (1)
00:00:00.079953   MDSClearOnVMEntry  <integer> = 0x0000000000000000 (0)
00:00:00.079953   SpecCtrlByHost     <integer> = 0x0000000000000000 (0)
00:00:00.079954   UseNEMInstead      <integer> = 0x0000000000000000 (0)
00:00:00.079954 
00:00:00.079955 [/MM/] (level 1)
00:00:00.079955   CanUseLargerHeap <integer> = 0x0000000000000000 (0)
00:00:00.079955 
00:00:00.079956 [/NEM/] (level 1)
00:00:00.079956   Allow64BitGuests <integer> = 0x0000000000000001 (1)
00:00:00.079957 
00:00:00.079957 [/PDM/] (level 1)
00:00:00.079957 
00:00:00.079957 [/PDM/AsyncCompletion/] (level 2)
00:00:00.079958 
00:00:00.079958 [/PDM/AsyncCompletion/File/] (level 3)
00:00:00.079959 
00:00:00.079960 [/PDM/AsyncCompletion/File/BwGroups/] (level 4)
00:00:00.079960 
00:00:00.079961 [/PDM/BlkCache/] (level 2)
00:00:00.079961   CacheSize <integer> = 0x0000000000500000 (5 242 880, 5 MB)
00:00:00.079962 
00:00:00.079962 [/PDM/Devices/] (level 2)
00:00:00.079963 
00:00:00.079963 [/PDM/Drivers/] (level 2)
00:00:00.079964 
00:00:00.079964 [/PDM/Drivers/VBoxC/] (level 3)
00:00:00.079965   Path <string>  = "/Applications/VirtualBox.app/Contents/MacOS/components/VBoxC" (cb=61)
00:00:00.079965 
00:00:00.079965 [/PDM/NetworkShaper/] (level 2)
00:00:00.079966 
00:00:00.079966 [/PDM/NetworkShaper/BwGroups/] (level 3)
00:00:00.079967 
00:00:00.079967 [/TM/] (level 1)
00:00:00.079968   UTCOffset <integer> = 0x0000000000000000 (0)
00:00:00.079968 
00:00:00.079968 ********************* End of CFGM dump **********************
00:00:00.080029 HM: HMR3Init: VT-x w/ nested paging and unrestricted guest execution hw support
00:00:00.080049 MM: cbHyperHeap=0x200000 (2097152)
00:00:00.082162 CPUM: fXStateHostMask=0x7; initial: 0x7; host XCR0=0x7
00:00:00.082855 CPUM: Matched host CPU INTEL 0x6/0x8e/0xa Intel_Core7_CoffeeLake with CPU DB entry 'Intel Core i7-6700K' (INTEL 0x6/0x5e/0x3 Intel_Core7_Skylake)
00:00:00.082927 CPUM: MXCSR_MASK=0xffff (host: 0xffff)
00:00:00.082952 CPUM: Microcode revision 0x000000EA
00:00:00.082962 CPUM: Changing leaf 13[0]: EBX=0x340 -> 0x340, ECX=0x440 -> 0x340
00:00:00.082974 CPUM: MSR/CPUID reconciliation insert: 0x0000010b IA32_FLUSH_CMD
00:00:00.082989 CPUM: SetGuestCpuIdFeature: Enabled PAE
00:00:00.083173 PGM: Host paging mode: AMD64+PGE+NX
00:00:00.083179 PGM: PGMPool: cMaxPages=768 (u64MaxPages=545)
00:00:00.083181 PGM: pgmR3PoolInit: cMaxPages=0x300 cMaxUsers=0x600 cMaxPhysExts=0x600 fCacheEnable=true 
00:00:00.088219 TM: GIP - u32Mode=3 (Invariant) u32UpdateHz=100 u32UpdateIntervalNS=10000000 enmUseTscDelta=2 (Practically Zero) fGetGipCpu=0x15 cCpus=8
00:00:00.088237 TM: GIP - u64CpuHz=1 392 000 000 (0x52f83c00)  SUPGetCpuHzFromGip => 1 392 000 000
00:00:00.088243 TM: GIP - CPU: iCpuSet=0x0 idCpu=0x0 idApic=0x0 iGipCpu=0x7 i64TSCDelta=0 enmState=3 u64CpuHz=1391999996(*) cErrors=0
00:00:00.088246 TM: GIP - CPU: iCpuSet=0x1 idCpu=0x1 idApic=0x1 iGipCpu=0x6 i64TSCDelta=0 enmState=3 u64CpuHz=1392000000(*) cErrors=0
00:00:00.088249 TM: GIP - CPU: iCpuSet=0x2 idCpu=0x2 idApic=0x2 iGipCpu=0x2 i64TSCDelta=0 enmState=3 u64CpuHz=1391999980(*) cErrors=0
00:00:00.088252 TM: GIP - CPU: iCpuSet=0x3 idCpu=0x3 idApic=0x3 iGipCpu=0x5 i64TSCDelta=0 enmState=3 u64CpuHz=1392000001(*) cErrors=0
00:00:00.088256 TM: GIP - CPU: iCpuSet=0x4 idCpu=0x4 idApic=0x4 iGipCpu=0x4 i64TSCDelta=0 enmState=3 u64CpuHz=1391999996(*) cErrors=0
00:00:00.088259 TM: GIP - CPU: iCpuSet=0x5 idCpu=0x5 idApic=0x5 iGipCpu=0x3 i64TSCDelta=0 enmState=3 u64CpuHz=1391999993(*) cErrors=0
00:00:00.088262 TM: GIP - CPU: iCpuSet=0x6 idCpu=0x6 idApic=0x6 iGipCpu=0x1 i64TSCDelta=0 enmState=3 u64CpuHz=1391995306(*) cErrors=0
00:00:00.088265 TM: GIP - CPU: iCpuSet=0x7 idCpu=0x7 idApic=0x7 iGipCpu=0x0 i64TSCDelta=0 enmState=3 u64CpuHz=1392000000(*) cErrors=0
00:00:00.088329 TM: cTSCTicksPerSecond=1 392 000 000 (0x52f83c00) enmTSCMode=3 (Dynamic)
00:00:00.088331 TM: TSCTiedToExecution=false TSCNotTiedToHalt=false
00:00:00.088767 EMR3Init: fIemExecutesAll=false fGuruOnTripleFault=true 
00:00:00.088845 IEM: TargetCpu=CURRENT, Microarch=Intel_Core7_CoffeeLake
00:00:00.088906 GIM: Using provider 'KVM' (Implementation version: 0)
00:00:00.088921 CPUM: SetGuestCpuIdFeature: Enabled Hypervisor Present bit
00:00:00.089004 AIOMgr: Default manager type is 'Async'
00:00:00.089009 AIOMgr: Default file backend is 'NonBuffered'
00:00:00.089100 BlkCache: Cache successfully initialized. Cache size is 5242880 bytes
00:00:00.089107 BlkCache: Cache commit interval is 10000 ms
00:00:00.089110 BlkCache: Cache commit threshold is 2621440 bytes
00:00:00.113183 PcBios: [SMP] BIOS with 1 CPUs
00:00:00.113210 PcBios: Using the 386+ BIOS image.
00:00:00.113299 PcBios: MPS table at 000e1300
00:00:00.114306 PcBios: fCheckShutdownStatusForSoftReset=true   fClearShutdownStatusOnHardReset=true 
00:00:00.115412 SUP: Opened VBoxDDR0.r0 (/Applications/VirtualBox.app/Contents/MacOS/VBoxDDR0.r0) at 0xXXXXXXXXXXXXXXXX loaded by the native ring-0 loader.
00:00:00.115902 CPUM: SetGuestCpuIdFeature: Enabled xAPIC
00:00:00.115910 CPUM: SetGuestCpuIdFeature: Enabled x2APIC
00:00:00.116423 IOAPIC: Using implementation 2.0! Chipset type ICH9
00:00:00.116563 PIT: mode=3 count=0x10000 (65536) - 18.20 Hz (ch=0)
00:00:00.116926 VMMDev: cbDefaultBudget: 134 217 728 (8000000)
00:00:00.122186 Shared Folders service loaded
00:00:00.123019 Guest Control service loaded
00:00:00.128199 VGA: Using the 386+ BIOS image.
00:00:00.130608 DrvVD: Flushes will be ignored
00:00:00.130617 DrvVD: Async flushes will be passed to the disk
00:00:00.131082 VD: VDInit finished with VINF_SUCCESS
00:00:00.222077 VD: Opening the disk took 91449349 ns
00:00:00.222190 PIIX3 ATA: LUN#0: disk, PCHS=16383/16/63, total number of sectors 20480000
00:00:00.222687 PIIX3 ATA: LUN#1: no unit
00:00:00.222819 PIIX3 ATA: LUN#2: no unit
00:00:00.222836 PIIX3 ATA: LUN#3: no unit
00:00:00.223273 PIIX3 ATA: Ctl#0: finished processing RESET
00:00:00.223314 PIIX3 ATA: Ctl#1: finished processing RESET
00:00:00.223687 E1000#0: Chip=82540EM LinkUpDelay=3000ms EthernetCRC=on GSO=enabled Itr=disabled ItrRx=enabled TID=disabled R0=enabled RC=disabled
00:00:00.232240 NAT: Guest address guess set to 10.0.2.15 by initialization
00:00:00.232433 NAT: resolv.conf: nameserver 2001:558:feed::1
00:00:00.232442 NAT: resolv.conf: nameserver 2001:558:feed::2
00:00:00.232446 NAT: resolv.conf: nameserver 75.75.75.75
00:00:00.232451 NAT: resolv.conf: nameserver 75.75.76.76
00:00:00.232465 NAT: Adding domain name hsd1.il.comcast.net
00:00:00.232468 NAT: DNS#0: 75.75.75.75
00:00:00.232472 NAT: DNS#1: 75.75.76.76
00:00:00.232546 NAT: Set redirect TCP 127.0.0.1:2200 -> 0.0.0.0:22
00:00:00.234090 PGM: The CPU physical address width is 39 bits
00:00:00.234102 PGM: PGMR3InitFinalize: 4 MB PSE mask 0000007fffffffff -> VINF_SUCCESS
00:00:00.234136 TM: TMR3InitFinalize: fTSCModeSwitchAllowed=true 
00:00:00.234337 VMM: Thread-context hooks unavailable
00:00:00.234342 VMM: RTThreadPreemptIsPending() can be trusted
00:00:00.234344 VMM: Kernel preemption is possible
00:00:00.234369 HM: fWorldSwitcher=0x0 (fIbpbOnVmExit=false fIbpbOnVmEntry=false fL1dFlushOnVmEntry=false); fL1dFlushOnSched=true  fMdsClearOnVmEntry=false
00:00:00.234377 HM: Using VT-x implementation 3.0
00:00:00.234378 HM: Max resume loops                  = 8192
00:00:00.234378 HM: Host CR4                          = 0x3626e0
00:00:00.234379 HM: Host EFER                         = 0xd01
00:00:00.234379 HM: MSR_IA32_SMM_MONITOR_CTL          = 0x0
00:00:00.234380 HM: MSR_IA32_FEATURE_CONTROL          = 0x5
00:00:00.234380 HM:   LOCK
00:00:00.234381 HM:   VMXON
00:00:00.234381 HM: MSR_IA32_VMX_BASIC                = 0xda040000000004
00:00:00.234382 HM:   VMCS id                           = 0x4
00:00:00.234382 HM:   VMCS size                         = 1024 bytes
00:00:00.234383 HM:   VMCS physical address limit       = None
00:00:00.234385 HM:   VMCS memory type                  = Write Back (WB)
00:00:00.234385 HM:   Dual-monitor treatment support    = true 
00:00:00.234386 HM:   OUTS & INS instruction-info       = true 
00:00:00.234386 HM:   Supports true-capability MSRs     = true 
00:00:00.234387 HM:   VM-entry Xcpt error-code optional = false
00:00:00.234387 HM: MSR_IA32_VMX_PINBASED_CTLS        = 0x7f00000016
00:00:00.234388 HM:   EXT_INT_EXIT
00:00:00.234388 HM:   NMI_EXIT
00:00:00.234388 HM:   VIRTUAL_NMI
00:00:00.234388 HM:   PREEMPT_TIMER
00:00:00.234389 HM:   POSTED_INT (must be cleared)
00:00:00.234389 HM: MSR_IA32_VMX_PROCBASED_CTLS       = 0xfff9fffe0401e172
00:00:00.234390 HM:   INT_WINDOW_EXIT
00:00:00.234390 HM:   USE_TSC_OFFSETTING
00:00:00.234390 HM:   HLT_EXIT
00:00:00.234391 HM:   INVLPG_EXIT
00:00:00.234391 HM:   MWAIT_EXIT
00:00:00.234391 HM:   RDPMC_EXIT
00:00:00.234392 HM:   RDTSC_EXIT
00:00:00.234392 HM:   CR3_LOAD_EXIT (must be set)
00:00:00.234392 HM:   CR3_STORE_EXIT (must be set)
00:00:00.234393 HM:   CR8_LOAD_EXIT
00:00:00.234393 HM:   CR8_STORE_EXIT
00:00:00.234393 HM:   USE_TPR_SHADOW
00:00:00.234393 HM:   NMI_WINDOW_EXIT
00:00:00.234394 HM:   MOV_DR_EXIT
00:00:00.234394 HM:   UNCOND_IO_EXIT
00:00:00.234394 HM:   USE_IO_BITMAPS
00:00:00.234394 HM:   MONITOR_TRAP_FLAG
00:00:00.234395 HM:   USE_MSR_BITMAPS
00:00:00.234395 HM:   MONITOR_EXIT
00:00:00.234395 HM:   PAUSE_EXIT
00:00:00.234395 HM:   USE_SECONDARY_CTLS
00:00:00.234397 HM: MSR_IA32_VMX_PROCBASED_CTLS2      = 0x5fbcff00000000
00:00:00.234398 HM:   VIRT_APIC_ACCESS
00:00:00.234398 HM:   EPT
00:00:00.234399 HM:   DESC_TABLE_EXIT
00:00:00.234399 HM:   RDTSCP
00:00:00.234399 HM:   VIRT_X2APIC_MODE
00:00:00.234400 HM:   VPID
00:00:00.234400 HM:   WBINVD_EXIT
00:00:00.234400 HM:   UNRESTRICTED_GUEST
00:00:00.234400 HM:   APIC_REG_VIRT (must be cleared)
00:00:00.234401 HM:   VIRT_INT_DELIVERY (must be cleared)
00:00:00.234401 HM:   PAUSE_LOOP_EXIT
00:00:00.234401 HM:   RDRAND_EXIT
00:00:00.234401 HM:   INVPCID
00:00:00.234403 HM:   VMFUNC
00:00:00.234404 HM:   VMCS_SHADOWING (must be cleared)
00:00:00.234404 HM:   ENCLS_EXIT
00:00:00.234404 HM:   RDSEED_EXIT
00:00:00.234405 HM:   PML
00:00:00.234405 HM:   EPT_VE
00:00:00.234405 HM:   CONCEAL_VMX_FROM_PT
00:00:00.234406 HM:   XSAVES_XRSTORS
00:00:00.234406 HM:   MODE_BASED_EPT_PERM
00:00:00.234406 HM:   SPPTP_EPT (must be cleared)
00:00:00.234406 HM:   PT_EPT (must be cleared)
00:00:00.234407 HM:   TSC_SCALING (must be cleared)
00:00:00.234407 HM:   USER_WAIT_PAUSE (must be cleared)
00:00:00.234407 HM:   ENCLV_EXIT (must be cleared)
00:00:00.234408 HM: MSR_IA32_VMX_ENTRY_CTLS           = 0x3ffff000011ff
00:00:00.234408 HM:   LOAD_DEBUG (must be set)
00:00:00.234409 HM:   IA32E_MODE_GUEST
00:00:00.234409 HM:   ENTRY_TO_SMM
00:00:00.234409 HM:   DEACTIVATE_DUAL_MON
00:00:00.234409 HM:   LOAD_PERF_MSR
00:00:00.234410 HM:   LOAD_PAT_MSR
00:00:00.234410 HM:   LOAD_EFER_MSR
00:00:00.234410 HM:   LOAD_BNDCFGS_MSR
00:00:00.234410 HM:   CONCEAL_VMX_FROM_PT
00:00:00.234411 HM:   LOAD_RTIT_CTL_MSR (must be cleared)
00:00:00.234411 HM: MSR_IA32_VMX_EXIT_CTLS            = 0x1ffffff00036dff
00:00:00.234412 HM:   SAVE_DEBUG (must be set)
00:00:00.234412 HM:   HOST_ADDR_SPACE_SIZE
00:00:00.234412 HM:   LOAD_PERF_MSR
00:00:00.234413 HM:   ACK_EXT_INT
00:00:00.234413 HM:   SAVE_PAT_MSR
00:00:00.234413 HM:   LOAD_PAT_MSR
00:00:00.234414 HM:   SAVE_EFER_MSR
00:00:00.234414 HM:   LOAD_EFER_MSR
00:00:00.234414 HM:   SAVE_PREEMPT_TIMER
00:00:00.234414 HM:   CLEAR_BNDCFGS_MSR
00:00:00.234415 HM:   CONCEAL_VMX_FROM_PT
00:00:00.234415 HM:   CLEAR_RTIT_CTL_MSR (must be cleared)
00:00:00.234415 HM: MSR_IA32_VMX_TRUE_PINBASED_CTLS   = 0x7f00000016
00:00:00.234416 HM: MSR_IA32_VMX_TRUE_PROCBASED_CTLS  = 0xfff9fffe04006172
00:00:00.234417 HM: MSR_IA32_VMX_TRUE_ENTRY_CTLS      = 0x3ffff000011fb
00:00:00.234417 HM: MSR_IA32_VMX_TRUE_EXIT_CTLS       = 0x1ffffff00036dfb
00:00:00.234418 HM: MSR_IA32_VMX_MISC                 = 0x7004c1e7
00:00:00.234419 HM:   PREEMPT_TIMER_TSC                 = 0x7
00:00:00.234419 HM:   EXIT_SAVE_EFER_LMA                = true 
00:00:00.234420 HM:   ACTIVITY_STATES                   = 0x7 ( HLT SHUTDOWN SIPI_WAIT )
00:00:00.234420 HM:   INTEL_PT                          = true 
00:00:00.234420 HM:   SMM_READ_SMBASE_MSR               = true 
00:00:00.234423 HM:   CR3_TARGET                        = 0x4
00:00:00.234423 HM:   MAX_MSR                           = 0x0 ( 512 )
00:00:00.234424 HM:   VMXOFF_BLOCK_SMI                  = true 
00:00:00.234424 HM:   VMWRITE_ALL                       = true 
00:00:00.234425 HM:   ENTRY_INJECT_SOFT_INT             = 0x1
00:00:00.234425 HM:   MSEG_ID                           = 0x0
00:00:00.234425 HM: MSR_IA32_VMX_VMCS_ENUM            = 0x2e
00:00:00.234426 HM:   HIGHEST_IDX                       = 0x17
00:00:00.234426 HM: MSR_IA32_VMX_EPT_VPID_CAP         = 0xf0106734141
00:00:00.234427 HM:   RWX_X_ONLY
00:00:00.234427 HM:   PAGE_WALK_LENGTH_4
00:00:00.234427 HM:   EMT_UC
00:00:00.234428 HM:   EMT_WB
00:00:00.234428 HM:   PDE_2M
00:00:00.234428 HM:   PDPTE_1G
00:00:00.234428 HM:   INVEPT
00:00:00.234429 HM:   EPT_ACCESS_DIRTY
00:00:00.234429 HM:   ADVEXITINFO_EPT
00:00:00.234429 HM:   INVEPT_SINGLE_CONTEXT
00:00:00.234429 HM:   INVEPT_ALL_CONTEXTS
00:00:00.234430 HM:   INVVPID
00:00:00.234430 HM:   INVVPID_INDIV_ADDR
00:00:00.234430 HM:   INVVPID_SINGLE_CONTEXT
00:00:00.234431 HM:   INVVPID_ALL_CONTEXTS
00:00:00.234431 HM:   INVVPID_SINGLE_CONTEXT_RETAIN_GLOBALS
00:00:00.234431 HM: MSR_IA32_VMX_VMFUNC               = 0x1
00:00:00.234432 HM:   EPTP_SWITCHING
00:00:00.234432 HM: MSR_IA32_VMX_CR0_FIXED0           = 0x80000021
00:00:00.234432 HM: MSR_IA32_VMX_CR0_FIXED1           = 0xffffffff
00:00:00.234433 HM: MSR_IA32_VMX_CR4_FIXED0           = 0x2000
00:00:00.234433 HM: MSR_IA32_VMX_CR4_FIXED1           = 0x3727ff
00:00:00.234434 HM: APIC-access page physaddr         = 0x00000001ce71d000
00:00:00.234435 HM: VCPU  0: MSR bitmap physaddr      = 0x00000001ce71e000
00:00:00.234436 HM: VCPU  0: VMCS physaddr            = 0x0000000040fc4000
00:00:00.234436 HM: Guest support: 32-bit and 64-bit
00:00:00.234447 HM: Supports VMCS EFER fields         = true 
00:00:00.234447 HM: Enabled VMX
00:00:00.234450 CPUM: SetGuestCpuIdFeature: Enabled SYSENTER/EXIT
00:00:00.234450 CPUM: SetGuestCpuIdFeature: Enabled PAE
00:00:00.234450 CPUM: SetGuestCpuIdFeature: Enabled LONG MODE
00:00:00.234451 CPUM: SetGuestCpuIdFeature: Enabled SYSCALL/RET
00:00:00.234451 CPUM: SetGuestCpuIdFeature: Enabled LAHF/SAHF
00:00:00.234451 CPUM: SetGuestCpuIdFeature: Enabled NX
00:00:00.234452 HM: Enabled nested paging
00:00:00.234452 HM:   EPT flush type                  = Single context
00:00:00.234452 HM: Enabled unrestricted guest execution
00:00:00.234453 HM: Enabled large page support
00:00:00.234453 HM: Enabled VPID
00:00:00.234453 HM:   VPID flush type                 = Single context
00:00:00.234455 HM: Enabled VMX-preemption timer (cPreemptTimerShift=7)
00:00:00.234456 HM: VT-x/AMD-V init method: Global
00:00:00.234457 EM: Exit history optimizations: enabled=true  enabled-r0=true  enabled-r0-no-preemption=false
00:00:00.234490 PcBios: ATA LUN#0 LCHS=1024/255/63
00:00:00.234498 APIC: fPostedIntrsEnabled=false fVirtApicRegsEnabled=false fSupportsTscDeadline=false
00:00:00.234503 TMR3UtcNow: nsNow=1 635 197 045 959 042 000 nsPrev=0 -> cNsDelta=1 635 197 045 959 042 000 (offLag=0 offVirtualSync=0 offVirtualSyncGivenUp=0, NowAgain=1 635 197 045 959 042 000)
00:00:00.234509 VMM: fUsePeriodicPreemptionTimers=false
00:00:00.234742 CPUM: Logical host processors: 8 present, 8 max, 8 online, online mask: 00000000000000ff
00:00:00.234746 CPUM: Physical host cores: 4
00:00:00.234746 ************************* CPUID dump ************************
00:00:00.234752          Raw Standard CPUID Leaves
00:00:00.234753      Leaf/sub-leaf  eax      ebx      ecx      edx
00:00:00.234753 Gst: 00000000/0000  00000016 756e6547 6c65746e 49656e69
00:00:00.234754 Hst:                00000016 756e6547 6c65746e 49656e69
00:00:00.234755 Gst: 00000001/0000  000806ea 00010800 d6fa220b 178bfbff
00:00:00.234756 Hst:                000806ea 04100800 7ffafbbf bfebfbff
00:00:00.234757 Gst: 00000002/0000  76036301 00f0b5ff 00000000 00c30000
00:00:00.234759 Hst:                76036301 00f0b5ff 00000000 00c30000
00:00:00.234759 Gst: 00000003/0000  00000000 00000000 00000000 00000000
00:00:00.234760 Hst:                00000000 00000000 00000000 00000000
00:00:00.234761 Gst: 00000004/0000  00000121 01c0003f 0000003f 00000000
00:00:00.234762 Hst:                1c004121 01c0003f 0000003f 00000000
00:00:00.234763 Gst: 00000004/0001  00000122 01c0003f 0000003f 00000000
00:00:00.234763 Hst:                1c004122 01c0003f 0000003f 00000000
00:00:00.234764 Gst: 00000004/0002  00000143 00c0003f 000003ff 00000000
00:00:00.234765 Hst:                1c004143 00c0003f 000003ff 00000000
00:00:00.234766 Gst: 00000004/0003  00000163 02c0003f 00001fff 00000006
00:00:00.234767 Hst:                1c03c163 02c0003f 00001fff 00000006
00:00:00.234767 Gst: 00000004/0004  00000000 00000000 00000000 00000000
00:00:00.234768 Hst:                00000000 00000000 00000000 00000000
00:00:00.234769 Gst: 00000005/0000  00000040 00000040 00000000 00000000
00:00:00.234769 Hst:                00000040 00000040 00000003 11142120
00:00:00.234771 Gst: 00000006/0000  00000000 00000000 00000000 00000000
00:00:00.234771 Hst:                000026f7 00000002 00000009 00000000
00:00:00.234772 Gst: 00000007/0000  00000000 00842421 00000000 10000400
00:00:00.234773 Hst:                00000000 029c67af 00000000 9c002e00
00:00:00.234774 Gst: 00000007/0001  00000000 00000000 00000000 00000000
00:00:00.234774 Hst:                00000000 00000000 00000000 00000000
00:00:00.234775 Gst: 00000008/0000  00000000 00000000 00000000 00000000
00:00:00.234775 Hst:                00000000 00000000 00000000 00000000
00:00:00.234776 Gst: 00000009/0000  00000000 00000000 00000000 00000000
00:00:00.234777 Hst:                00000000 00000000 00000000 00000000
00:00:00.234777 Gst: 0000000a/0000  00000000 00000000 00000000 00000000
00:00:00.234778 Hst:                07300404 00000000 00000000 00000603
00:00:00.234779 Gst: 0000000b/0000  00000000 00000001 00000100 00000000
00:00:00.234779 Hst:                00000001 00000002 00000100 00000004
00:00:00.234780 Gst: 0000000b/0001  00000001 00000001 00000201 00000000
00:00:00.234781 Hst:                00000004 00000008 00000201 00000004
00:00:00.234781 Gst: 0000000b/0002  00000000 00000000 00000002 00000000
00:00:00.234782 Hst:                00000000 00000000 00000002 00000004
00:00:00.234783 Gst: 0000000c/0000  00000000 00000000 00000000 00000000
00:00:00.234783 Hst:                00000000 00000000 00000000 00000000
00:00:00.234784 Gst: 0000000d/0000  00000007 00000340 00000340 00000000
00:00:00.234784 Hst:                0000001f 00000340 00000440 00000000
00:00:00.234785 Gst: 0000000d/0001  00000000 00000340 00000000 00000000
00:00:00.234786 Hst:                0000000f 00000340 00000100 00000000
00:00:00.234786 Gst: 0000000d/0002  00000100 00000240 00000000 00000000
00:00:00.234787 Hst:                00000100 00000240 00000000 00000000
00:00:00.234788 Gst: 0000000d/0003  00000000 00000000 00000000 00000000
00:00:00.234788 Hst:                00000040 000003c0 00000000 00000000
00:00:00.234789 Gst: 0000000d/0004  00000000 00000000 00000000 00000000
00:00:00.234790 Hst:                00000040 00000400 00000000 00000000
00:00:00.234790 Gst: 0000000d/0005  00000000 00000000 00000000 00000000
00:00:00.234791 Hst:                00000000 00000000 00000000 00000000
00:00:00.234792 Gst: 0000000d/0006  00000000 00000000 00000000 00000000
00:00:00.234792 Hst:                00000000 00000000 00000000 00000000
00:00:00.234793 Gst: 0000000d/0007  00000000 00000000 00000000 00000000
00:00:00.234794 Hst:                00000000 00000000 00000000 00000000
00:00:00.234794 Gst: 0000000d/0008  00000000 00000000 00000000 00000000
00:00:00.234795 Hst:                00000080 00000000 00000001 00000000
00:00:00.234795 Gst: 0000000d/0009  00000000 00000000 00000000 00000000
00:00:00.234796 Hst:                00000000 00000000 00000000 00000000
00:00:00.234815 Gst: 0000000e/0000  00000000 00000000 00000000 00000000
00:00:00.234815 Hst:                00000000 00000000 00000000 00000000
00:00:00.234816 Gst: 0000000f/0000  00000000 00000000 00000000 00000000
00:00:00.234817 Hst:                00000000 00000000 00000000 00000000
00:00:00.234817 Gst: 00000010/0000  00000000 00000000 00000000 00000000
00:00:00.234818 Hst:                00000000 00000000 00000000 00000000
00:00:00.234819 Gst: 00000011/0000  00000000 00000000 00000000 00000000
00:00:00.234819 Hst:                00000000 00000000 00000000 00000000
00:00:00.234820 Gst: 00000012/0000  00000000 00000000 00000000 00000000
00:00:00.234820 Hst:                00000000 00000000 00000000 00000000
00:00:00.234821 Gst: 00000013/0000  00000000 00000000 00000000 00000000
00:00:00.234822 Hst:                00000000 00000000 00000000 00000000
00:00:00.234822 Gst: 00000014/0000  00000000 00000000 00000000 00000000
00:00:00.234823 Hst:                00000001 0000000f 00000007 00000000
00:00:00.234824 Hst: 00000015/0000  00000002 00000074 00000000 00000000
00:00:00.234825 Hst: 00000016/0000  00000578 00000f3c 00000064 00000000
00:00:00.234826                                Name: GenuineIntel
00:00:00.234827                            Supports: 0x00000000-0x00000016
00:00:00.234830                              Family:  6 	Extended: 0 	Effective: 6
00:00:00.234831                               Model: 14 	Extended: 8 	Effective: 142
00:00:00.234832                            Stepping: 10
00:00:00.234833                                Type: 0 (primary)
00:00:00.234834                             APIC ID: 0x00
00:00:00.234835                        Logical CPUs: 1
00:00:00.234836                        CLFLUSH Size: 8
00:00:00.234837                            Brand ID: 0x00
00:00:00.234838 Features
00:00:00.234838   Mnemonic - Description                                  = guest (host)
00:00:00.234841   FPU - x87 FPU on Chip                                   = 1 (1)
00:00:00.234842   VME - Virtual 8086 Mode Enhancements                    = 1 (1)
00:00:00.234843   DE - Debugging extensions                               = 1 (1)
00:00:00.234844   PSE - Page Size Extension                               = 1 (1)
00:00:00.234845   TSC - Time Stamp Counter                                = 1 (1)
00:00:00.234846   MSR - Model Specific Registers                          = 1 (1)
00:00:00.234847   PAE - Physical Address Extension                        = 1 (1)
00:00:00.234848   MCE - Machine Check Exception                           = 1 (1)
00:00:00.234849   CX8 - CMPXCHG8B instruction                             = 1 (1)
00:00:00.234850   APIC - APIC On-Chip                                     = 1 (1)
00:00:00.234851   SEP - SYSENTER and SYSEXIT Present                      = 1 (1)
00:00:00.234852   MTRR - Memory Type Range Registers                      = 1 (1)
00:00:00.234853   PGE - PTE Global Bit                                    = 1 (1)
00:00:00.234854   MCA - Machine Check Architecture                        = 1 (1)
00:00:00.234855   CMOV - Conditional Move instructions                    = 1 (1)
00:00:00.234855   PAT - Page Attribute Table                              = 1 (1)
00:00:00.234856   PSE-36 - 36-bit Page Size Extension                     = 1 (1)
00:00:00.234857   PSN - Processor Serial Number                           = 0 (0)
00:00:00.234858   CLFSH - CLFLUSH instruction                             = 1 (1)
00:00:00.234859   DS - Debug Store                                        = 0 (1)
00:00:00.234860   ACPI - Thermal Mon. & Soft. Clock Ctrl.                 = 0 (1)
00:00:00.234861   MMX - Intel MMX Technology                              = 1 (1)
00:00:00.234862   FXSR - FXSAVE and FXRSTOR instructions                  = 1 (1)
00:00:00.234863   SSE - SSE support                                       = 1 (1)
00:00:00.234864   SSE2 - SSE2 support                                     = 1 (1)
00:00:00.234865   SS - Self Snoop                                         = 0 (1)
00:00:00.234866   HTT - Hyper-Threading Technology                        = 1 (1)
00:00:00.234867   TM - Therm. Monitor                                     = 0 (1)
00:00:00.234868   PBE - Pending Break Enabled                             = 0 (1)
00:00:00.234869   SSE3 - SSE3 support                                     = 1 (1)
00:00:00.234870   PCLMUL - PCLMULQDQ support (for AES-GCM)                = 1 (1)
00:00:00.234871   DTES64 - DS Area 64-bit Layout                          = 0 (1)
00:00:00.234872   MONITOR - MONITOR/MWAIT instructions                    = 1 (1)
00:00:00.234873   CPL-DS - CPL Qualified Debug Store                      = 0 (1)
00:00:00.234873   VMX - Virtual Machine Extensions                        = 0 (1)
00:00:00.234874   SMX - Safer Mode Extensions                             = 0 (0)
00:00:00.234875   EST - Enhanced SpeedStep Technology                     = 0 (1)
00:00:00.234876   TM2 - Terminal Monitor 2                                = 0 (1)
00:00:00.234877   SSSE3 - Supplemental Streaming SIMD Extensions 3        = 1 (1)
00:00:00.234878   CNTX-ID - L1 Context ID                                 = 0 (0)
00:00:00.234879   SDBG - Silicon Debug interface                          = 0 (1)
00:00:00.234880   FMA - Fused Multiply Add extensions                     = 0 (1)
00:00:00.234881   CX16 - CMPXCHG16B instruction                           = 1 (1)
00:00:00.234881   TPRUPDATE - xTPR Update Control                         = 0 (1)
00:00:00.234882   PDCM - Perf/Debug Capability MSR                        = 0 (1)
00:00:00.234883   PCID - Process Context Identifiers                      = 1 (1)
00:00:00.234884   DCA - Direct Cache Access                               = 0 (0)
00:00:00.234885   SSE4_1 - SSE4_1 support                                 = 1 (1)
00:00:00.234886   SSE4_2 - SSE4_2 support                                 = 1 (1)
00:00:00.234887   X2APIC - x2APIC support                                 = 1 (1)
00:00:00.234888   MOVBE - MOVBE instruction                               = 1 (1)
00:00:00.234889   POPCNT - POPCNT instruction                             = 1 (1)
00:00:00.234890   TSCDEADL - Time Stamp Counter Deadline                  = 0 (1)
00:00:00.234891   AES - AES instructions                                  = 1 (1)
00:00:00.234892   XSAVE - XSAVE instruction                               = 1 (1)
00:00:00.234893   OSXSAVE - OSXSAVE instruction                           = 0 (1)
00:00:00.234894   AVX - AVX support                                       = 1 (1)
00:00:00.234895   F16C - 16-bit floating point conversion instructions    = 0 (1)
00:00:00.234895   RDRAND - RDRAND instruction                             = 1 (1)
00:00:00.234896   HVP - Hypervisor Present (we're a guest)                = 1 (0)
00:00:00.234899 Structured Extended Feature Flags Enumeration (leaf 7):
00:00:00.234900   Mnemonic - Description                                  = guest (host)
00:00:00.234900   FSGSBASE - RDFSBASE/RDGSBASE/WRFSBASE/WRGSBASE instr.   = 1 (1)
00:00:00.234901   TSCADJUST - Supports MSR_IA32_TSC_ADJUST                = 0 (1)
00:00:00.234902   SGX - Supports Software Guard Extensions                = 0 (1)
00:00:00.234902   BMI1 - Advanced Bit Manipulation extension 1            = 0 (1)
00:00:00.234903   HLE - Hardware Lock Elision                             = 0 (0)
00:00:00.234904   AVX2 - Advanced Vector Extensions 2                     = 1 (1)
00:00:00.234905   FDP_EXCPTN_ONLY - FPU DP only updated on exceptions     = 0 (0)
00:00:00.234906   SMEP - Supervisor Mode Execution Prevention             = 0 (1)
00:00:00.234906   BMI2 - Advanced Bit Manipulation extension 2            = 0 (1)
00:00:00.234907   ERMS - Enhanced REP MOVSB/STOSB instructions            = 0 (1)
00:00:00.234908   INVPCID - INVPCID instruction                           = 1 (1)
00:00:00.234909   RTM - Restricted Transactional Memory                   = 0 (0)
00:00:00.234910   PQM - Platform Quality of Service Monitoring            = 0 (0)
00:00:00.234910   DEPFPU_CS_DS - Deprecates FPU CS, FPU DS values if set  = 1 (1)
00:00:00.234911   MPE - Intel Memory Protection Extensions                = 0 (1)
00:00:00.234912   PQE - Platform Quality of Service Enforcement           = 0 (0)
00:00:00.234913   AVX512F - AVX512 Foundation instructions                = 0 (0)
00:00:00.234913   RDSEED - RDSEED instruction                             = 1 (1)
00:00:00.234914   ADX - ADCX/ADOX instructions                            = 0 (1)
00:00:00.234915   SMAP - Supervisor Mode Access Prevention                = 0 (1)
00:00:00.234916   CLFLUSHOPT - CLFLUSHOPT (Cache Line Flush) instruction  = 1 (1)
00:00:00.234917   INTEL_PT - Intel Processor Trace                        = 0 (1)
00:00:00.234918   AVX512PF - AVX512 Prefetch instructions                 = 0 (0)
00:00:00.234918   AVX512ER - AVX512 Exponential & Reciprocal instructions = 0 (0)
00:00:00.234919   AVX512CD - AVX512 Conflict Detection instructions       = 0 (0)
00:00:00.234920   SHA - Secure Hash Algorithm extensions                  = 0 (0)
00:00:00.234921   PREFETCHWT1 - PREFETCHWT1 instruction                   = 0 (0)
00:00:00.234921   UMIP - User mode insturction prevention                 = 0 (0)
00:00:00.234922   PKU - Protection Key for Usermode pages                 = 0 (0)
00:00:00.234923   OSPKE - CR4.PKU mirror                                  = 0 (0)
00:00:00.234924   MAWAU - Value used by BNDLDX & BNDSTX                   = 0x0 (0x0)
00:00:00.234925   RDPID - Read processor ID support                       = 0 (0)
00:00:00.234926   SGX_LC - Supports SGX Launch Configuration              = 0 (0)
00:00:00.234927    9 - Reserved                                           = 0 (1)
00:00:00.234928   MD_CLEAR - Supports MDS related buffer clearing         = 1 (1)
00:00:00.234929   11 - Reserved                                           = 0 (1)
00:00:00.234930   13 - Reserved                                           = 0 (1)
00:00:00.234931   IBRS_IBPB - IA32_SPEC_CTRL.IBRS and IA32_PRED_CMD.IBPB  = 0 (1)
00:00:00.234932   STIBP - Supports IA32_SPEC_CTRL.STIBP                   = 0 (1)
00:00:00.234933   FLUSH_CMD - Supports IA32_FLUSH_CMD                     = 1 (1)
00:00:00.234934   ARCHCAP - Supports IA32_ARCH_CAP                        = 0 (0)
00:00:00.234935   CORECAP - Supports IA32_CORE_CAP                        = 0 (0)
00:00:00.234936   SSBD - Supports IA32_SPEC_CTRL.SSBD                     = 0 (1)
00:00:00.234937 Processor Extended State Enumeration (leaf 0xd):
00:00:00.234937    XSAVE area cur/max size by XCR0, guest: 0x340/0x340
00:00:00.234938     XSAVE area cur/max size by XCR0, host: 0x340/0x440
00:00:00.234939                    Valid XCR0 bits, guest: 0x00000000`00000007 ( x87 SSE YMM_Hi128 )
00:00:00.234941                     Valid XCR0 bits, host: 0x00000000`0000001f ( x87 SSE YMM_Hi128 BNDREGS BNDCSR )
00:00:00.234944                     XSAVE features, guest:
00:00:00.234945                      XSAVE features, host: XSAVEOPT XSAVEC XGETBC1 XSAVES
00:00:00.234946       XSAVE area cur size XCR0|XSS, guest: 0x340
00:00:00.234947        XSAVE area cur size XCR0|XSS, host: 0x340
00:00:00.234948                Valid IA32_XSS bits, guest: 0x00000000`00000000
00:00:00.234948                 Valid IA32_XSS bits, host: 0x00000100`00000000 ( 40 )
00:00:00.234950   State #2, guest: off=0x0240, cb=0x0100 IA32_XSS-bit -- YMM_Hi128
00:00:00.234951   State #2, host:  off=0x0240, cb=0x0100 IA32_XSS-bit -- YMM_Hi128
00:00:00.234952   State #3, host:  off=0x03c0, cb=0x0040 IA32_XSS-bit -- BNDREGS
00:00:00.234953   State #4, host:  off=0x0400, cb=0x0040 IA32_XSS-bit -- BNDCSR
00:00:00.234955   State #8, host:  off=0x0000, cb=0x0080 XCR0-bit -- 8
00:00:00.234964          Unknown CPUID Leaves
00:00:00.234965      Leaf/sub-leaf  eax      ebx      ecx      edx
00:00:00.234965 Gst: 00000014/0001  00000000 00000000 00000000 00000000
00:00:00.234966 Hst:                02490002 003f3fff 00000000 00000000
00:00:00.234967 Gst: 00000014/0002  00000000 00000000 00000000 00000000
00:00:00.234968 Hst:                00000000 00000000 00000000 00000000
00:00:00.234968 Gst: 00000015/0000  00000000 00000000 00000000 00000000
00:00:00.234969 Hst:                00000002 00000074 00000000 00000000
00:00:00.234970 Gst: 00000016/0000  00000000 00000000 00000000 00000000
00:00:00.234970 Hst:                00000578 00000f3c 00000064 00000000
00:00:00.234971          Raw Hypervisor CPUID Leaves
00:00:00.234972      Leaf/sub-leaf  eax      ebx      ecx      edx
00:00:00.234972 Gst: 40000000/0000  40000001 4b4d564b 564b4d56 0000004d
00:00:00.234974 Hst:                00000578 00000f3c 00000064 00000000
00:00:00.234975 Gst: 40000001/0000  01000089 00000000 00000000 00000000
00:00:00.234975 Hst:                00000578 00000f3c 00000064 00000000
00:00:00.234976          Raw Extended CPUID Leaves
00:00:00.234977      Leaf/sub-leaf  eax      ebx      ecx      edx
00:00:00.234977 Gst: 80000000/0000  80000008 00000000 00000000 00000000
00:00:00.234978 Hst:                80000008 00000000 00000000 00000000
00:00:00.234979 Gst: 80000001/0000  00000000 00000000 00000121 28100800
00:00:00.234979 Hst:                00000000 00000000 00000121 2c100800
00:00:00.234981 Gst: 80000002/0000  65746e49 2952286c 726f4320 4d542865
00:00:00.234982 Hst:                65746e49 2952286c 726f4320 4d542865
00:00:00.234983 Gst: 80000003/0000  35692029 3532382d 43205537 40205550
00:00:00.234984 Hst:                35692029 3532382d 43205537 40205550
00:00:00.234985 Gst: 80000004/0000  342e3120 7a484730 00000000 00000000
00:00:00.234986 Hst:                342e3120 7a484730 00000000 00000000
00:00:00.234987 Gst: 80000005/0000  00000000 00000000 00000000 00000000
00:00:00.234988 Hst:                00000000 00000000 00000000 00000000
00:00:00.234988 Gst: 80000006/0000  00000000 00000000 01006040 00000000
00:00:00.234989 Hst:                00000000 00000000 01006040 00000000
00:00:00.234990 Gst: 80000007/0000  00000000 00000000 00000000 00000100
00:00:00.234991 Hst:                00000000 00000000 00000000 00000100
00:00:00.234991 Gst: 80000008/0000  00003027 00000000 00000000 00000000
00:00:00.234992 Hst:                00003027 00000000 00000000 00000000
00:00:00.234993 Ext Name:                        
00:00:00.234993 Ext Supports:                    0x80000000-0x80000008
00:00:00.234994 Family:                          0  	Extended: 0 	Effective: 0
00:00:00.234994 Model:                           0  	Extended: 0 	Effective: 0
00:00:00.234995 Stepping:                        0
00:00:00.234995 Brand ID:                        0x000
00:00:00.234996 Ext Features
00:00:00.234996   Mnemonic - Description                                  = guest (host)
00:00:00.234996   FPU - x87 FPU on Chip                                   = 0 (0)
00:00:00.234997   VME - Virtual 8086 Mode Enhancements                    = 0 (0)
00:00:00.234998   DE - Debugging extensions                               = 0 (0)
00:00:00.234999   PSE - Page Size Extension                               = 0 (0)
00:00:00.235000   TSC - Time Stamp Counter                                = 0 (0)
00:00:00.235001   MSR - K86 Model Specific Registers                      = 0 (0)
00:00:00.235002   PAE - Physical Address Extension                        = 0 (0)
00:00:00.235003   MCE - Machine Check Exception                           = 0 (0)
00:00:00.235004   CX8 - CMPXCHG8B instruction                             = 0 (0)
00:00:00.235005   APIC - APIC On-Chip                                     = 0 (0)
00:00:00.235006   SEP - SYSCALL/SYSRET                                    = 1 (1)
00:00:00.235007   MTRR - Memory Type Range Registers                      = 0 (0)
00:00:00.235008   PGE - PTE Global Bit                                    = 0 (0)
00:00:00.235012   MCA - Machine Check Architecture                        = 0 (0)
00:00:00.235013   CMOV - Conditional Move instructions                    = 0 (0)
00:00:00.235014   PAT - Page Attribute Table                              = 0 (0)
00:00:00.235015   PSE-36 - 36-bit Page Size Extension                     = 0 (0)
00:00:00.235016   NX - No-Execute/Execute-Disable                         = 1 (1)
00:00:00.235017   AXMMX - AMD Extensions to MMX instructions              = 0 (0)
00:00:00.235017   MMX - Intel MMX Technology                              = 0 (0)
00:00:00.235018   FXSR - FXSAVE and FXRSTOR Instructions                  = 0 (0)
00:00:00.235019   FFXSR - AMD fast FXSAVE and FXRSTOR instructions        = 0 (0)
00:00:00.235020   Page1GB - 1 GB large page                               = 0 (1)
00:00:00.235021   RDTSCP - RDTSCP instruction                             = 1 (1)
00:00:00.235022   LM - AMD64 Long Mode                                    = 1 (1)
00:00:00.235023   3DNOWEXT - AMD Extensions to 3DNow                      = 0 (0)
00:00:00.235024   3DNOW - AMD 3DNow                                       = 0 (0)
00:00:00.235025   LahfSahf - LAHF/SAHF support in 64-bit mode             = 1 (1)
00:00:00.235026   CmpLegacy - Core multi-processing legacy mode           = 0 (0)
00:00:00.235026   SVM - AMD Secure Virtual Machine extensions             = 0 (0)
00:00:00.235027   EXTAPIC - AMD Extended APIC registers                   = 0 (0)
00:00:00.235028   CR8L - AMD LOCK MOV CR0 means MOV CR8                   = 0 (0)
00:00:00.235029   ABM - AMD Advanced Bit Manipulation                     = 1 (1)
00:00:00.235030   SSE4A - SSE4A instructions                              = 0 (0)
00:00:00.235031   MISALIGNSSE - AMD Misaligned SSE mode                   = 0 (0)
00:00:00.235031   3DNOWPRF - AMD PREFETCH and PREFETCHW instructions      = 1 (1)
00:00:00.235032   OSVW - AMD OS Visible Workaround                        = 0 (0)
00:00:00.235033   IBS - Instruct Based Sampling                           = 0 (0)
00:00:00.235034   XOP - Extended Operation support                        = 0 (0)
00:00:00.235035   SKINIT - SKINIT, STGI, and DEV support                  = 0 (0)
00:00:00.235036   WDT - AMD Watchdog Timer support                        = 0 (0)
00:00:00.235036   LWP - Lightweight Profiling support                     = 0 (0)
00:00:00.235037   FMA4 - Four operand FMA instruction support             = 0 (0)
00:00:00.235038   NodeId - NodeId in MSR C001_100C                        = 0 (0)
00:00:00.235039   TBM - Trailing Bit Manipulation instructions            = 0 (0)
00:00:00.235040   TOPOEXT - Topology Extensions                           = 0 (0)
00:00:00.235041   PRFEXTCORE - Performance Counter Extensions support     = 0 (0)
00:00:00.235041   PRFEXTNB - NB Performance Counter Extensions support    = 0 (0)
00:00:00.235042   DATABPEXT - Data-access Breakpoint Extension            = 0 (0)
00:00:00.235043   PERFTSC - Performance Time Stamp Counter                = 0 (0)
00:00:00.235043   PCX_L2I - L2I/L3 Performance Counter Extensions         = 0 (0)
00:00:00.235044   MWAITX - MWAITX and MONITORX instructions               = 0 (0)
00:00:00.235045 Full Name:                       "Intel(R) Core(TM) i5-8257U CPU @ 1.40GHz"
00:00:00.235046 TLB 2/4M Instr/Uni:              res0     0 entries
00:00:00.235046 TLB 2/4M Data:                   res0     0 entries
00:00:00.235047 TLB 4K Instr/Uni:                res0     0 entries
00:00:00.235047 TLB 4K Data:                     res0     0 entries
00:00:00.235048 L1 Instr Cache Line Size:        0 bytes
00:00:00.235048 L1 Instr Cache Lines Per Tag:    0
00:00:00.235049 L1 Instr Cache Associativity:    res0  
00:00:00.235049 L1 Instr Cache Size:             0 KB
00:00:00.235049 L1 Data Cache Line Size:         0 bytes
00:00:00.235050 L1 Data Cache Lines Per Tag:     0
00:00:00.235050 L1 Data Cache Associativity:     res0  
00:00:00.235050 L1 Data Cache Size:              0 KB
00:00:00.235051 L2 TLB 2/4M Instr/Uni:           off       0 entries
00:00:00.235053 L2 TLB 2/4M Data:                off       0 entries
00:00:00.235053 L2 TLB 4K Instr/Uni:             off       0 entries
00:00:00.235054 L2 TLB 4K Data:                  off       0 entries
00:00:00.235054 L2 Cache Line Size:              0 bytes
00:00:00.235054 L2 Cache Lines Per Tag:          0
00:00:00.235055 L2 Cache Associativity:          off   
00:00:00.235055 L2 Cache Size:                   0 KB
00:00:00.235056   TS - Temperature Sensor                                 = 0 (0)
00:00:00.235057   FID - Frequency ID control                              = 0 (0)
00:00:00.235058   VID - Voltage ID control                                = 0 (0)
00:00:00.235059   TscInvariant - Invariant Time Stamp Counter             = 1 (1)
00:00:00.235059   CBP - Core Performance Boost                            = 0 (0)
00:00:00.235060   EffFreqRO - Read-only Effective Frequency Interface     = 0 (0)
00:00:00.235061   ProcFdbkIf - Processor Feedback Interface               = 0 (0)
00:00:00.235062   ProcPwrRep - Core power reporting interface support     = 0 (0)
00:00:00.235063 Physical Address Width:          39 bits
00:00:00.235063 Virtual Address Width:           48 bits
00:00:00.235064 Guest Physical Address Width:    0 bits
00:00:00.235064 Physical Core Count:             1
00:00:00.235065 
00:00:00.235066 ******************** End of CPUID dump **********************
00:00:00.235066 *********************** VT-x features ***********************
00:00:00.235067 Nested hardware virtualization - VMX features
00:00:00.235067   Mnemonic - Description                                  = guest (host)
00:00:00.235067   VMX - Virtual-Machine Extensions                        = 0 (1)
00:00:00.235068   InsOutInfo - INS/OUTS instruction info.                 = 0 (1)
00:00:00.235069   ExtIntExit - External interrupt exiting                 = 0 (1)
00:00:00.235069   NmiExit - NMI exiting                                   = 0 (1)
00:00:00.235070   VirtNmi - Virtual NMIs                                  = 0 (1)
00:00:00.235070   PreemptTimer - VMX preemption timer                     = 0 (1)
00:00:00.235071   PostedInt - Posted interrupts                           = 0 (0)
00:00:00.235071   IntWindowExit - Interrupt-window exiting                = 0 (1)
00:00:00.235072   TscOffsetting - TSC offsetting                          = 0 (1)
00:00:00.235072   HltExit - HLT exiting                                   = 0 (1)
00:00:00.235073   InvlpgExit - INVLPG exiting                             = 0 (1)
00:00:00.235073   MwaitExit - MWAIT exiting                               = 0 (1)
00:00:00.235074   RdpmcExit - RDPMC exiting                               = 0 (1)
00:00:00.235074   RdtscExit - RDTSC exiting                               = 0 (1)
00:00:00.235074   Cr3LoadExit - CR3-load exiting                          = 0 (1)
00:00:00.235075   Cr3StoreExit - CR3-store exiting                        = 0 (1)
00:00:00.235075   Cr8LoadExit  - CR8-load exiting                         = 0 (1)
00:00:00.235076   Cr8StoreExit - CR8-store exiting                        = 0 (1)
00:00:00.235076   UseTprShadow - Use TPR shadow                           = 0 (1)
00:00:00.235077   NmiWindowExit - NMI-window exiting                      = 0 (1)
00:00:00.235077   MovDRxExit - Mov-DR exiting                             = 0 (1)
00:00:00.235078   UncondIoExit - Unconditional I/O exiting                = 0 (1)
00:00:00.235078   UseIoBitmaps - Use I/O bitmaps                          = 0 (1)
00:00:00.235079   MonitorTrapFlag - Monitor Trap Flag                     = 0 (1)
00:00:00.235079   UseMsrBitmaps - MSR bitmaps                             = 0 (1)
00:00:00.235080   MonitorExit - MONITOR exiting                           = 0 (1)
00:00:00.235080   PauseExit - PAUSE exiting                               = 0 (1)
00:00:00.235081   SecondaryExecCtl - Activate secondary controls          = 0 (1)
00:00:00.235081   VirtApic - Virtualize-APIC accesses                     = 0 (1)
00:00:00.235082   Ept - Extended Page Tables                              = 0 (1)
00:00:00.235084   DescTableExit - Descriptor-table exiting                = 0 (1)
00:00:00.235086   Rdtscp - Enable RDTSCP                                  = 0 (1)
00:00:00.235087   VirtX2ApicMode - Virtualize-x2APIC mode                 = 0 (1)
00:00:00.235087   Vpid - Enable VPID                                      = 0 (1)
00:00:00.235088   WbinvdExit - WBINVD exiting                             = 0 (1)
00:00:00.235088   UnrestrictedGuest - Unrestricted guest                  = 0 (1)
00:00:00.235089   ApicRegVirt - APIC-register virtualization              = 0 (0)
00:00:00.235089   VirtIntDelivery - Virtual-interrupt delivery            = 0 (0)
00:00:00.235090   PauseLoopExit - PAUSE-loop exiting                      = 0 (1)
00:00:00.235090   RdrandExit - RDRAND exiting                             = 0 (1)
00:00:00.235091   Invpcid - Enable INVPCID                                = 0 (1)
00:00:00.235091   VmFuncs - Enable VM Functions                           = 0 (1)
00:00:00.235091   VmcsShadowing - VMCS shadowing                          = 0 (0)
00:00:00.235092   RdseedExiting - RDSEED exiting                          = 0 (1)
00:00:00.235092   PML - Page-Modification Log (PML)                       = 0 (1)
00:00:00.235093   EptVe - EPT violations can cause #VE                    = 0 (1)
00:00:00.235093   XsavesXRstors - Enable XSAVES/XRSTORS                   = 0 (1)
00:00:00.235094   EntryLoadDebugCtls - Load debug controls on VM-entry    = 0 (1)
00:00:00.235094   Ia32eModeGuest - IA-32e mode guest                      = 0 (1)
00:00:00.235095   EntryLoadEferMsr - Load IA32_EFER MSR on VM-entry       = 0 (1)
00:00:00.235095   EntryLoadPatMsr - Load IA32_PAT MSR on VM-entry         = 0 (1)
00:00:00.235096   ExitSaveDebugCtls - Save debug controls on VM-exit      = 0 (1)
00:00:00.235096   HostAddrSpaceSize - Host address-space size             = 0 (1)
00:00:00.235097   ExitAckExtInt - Acknowledge interrupt on VM-exit        = 0 (1)
00:00:00.235097   ExitSavePatMsr - Save IA32_PAT MSR on VM-exit           = 0 (1)
00:00:00.235098   ExitLoadPatMsr - Load IA32_PAT MSR on VM-exit           = 0 (1)
00:00:00.235098   ExitSaveEferMsr - Save IA32_EFER MSR on VM-exit         = 0 (1)
00:00:00.235099   ExitLoadEferMsr - Load IA32_EFER MSR on VM-exit         = 0 (1)
00:00:00.235099   SavePreemptTimer - Save VMX-preemption timer            = 0 (1)
00:00:00.235099   ExitSaveEferLma - Save IA32_EFER.LMA on VM-exit         = 0 (1)
00:00:00.235100   IntelPt - Intel PT (Processor Trace) in VMX operation   = 0 (1)
00:00:00.235100   VmwriteAll - VMWRITE to any supported VMCS field        = 0 (1)
00:00:00.235101   EntryInjectSoftInt - Inject softint. with 0-len instr.  = 0 (1)
00:00:00.235102 
00:00:00.235102 ******************* End of VT-x features ********************
00:00:00.235118 VMEmt: Halt method global1 (5)
00:00:00.235153 VMEmt: HaltedGlobal1 config: cNsSpinBlockThresholdCfg=2000
00:00:00.235156 Changing the VM state from 'CREATING' to 'CREATED'
00:00:00.236710 SharedFolders host service: Adding host mapping
00:00:00.236719     Host path '/Volumes/externalwd/ITMO-453/beyesus/itmo-553/packer-example-code/build/graphitea', map name 'vagrant', writable, automount=false, automntpnt=, create_symlinks=true, missing=false
00:00:00.237244 Changing the VM state from 'CREATED' to 'POWERING_ON'
00:00:00.237314 Changing the VM state from 'POWERING_ON' to 'RUNNING'
00:00:00.237321 Console: Machine state changed to 'Running'
00:00:00.237734 VBoxHeadless: starting event loop
00:00:00.239636 VMMDev: Guest Log: BIOS: VirtualBox 6.1.26
00:00:00.239704 PCI: Setting up resources and interrupts
00:00:00.239876 PIT: mode=2 count=0x10000 (65536) - 18.20 Hz (ch=0)
00:00:00.254756 Display::i_handleDisplayResize: uScreenId=0 pvVRAM=0000000000000000 w=720 h=400 bpp=0 cbLine=0x0 flags=0x0 origin=0,0
00:00:00.255258 VMMDev: Guest Log: CPUID EDX: 0x178bfbff
00:00:00.255360 PIIX3 ATA: Ctl#0: RESET, DevSel=0 AIOIf=0 CmdIf0=0x00 (-1 usec ago) CmdIf1=0x00 (-1 usec ago)
00:00:00.255419 PIIX3 ATA: Ctl#0: finished processing RESET
00:00:00.256166 VMMDev: Guest Log: BIOS: ata0-0: PCHS=16383/16/63 LCHS=1024/255/63
00:00:00.258201 PIT: mode=2 count=0x48d3 (18643) - 64.00 Hz (ch=0)
00:00:00.274674 Display::i_handleDisplayResize: uScreenId=0 pvVRAM=0000000106fab000 w=640 h=480 bpp=32 cbLine=0xA00 flags=0x0 origin=0,0
00:00:00.603368 NAT: Old socket recv size: 334KB
00:00:00.603385 NAT: Old socket send size: 79KB
00:00:02.735568 PIT: mode=2 count=0x10000 (65536) - 18.20 Hz (ch=0)
00:00:02.736453 VMMDev: Guest Log: BIOS: Boot : bseqnr=1, bootseq=0032
00:00:02.753987 VMMDev: Guest Log: BIOS: Booting from Hard Disk...
00:00:02.754798 PIIX3 ATA: Ctl#0: RESET, DevSel=0 AIOIf=0 CmdIf0=0xc4 (-1 usec ago) CmdIf1=0x00 (-1 usec ago)
00:00:02.754847 PIIX3 ATA: Ctl#0: finished processing RESET
00:00:02.790517 Display::i_handleDisplayResize: uScreenId=0 pvVRAM=0000000000000000 w=720 h=400 bpp=0 cbLine=0x0 flags=0x0 origin=0,0
00:00:03.284803 Display::i_handleDisplayResize: uScreenId=0 pvVRAM=0000000106fab000 w=640 h=480 bpp=32 cbLine=0xA00 flags=0x0 origin=0,0
00:00:04.658476 Display::i_handleDisplayResize: uScreenId=0 pvVRAM=0000000000000000 w=720 h=400 bpp=0 cbLine=0x0 flags=0x0 origin=0,0
00:00:04.722812 GIM: KVM: VCPU  0: Enabled system-time struct. at 0x0000000008e01000 - u32TscScale=0xb7e875b3 i8TscShift=0 uVersion=2 fFlags=0x1 uTsc=0x17424240b uVirtNanoTS=0x10b57c19d TscKHz=1392000
00:00:04.722830 TM: Switching TSC mode from 'Dynamic' to 'RealTscOffset'
00:00:04.887356 GIM: KVM: Enabled wall-clock struct. at 0x0000000008e00000 - u32Sec=1635197050 u32Nano=611888787 uVersion=2
00:00:04.914481 PIT: mode=2 count=0x12a5 (4773) - 249.98 Hz (ch=0)
00:00:04.914858 APIC0: Switched mode to x2APIC
00:00:05.034701 PIT: mode=0 count=0x10000 (65536) - 18.20 Hz (ch=0)
00:00:05.508121 PIIX3 ATA: Ctl#0: RESET, DevSel=0 AIOIf=0 CmdIf0=0xc4 (-1 usec ago) CmdIf1=0x00 (-1 usec ago)
00:00:05.508203 PIIX3 ATA: Ctl#0: finished processing RESET
00:00:05.952452 Display::i_handleDisplayResize: uScreenId=0 pvVRAM=0000000106fab000 w=1024 h=768 bpp=32 cbLine=0x1000 flags=0x1 origin=0,0
00:00:09.289534 NAT: Link up
00:00:12.436217 VMMDev: Guest Additions information report: Version 6.1.22 r144080 '6.1.22_Ubuntu'
00:00:12.436259 VMMDev: Guest Additions information report: Interface = 0x00010004 osType = 0x00053100 (Linux >= 2.6, 64-bit)
00:00:12.436331 VMMDev: Guest Additions capability report: (0x0 -> 0x0) seamless: no, hostWindowMapping: no, graphics: no
00:00:12.436412 VMMDev: vmmDevReqHandler_HeartbeatConfigure: No change (fHeartbeatActive=false)
00:00:12.436431 VMMDev: Heartbeat flatline timer set to trigger after 4 000 000 000 ns
00:00:12.436469 VMMDev: Guest Log: vgdrvHeartbeatInit: Setting up heartbeat to trigger every 2000 milliseconds
00:00:12.438177 VMMDev: Guest Additions capability report: (0x0 -> 0x0) seamless: no, hostWindowMapping: no, graphics: no
00:00:12.438361 VMMDev: Guest Log: vboxguest: Successfully loaded version 6.1.22_Ubuntu r144080
00:00:12.438391 VMMDev: Guest Log: vboxguest: misc device minor 58, IRQ 20, I/O port d020, MMIO at 00000000f0400000 (size 0x400000)
00:00:19.174026 NAT: DHCP offered IP address 10.0.2.15
00:00:19.176622 NAT: DHCP offered IP address 10.0.2.15
00:00:19.180723 NAT: IPv6 not supported
00:00:37.959463 VMMDev: Guest Log: vboxsf: g_fHostFeatures=0x8000000f g_fSfFeatures=0x1 g_uSfLastFunction=29
00:00:37.981901 VMMDev: Guest Log: vboxsf: Successfully loaded version 6.1.22_Ubuntu r144080 on 5.4.0-89-generic SMP mod_unload modversions  (LINUX_VERSION_CODE=0x5048f)
00:35:16.777325 Pausing VM execution, reason 'host suspend'
00:35:16.786838 Changing the VM state from 'RUNNING' to 'SUSPENDING'
00:35:16.946390 PDMR3Suspend: 159 536 131 ns run time
00:35:16.946412 Changing the VM state from 'SUSPENDING' to 'SUSPENDED'
00:35:16.946426 Console: Machine state changed to 'Paused'
00:35:38.250054 NAT: DNS servers changed, triggering reconnect
00:35:43.768266 slirp_host_network_configuration_change_strategy_selector: NAT: rcp_parse:VINF_SUCCESS old domain:hsd1.il.comcast.net new domain:<NULL>
00:35:43.773715 NAT: DNS servers changed, triggering reconnect
00:35:43.773811 slirp_host_network_configuration_change_strategy_selector: NAT: rcp_parse:VINF_SUCCESS old domain:hsd1.il.comcast.net new domain:<NULL>
00:35:45.891473 NAT: DNS servers changed, triggering reconnect
00:35:45.891583 slirp_host_network_configuration_change_strategy_selector: NAT: rcp_parse:VINF_SUCCESS old domain:hsd1.il.comcast.net new domain:<NULL>
00:35:45.905764 NAT: DNS servers changed, triggering reconnect
00:35:45.906948 NAT: resolv.conf: nameserver 75.75.75.75
00:35:45.907093 NAT: resolv.conf: nameserver 75.75.76.76
00:35:45.907124 slirp_host_network_configuration_change_strategy_selector: NAT: rcp_parse:VINF_SUCCESS old domain:hsd1.il.comcast.net new domain:hsd1.il.comcast.net
00:35:53.956481 NAT: DNS servers changed, triggering reconnect
00:35:53.957331 NAT: resolv.conf: nameserver 2001:558:feed::1
00:35:53.957702 NAT: resolv.conf: nameserver 2001:558:feed::2
00:35:53.957713 NAT: resolv.conf: nameserver 75.75.75.75
00:35:53.957721 NAT: resolv.conf: nameserver 75.75.76.76
00:35:53.957774 slirp_host_network_configuration_change_strategy_selector: NAT: rcp_parse:VINF_SUCCESS old domain:hsd1.il.comcast.net new domain:hsd1.il.comcast.net
00:36:32.061725 NAT: DNS servers changed, triggering reconnect
00:36:35.719608 slirp_host_network_configuration_change_strategy_selector: NAT: rcp_parse:VINF_SUCCESS old domain:hsd1.il.comcast.net new domain:<NULL>
00:36:44.704737 NAT: DNS servers changed, triggering reconnect
00:36:44.704947 slirp_host_network_configuration_change_strategy_selector: NAT: rcp_parse:VINF_SUCCESS old domain:hsd1.il.comcast.net new domain:<NULL>
00:36:44.858912 NAT: DNS servers changed, triggering reconnect
00:36:44.859054 slirp_host_network_configuration_change_strategy_selector: NAT: rcp_parse:VINF_SUCCESS old domain:hsd1.il.comcast.net new domain:<NULL>
00:36:51.685566 NAT: DNS servers changed, triggering reconnect
00:36:51.685661 NAT: resolv.conf: nameserver 2001:558:feed::1
00:36:51.685671 NAT: resolv.conf: nameserver 2001:558:feed::2
00:36:51.685677 NAT: resolv.conf: nameserver 75.75.75.75
00:36:51.685684 NAT: resolv.conf: nameserver 75.75.76.76
00:36:51.685697 slirp_host_network_configuration_change_strategy_selector: NAT: rcp_parse:VINF_SUCCESS old domain:hsd1.il.comcast.net new domain:hsd1.il.comcast.net
00:37:27.085567 Resuming VM execution, reason 'host resume'
00:37:27.136077 Changing the VM state from 'SUSPENDED' to 'RESUMING'
00:37:27.184077 NAT: resolv.conf: nameserver 2001:558:feed::1
00:37:27.184090 NAT: resolv.conf: nameserver 2001:558:feed::2
00:37:27.184094 NAT: resolv.conf: nameserver 75.75.75.75
00:37:27.184098 NAT: resolv.conf: nameserver 75.75.76.76
00:37:27.184115 slirp_host_network_configuration_change_strategy_selector: NAT: rcp_parse:VINF_SUCCESS old domain:hsd1.il.comcast.net new domain:hsd1.il.comcast.net
00:37:27.184265 NAT: Link down
00:37:27.184277 Changing the VM state from 'RESUMING' to 'RUNNING'
00:37:27.184289 Console: Machine state changed to 'Running'
00:37:27.184357 NAT: resolv.conf: nameserver 2001:558:feed::1
00:37:27.184365 NAT: resolv.conf: nameserver 2001:558:feed::2
00:37:27.184368 NAT: resolv.conf: nameserver 75.75.75.75
00:37:27.184372 NAT: resolv.conf: nameserver 75.75.76.76
00:37:27.184382 NAT: Adding domain name hsd1.il.comcast.net
00:37:27.184386 NAT: DNS#0: 75.75.75.75
00:37:27.184394 NAT: DNS#1: 75.75.76.76
00:37:27.184438 NAT: resolv.conf: nameserver 2001:558:feed::1
00:37:27.184443 NAT: resolv.conf: nameserver 2001:558:feed::2
00:37:27.184447 NAT: resolv.conf: nameserver 75.75.75.75
00:37:27.184451 NAT: resolv.conf: nameserver 75.75.76.76
00:37:27.184461 NAT: Adding domain name hsd1.il.comcast.net
00:37:27.184464 NAT: DNS#0: 75.75.75.75
00:37:27.184468 NAT: DNS#1: 75.75.76.76
00:37:27.184520 NAT: resolv.conf: nameserver 2001:558:feed::1
00:37:27.184525 NAT: resolv.conf: nameserver 2001:558:feed::2
00:37:27.184529 NAT: resolv.conf: nameserver 75.75.75.75
00:37:27.184532 NAT: resolv.conf: nameserver 75.75.76.76
00:37:27.184548 NAT: Adding domain name hsd1.il.comcast.net
00:37:27.184556 NAT: DNS#0: 75.75.75.75
00:37:27.184559 NAT: DNS#1: 75.75.76.76
00:37:27.184618 NAT: resolv.conf: nameserver 2001:558:feed::1
00:37:27.184624 NAT: resolv.conf: nameserver 2001:558:feed::2
00:37:27.184630 NAT: resolv.conf: nameserver 75.75.75.75
00:37:27.184634 NAT: resolv.conf: nameserver 75.75.76.76
00:37:27.184644 NAT: Adding domain name hsd1.il.comcast.net
00:37:27.184647 NAT: DNS#0: 75.75.75.75
00:37:27.184649 NAT: DNS#1: 75.75.76.76
00:37:30.185552 NAT: Link up
00:37:30.185693 NAT: resolv.conf: nameserver 2001:558:feed::1
00:37:30.185705 NAT: resolv.conf: nameserver 2001:558:feed::2
00:37:30.185711 NAT: resolv.conf: nameserver 75.75.75.75
00:37:30.185716 NAT: resolv.conf: nameserver 75.75.76.76
00:37:30.185754 NAT: Adding domain name hsd1.il.comcast.net
00:37:30.185760 NAT: DNS#0: 75.75.75.75
00:37:30.185764 NAT: DNS#1: 75.75.76.76
00:37:32.080858 NAT: DHCP offered IP address 10.0.2.15
00:38:26.161117 Pausing VM execution, reason 'host suspend'
00:38:26.180483 Changing the VM state from 'RUNNING' to 'SUSPENDING'
00:38:26.283848 PDMR3Suspend: 103 298 605 ns run time
00:38:26.283901 Changing the VM state from 'SUSPENDING' to 'SUSPENDED'
00:38:26.283924 Console: Machine state changed to 'Paused'
00:40:01.412671 Resuming VM execution, reason 'host resume'
00:40:01.431447 Changing the VM state from 'SUSPENDED' to 'RESUMING'
00:40:01.464652 NAT: resolv.conf: nameserver 2001:558:feed::1
00:40:01.464667 NAT: resolv.conf: nameserver 2001:558:feed::2
00:40:01.464672 NAT: resolv.conf: nameserver 75.75.75.75
00:40:01.464676 NAT: resolv.conf: nameserver 75.75.76.76
00:40:01.464699 slirp_host_network_configuration_change_strategy_selector: NAT: rcp_parse:VINF_SUCCESS old domain:hsd1.il.comcast.net new domain:hsd1.il.comcast.net
00:40:01.464921 Changing the VM state from 'RESUMING' to 'RUNNING'
00:40:01.464935 Console: Machine state changed to 'Running'
00:40:01.465105 NAT: resolv.conf: nameserver 2001:558:feed::1
00:40:01.465116 NAT: resolv.conf: nameserver 2001:558:feed::2
00:40:01.465121 NAT: resolv.conf: nameserver 75.75.75.75
00:40:01.465127 NAT: resolv.conf: nameserver 75.75.76.76
00:40:01.465156 NAT: Adding domain name hsd1.il.comcast.net
00:40:01.465166 NAT: DNS#0: 75.75.75.75
00:40:01.465172 NAT: DNS#1: 75.75.76.76
02:37:45.772077 Pausing VM execution, reason 'host suspend'
02:37:45.789577 Changing the VM state from 'RUNNING' to 'SUSPENDING'
02:37:46.002262 PDMR3Suspend: 212 565 541 ns run time
02:37:46.002283 Changing the VM state from 'SUSPENDING' to 'SUSPENDED'
02:37:46.002359 Console: Machine state changed to 'Paused'
