00:00:00.242867 VirtualBox VM 6.1.26 r145957 darwin.amd64 (Jul 28 2021 18:24:31) release log
00:00:00.242884 Log opened 2021-11-19T18:25:08.597480000Z
00:00:00.242885 Build Type: release
00:00:00.242897 OS Product: Darwin
00:00:00.242902 OS Release: 20.6.0
00:00:00.242907 OS Version: Darwin Kernel Version 20.6.0: Mon Aug 30 06:12:21 PDT 2021; root:xnu-7195.141.6~3/RELEASE_X86_64
00:00:00.243027 DMI Product Name: MacBookPro16,3
00:00:00.243078 DMI Product Version: 1.0
00:00:00.243081 Firmware type: failed - VERR_NOT_SUPPORTED
00:00:00.243091 Host RAM: 8192MB (8.0GB) total, 2233MB (2.1GB) available
00:00:00.243093 Executable: /Applications/VirtualBox.app/Contents/MacOS/VBoxHeadless
00:00:00.243093 Process ID: 28246
00:00:00.243094 Package type: DARWIN_64BITS_GENERIC
00:00:00.244780 Installed Extension Packs:
00:00:00.244789   None installed!
00:00:00.245808 Console: Machine state changed to 'Starting'
00:00:00.247334 VRDE: VirtualBox Remote Desktop Extension is not available.
00:00:00.272287 SUP: seg #0: RWX 0x00000000 LB 0x0015e000
00:00:00.272301 SUP: seg #1: R   0x0015e000 LB 0x00023580
00:00:00.274497 SUP: Loaded VMMR0.r0 (/Applications/VirtualBox.app/Contents/MacOS/VMMR0.r0) at 0xXXXXXXXXXXXXXXXX - ModuleInit at XXXXXXXXXXXXXXXX and ModuleTerm at XXXXXXXXXXXXXXXX using the native ring-0 loader
00:00:00.274515 SUP: VMMR0EntryEx located at XXXXXXXXXXXXXXXX and VMMR0EntryFast at XXXXXXXXXXXXXXXX
00:00:00.277320 Guest OS type: 'Ubuntu_64'
00:00:00.280483 fHMForced=true - No raw-mode support in this build!
00:00:00.290478 File system of '/Volumes/externalwd/ITMO-453/beyesus/packer-example-code/build/graphitea_default_1637346306256_19080/Snapshots' (snapshots) is unknown
00:00:00.290488 File system of '/Volumes/externalwd/ITMO-453/beyesus/packer-example-code/build/graphitea_default_1637346306256_19080/ubuntu-graphitea-disk001.vmdk' is hfs
00:00:00.402491 Shared Clipboard: Service loaded
00:00:00.402517 Shared Clipboard: Mode: Off
00:00:00.402579 Shared Clipboard: Service running in headless mode
00:00:00.419781 Drag and drop service loaded
00:00:00.419793 Drag and drop mode: Off
00:00:00.422827 Per-VM extradata API settings:
00:00:00.422837   VBoxInternal2/SharedFoldersEnableSymlinksCreate/vagrant="1"
00:00:00.423143 ************************* CFGM dump *************************
00:00:00.423176 [/] (level 0)
00:00:00.423178   CpuExecutionCap   <integer> = 0x0000000000000064 (100)
00:00:00.423182   EnablePAE         <integer> = 0x0000000000000001 (1)
00:00:00.423183   HMEnabled         <integer> = 0x0000000000000001 (1)
00:00:00.423183   MemBalloonSize    <integer> = 0x0000000000000000 (0)
00:00:00.423184   Name              <string>  = "graphitea_default_1637346306256_19080" (cb=38)
00:00:00.423185   NumCPUs           <integer> = 0x0000000000000001 (1)
00:00:00.423186   PageFusionAllowed <integer> = 0x0000000000000000 (0)
00:00:00.423186   RamHoleSize       <integer> = 0x0000000020000000 (536 870 912, 512 MB)
00:00:00.423187   RamSize           <integer> = 0x0000000040000000 (1 073 741 824, 1 024 MB)
00:00:00.423189   TimerMillies      <integer> = 0x000000000000000a (10)
00:00:00.423189   UUID              <bytes>   = "e5 6a 96 da e5 38 58 4e a7 63 c0 7a dc 81 e7 16" (cb=16)
00:00:00.423205 
00:00:00.423206 [/CPUM/] (level 1)
00:00:00.423207   GuestCpuName       <string>  = "host" (cb=5)
00:00:00.423208   NestedHWVirt       <integer> = 0x0000000000000000 (0)
00:00:00.423208   PortableCpuIdLevel <integer> = 0x0000000000000000 (0)
00:00:00.423209   SpecCtrl           <integer> = 0x0000000000000000 (0)
00:00:00.423209 
00:00:00.423209 [/CPUM/IsaExts/] (level 2)
00:00:00.423210 
00:00:00.423210 [/DBGC/] (level 1)
00:00:00.423211   GlobalInitScript <string>  = "/Users/birukeyesus/Library/VirtualBox/dbgc-init" (cb=48)
00:00:00.423212   HistoryFile      <string>  = "/Users/birukeyesus/Library/VirtualBox/dbgc-history" (cb=51)
00:00:00.423212   LocalInitScript  <string>  = "/Volumes/externalwd/ITMO-453/beyesus/packer-example-code/build/graphitea_default_1637346306256_19080/dbgc-init" (cb=111)
00:00:00.423213 
00:00:00.423213 [/DBGF/] (level 1)
00:00:00.423214   Path <string>  = "/Volumes/externalwd/ITMO-453/beyesus/packer-example-code/build/graphitea_default_1637346306256_19080/debug/;/Volumes/externalwd/ITMO-453/beyesus/packer-example-code/build/graphitea_default_1637346306256_19080/;cache*/Volumes/externalwd/ITMO-453/beyesus/packer-example-code/build/graphitea_default_1637346306256_19080/dbgcache/;/Users/birukeyesus/" (cb=347)
00:00:00.423215 
00:00:00.423215 [/Devices/] (level 1)
00:00:00.423215 
00:00:00.423216 [/Devices/8237A/] (level 2)
00:00:00.423217 
00:00:00.423217 [/Devices/8237A/0/] (level 3)
00:00:00.423218   Trusted <integer> = 0x0000000000000001 (1)
00:00:00.423218 
00:00:00.423218 [/Devices/GIMDev/] (level 2)
00:00:00.423219 
00:00:00.423219 [/Devices/GIMDev/0/] (level 3)
00:00:00.423220   Trusted <integer> = 0x0000000000000001 (1)
00:00:00.423220 
00:00:00.423221 [/Devices/VMMDev/] (level 2)
00:00:00.423221 
00:00:00.423221 [/Devices/VMMDev/0/] (level 3)
00:00:00.423222   PCIBusNo      <integer> = 0x0000000000000000 (0)
00:00:00.423223   PCIDeviceNo   <integer> = 0x0000000000000004 (4)
00:00:00.423223   PCIFunctionNo <integer> = 0x0000000000000000 (0)
00:00:00.423224   Trusted       <integer> = 0x0000000000000001 (1)
00:00:00.423224 
00:00:00.423224 [/Devices/VMMDev/0/Config/] (level 4)
00:00:00.423225   GuestCoreDumpDir <string>  = "/Volumes/externalwd/ITMO-453/beyesus/packer-example-code/build/graphitea_default_1637346306256_19080/Snapshots" (cb=111)
00:00:00.423226 
00:00:00.423226 [/Devices/VMMDev/0/LUN#0/] (level 4)
00:00:00.423227   Driver <string>  = "HGCM" (cb=5)
00:00:00.423227 
00:00:00.423227 [/Devices/VMMDev/0/LUN#0/Config/] (level 5)
00:00:00.423228   Object <integer> = 0x00007fe424705cd0 (140 617 840 614 608)
00:00:00.423229 
00:00:00.423230 [/Devices/VMMDev/0/LUN#999/] (level 4)
00:00:00.423230   Driver <string>  = "MainStatus" (cb=11)
00:00:00.423231 
00:00:00.423231 [/Devices/VMMDev/0/LUN#999/Config/] (level 5)
00:00:00.423232   First   <integer> = 0x0000000000000000 (0)
00:00:00.423232   Last    <integer> = 0x0000000000000000 (0)
00:00:00.423233   papLeds <integer> = 0x00007fe427809590 (140 617 892 009 360)
00:00:00.423234 
00:00:00.423234 [/Devices/acpi/] (level 2)
00:00:00.423235 
00:00:00.423235 [/Devices/acpi/0/] (level 3)
00:00:00.423239   PCIBusNo      <integer> = 0x0000000000000000 (0)
00:00:00.423240   PCIDeviceNo   <integer> = 0x0000000000000007 (7)
00:00:00.423240   PCIFunctionNo <integer> = 0x0000000000000000 (0)
00:00:00.423241   Trusted       <integer> = 0x0000000000000001 (1)
00:00:00.423241 
00:00:00.423242 [/Devices/acpi/0/Config/] (level 4)
00:00:00.423243   CpuHotPlug          <integer> = 0x0000000000000000 (0)
00:00:00.423244   FdcEnabled          <integer> = 0x0000000000000000 (0)
00:00:00.423244   HostBusPciAddress   <integer> = 0x0000000000000000 (0)
00:00:00.423245   HpetEnabled         <integer> = 0x0000000000000000 (0)
00:00:00.423245   IOAPIC              <integer> = 0x0000000000000001 (1)
00:00:00.423246   IocPciAddress       <integer> = 0x0000000000010000 (65 536)
00:00:00.423247   NumCPUs             <integer> = 0x0000000000000001 (1)
00:00:00.423247   Parallel0IoPortBase <integer> = 0x0000000000000000 (0)
00:00:00.423248   Parallel0Irq        <integer> = 0x0000000000000000 (0)
00:00:00.423248   Parallel1IoPortBase <integer> = 0x0000000000000000 (0)
00:00:00.423249   Parallel1Irq        <integer> = 0x0000000000000000 (0)
00:00:00.423249   Serial0IoPortBase   <integer> = 0x0000000000000000 (0)
00:00:00.423250   Serial0Irq          <integer> = 0x0000000000000000 (0)
00:00:00.423250   Serial1IoPortBase   <integer> = 0x0000000000000000 (0)
00:00:00.423251   Serial1Irq          <integer> = 0x0000000000000000 (0)
00:00:00.423251   ShowCpu             <integer> = 0x0000000000000001 (1)
00:00:00.423252   ShowRtc             <integer> = 0x0000000000000000 (0)
00:00:00.423252   SmcEnabled          <integer> = 0x0000000000000000 (0)
00:00:00.423253 
00:00:00.423253 [/Devices/acpi/0/LUN#0/] (level 4)
00:00:00.423254   Driver <string>  = "ACPIHost" (cb=9)
00:00:00.423254 
00:00:00.423255 [/Devices/acpi/0/LUN#0/Config/] (level 5)
00:00:00.423255 
00:00:00.423256 [/Devices/apic/] (level 2)
00:00:00.423256 
00:00:00.423257 [/Devices/apic/0/] (level 3)
00:00:00.423257   Trusted <integer> = 0x0000000000000001 (1)
00:00:00.423258 
00:00:00.423258 [/Devices/apic/0/Config/] (level 4)
00:00:00.423259   IOAPIC  <integer> = 0x0000000000000001 (1)
00:00:00.423259   Mode    <integer> = 0x0000000000000003 (3)
00:00:00.423260   NumCPUs <integer> = 0x0000000000000001 (1)
00:00:00.423260 
00:00:00.423260 [/Devices/e1000/] (level 2)
00:00:00.423261 
00:00:00.423261 [/Devices/e1000/0/] (level 3)
00:00:00.423262   PCIBusNo      <integer> = 0x0000000000000000 (0)
00:00:00.423263   PCIDeviceNo   <integer> = 0x0000000000000003 (3)
00:00:00.423263   PCIFunctionNo <integer> = 0x0000000000000000 (0)
00:00:00.423263   Trusted       <integer> = 0x0000000000000001 (1)
00:00:00.423264 
00:00:00.423264 [/Devices/e1000/0/Config/] (level 4)
00:00:00.423265   AdapterType    <integer> = 0x0000000000000000 (0)
00:00:00.423266   CableConnected <integer> = 0x0000000000000001 (1)
00:00:00.423266   LineSpeed      <integer> = 0x0000000000000000 (0)
00:00:00.423267   MAC            <bytes>   = "08 00 27 b7 24 72" (cb=6)
00:00:00.423268 
00:00:00.423268 [/Devices/e1000/0/LUN#0/] (level 4)
00:00:00.423269   Driver <string>  = "NAT" (cb=4)
00:00:00.423270 
00:00:00.423270 [/Devices/e1000/0/LUN#0/Config/] (level 5)
00:00:00.423271   AliasMode       <integer> = 0x0000000000000000 (0)
00:00:00.423272   BootFile        <string>  = "graphitea_default_1637346306256_19080.pxe" (cb=42)
00:00:00.423272   DNSProxy        <integer> = 0x0000000000000001 (1)
00:00:00.423273   Network         <string>  = "10.0.2.0/24" (cb=12)
00:00:00.423274   PassDomain      <integer> = 0x0000000000000001 (1)
00:00:00.423274   TFTPPrefix      <string>  = "/Users/birukeyesus/Library/VirtualBox/TFTP" (cb=43)
00:00:00.423275   UseHostResolver <integer> = 0x0000000000000000 (0)
00:00:00.423275 
00:00:00.423275 [/Devices/e1000/0/LUN#0/Config/PortForwarding/] (level 6)
00:00:00.423277 
00:00:00.423277 [/Devices/e1000/0/LUN#0/Config/PortForwarding/0/] (level 7)
00:00:00.423278   BindIP    <string>  = "127.0.0.1" (cb=10)
00:00:00.423278   GuestPort <integer> = 0x0000000000000016 (22)
00:00:00.423281   HostPort  <integer> = 0x00000000000008ae (2 222)
00:00:00.423281   Name      <string>  = "ssh" (cb=4)
00:00:00.423282   Protocol  <string>  = "TCP" (cb=4)
00:00:00.423282 
00:00:00.423283 [/Devices/e1000/0/LUN#999/] (level 4)
00:00:00.423283   Driver <string>  = "MainStatus" (cb=11)
00:00:00.423284 
00:00:00.423284 [/Devices/e1000/0/LUN#999/Config/] (level 5)
00:00:00.423285   First   <integer> = 0x0000000000000000 (0)
00:00:00.423285   Last    <integer> = 0x0000000000000000 (0)
00:00:00.423286   papLeds <integer> = 0x00007fe427809470 (140 617 892 009 072)
00:00:00.423287 
00:00:00.423287 [/Devices/e1000/1/] (level 3)
00:00:00.423288   PCIBusNo      <integer> = 0x0000000000000000 (0)
00:00:00.423288   PCIDeviceNo   <integer> = 0x0000000000000008 (8)
00:00:00.423289   PCIFunctionNo <integer> = 0x0000000000000000 (0)
00:00:00.423289   Trusted       <integer> = 0x0000000000000001 (1)
00:00:00.423290 
00:00:00.423290 [/Devices/e1000/1/Config/] (level 4)
00:00:00.423291   AdapterType    <integer> = 0x0000000000000000 (0)
00:00:00.423292   CableConnected <integer> = 0x0000000000000001 (1)
00:00:00.423292   LineSpeed      <integer> = 0x0000000000000000 (0)
00:00:00.423293   MAC            <bytes>   = "08 00 27 2a f2 48" (cb=6)
00:00:00.423294 
00:00:00.423294 [/Devices/e1000/1/LUN#0/] (level 4)
00:00:00.423295   Driver <string>  = "IntNet" (cb=7)
00:00:00.423295 
00:00:00.423295 [/Devices/e1000/1/LUN#0/Config/] (level 5)
00:00:00.423296   IfPolicyPromisc <string>  = "deny" (cb=5)
00:00:00.423297   Network         <string>  = "HostInterfaceNetworking-vboxnet0" (cb=33)
00:00:00.423297   Trunk           <string>  = "vboxnet0" (cb=9)
00:00:00.423298   TrunkType       <integer> = 0x0000000000000004 (4)
00:00:00.423298 
00:00:00.423299 [/Devices/e1000/1/LUN#999/] (level 4)
00:00:00.423299   Driver <string>  = "MainStatus" (cb=11)
00:00:00.423300 
00:00:00.423300 [/Devices/e1000/1/LUN#999/Config/] (level 5)
00:00:00.423301   First   <integer> = 0x0000000000000000 (0)
00:00:00.423301   Last    <integer> = 0x0000000000000000 (0)
00:00:00.423302   papLeds <integer> = 0x00007fe427809478 (140 617 892 009 080)
00:00:00.423303 
00:00:00.423303 [/Devices/i8254/] (level 2)
00:00:00.423304 
00:00:00.423304 [/Devices/i8254/0/] (level 3)
00:00:00.423304 
00:00:00.423305 [/Devices/i8254/0/Config/] (level 4)
00:00:00.423305 
00:00:00.423305 [/Devices/i8259/] (level 2)
00:00:00.423306 
00:00:00.423306 [/Devices/i8259/0/] (level 3)
00:00:00.423307   Trusted <integer> = 0x0000000000000001 (1)
00:00:00.423307 
00:00:00.423308 [/Devices/i8259/0/Config/] (level 4)
00:00:00.423308 
00:00:00.423308 [/Devices/ioapic/] (level 2)
00:00:00.423309 
00:00:00.423309 [/Devices/ioapic/0/] (level 3)
00:00:00.423310   Trusted <integer> = 0x0000000000000001 (1)
00:00:00.423310 
00:00:00.423310 [/Devices/ioapic/0/Config/] (level 4)
00:00:00.423311   NumCPUs <integer> = 0x0000000000000001 (1)
00:00:00.423312 
00:00:00.423312 [/Devices/mc146818/] (level 2)
00:00:00.423312 
00:00:00.423313 [/Devices/mc146818/0/] (level 3)
00:00:00.423313 
00:00:00.423313 [/Devices/mc146818/0/Config/] (level 4)
00:00:00.423314   UseUTC <integer> = 0x0000000000000001 (1)
00:00:00.423315 
00:00:00.423315 [/Devices/parallel/] (level 2)
00:00:00.423316 
00:00:00.423316 [/Devices/pcarch/] (level 2)
00:00:00.423317 
00:00:00.423317 [/Devices/pcarch/0/] (level 3)
00:00:00.423317   Trusted <integer> = 0x0000000000000001 (1)
00:00:00.423318 
00:00:00.423318 [/Devices/pcarch/0/Config/] (level 4)
00:00:00.423319 
00:00:00.423319 [/Devices/pcbios/] (level 2)
00:00:00.423320 
00:00:00.423320 [/Devices/pcbios/0/] (level 3)
00:00:00.423321   Trusted <integer> = 0x0000000000000001 (1)
00:00:00.423321 
00:00:00.423321 [/Devices/pcbios/0/Config/] (level 4)
00:00:00.423322   APIC           <integer> = 0x0000000000000001 (1)
00:00:00.423323   BootDevice0    <string>  = "IDE" (cb=4)
00:00:00.423323   BootDevice1    <string>  = "DVD" (cb=4)
00:00:00.423324   BootDevice2    <string>  = "NONE" (cb=5)
00:00:00.423324   BootDevice3    <string>  = "NONE" (cb=5)
00:00:00.423324   FloppyDevice   <string>  = "i82078" (cb=7)
00:00:00.423327   HardDiskDevice <string>  = "piix3ide" (cb=9)
00:00:00.423328   IOAPIC         <integer> = 0x0000000000000001 (1)
00:00:00.423328   McfgBase       <integer> = 0x0000000000000000 (0)
00:00:00.423329   McfgLength     <integer> = 0x0000000000000000 (0)
00:00:00.423329   NumCPUs        <integer> = 0x0000000000000001 (1)
00:00:00.423330   PXEDebug       <integer> = 0x0000000000000000 (0)
00:00:00.423330   UUID           <bytes>   = "e5 6a 96 da e5 38 58 4e a7 63 c0 7a dc 81 e7 16" (cb=16)
00:00:00.423332   UuidLe         <integer> = 0x0000000000000001 (1)
00:00:00.423333 
00:00:00.423333 [/Devices/pcbios/0/Config/NetBoot/] (level 5)
00:00:00.423334 
00:00:00.423334 [/Devices/pcbios/0/Config/NetBoot/0/] (level 6)
00:00:00.423335   NIC           <integer> = 0x0000000000000000 (0)
00:00:00.423335   PCIBusNo      <integer> = 0x0000000000000000 (0)
00:00:00.423336   PCIDeviceNo   <integer> = 0x0000000000000003 (3)
00:00:00.423336   PCIFunctionNo <integer> = 0x0000000000000000 (0)
00:00:00.423337 
00:00:00.423337 [/Devices/pci/] (level 2)
00:00:00.423338 
00:00:00.423338 [/Devices/pci/0/] (level 3)
00:00:00.423339   Trusted <integer> = 0x0000000000000001 (1)
00:00:00.423339 
00:00:00.423339 [/Devices/pci/0/Config/] (level 4)
00:00:00.423340   IOAPIC <integer> = 0x0000000000000001 (1)
00:00:00.423340 
00:00:00.423341 [/Devices/pcibridge/] (level 2)
00:00:00.423341 
00:00:00.423341 [/Devices/pckbd/] (level 2)
00:00:00.423342 
00:00:00.423342 [/Devices/pckbd/0/] (level 3)
00:00:00.423343   Trusted <integer> = 0x0000000000000001 (1)
00:00:00.423343 
00:00:00.423343 [/Devices/pckbd/0/Config/] (level 4)
00:00:00.423344 
00:00:00.423344 [/Devices/pckbd/0/LUN#0/] (level 4)
00:00:00.423345   Driver <string>  = "KeyboardQueue" (cb=14)
00:00:00.423346 
00:00:00.423346 [/Devices/pckbd/0/LUN#0/AttachedDriver/] (level 5)
00:00:00.423347   Driver <string>  = "MainKeyboard" (cb=13)
00:00:00.423347 
00:00:00.423347 [/Devices/pckbd/0/LUN#0/AttachedDriver/Config/] (level 6)
00:00:00.423348   Object <integer> = 0x00007fe424513df0 (140 617 838 575 088)
00:00:00.423349 
00:00:00.423349 [/Devices/pckbd/0/LUN#0/Config/] (level 5)
00:00:00.423350   QueueSize <integer> = 0x0000000000000040 (64)
00:00:00.423351 
00:00:00.423351 [/Devices/pckbd/0/LUN#1/] (level 4)
00:00:00.423352   Driver <string>  = "MouseQueue" (cb=11)
00:00:00.423352 
00:00:00.423352 [/Devices/pckbd/0/LUN#1/AttachedDriver/] (level 5)
00:00:00.423353   Driver <string>  = "MainMouse" (cb=10)
00:00:00.423354 
00:00:00.423354 [/Devices/pckbd/0/LUN#1/AttachedDriver/Config/] (level 6)
00:00:00.423355   Object <integer> = 0x00007fe424514450 (140 617 838 576 720)
00:00:00.423356 
00:00:00.423356 [/Devices/pckbd/0/LUN#1/Config/] (level 5)
00:00:00.423357   QueueSize <integer> = 0x0000000000000080 (128)
00:00:00.423357 
00:00:00.423357 [/Devices/pcnet/] (level 2)
00:00:00.423358 
00:00:00.423358 [/Devices/piix3ide/] (level 2)
00:00:00.423359 
00:00:00.423359 [/Devices/piix3ide/0/] (level 3)
00:00:00.423360   PCIBusNo      <integer> = 0x0000000000000000 (0)
00:00:00.423360   PCIDeviceNo   <integer> = 0x0000000000000001 (1)
00:00:00.423361   PCIFunctionNo <integer> = 0x0000000000000001 (1)
00:00:00.423361   Trusted       <integer> = 0x0000000000000001 (1)
00:00:00.423362 
00:00:00.423362 [/Devices/piix3ide/0/Config/] (level 4)
00:00:00.423362   Type <string>  = "PIIX4" (cb=6)
00:00:00.423363 
00:00:00.423363 [/Devices/piix3ide/0/LUN#0/] (level 4)
00:00:00.423364   Driver <string>  = "VD" (cb=3)
00:00:00.423364 
00:00:00.423364 [/Devices/piix3ide/0/LUN#0/Config/] (level 5)
00:00:00.423366   Format    <string>  = "VMDK" (cb=5)
00:00:00.423366   Mountable <integer> = 0x0000000000000000 (0)
00:00:00.423366   Path      <string>  = "/Volumes/externalwd/ITMO-453/beyesus/packer-example-code/build/graphitea_default_1637346306256_19080/ubuntu-graphitea-disk001.vmdk" (cb=131)
00:00:00.423367   Type      <string>  = "HardDisk" (cb=9)
00:00:00.423368 
00:00:00.423368 [/Devices/piix3ide/0/LUN#999/] (level 4)
00:00:00.423369   Driver <string>  = "MainStatus" (cb=11)
00:00:00.423371 
00:00:00.423371 [/Devices/piix3ide/0/LUN#999/Config/] (level 5)
00:00:00.423372   DeviceInstance        <string>  = "piix3ide/0" (cb=11)
00:00:00.423372   First                 <integer> = 0x0000000000000000 (0)
00:00:00.423373   Last                  <integer> = 0x0000000000000003 (3)
00:00:00.423374   pConsole              <integer> = 0x00007fe427808200 (140 617 892 004 352)
00:00:00.423375   papLeds               <integer> = 0x00007fe427808978 (140 617 892 006 264)
00:00:00.423376   pmapMediumAttachments <integer> = 0x00007fe4278095b0 (140 617 892 009 392)
00:00:00.423377 
00:00:00.423377 [/Devices/serial/] (level 2)
00:00:00.423378 
00:00:00.423378 [/Devices/vga/] (level 2)
00:00:00.423378 
00:00:00.423379 [/Devices/vga/0/] (level 3)
00:00:00.423379   PCIBusNo      <integer> = 0x0000000000000000 (0)
00:00:00.423380   PCIDeviceNo   <integer> = 0x0000000000000002 (2)
00:00:00.423380   PCIFunctionNo <integer> = 0x0000000000000000 (0)
00:00:00.423381   Trusted       <integer> = 0x0000000000000001 (1)
00:00:00.423381 
00:00:00.423382 [/Devices/vga/0/Config/] (level 4)
00:00:00.423382   3DEnabled        <integer> = 0x0000000000000000 (0)
00:00:00.423383   CustomVideoModes <integer> = 0x0000000000000000 (0)
00:00:00.423383   FadeIn           <integer> = 0x0000000000000001 (1)
00:00:00.423384   FadeOut          <integer> = 0x0000000000000001 (1)
00:00:00.423385   HeightReduction  <integer> = 0x0000000000000000 (0)
00:00:00.423385   LogoFile         <string>  = "" (cb=1)
00:00:00.423386   LogoTime         <integer> = 0x0000000000000000 (0)
00:00:00.423386   MonitorCount     <integer> = 0x0000000000000001 (1)
00:00:00.423387   ShowBootMenu     <integer> = 0x0000000000000002 (2)
00:00:00.423387   VRamSize         <integer> = 0x0000000000400000 (4 194 304, 4 MB)
00:00:00.423388 
00:00:00.423388 [/Devices/vga/0/LUN#0/] (level 4)
00:00:00.423389   Driver <string>  = "MainDisplay" (cb=12)
00:00:00.423390 
00:00:00.423390 [/Devices/vga/0/LUN#0/Config/] (level 5)
00:00:00.423391   Object <integer> = 0x00007fe4250b2a00 (140 617 850 759 680)
00:00:00.423391 
00:00:00.423392 [/Devices/vga/0/LUN#999/] (level 4)
00:00:00.423392   Driver <string>  = "MainStatus" (cb=11)
00:00:00.423393 
00:00:00.423393 [/Devices/vga/0/LUN#999/Config/] (level 5)
00:00:00.423394   First   <integer> = 0x0000000000000000 (0)
00:00:00.423394   Last    <integer> = 0x0000000000000000 (0)
00:00:00.423395   papLeds <integer> = 0x00007fe4278095a8 (140 617 892 009 384)
00:00:00.423396 
00:00:00.423396 [/Devices/virtio-net/] (level 2)
00:00:00.423396 
00:00:00.423397 [/EM/] (level 1)
00:00:00.423397   TripleFaultReset <integer> = 0x0000000000000000 (0)
00:00:00.423398 
00:00:00.423398 [/GIM/] (level 1)
00:00:00.423398   Provider <string>  = "KVM" (cb=4)
00:00:00.423399 
00:00:00.423399 [/HM/] (level 1)
00:00:00.423400   64bitEnabled       <integer> = 0x0000000000000001 (1)
00:00:00.423401   EnableLargePages   <integer> = 0x0000000000000000 (0)
00:00:00.423401   EnableNestedPaging <integer> = 0x0000000000000001 (1)
00:00:00.423402   EnableUX           <integer> = 0x0000000000000001 (1)
00:00:00.423402   EnableVPID         <integer> = 0x0000000000000001 (1)
00:00:00.423403   Exclusive          <integer> = 0x0000000000000000 (0)
00:00:00.423403   HMForced           <integer> = 0x0000000000000001 (1)
00:00:00.423404   IBPBOnVMEntry      <integer> = 0x0000000000000000 (0)
00:00:00.423404   IBPBOnVMExit       <integer> = 0x0000000000000000 (0)
00:00:00.423405   L1DFlushOnSched    <integer> = 0x0000000000000001 (1)
00:00:00.423405   L1DFlushOnVMEntry  <integer> = 0x0000000000000000 (0)
00:00:00.423406   MDSClearOnSched    <integer> = 0x0000000000000001 (1)
00:00:00.423406   MDSClearOnVMEntry  <integer> = 0x0000000000000000 (0)
00:00:00.423407   SpecCtrlByHost     <integer> = 0x0000000000000000 (0)
00:00:00.423407   UseNEMInstead      <integer> = 0x0000000000000000 (0)
00:00:00.423408 
00:00:00.423408 [/MM/] (level 1)
00:00:00.423409   CanUseLargerHeap <integer> = 0x0000000000000000 (0)
00:00:00.423409 
00:00:00.423409 [/NEM/] (level 1)
00:00:00.423410   Allow64BitGuests <integer> = 0x0000000000000001 (1)
00:00:00.423412 
00:00:00.423412 [/PDM/] (level 1)
00:00:00.423413 
00:00:00.423413 [/PDM/AsyncCompletion/] (level 2)
00:00:00.423413 
00:00:00.423414 [/PDM/AsyncCompletion/File/] (level 3)
00:00:00.423414 
00:00:00.423415 [/PDM/AsyncCompletion/File/BwGroups/] (level 4)
00:00:00.423415 
00:00:00.423416 [/PDM/BlkCache/] (level 2)
00:00:00.423416   CacheSize <integer> = 0x0000000000500000 (5 242 880, 5 MB)
00:00:00.423417 
00:00:00.423417 [/PDM/Devices/] (level 2)
00:00:00.423418 
00:00:00.423418 [/PDM/Drivers/] (level 2)
00:00:00.423418 
00:00:00.423419 [/PDM/Drivers/VBoxC/] (level 3)
00:00:00.423419   Path <string>  = "/Applications/VirtualBox.app/Contents/MacOS/components/VBoxC" (cb=61)
00:00:00.423420 
00:00:00.423420 [/PDM/NetworkShaper/] (level 2)
00:00:00.423421 
00:00:00.423421 [/PDM/NetworkShaper/BwGroups/] (level 3)
00:00:00.423421 
00:00:00.423422 [/TM/] (level 1)
00:00:00.423422   UTCOffset <integer> = 0x0000000000000000 (0)
00:00:00.423423 
00:00:00.423423 ********************* End of CFGM dump **********************
00:00:00.423588 HM: HMR3Init: VT-x w/ nested paging and unrestricted guest execution hw support
00:00:00.423610 MM: cbHyperHeap=0x200000 (2097152)
00:00:00.425786 CPUM: fXStateHostMask=0x7; initial: 0x7; host XCR0=0x7
00:00:00.426641 CPUM: Matched host CPU INTEL 0x6/0x8e/0xa Intel_Core7_CoffeeLake with CPU DB entry 'Intel Core i7-6700K' (INTEL 0x6/0x5e/0x3 Intel_Core7_Skylake)
00:00:00.426832 CPUM: MXCSR_MASK=0xffff (host: 0xffff)
00:00:00.426880 CPUM: Microcode revision 0x000000EA
00:00:00.426912 CPUM: Changing leaf 13[0]: EBX=0x340 -> 0x340, ECX=0x440 -> 0x340
00:00:00.426957 CPUM: MSR/CPUID reconciliation insert: 0x0000010b IA32_FLUSH_CMD
00:00:00.427007 CPUM: SetGuestCpuIdFeature: Enabled PAE
00:00:00.427336 PGM: Host paging mode: AMD64+PGE+NX
00:00:00.427353 PGM: PGMPool: cMaxPages=768 (u64MaxPages=545)
00:00:00.427365 PGM: pgmR3PoolInit: cMaxPages=0x300 cMaxUsers=0x600 cMaxPhysExts=0x600 fCacheEnable=true 
00:00:00.433261 TM: GIP - u32Mode=3 (Invariant) u32UpdateHz=100 u32UpdateIntervalNS=10000000 enmUseTscDelta=2 (Practically Zero) fGetGipCpu=0x15 cCpus=8
00:00:00.433289 TM: GIP - u64CpuHz=1 391 999 999 (0x52f83bff)  SUPGetCpuHzFromGip => 1 391 999 999
00:00:00.433294 TM: GIP - CPU: iCpuSet=0x0 idCpu=0x0 idApic=0x0 iGipCpu=0x5 i64TSCDelta=0 enmState=3 u64CpuHz=1391999994(*) cErrors=0
00:00:00.433298 TM: GIP - CPU: iCpuSet=0x1 idCpu=0x1 idApic=0x1 iGipCpu=0x6 i64TSCDelta=0 enmState=3 u64CpuHz=1392000000(*) cErrors=0
00:00:00.433301 TM: GIP - CPU: iCpuSet=0x2 idCpu=0x2 idApic=0x2 iGipCpu=0x7 i64TSCDelta=0 enmState=3 u64CpuHz=1391999999(*) cErrors=0
00:00:00.433304 TM: GIP - CPU: iCpuSet=0x3 idCpu=0x3 idApic=0x3 iGipCpu=0x2 i64TSCDelta=0 enmState=3 u64CpuHz=1391999960(*) cErrors=0
00:00:00.433307 TM: GIP - CPU: iCpuSet=0x4 idCpu=0x4 idApic=0x4 iGipCpu=0x4 i64TSCDelta=0 enmState=3 u64CpuHz=1391999994(*) cErrors=0
00:00:00.433309 TM: GIP - CPU: iCpuSet=0x5 idCpu=0x5 idApic=0x5 iGipCpu=0x3 i64TSCDelta=0 enmState=3 u64CpuHz=1391999993(*) cErrors=0
00:00:00.433312 TM: GIP - CPU: iCpuSet=0x6 idCpu=0x6 idApic=0x6 iGipCpu=0x1 i64TSCDelta=0 enmState=3 u64CpuHz=1391999905(*) cErrors=0
00:00:00.433314 TM: GIP - CPU: iCpuSet=0x7 idCpu=0x7 idApic=0x7 iGipCpu=0x0 i64TSCDelta=0 enmState=3 u64CpuHz=1391999999(*) cErrors=0
00:00:00.433419 TM: cTSCTicksPerSecond=1 391 999 999 (0x52f83bff) enmTSCMode=3 (Dynamic)
00:00:00.433420 TM: TSCTiedToExecution=false TSCNotTiedToHalt=false
00:00:00.433959 EMR3Init: fIemExecutesAll=false fGuruOnTripleFault=true 
00:00:00.434073 IEM: TargetCpu=CURRENT, Microarch=Intel_Core7_CoffeeLake
00:00:00.434290 GIM: Using provider 'KVM' (Implementation version: 0)
00:00:00.434307 CPUM: SetGuestCpuIdFeature: Enabled Hypervisor Present bit
00:00:00.434470 AIOMgr: Default manager type is 'Async'
00:00:00.434474 AIOMgr: Default file backend is 'NonBuffered'
00:00:00.434613 BlkCache: Cache successfully initialized. Cache size is 5242880 bytes
00:00:00.434618 BlkCache: Cache commit interval is 10000 ms
00:00:00.434620 BlkCache: Cache commit threshold is 2621440 bytes
00:00:00.728322 PcBios: [SMP] BIOS with 1 CPUs
00:00:00.728415 PcBios: Using the 386+ BIOS image.
00:00:00.728793 PcBios: MPS table at 000e1300
00:00:00.730492 PcBios: fCheckShutdownStatusForSoftReset=true   fClearShutdownStatusOnHardReset=true 
00:00:00.737171 SUP: seg #0: RWX 0x00000000 LB 0x0002c000
00:00:00.737186 SUP: seg #1: R   0x0002c000 LB 0x00002880
00:00:00.737629 SUP: Loaded VBoxDDR0.r0 (/Applications/VirtualBox.app/Contents/MacOS/VBoxDDR0.r0) at 0xXXXXXXXXXXXXXXXX - ModuleInit at XXXXXXXXXXXXXXXX and ModuleTerm at XXXXXXXXXXXXXXXX using the native ring-0 loader
00:00:00.738644 CPUM: SetGuestCpuIdFeature: Enabled xAPIC
00:00:00.738654 CPUM: SetGuestCpuIdFeature: Enabled x2APIC
00:00:00.739438 IOAPIC: Using implementation 2.0! Chipset type ICH9
00:00:00.739693 PIT: mode=3 count=0x10000 (65536) - 18.20 Hz (ch=0)
00:00:00.740092 VMMDev: cbDefaultBudget: 134 217 728 (8000000)
00:00:00.766977 Shared Folders service loaded
00:00:00.785485 Guest Control service loaded
00:00:00.807568 VGA: Using the 386+ BIOS image.
00:00:00.812540 DrvVD: Flushes will be ignored
00:00:00.812551 DrvVD: Async flushes will be passed to the disk
00:00:00.812741 VD: VDInit finished with VINF_SUCCESS
00:00:00.907850 VD: Opening the disk took 95279823 ns
00:00:00.907959 PIIX3 ATA: LUN#0: disk, PCHS=16383/16/63, total number of sectors 20480000
00:00:00.909652 PIIX3 ATA: LUN#1: no unit
00:00:00.909718 PIIX3 ATA: LUN#2: no unit
00:00:00.909723 PIIX3 ATA: LUN#3: no unit
00:00:00.909944 PIIX3 ATA: Ctl#0: finished processing RESET
00:00:00.909957 PIIX3 ATA: Ctl#1: finished processing RESET
00:00:00.910124 E1000#0: Chip=82540EM LinkUpDelay=3000ms EthernetCRC=on GSO=enabled Itr=disabled ItrRx=enabled TID=disabled R0=enabled RC=disabled
00:00:00.917558 NAT: Guest address guess set to 10.0.2.15 by initialization
00:00:00.917843 NAT: resolv.conf: nameserver 216.47.143.105
00:00:00.917862 NAT: resolv.conf: nameserver 216.47.143.106
00:00:00.917866 NAT: resolv.conf: nameserver 75.75.75.75
00:00:00.917869 NAT: resolv.conf: too many nameserver lines, ignoring 75.75.76.76
00:00:00.917880 NAT: Adding domain name iit.edu
00:00:00.917882 NAT: DNS#0: 216.47.143.105
00:00:00.917885 NAT: DNS#1: 216.47.143.106
00:00:00.917888 NAT: DNS#2: 75.75.75.75
00:00:00.917967 NAT: Set redirect TCP 127.0.0.1:2222 -> 0.0.0.0:22
00:00:00.919012 E1000#1: Chip=82540EM LinkUpDelay=3000ms EthernetCRC=on GSO=enabled Itr=disabled ItrRx=enabled TID=disabled R0=enabled RC=disabled
00:00:00.919150 IntNet#0: szNetwork={HostInterfaceNetworking-vboxnet0} enmTrunkType=4 szTrunk={vboxnet0} fFlags=0x8000 cbRecv=325632 cbSend=196608 fIgnoreConnectFailure=false
00:00:00.920384 PGM: The CPU physical address width is 39 bits
00:00:00.920406 PGM: PGMR3InitFinalize: 4 MB PSE mask 0000007fffffffff -> VINF_SUCCESS
00:00:00.920435 TM: TMR3InitFinalize: fTSCModeSwitchAllowed=true 
00:00:00.920681 VMM: Thread-context hooks unavailable
00:00:00.920685 VMM: RTThreadPreemptIsPending() can be trusted
00:00:00.920688 VMM: Kernel preemption is possible
00:00:00.920762 HM: fWorldSwitcher=0x0 (fIbpbOnVmExit=false fIbpbOnVmEntry=false fL1dFlushOnVmEntry=false); fL1dFlushOnSched=true  fMdsClearOnVmEntry=false
00:00:00.920794 HM: Using VT-x implementation 3.0
00:00:00.920795 HM: Max resume loops                  = 8192
00:00:00.920795 HM: Host CR4                          = 0x3626e0
00:00:00.920796 HM: Host EFER                         = 0xd01
00:00:00.920796 HM: MSR_IA32_SMM_MONITOR_CTL          = 0x0
00:00:00.920797 HM: MSR_IA32_FEATURE_CONTROL          = 0x5
00:00:00.920797 HM:   LOCK
00:00:00.920797 HM:   VMXON
00:00:00.920798 HM: MSR_IA32_VMX_BASIC                = 0xda040000000004
00:00:00.920798 HM:   VMCS id                           = 0x4
00:00:00.920799 HM:   VMCS size                         = 1024 bytes
00:00:00.920799 HM:   VMCS physical address limit       = None
00:00:00.920813 HM:   VMCS memory type                  = Write Back (WB)
00:00:00.920813 HM:   Dual-monitor treatment support    = true 
00:00:00.920814 HM:   OUTS & INS instruction-info       = true 
00:00:00.920814 HM:   Supports true-capability MSRs     = true 
00:00:00.920814 HM:   VM-entry Xcpt error-code optional = false
00:00:00.920815 HM: MSR_IA32_VMX_PINBASED_CTLS        = 0x7f00000016
00:00:00.920815 HM:   EXT_INT_EXIT
00:00:00.920815 HM:   NMI_EXIT
00:00:00.920816 HM:   VIRTUAL_NMI
00:00:00.920816 HM:   PREEMPT_TIMER
00:00:00.920816 HM:   POSTED_INT (must be cleared)
00:00:00.920816 HM: MSR_IA32_VMX_PROCBASED_CTLS       = 0xfff9fffe0401e172
00:00:00.920817 HM:   INT_WINDOW_EXIT
00:00:00.920817 HM:   USE_TSC_OFFSETTING
00:00:00.920817 HM:   HLT_EXIT
00:00:00.920818 HM:   INVLPG_EXIT
00:00:00.920818 HM:   MWAIT_EXIT
00:00:00.920818 HM:   RDPMC_EXIT
00:00:00.920818 HM:   RDTSC_EXIT
00:00:00.920819 HM:   CR3_LOAD_EXIT (must be set)
00:00:00.920819 HM:   CR3_STORE_EXIT (must be set)
00:00:00.920819 HM:   CR8_LOAD_EXIT
00:00:00.920819 HM:   CR8_STORE_EXIT
00:00:00.920819 HM:   USE_TPR_SHADOW
00:00:00.920820 HM:   NMI_WINDOW_EXIT
00:00:00.920820 HM:   MOV_DR_EXIT
00:00:00.920820 HM:   UNCOND_IO_EXIT
00:00:00.920820 HM:   USE_IO_BITMAPS
00:00:00.920821 HM:   MONITOR_TRAP_FLAG
00:00:00.920821 HM:   USE_MSR_BITMAPS
00:00:00.920821 HM:   MONITOR_EXIT
00:00:00.920821 HM:   PAUSE_EXIT
00:00:00.920821 HM:   USE_SECONDARY_CTLS
00:00:00.920834 HM: MSR_IA32_VMX_PROCBASED_CTLS2      = 0x5fbcff00000000
00:00:00.920835 HM:   VIRT_APIC_ACCESS
00:00:00.920835 HM:   EPT
00:00:00.920835 HM:   DESC_TABLE_EXIT
00:00:00.920836 HM:   RDTSCP
00:00:00.920836 HM:   VIRT_X2APIC_MODE
00:00:00.920836 HM:   VPID
00:00:00.920836 HM:   WBINVD_EXIT
00:00:00.920837 HM:   UNRESTRICTED_GUEST
00:00:00.920837 HM:   APIC_REG_VIRT (must be cleared)
00:00:00.920837 HM:   VIRT_INT_DELIVERY (must be cleared)
00:00:00.920837 HM:   PAUSE_LOOP_EXIT
00:00:00.920837 HM:   RDRAND_EXIT
00:00:00.920838 HM:   INVPCID
00:00:00.920850 HM:   VMFUNC
00:00:00.920850 HM:   VMCS_SHADOWING (must be cleared)
00:00:00.920851 HM:   ENCLS_EXIT
00:00:00.920851 HM:   RDSEED_EXIT
00:00:00.920851 HM:   PML
00:00:00.920851 HM:   EPT_VE
00:00:00.920851 HM:   CONCEAL_VMX_FROM_PT
00:00:00.920852 HM:   XSAVES_XRSTORS
00:00:00.920852 HM:   MODE_BASED_EPT_PERM
00:00:00.920852 HM:   SPPTP_EPT (must be cleared)
00:00:00.920852 HM:   PT_EPT (must be cleared)
00:00:00.920853 HM:   TSC_SCALING (must be cleared)
00:00:00.920853 HM:   USER_WAIT_PAUSE (must be cleared)
00:00:00.920853 HM:   ENCLV_EXIT (must be cleared)
00:00:00.920853 HM: MSR_IA32_VMX_ENTRY_CTLS           = 0x3ffff000011ff
00:00:00.920854 HM:   LOAD_DEBUG (must be set)
00:00:00.920854 HM:   IA32E_MODE_GUEST
00:00:00.920854 HM:   ENTRY_TO_SMM
00:00:00.920855 HM:   DEACTIVATE_DUAL_MON
00:00:00.920855 HM:   LOAD_PERF_MSR
00:00:00.920855 HM:   LOAD_PAT_MSR
00:00:00.920855 HM:   LOAD_EFER_MSR
00:00:00.920855 HM:   LOAD_BNDCFGS_MSR
00:00:00.920856 HM:   CONCEAL_VMX_FROM_PT
00:00:00.920856 HM:   LOAD_RTIT_CTL_MSR (must be cleared)
00:00:00.920856 HM: MSR_IA32_VMX_EXIT_CTLS            = 0x1ffffff00036dff
00:00:00.920857 HM:   SAVE_DEBUG (must be set)
00:00:00.920857 HM:   HOST_ADDR_SPACE_SIZE
00:00:00.920857 HM:   LOAD_PERF_MSR
00:00:00.920857 HM:   ACK_EXT_INT
00:00:00.920858 HM:   SAVE_PAT_MSR
00:00:00.920858 HM:   LOAD_PAT_MSR
00:00:00.920858 HM:   SAVE_EFER_MSR
00:00:00.920858 HM:   LOAD_EFER_MSR
00:00:00.920859 HM:   SAVE_PREEMPT_TIMER
00:00:00.920859 HM:   CLEAR_BNDCFGS_MSR
00:00:00.920859 HM:   CONCEAL_VMX_FROM_PT
00:00:00.920859 HM:   CLEAR_RTIT_CTL_MSR (must be cleared)
00:00:00.920860 HM: MSR_IA32_VMX_TRUE_PINBASED_CTLS   = 0x7f00000016
00:00:00.920860 HM: MSR_IA32_VMX_TRUE_PROCBASED_CTLS  = 0xfff9fffe04006172
00:00:00.920861 HM: MSR_IA32_VMX_TRUE_ENTRY_CTLS      = 0x3ffff000011fb
00:00:00.920861 HM: MSR_IA32_VMX_TRUE_EXIT_CTLS       = 0x1ffffff00036dfb
00:00:00.920862 HM: MSR_IA32_VMX_MISC                 = 0x7004c1e7
00:00:00.920862 HM:   PREEMPT_TIMER_TSC                 = 0x7
00:00:00.920863 HM:   EXIT_SAVE_EFER_LMA                = true 
00:00:00.920863 HM:   ACTIVITY_STATES                   = 0x7 ( HLT SHUTDOWN SIPI_WAIT )
00:00:00.920864 HM:   INTEL_PT                          = true 
00:00:00.920864 HM:   SMM_READ_SMBASE_MSR               = true 
00:00:00.920877 HM:   CR3_TARGET                        = 0x4
00:00:00.920877 HM:   MAX_MSR                           = 0x0 ( 512 )
00:00:00.920878 HM:   VMXOFF_BLOCK_SMI                  = true 
00:00:00.920878 HM:   VMWRITE_ALL                       = true 
00:00:00.920878 HM:   ENTRY_INJECT_SOFT_INT             = 0x1
00:00:00.920879 HM:   MSEG_ID                           = 0x0
00:00:00.920879 HM: MSR_IA32_VMX_VMCS_ENUM            = 0x2e
00:00:00.920879 HM:   HIGHEST_IDX                       = 0x17
00:00:00.920880 HM: MSR_IA32_VMX_EPT_VPID_CAP         = 0xf0106734141
00:00:00.920880 HM:   RWX_X_ONLY
00:00:00.920880 HM:   PAGE_WALK_LENGTH_4
00:00:00.920881 HM:   EMT_UC
00:00:00.920881 HM:   EMT_WB
00:00:00.920881 HM:   PDE_2M
00:00:00.920881 HM:   PDPTE_1G
00:00:00.920882 HM:   INVEPT
00:00:00.920882 HM:   EPT_ACCESS_DIRTY
00:00:00.920882 HM:   ADVEXITINFO_EPT
00:00:00.920882 HM:   INVEPT_SINGLE_CONTEXT
00:00:00.920882 HM:   INVEPT_ALL_CONTEXTS
00:00:00.920883 HM:   INVVPID
00:00:00.920883 HM:   INVVPID_INDIV_ADDR
00:00:00.920883 HM:   INVVPID_SINGLE_CONTEXT
00:00:00.920883 HM:   INVVPID_ALL_CONTEXTS
00:00:00.920884 HM:   INVVPID_SINGLE_CONTEXT_RETAIN_GLOBALS
00:00:00.920884 HM: MSR_IA32_VMX_VMFUNC               = 0x1
00:00:00.920884 HM:   EPTP_SWITCHING
00:00:00.920884 HM: MSR_IA32_VMX_CR0_FIXED0           = 0x80000021
00:00:00.920885 HM: MSR_IA32_VMX_CR0_FIXED1           = 0xffffffff
00:00:00.920885 HM: MSR_IA32_VMX_CR4_FIXED0           = 0x2000
00:00:00.920886 HM: MSR_IA32_VMX_CR4_FIXED1           = 0x3727ff
00:00:00.920886 HM: APIC-access page physaddr         = 0x00000000410f2000
00:00:00.920887 HM: VCPU  0: MSR bitmap physaddr      = 0x0000000240a17000
00:00:00.920888 HM: VCPU  0: VMCS physaddr            = 0x000000004f641000
00:00:00.920888 HM: Guest support: 32-bit and 64-bit
00:00:00.920899 HM: Supports VMCS EFER fields         = true 
00:00:00.920899 HM: Enabled VMX
00:00:00.920902 CPUM: SetGuestCpuIdFeature: Enabled SYSENTER/EXIT
00:00:00.920902 CPUM: SetGuestCpuIdFeature: Enabled PAE
00:00:00.920903 CPUM: SetGuestCpuIdFeature: Enabled LONG MODE
00:00:00.920903 CPUM: SetGuestCpuIdFeature: Enabled SYSCALL/RET
00:00:00.920903 CPUM: SetGuestCpuIdFeature: Enabled LAHF/SAHF
00:00:00.920903 CPUM: SetGuestCpuIdFeature: Enabled NX
00:00:00.920904 HM: Enabled nested paging
00:00:00.920904 HM:   EPT flush type                  = Single context
00:00:00.920904 HM: Enabled unrestricted guest execution
00:00:00.920904 HM: Enabled VPID
00:00:00.920905 HM:   VPID flush type                 = Single context
00:00:00.920918 HM: Enabled VMX-preemption timer (cPreemptTimerShift=7)
00:00:00.920918 HM: VT-x/AMD-V init method: Global
00:00:00.920919 EM: Exit history optimizations: enabled=true  enabled-r0=true  enabled-r0-no-preemption=false
00:00:00.920958 PcBios: ATA LUN#0 LCHS=1024/255/63
00:00:00.920977 APIC: fPostedIntrsEnabled=false fVirtApicRegsEnabled=false fSupportsTscDeadline=false
00:00:00.920982 TMR3UtcNow: nsNow=1 637 346 309 275 623 000 nsPrev=0 -> cNsDelta=1 637 346 309 275 623 000 (offLag=0 offVirtualSync=0 offVirtualSyncGivenUp=0, NowAgain=1 637 346 309 275 623 000)
00:00:00.920988 VMM: fUsePeriodicPreemptionTimers=false
00:00:00.921211 CPUM: Logical host processors: 8 present, 8 max, 8 online, online mask: 00000000000000ff
00:00:00.921214 CPUM: Physical host cores: 4
00:00:00.921214 ************************* CPUID dump ************************
00:00:00.921243          Raw Standard CPUID Leaves
00:00:00.921244      Leaf/sub-leaf  eax      ebx      ecx      edx
00:00:00.921244 Gst: 00000000/0000  00000016 756e6547 6c65746e 49656e69
00:00:00.921245 Hst:                00000016 756e6547 6c65746e 49656e69
00:00:00.921246 Gst: 00000001/0000  000806ea 00010800 d6fa220b 178bfbff
00:00:00.921247 Hst:                000806ea 07100800 7ffafbbf bfebfbff
00:00:00.921248 Gst: 00000002/0000  76036301 00f0b5ff 00000000 00c30000
00:00:00.921249 Hst:                76036301 00f0b5ff 00000000 00c30000
00:00:00.921250 Gst: 00000003/0000  00000000 00000000 00000000 00000000
00:00:00.921250 Hst:                00000000 00000000 00000000 00000000
00:00:00.921251 Gst: 00000004/0000  00000121 01c0003f 0000003f 00000000
00:00:00.921252 Hst:                1c004121 01c0003f 0000003f 00000000
00:00:00.921252 Gst: 00000004/0001  00000122 01c0003f 0000003f 00000000
00:00:00.921253 Hst:                1c004122 01c0003f 0000003f 00000000
00:00:00.921254 Gst: 00000004/0002  00000143 00c0003f 000003ff 00000000
00:00:00.921254 Hst:                1c004143 00c0003f 000003ff 00000000
00:00:00.921255 Gst: 00000004/0003  00000163 02c0003f 00001fff 00000006
00:00:00.921256 Hst:                1c03c163 02c0003f 00001fff 00000006
00:00:00.921256 Gst: 00000004/0004  00000000 00000000 00000000 00000000
00:00:00.921257 Hst:                00000000 00000000 00000000 00000000
00:00:00.921257 Gst: 00000005/0000  00000040 00000040 00000000 00000000
00:00:00.921258 Hst:                00000040 00000040 00000003 11142120
00:00:00.921259 Gst: 00000006/0000  00000000 00000000 00000000 00000000
00:00:00.921259 Hst:                000026f7 00000002 00000009 00000000
00:00:00.921260 Gst: 00000007/0000  00000000 00842421 00000000 10000400
00:00:00.921261 Hst:                00000000 029c67af 00000000 9c002e00
00:00:00.921261 Gst: 00000007/0001  00000000 00000000 00000000 00000000
00:00:00.921262 Hst:                00000000 00000000 00000000 00000000
00:00:00.921262 Gst: 00000008/0000  00000000 00000000 00000000 00000000
00:00:00.921263 Hst:                00000000 00000000 00000000 00000000
00:00:00.921264 Gst: 00000009/0000  00000000 00000000 00000000 00000000
00:00:00.921264 Hst:                00000000 00000000 00000000 00000000
00:00:00.921265 Gst: 0000000a/0000  00000000 00000000 00000000 00000000
00:00:00.921265 Hst:                07300404 00000000 00000000 00000603
00:00:00.921266 Gst: 0000000b/0000  00000000 00000001 00000100 00000000
00:00:00.921266 Hst:                00000001 00000002 00000100 00000007
00:00:00.921267 Gst: 0000000b/0001  00000001 00000001 00000201 00000000
00:00:00.921267 Hst:                00000004 00000008 00000201 00000007
00:00:00.921268 Gst: 0000000b/0002  00000000 00000000 00000002 00000000
00:00:00.921269 Hst:                00000000 00000000 00000002 00000007
00:00:00.921269 Gst: 0000000c/0000  00000000 00000000 00000000 00000000
00:00:00.921270 Hst:                00000000 00000000 00000000 00000000
00:00:00.921270 Gst: 0000000d/0000  00000007 00000340 00000340 00000000
00:00:00.921271 Hst:                0000001f 00000340 00000440 00000000
00:00:00.921271 Gst: 0000000d/0001  00000000 00000340 00000000 00000000
00:00:00.921272 Hst:                0000000f 00000340 00000100 00000000
00:00:00.921272 Gst: 0000000d/0002  00000100 00000240 00000000 00000000
00:00:00.921273 Hst:                00000100 00000240 00000000 00000000
00:00:00.921274 Gst: 0000000d/0003  00000000 00000000 00000000 00000000
00:00:00.921274 Hst:                00000040 000003c0 00000000 00000000
00:00:00.921275 Gst: 0000000d/0004  00000000 00000000 00000000 00000000
00:00:00.921275 Hst:                00000040 00000400 00000000 00000000
00:00:00.921276 Gst: 0000000d/0005  00000000 00000000 00000000 00000000
00:00:00.921276 Hst:                00000000 00000000 00000000 00000000
00:00:00.921277 Gst: 0000000d/0006  00000000 00000000 00000000 00000000
00:00:00.921277 Hst:                00000000 00000000 00000000 00000000
00:00:00.921278 Gst: 0000000d/0007  00000000 00000000 00000000 00000000
00:00:00.921278 Hst:                00000000 00000000 00000000 00000000
00:00:00.921279 Gst: 0000000d/0008  00000000 00000000 00000000 00000000
00:00:00.921279 Hst:                00000080 00000000 00000001 00000000
00:00:00.921280 Gst: 0000000d/0009  00000000 00000000 00000000 00000000
00:00:00.921280 Hst:                00000000 00000000 00000000 00000000
00:00:00.921296 Gst: 0000000e/0000  00000000 00000000 00000000 00000000
00:00:00.921297 Hst:                00000000 00000000 00000000 00000000
00:00:00.921297 Gst: 0000000f/0000  00000000 00000000 00000000 00000000
00:00:00.921298 Hst:                00000000 00000000 00000000 00000000
00:00:00.921298 Gst: 00000010/0000  00000000 00000000 00000000 00000000
00:00:00.921299 Hst:                00000000 00000000 00000000 00000000
00:00:00.921299 Gst: 00000011/0000  00000000 00000000 00000000 00000000
00:00:00.921300 Hst:                00000000 00000000 00000000 00000000
00:00:00.921300 Gst: 00000012/0000  00000000 00000000 00000000 00000000
00:00:00.921301 Hst:                00000000 00000000 00000000 00000000
00:00:00.921302 Gst: 00000013/0000  00000000 00000000 00000000 00000000
00:00:00.921302 Hst:                00000000 00000000 00000000 00000000
00:00:00.921303 Gst: 00000014/0000  00000000 00000000 00000000 00000000
00:00:00.921303 Hst:                00000001 0000000f 00000007 00000000
00:00:00.921304 Hst: 00000015/0000  00000002 00000074 00000000 00000000
00:00:00.921305 Hst: 00000016/0000  00000578 00000f3c 00000064 00000000
00:00:00.921305                                Name: GenuineIntel
00:00:00.921307                            Supports: 0x00000000-0x00000016
00:00:00.921320                              Family:  6 	Extended: 0 	Effective: 6
00:00:00.921321                               Model: 14 	Extended: 8 	Effective: 142
00:00:00.921322                            Stepping: 10
00:00:00.921323                                Type: 0 (primary)
00:00:00.921324                             APIC ID: 0x00
00:00:00.921324                        Logical CPUs: 1
00:00:00.921325                        CLFLUSH Size: 8
00:00:00.921325                            Brand ID: 0x00
00:00:00.921326 Features
00:00:00.921326   Mnemonic - Description                                  = guest (host)
00:00:00.921340   FPU - x87 FPU on Chip                                   = 1 (1)
00:00:00.921341   VME - Virtual 8086 Mode Enhancements                    = 1 (1)
00:00:00.921342   DE - Debugging extensions                               = 1 (1)
00:00:00.921343   PSE - Page Size Extension                               = 1 (1)
00:00:00.921344   TSC - Time Stamp Counter                                = 1 (1)
00:00:00.921345   MSR - Model Specific Registers                          = 1 (1)
00:00:00.921346   PAE - Physical Address Extension                        = 1 (1)
00:00:00.921346   MCE - Machine Check Exception                           = 1 (1)
00:00:00.921347   CX8 - CMPXCHG8B instruction                             = 1 (1)
00:00:00.921348   APIC - APIC On-Chip                                     = 1 (1)
00:00:00.921349   SEP - SYSENTER and SYSEXIT Present                      = 1 (1)
00:00:00.921350   MTRR - Memory Type Range Registers                      = 1 (1)
00:00:00.921350   PGE - PTE Global Bit                                    = 1 (1)
00:00:00.921351   MCA - Machine Check Architecture                        = 1 (1)
00:00:00.921352   CMOV - Conditional Move instructions                    = 1 (1)
00:00:00.921353   PAT - Page Attribute Table                              = 1 (1)
00:00:00.921353   PSE-36 - 36-bit Page Size Extension                     = 1 (1)
00:00:00.921354   PSN - Processor Serial Number                           = 0 (0)
00:00:00.921355   CLFSH - CLFLUSH instruction                             = 1 (1)
00:00:00.921356   DS - Debug Store                                        = 0 (1)
00:00:00.921357   ACPI - Thermal Mon. & Soft. Clock Ctrl.                 = 0 (1)
00:00:00.921357   MMX - Intel MMX Technology                              = 1 (1)
00:00:00.921358   FXSR - FXSAVE and FXRSTOR instructions                  = 1 (1)
00:00:00.921359   SSE - SSE support                                       = 1 (1)
00:00:00.921360   SSE2 - SSE2 support                                     = 1 (1)
00:00:00.921361   SS - Self Snoop                                         = 0 (1)
00:00:00.921362   HTT - Hyper-Threading Technology                        = 1 (1)
00:00:00.921362   TM - Therm. Monitor                                     = 0 (1)
00:00:00.921363   PBE - Pending Break Enabled                             = 0 (1)
00:00:00.921364   SSE3 - SSE3 support                                     = 1 (1)
00:00:00.921365   PCLMUL - PCLMULQDQ support (for AES-GCM)                = 1 (1)
00:00:00.921366   DTES64 - DS Area 64-bit Layout                          = 0 (1)
00:00:00.921367   MONITOR - MONITOR/MWAIT instructions                    = 1 (1)
00:00:00.921367   CPL-DS - CPL Qualified Debug Store                      = 0 (1)
00:00:00.921368   VMX - Virtual Machine Extensions                        = 0 (1)
00:00:00.921369   SMX - Safer Mode Extensions                             = 0 (0)
00:00:00.921369   EST - Enhanced SpeedStep Technology                     = 0 (1)
00:00:00.921370   TM2 - Terminal Monitor 2                                = 0 (1)
00:00:00.921371   SSSE3 - Supplemental Streaming SIMD Extensions 3        = 1 (1)
00:00:00.921372   CNTX-ID - L1 Context ID                                 = 0 (0)
00:00:00.921372   SDBG - Silicon Debug interface                          = 0 (1)
00:00:00.921373   FMA - Fused Multiply Add extensions                     = 0 (1)
00:00:00.921374   CX16 - CMPXCHG16B instruction                           = 1 (1)
00:00:00.921375   TPRUPDATE - xTPR Update Control                         = 0 (1)
00:00:00.921375   PDCM - Perf/Debug Capability MSR                        = 0 (1)
00:00:00.921376   PCID - Process Context Identifiers                      = 1 (1)
00:00:00.921377   DCA - Direct Cache Access                               = 0 (0)
00:00:00.921378   SSE4_1 - SSE4_1 support                                 = 1 (1)
00:00:00.921379   SSE4_2 - SSE4_2 support                                 = 1 (1)
00:00:00.921379   X2APIC - x2APIC support                                 = 1 (1)
00:00:00.921380   MOVBE - MOVBE instruction                               = 1 (1)
00:00:00.921381   POPCNT - POPCNT instruction                             = 1 (1)
00:00:00.921382   TSCDEADL - Time Stamp Counter Deadline                  = 0 (1)
00:00:00.921382   AES - AES instructions                                  = 1 (1)
00:00:00.921383   XSAVE - XSAVE instruction                               = 1 (1)
00:00:00.921384   OSXSAVE - OSXSAVE instruction                           = 0 (1)
00:00:00.921385   AVX - AVX support                                       = 1 (1)
00:00:00.921386   F16C - 16-bit floating point conversion instructions    = 0 (1)
00:00:00.921386   RDRAND - RDRAND instruction                             = 1 (1)
00:00:00.921387   HVP - Hypervisor Present (we're a guest)                = 1 (0)
00:00:00.921400 Structured Extended Feature Flags Enumeration (leaf 7):
00:00:00.921401   Mnemonic - Description                                  = guest (host)
00:00:00.921401   FSGSBASE - RDFSBASE/RDGSBASE/WRFSBASE/WRGSBASE instr.   = 1 (1)
00:00:00.921402   TSCADJUST - Supports MSR_IA32_TSC_ADJUST                = 0 (1)
00:00:00.921403   SGX - Supports Software Guard Extensions                = 0 (1)
00:00:00.921403   BMI1 - Advanced Bit Manipulation extension 1            = 0 (1)
00:00:00.921404   HLE - Hardware Lock Elision                             = 0 (0)
00:00:00.921405   AVX2 - Advanced Vector Extensions 2                     = 1 (1)
00:00:00.921405   FDP_EXCPTN_ONLY - FPU DP only updated on exceptions     = 0 (0)
00:00:00.921406   SMEP - Supervisor Mode Execution Prevention             = 0 (1)
00:00:00.921407   BMI2 - Advanced Bit Manipulation extension 2            = 0 (1)
00:00:00.921407   ERMS - Enhanced REP MOVSB/STOSB instructions            = 0 (1)
00:00:00.921408   INVPCID - INVPCID instruction                           = 1 (1)
00:00:00.921409   RTM - Restricted Transactional Memory                   = 0 (0)
00:00:00.921409   PQM - Platform Quality of Service Monitoring            = 0 (0)
00:00:00.921410   DEPFPU_CS_DS - Deprecates FPU CS, FPU DS values if set  = 1 (1)
00:00:00.921411   MPE - Intel Memory Protection Extensions                = 0 (1)
00:00:00.921411   PQE - Platform Quality of Service Enforcement           = 0 (0)
00:00:00.921412   AVX512F - AVX512 Foundation instructions                = 0 (0)
00:00:00.921413   RDSEED - RDSEED instruction                             = 1 (1)
00:00:00.921413   ADX - ADCX/ADOX instructions                            = 0 (1)
00:00:00.921414   SMAP - Supervisor Mode Access Prevention                = 0 (1)
00:00:00.921415   CLFLUSHOPT - CLFLUSHOPT (Cache Line Flush) instruction  = 1 (1)
00:00:00.921415   INTEL_PT - Intel Processor Trace                        = 0 (1)
00:00:00.921416   AVX512PF - AVX512 Prefetch instructions                 = 0 (0)
00:00:00.921417   AVX512ER - AVX512 Exponential & Reciprocal instructions = 0 (0)
00:00:00.921417   AVX512CD - AVX512 Conflict Detection instructions       = 0 (0)
00:00:00.921418   SHA - Secure Hash Algorithm extensions                  = 0 (0)
00:00:00.921419   PREFETCHWT1 - PREFETCHWT1 instruction                   = 0 (0)
00:00:00.921419   UMIP - User mode insturction prevention                 = 0 (0)
00:00:00.921420   PKU - Protection Key for Usermode pages                 = 0 (0)
00:00:00.921421   OSPKE - CR4.PKU mirror                                  = 0 (0)
00:00:00.921422   MAWAU - Value used by BNDLDX & BNDSTX                   = 0x0 (0x0)
00:00:00.921422   RDPID - Read processor ID support                       = 0 (0)
00:00:00.921423   SGX_LC - Supports SGX Launch Configuration              = 0 (0)
00:00:00.921424    9 - Reserved                                           = 0 (1)
00:00:00.921425   MD_CLEAR - Supports MDS related buffer clearing         = 1 (1)
00:00:00.921425   11 - Reserved                                           = 0 (1)
00:00:00.921426   13 - Reserved                                           = 0 (1)
00:00:00.921427   IBRS_IBPB - IA32_SPEC_CTRL.IBRS and IA32_PRED_CMD.IBPB  = 0 (1)
00:00:00.921428   STIBP - Supports IA32_SPEC_CTRL.STIBP                   = 0 (1)
00:00:00.921429   FLUSH_CMD - Supports IA32_FLUSH_CMD                     = 1 (1)
00:00:00.921429   ARCHCAP - Supports IA32_ARCH_CAP                        = 0 (0)
00:00:00.921430   CORECAP - Supports IA32_CORE_CAP                        = 0 (0)
00:00:00.921431   SSBD - Supports IA32_SPEC_CTRL.SSBD                     = 0 (1)
00:00:00.921432 Processor Extended State Enumeration (leaf 0xd):
00:00:00.921432    XSAVE area cur/max size by XCR0, guest: 0x340/0x340
00:00:00.921433     XSAVE area cur/max size by XCR0, host: 0x340/0x440
00:00:00.921433                    Valid XCR0 bits, guest: 0x00000000`00000007 ( x87 SSE YMM_Hi128 )
00:00:00.921435                     Valid XCR0 bits, host: 0x00000000`0000001f ( x87 SSE YMM_Hi128 BNDREGS BNDCSR )
00:00:00.921449                     XSAVE features, guest:
00:00:00.921450                      XSAVE features, host: XSAVEOPT XSAVEC XGETBC1 XSAVES
00:00:00.921451       XSAVE area cur size XCR0|XSS, guest: 0x340
00:00:00.921451        XSAVE area cur size XCR0|XSS, host: 0x340
00:00:00.921452                Valid IA32_XSS bits, guest: 0x00000000`00000000
00:00:00.921452                 Valid IA32_XSS bits, host: 0x00000100`00000000 ( 40 )
00:00:00.921454   State #2, guest: off=0x0240, cb=0x0100 IA32_XSS-bit -- YMM_Hi128
00:00:00.921455   State #2, host:  off=0x0240, cb=0x0100 IA32_XSS-bit -- YMM_Hi128
00:00:00.921456   State #3, host:  off=0x03c0, cb=0x0040 IA32_XSS-bit -- BNDREGS
00:00:00.921457   State #4, host:  off=0x0400, cb=0x0040 IA32_XSS-bit -- BNDCSR
00:00:00.921458   State #8, host:  off=0x0000, cb=0x0080 XCR0-bit -- 8
00:00:00.921466          Unknown CPUID Leaves
00:00:00.921466      Leaf/sub-leaf  eax      ebx      ecx      edx
00:00:00.921467 Gst: 00000014/0001  00000000 00000000 00000000 00000000
00:00:00.921467 Hst:                02490002 003f3fff 00000000 00000000
00:00:00.921468 Gst: 00000014/0002  00000000 00000000 00000000 00000000
00:00:00.921469 Hst:                00000000 00000000 00000000 00000000
00:00:00.921469 Gst: 00000015/0000  00000000 00000000 00000000 00000000
00:00:00.921470 Hst:                00000002 00000074 00000000 00000000
00:00:00.921471 Gst: 00000016/0000  00000000 00000000 00000000 00000000
00:00:00.921471 Hst:                00000578 00000f3c 00000064 00000000
00:00:00.921472          Raw Hypervisor CPUID Leaves
00:00:00.921472      Leaf/sub-leaf  eax      ebx      ecx      edx
00:00:00.921473 Gst: 40000000/0000  40000001 4b4d564b 564b4d56 0000004d
00:00:00.921474 Hst:                00000578 00000f3c 00000064 00000000
00:00:00.921475 Gst: 40000001/0000  01000089 00000000 00000000 00000000
00:00:00.921475 Hst:                00000578 00000f3c 00000064 00000000
00:00:00.921476          Raw Extended CPUID Leaves
00:00:00.921476      Leaf/sub-leaf  eax      ebx      ecx      edx
00:00:00.921476 Gst: 80000000/0000  80000008 00000000 00000000 00000000
00:00:00.921477 Hst:                80000008 00000000 00000000 00000000
00:00:00.921478 Gst: 80000001/0000  00000000 00000000 00000121 28100800
00:00:00.921478 Hst:                00000000 00000000 00000121 2c100800
00:00:00.921479 Gst: 80000002/0000  65746e49 2952286c 726f4320 4d542865
00:00:00.921480 Hst:                65746e49 2952286c 726f4320 4d542865
00:00:00.921481 Gst: 80000003/0000  35692029 3532382d 43205537 40205550
00:00:00.921482 Hst:                35692029 3532382d 43205537 40205550
00:00:00.921483 Gst: 80000004/0000  342e3120 7a484730 00000000 00000000
00:00:00.921484 Hst:                342e3120 7a484730 00000000 00000000
00:00:00.921485 Gst: 80000005/0000  00000000 00000000 00000000 00000000
00:00:00.921485 Hst:                00000000 00000000 00000000 00000000
00:00:00.921486 Gst: 80000006/0000  00000000 00000000 01006040 00000000
00:00:00.921487 Hst:                00000000 00000000 01006040 00000000
00:00:00.921487 Gst: 80000007/0000  00000000 00000000 00000000 00000100
00:00:00.921488 Hst:                00000000 00000000 00000000 00000100
00:00:00.921488 Gst: 80000008/0000  00003027 00000000 00000000 00000000
00:00:00.921489 Hst:                00003027 00000000 00000000 00000000
00:00:00.921489 Ext Name:                        
00:00:00.921490 Ext Supports:                    0x80000000-0x80000008
00:00:00.921490 Family:                          0  	Extended: 0 	Effective: 0
00:00:00.921491 Model:                           0  	Extended: 0 	Effective: 0
00:00:00.921491 Stepping:                        0
00:00:00.921491 Brand ID:                        0x000
00:00:00.921492 Ext Features
00:00:00.921492   Mnemonic - Description                                  = guest (host)
00:00:00.921492   FPU - x87 FPU on Chip                                   = 0 (0)
00:00:00.921493   VME - Virtual 8086 Mode Enhancements                    = 0 (0)
00:00:00.921494   DE - Debugging extensions                               = 0 (0)
00:00:00.921495   PSE - Page Size Extension                               = 0 (0)
00:00:00.921496   TSC - Time Stamp Counter                                = 0 (0)
00:00:00.921497   MSR - K86 Model Specific Registers                      = 0 (0)
00:00:00.921497   PAE - Physical Address Extension                        = 0 (0)
00:00:00.921498   MCE - Machine Check Exception                           = 0 (0)
00:00:00.921499   CX8 - CMPXCHG8B instruction                             = 0 (0)
00:00:00.921500   APIC - APIC On-Chip                                     = 0 (0)
00:00:00.921501   SEP - SYSCALL/SYSRET                                    = 1 (1)
00:00:00.921501   MTRR - Memory Type Range Registers                      = 0 (0)
00:00:00.921502   PGE - PTE Global Bit                                    = 0 (0)
00:00:00.921503   MCA - Machine Check Architecture                        = 0 (0)
00:00:00.921504   CMOV - Conditional Move instructions                    = 0 (0)
00:00:00.921505   PAT - Page Attribute Table                              = 0 (0)
00:00:00.921505   PSE-36 - 36-bit Page Size Extension                     = 0 (0)
00:00:00.921506   NX - No-Execute/Execute-Disable                         = 1 (1)
00:00:00.921507   AXMMX - AMD Extensions to MMX instructions              = 0 (0)
00:00:00.921507   MMX - Intel MMX Technology                              = 0 (0)
00:00:00.921508   FXSR - FXSAVE and FXRSTOR Instructions                  = 0 (0)
00:00:00.921509   FFXSR - AMD fast FXSAVE and FXRSTOR instructions        = 0 (0)
00:00:00.921510   Page1GB - 1 GB large page                               = 0 (1)
00:00:00.921510   RDTSCP - RDTSCP instruction                             = 1 (1)
00:00:00.921511   LM - AMD64 Long Mode                                    = 1 (1)
00:00:00.921512   3DNOWEXT - AMD Extensions to 3DNow                      = 0 (0)
00:00:00.921513   3DNOW - AMD 3DNow                                       = 0 (0)
00:00:00.921514   LahfSahf - LAHF/SAHF support in 64-bit mode             = 1 (1)
00:00:00.921514   CmpLegacy - Core multi-processing legacy mode           = 0 (0)
00:00:00.921515   SVM - AMD Secure Virtual Machine extensions             = 0 (0)
00:00:00.921516   EXTAPIC - AMD Extended APIC registers                   = 0 (0)
00:00:00.921516   CR8L - AMD LOCK MOV CR0 means MOV CR8                   = 0 (0)
00:00:00.921517   ABM - AMD Advanced Bit Manipulation                     = 1 (1)
00:00:00.921518   SSE4A - SSE4A instructions                              = 0 (0)
00:00:00.921518   MISALIGNSSE - AMD Misaligned SSE mode                   = 0 (0)
00:00:00.921519   3DNOWPRF - AMD PREFETCH and PREFETCHW instructions      = 1 (1)
00:00:00.921520   OSVW - AMD OS Visible Workaround                        = 0 (0)
00:00:00.921520   IBS - Instruct Based Sampling                           = 0 (0)
00:00:00.921521   XOP - Extended Operation support                        = 0 (0)
00:00:00.921522   SKINIT - SKINIT, STGI, and DEV support                  = 0 (0)
00:00:00.921523   WDT - AMD Watchdog Timer support                        = 0 (0)
00:00:00.921523   LWP - Lightweight Profiling support                     = 0 (0)
00:00:00.921524   FMA4 - Four operand FMA instruction support             = 0 (0)
00:00:00.921525   NodeId - NodeId in MSR C001_100C                        = 0 (0)
00:00:00.921525   TBM - Trailing Bit Manipulation instructions            = 0 (0)
00:00:00.921526   TOPOEXT - Topology Extensions                           = 0 (0)
00:00:00.921527   PRFEXTCORE - Performance Counter Extensions support     = 0 (0)
00:00:00.921527   PRFEXTNB - NB Performance Counter Extensions support    = 0 (0)
00:00:00.921528   DATABPEXT - Data-access Breakpoint Extension            = 0 (0)
00:00:00.921528   PERFTSC - Performance Time Stamp Counter                = 0 (0)
00:00:00.921529   PCX_L2I - L2I/L3 Performance Counter Extensions         = 0 (0)
00:00:00.921530   MWAITX - MWAITX and MONITORX instructions               = 0 (0)
00:00:00.921531 Full Name:                       "Intel(R) Core(TM) i5-8257U CPU @ 1.40GHz"
00:00:00.921531 TLB 2/4M Instr/Uni:              res0     0 entries
00:00:00.921532 TLB 2/4M Data:                   res0     0 entries
00:00:00.921532 TLB 4K Instr/Uni:                res0     0 entries
00:00:00.921532 TLB 4K Data:                     res0     0 entries
00:00:00.921533 L1 Instr Cache Line Size:        0 bytes
00:00:00.921533 L1 Instr Cache Lines Per Tag:    0
00:00:00.921533 L1 Instr Cache Associativity:    res0  
00:00:00.921534 L1 Instr Cache Size:             0 KB
00:00:00.921534 L1 Data Cache Line Size:         0 bytes
00:00:00.921534 L1 Data Cache Lines Per Tag:     0
00:00:00.921535 L1 Data Cache Associativity:     res0  
00:00:00.921535 L1 Data Cache Size:              0 KB
00:00:00.921535 L2 TLB 2/4M Instr/Uni:           off       0 entries
00:00:00.921538 L2 TLB 2/4M Data:                off       0 entries
00:00:00.921539 L2 TLB 4K Instr/Uni:             off       0 entries
00:00:00.921539 L2 TLB 4K Data:                  off       0 entries
00:00:00.921539 L2 Cache Line Size:              0 bytes
00:00:00.921540 L2 Cache Lines Per Tag:          0
00:00:00.921540 L2 Cache Associativity:          off   
00:00:00.921540 L2 Cache Size:                   0 KB
00:00:00.921541   TS - Temperature Sensor                                 = 0 (0)
00:00:00.921542   FID - Frequency ID control                              = 0 (0)
00:00:00.921542   VID - Voltage ID control                                = 0 (0)
00:00:00.921543   TscInvariant - Invariant Time Stamp Counter             = 1 (1)
00:00:00.921544   CBP - Core Performance Boost                            = 0 (0)
00:00:00.921545   EffFreqRO - Read-only Effective Frequency Interface     = 0 (0)
00:00:00.921545   ProcFdbkIf - Processor Feedback Interface               = 0 (0)
00:00:00.921546   ProcPwrRep - Core power reporting interface support     = 0 (0)
00:00:00.921547 Physical Address Width:          39 bits
00:00:00.921547 Virtual Address Width:           48 bits
00:00:00.921547 Guest Physical Address Width:    0 bits
00:00:00.921548 Physical Core Count:             1
00:00:00.921549 
00:00:00.921549 ******************** End of CPUID dump **********************
00:00:00.921549 *********************** VT-x features ***********************
00:00:00.921550 Nested hardware virtualization - VMX features
00:00:00.921550   Mnemonic - Description                                  = guest (host)
00:00:00.921551   VMX - Virtual-Machine Extensions                        = 0 (1)
00:00:00.921551   InsOutInfo - INS/OUTS instruction info.                 = 0 (1)
00:00:00.921552   ExtIntExit - External interrupt exiting                 = 0 (1)
00:00:00.921552   NmiExit - NMI exiting                                   = 0 (1)
00:00:00.921552   VirtNmi - Virtual NMIs                                  = 0 (1)
00:00:00.921553   PreemptTimer - VMX preemption timer                     = 0 (1)
00:00:00.921553   PostedInt - Posted interrupts                           = 0 (0)
00:00:00.921554   IntWindowExit - Interrupt-window exiting                = 0 (1)
00:00:00.921554   TscOffsetting - TSC offsetting                          = 0 (1)
00:00:00.921554   HltExit - HLT exiting                                   = 0 (1)
00:00:00.921555   InvlpgExit - INVLPG exiting                             = 0 (1)
00:00:00.921555   MwaitExit - MWAIT exiting                               = 0 (1)
00:00:00.921556   RdpmcExit - RDPMC exiting                               = 0 (1)
00:00:00.921556   RdtscExit - RDTSC exiting                               = 0 (1)
00:00:00.921556   Cr3LoadExit - CR3-load exiting                          = 0 (1)
00:00:00.921557   Cr3StoreExit - CR3-store exiting                        = 0 (1)
00:00:00.921557   Cr8LoadExit  - CR8-load exiting                         = 0 (1)
00:00:00.921558   Cr8StoreExit - CR8-store exiting                        = 0 (1)
00:00:00.921558   UseTprShadow - Use TPR shadow                           = 0 (1)
00:00:00.921558   NmiWindowExit - NMI-window exiting                      = 0 (1)
00:00:00.921559   MovDRxExit - Mov-DR exiting                             = 0 (1)
00:00:00.921559   UncondIoExit - Unconditional I/O exiting                = 0 (1)
00:00:00.921560   UseIoBitmaps - Use I/O bitmaps                          = 0 (1)
00:00:00.921560   MonitorTrapFlag - Monitor Trap Flag                     = 0 (1)
00:00:00.921560   UseMsrBitmaps - MSR bitmaps                             = 0 (1)
00:00:00.921561   MonitorExit - MONITOR exiting                           = 0 (1)
00:00:00.921561   PauseExit - PAUSE exiting                               = 0 (1)
00:00:00.921562   SecondaryExecCtl - Activate secondary controls          = 0 (1)
00:00:00.921562   VirtApic - Virtualize-APIC accesses                     = 0 (1)
00:00:00.921562   Ept - Extended Page Tables                              = 0 (1)
00:00:00.921564   DescTableExit - Descriptor-table exiting                = 0 (1)
00:00:00.921578   Rdtscp - Enable RDTSCP                                  = 0 (1)
00:00:00.921578   VirtX2ApicMode - Virtualize-x2APIC mode                 = 0 (1)
00:00:00.921578   Vpid - Enable VPID                                      = 0 (1)
00:00:00.921579   WbinvdExit - WBINVD exiting                             = 0 (1)
00:00:00.921579   UnrestrictedGuest - Unrestricted guest                  = 0 (1)
00:00:00.921580   ApicRegVirt - APIC-register virtualization              = 0 (0)
00:00:00.921580   VirtIntDelivery - Virtual-interrupt delivery            = 0 (0)
00:00:00.921580   PauseLoopExit - PAUSE-loop exiting                      = 0 (1)
00:00:00.921581   RdrandExit - RDRAND exiting                             = 0 (1)
00:00:00.921581   Invpcid - Enable INVPCID                                = 0 (1)
00:00:00.921581   VmFuncs - Enable VM Functions                           = 0 (1)
00:00:00.921582   VmcsShadowing - VMCS shadowing                          = 0 (0)
00:00:00.921582   RdseedExiting - RDSEED exiting                          = 0 (1)
00:00:00.921583   PML - Page-Modification Log (PML)                       = 0 (1)
00:00:00.921583   EptVe - EPT violations can cause #VE                    = 0 (1)
00:00:00.921583   XsavesXRstors - Enable XSAVES/XRSTORS                   = 0 (1)
00:00:00.921584   EntryLoadDebugCtls - Load debug controls on VM-entry    = 0 (1)
00:00:00.921584   Ia32eModeGuest - IA-32e mode guest                      = 0 (1)
00:00:00.921585   EntryLoadEferMsr - Load IA32_EFER MSR on VM-entry       = 0 (1)
00:00:00.921585   EntryLoadPatMsr - Load IA32_PAT MSR on VM-entry         = 0 (1)
00:00:00.921585   ExitSaveDebugCtls - Save debug controls on VM-exit      = 0 (1)
00:00:00.921586   HostAddrSpaceSize - Host address-space size             = 0 (1)
00:00:00.921586   ExitAckExtInt - Acknowledge interrupt on VM-exit        = 0 (1)
00:00:00.921587   ExitSavePatMsr - Save IA32_PAT MSR on VM-exit           = 0 (1)
00:00:00.921587   ExitLoadPatMsr - Load IA32_PAT MSR on VM-exit           = 0 (1)
00:00:00.921587   ExitSaveEferMsr - Save IA32_EFER MSR on VM-exit         = 0 (1)
00:00:00.921588   ExitLoadEferMsr - Load IA32_EFER MSR on VM-exit         = 0 (1)
00:00:00.921588   SavePreemptTimer - Save VMX-preemption timer            = 0 (1)
00:00:00.921589   ExitSaveEferLma - Save IA32_EFER.LMA on VM-exit         = 0 (1)
00:00:00.921589   IntelPt - Intel PT (Processor Trace) in VMX operation   = 0 (1)
00:00:00.921589   VmwriteAll - VMWRITE to any supported VMCS field        = 0 (1)
00:00:00.921590   EntryInjectSoftInt - Inject softint. with 0-len instr.  = 0 (1)
00:00:00.921590 
00:00:00.921591 ******************* End of VT-x features ********************
00:00:00.921673 VMEmt: Halt method global1 (5)
00:00:00.921714 VMEmt: HaltedGlobal1 config: cNsSpinBlockThresholdCfg=2000
00:00:00.921718 Changing the VM state from 'CREATING' to 'CREATED'
00:00:00.923914 SharedFolders host service: Adding host mapping
00:00:00.923924     Host path '/Volumes/externalwd/graphitea', map name 'vagrant', writable, automount=false, automntpnt=, create_symlinks=true, missing=false
00:00:00.924465 Changing the VM state from 'CREATED' to 'POWERING_ON'
00:00:00.924591 Changing the VM state from 'POWERING_ON' to 'RUNNING'
00:00:00.924599 Console: Machine state changed to 'Running'
00:00:00.925026 VBoxHeadless: starting event loop
00:00:00.926875 VMMDev: Guest Log: BIOS: VirtualBox 6.1.26
00:00:00.926948 PCI: Setting up resources and interrupts
00:00:00.927104 PIT: mode=2 count=0x10000 (65536) - 18.20 Hz (ch=0)
00:00:00.938320 Display::i_handleDisplayResize: uScreenId=0 pvVRAM=0000000000000000 w=720 h=400 bpp=0 cbLine=0x0 flags=0x0 origin=0,0
00:00:00.938850 VMMDev: Guest Log: CPUID EDX: 0x178bfbff
00:00:00.938964 PIIX3 ATA: Ctl#0: RESET, DevSel=0 AIOIf=0 CmdIf0=0x00 (-1 usec ago) CmdIf1=0x00 (-1 usec ago)
00:00:00.939016 PIIX3 ATA: Ctl#0: finished processing RESET
00:00:00.939649 VMMDev: Guest Log: BIOS: ata0-0: PCHS=16383/16/63 LCHS=1024/255/63
00:00:00.941777 PIT: mode=2 count=0x48d3 (18643) - 64.00 Hz (ch=0)
00:00:00.957820 Display::i_handleDisplayResize: uScreenId=0 pvVRAM=000000010dbb8000 w=640 h=480 bpp=32 cbLine=0xA00 flags=0x0 origin=0,0
00:00:01.323136 NAT: Old socket recv size: 334KB
00:00:01.323150 NAT: Old socket send size: 79KB
00:00:03.417136 PIT: mode=2 count=0x10000 (65536) - 18.20 Hz (ch=0)
00:00:03.417573 VMMDev: Guest Log: BIOS: Boot : bseqnr=1, bootseq=0032
00:00:03.433828 Display::i_handleDisplayResize: uScreenId=0 pvVRAM=0000000000000000 w=720 h=400 bpp=0 cbLine=0x0 flags=0x0 origin=0,0
00:00:03.522509 VMMDev: Guest Log: BIOS: Booting from Hard Disk...
00:00:03.523257 PIIX3 ATA: Ctl#0: RESET, DevSel=0 AIOIf=0 CmdIf0=0xc4 (-1 usec ago) CmdIf1=0x00 (-1 usec ago)
00:00:03.523311 PIIX3 ATA: Ctl#0: finished processing RESET
00:00:03.911481 Display::i_handleDisplayResize: uScreenId=0 pvVRAM=000000010dbb8000 w=640 h=480 bpp=32 cbLine=0xA00 flags=0x0 origin=0,0
00:00:05.434137 Display::i_handleDisplayResize: uScreenId=0 pvVRAM=0000000000000000 w=720 h=400 bpp=0 cbLine=0x0 flags=0x0 origin=0,0
00:00:05.681960 GIM: KVM: VCPU  0: Enabled system-time struct. at 0x000000000e801000 - u32TscScale=0xb7e875b5 i8TscShift=0 uVersion=2 fFlags=0x1 uTsc=0x18ab23867 uVirtNanoTS=0x11b8bcd50 TscKHz=1391999
00:00:05.681989 TM: Switching TSC mode from 'Dynamic' to 'RealTscOffset'
00:00:06.082663 GIM: KVM: Enabled wall-clock struct. at 0x000000000e800000 - u32Sec=1637346314 u32Nano=437323726 uVersion=2
00:00:06.128034 PIT: mode=2 count=0x12a5 (4773) - 249.98 Hz (ch=0)
00:00:06.128417 APIC0: Switched mode to x2APIC
00:00:06.256751 PIT: mode=0 count=0x10000 (65536) - 18.20 Hz (ch=0)
00:00:06.932529 PIIX3 ATA: Ctl#0: RESET, DevSel=0 AIOIf=0 CmdIf0=0xc4 (-1 usec ago) CmdIf1=0x00 (-1 usec ago)
00:00:06.932613 PIIX3 ATA: Ctl#0: finished processing RESET
00:00:07.477164 Display::i_handleDisplayResize: uScreenId=0 pvVRAM=000000010dbb8000 w=1024 h=768 bpp=32 cbLine=0x1000 flags=0x1 origin=0,0
00:00:10.830266 NAT: Link up
00:00:13.417961 VMMDev: Guest Additions information report: Version 6.1.26 r145957 '6.1.26_Ubuntu'
00:00:13.418015 VMMDev: Guest Additions information report: Interface = 0x00010004 osType = 0x00053100 (Linux >= 2.6, 64-bit)
00:00:13.418185 VMMDev: Guest Additions capability report: (0x0 -> 0x0) seamless: no, hostWindowMapping: no, graphics: no
00:00:13.418299 VMMDev: vmmDevReqHandler_HeartbeatConfigure: No change (fHeartbeatActive=false)
00:00:13.418329 VMMDev: Heartbeat flatline timer set to trigger after 4 000 000 000 ns
00:00:13.418434 VMMDev: Guest Log: vgdrvHeartbeatInit: Setting up heartbeat to trigger every 2000 milliseconds
00:00:13.422506 VMMDev: Guest Additions capability report: (0x0 -> 0x0) seamless: no, hostWindowMapping: no, graphics: no
00:00:13.422676 VMMDev: Guest Log: vboxguest: Successfully loaded version 6.1.26_Ubuntu r145957
00:00:13.422730 VMMDev: Guest Log: vboxguest: misc device minor 58, IRQ 20, I/O port d020, MMIO at 00000000f0400000 (size 0x400000)
00:00:19.251897 NAT: DHCP offered IP address 10.0.2.15
00:00:19.269040 NAT: IPv6 not supported
00:00:19.269262 NAT: DHCP offered IP address 10.0.2.15
00:00:43.238144 NAT: DHCP released IP address 10.0.2.15
00:00:43.769100 NAT: DHCP offered IP address 10.0.2.15
00:00:43.784215 NAT: DHCP offered IP address 10.0.2.15
00:00:44.350726 VMMDev: Guest Log: vboxsf: g_fHostFeatures=0x8000000f g_fSfFeatures=0x1 g_uSfLastFunction=29
00:00:44.350811 VMMDev: Guest Log: vboxsf: Successfully loaded version 6.1.26_Ubuntu r145957 on 5.4.0-90-generic SMP mod_unload modversions  (LINUX_VERSION_CODE=0x50494)
00:25:43.658791 Pausing VM execution, reason 'host suspend'
00:25:43.832307 Changing the VM state from 'RUNNING' to 'SUSPENDING'
00:25:44.399768 PDMR3Suspend: 536 130 751 ns run time
00:25:44.399787 Changing the VM state from 'SUSPENDING' to 'SUSPENDED'
00:25:44.399849 Console: Machine state changed to 'Paused'
00:25:45.135844 NAT: DNS servers changed, triggering reconnect
00:25:45.142824 NAT: resolv.conf: nameserver 75.75.75.75
00:25:45.145062 NAT: resolv.conf: nameserver 75.75.76.76
00:25:45.146878 slirp_host_network_configuration_change_strategy_selector: NAT: rcp_parse:VINF_SUCCESS old domain:iit.edu new domain:hsd1.il.comcast.net
03:20:46.094191 Resuming VM execution, reason 'host resume'
03:20:46.489417 Changing the VM state from 'SUSPENDED' to 'RESUMING'
03:20:47.041877 NAT: resolv.conf: nameserver 75.75.75.75
03:20:47.042137 NAT: resolv.conf: nameserver 75.75.76.76
03:20:47.044126 slirp_host_network_configuration_change_strategy_selector: NAT: rcp_parse:VINF_SUCCESS old domain:iit.edu new domain:hsd1.il.comcast.net
03:20:47.054134 NAT: Link down
03:20:47.059498 Changing the VM state from 'RESUMING' to 'RUNNING'
03:20:47.059601 Console: Machine state changed to 'Running'
03:20:50.094262 NAT: Link up
03:20:50.105043 NAT: resolv.conf: nameserver 75.75.75.75
03:20:50.106393 NAT: resolv.conf: nameserver 75.75.76.76
03:20:50.106473 NAT: Adding domain name hsd1.il.comcast.net
03:20:50.106482 NAT: DNS#0: 75.75.75.75
03:20:50.106488 NAT: DNS#1: 75.75.76.76
03:20:52.069372 NAT: DHCP offered IP address 10.0.2.15
03:20:57.227504 NAT: DNS servers changed, triggering reconnect
03:20:57.232533 NAT: resolv.conf: nameserver 216.47.143.105
03:20:57.233829 NAT: resolv.conf: nameserver 216.47.143.106
03:20:57.233838 NAT: resolv.conf: nameserver 75.75.75.75
03:20:57.233887 NAT: resolv.conf: too many nameserver lines, ignoring 75.75.76.76
03:20:57.234595 slirp_host_network_configuration_change_strategy_selector: NAT: rcp_parse:VINF_SUCCESS old domain:hsd1.il.comcast.net new domain:iit.edu
03:20:57.235484 NAT: Link down
03:20:58.735313 NAT: DNS servers changed, triggering reconnect
03:20:58.736466 NAT: resolv.conf: nameserver 216.47.143.105
03:20:58.736485 NAT: resolv.conf: nameserver 216.47.143.106
03:20:58.736493 NAT: resolv.conf: nameserver 75.75.75.75
03:20:58.736498 NAT: resolv.conf: too many nameserver lines, ignoring 75.75.76.76
03:20:58.736621 slirp_host_network_configuration_change_strategy_selector: NAT: rcp_parse:VINF_SUCCESS old domain:(null) new domain:iit.edu
03:20:58.849186 NAT: resolv.conf: nameserver 216.47.143.105
03:20:58.849326 NAT: resolv.conf: nameserver 216.47.143.106
03:20:58.849335 NAT: resolv.conf: nameserver 75.75.75.75
03:20:58.849341 NAT: resolv.conf: too many nameserver lines, ignoring 75.75.76.76
03:20:58.849396 NAT: Adding domain name iit.edu
03:20:58.849408 NAT: DNS#0: 216.47.143.105
03:20:58.849414 NAT: DNS#1: 216.47.143.106
03:20:58.849418 NAT: DNS#2: 75.75.75.75
03:21:00.105576 NAT: DNS servers changed, triggering reconnect
03:21:00.106081 NAT: resolv.conf: nameserver 75.75.75.75
03:21:00.106096 NAT: resolv.conf: nameserver 75.75.76.76
03:21:00.106123 slirp_host_network_configuration_change_strategy_selector: NAT: rcp_parse:VINF_SUCCESS old domain:iit.edu new domain:hsd1.il.comcast.net
03:21:00.236501 NAT: Link up
03:21:00.236638 NAT: resolv.conf: nameserver 75.75.75.75
03:21:00.236651 NAT: resolv.conf: nameserver 75.75.76.76
03:21:00.236674 NAT: Adding domain name hsd1.il.comcast.net
03:21:00.236680 NAT: DNS#0: 75.75.75.75
03:21:00.236686 NAT: DNS#1: 75.75.76.76
03:21:02.083420 NAT: DHCP offered IP address 10.0.2.15
03:21:17.160610 NAT: DNS servers changed, triggering reconnect
03:21:17.165670 NAT: resolv.conf: nameserver 216.47.143.105
03:21:17.165937 NAT: resolv.conf: nameserver 216.47.143.106
03:21:17.165947 NAT: resolv.conf: nameserver 75.75.75.75
03:21:17.165953 NAT: resolv.conf: too many nameserver lines, ignoring 75.75.76.76
03:21:17.166322 slirp_host_network_configuration_change_strategy_selector: NAT: rcp_parse:VINF_SUCCESS old domain:hsd1.il.comcast.net new domain:iit.edu
03:21:17.166805 NAT: Link down
03:21:17.258359 NAT: DNS servers changed, triggering reconnect
03:21:17.258494 NAT: resolv.conf: nameserver 216.47.143.105
03:21:17.258508 NAT: resolv.conf: nameserver 216.47.143.106
03:21:17.258514 NAT: resolv.conf: nameserver 75.75.75.75
03:21:17.258519 NAT: resolv.conf: too many nameserver lines, ignoring 75.75.76.76
03:21:17.258553 slirp_host_network_configuration_change_strategy_selector: NAT: rcp_parse:VINF_SUCCESS old domain:(null) new domain:iit.edu
03:21:17.258672 NAT: resolv.conf: nameserver 216.47.143.105
03:21:17.258684 NAT: resolv.conf: nameserver 216.47.143.106
03:21:17.258691 NAT: resolv.conf: nameserver 75.75.75.75
03:21:17.258696 NAT: resolv.conf: too many nameserver lines, ignoring 75.75.76.76
03:21:17.258713 NAT: Adding domain name iit.edu
03:21:17.258721 NAT: DNS#0: 216.47.143.105
03:21:17.258725 NAT: DNS#1: 216.47.143.106
03:21:17.258729 NAT: DNS#2: 75.75.75.75
03:21:20.168136 NAT: Link up
03:21:20.168395 NAT: resolv.conf: nameserver 216.47.143.105
03:21:20.168418 NAT: resolv.conf: nameserver 216.47.143.106
03:21:20.168430 NAT: resolv.conf: nameserver 75.75.75.75
03:21:20.168440 NAT: resolv.conf: too many nameserver lines, ignoring 75.75.76.76
03:21:20.168509 NAT: Adding domain name iit.edu
03:21:20.168519 NAT: DNS#0: 216.47.143.105
03:21:20.168528 NAT: DNS#1: 216.47.143.106
03:21:20.168534 NAT: DNS#2: 75.75.75.75
03:21:20.229465 NAT: DHCP offered IP address 10.0.2.15
04:28:59.152918 Pausing VM execution, reason 'host suspend'
04:28:59.547751 Changing the VM state from 'RUNNING' to 'SUSPENDING'
04:28:59.957145 PDMR3Suspend: 343 808 495 ns run time
04:28:59.958408 Changing the VM state from 'SUSPENDING' to 'SUSPENDED'
04:28:59.962371 Console: Machine state changed to 'Paused'
04:29:01.159507 NAT: DNS servers changed, triggering reconnect
04:29:01.267356 NAT: resolv.conf: nameserver 75.75.75.75
04:29:01.267435 NAT: resolv.conf: nameserver 75.75.76.76
04:29:01.267539 slirp_host_network_configuration_change_strategy_selector: NAT: rcp_parse:VINF_SUCCESS old domain:iit.edu new domain:hsd1.il.comcast.net
04:34:09.472859 Resuming VM execution, reason 'host resume'
04:34:13.262872 Changing the VM state from 'SUSPENDED' to 'RESUMING'
04:34:13.407469 NAT: resolv.conf: nameserver 75.75.75.75
04:34:13.407735 NAT: resolv.conf: nameserver 75.75.76.76
04:34:13.408008 slirp_host_network_configuration_change_strategy_selector: NAT: rcp_parse:VINF_SUCCESS old domain:iit.edu new domain:hsd1.il.comcast.net
04:34:13.413985 NAT: Link down
04:34:13.414019 Changing the VM state from 'RESUMING' to 'RUNNING'
04:34:13.414510 Console: Machine state changed to 'Running'
04:34:13.914249 NAT: DNS servers changed, triggering reconnect
04:34:13.914637 NAT: resolv.conf: nameserver 216.47.143.105
04:34:13.914652 NAT: resolv.conf: nameserver 216.47.143.106
04:34:13.914658 NAT: resolv.conf: nameserver 75.75.75.75
04:34:13.914663 NAT: resolv.conf: too many nameserver lines, ignoring 75.75.76.76
04:34:13.914687 slirp_host_network_configuration_change_strategy_selector: NAT: rcp_parse:VINF_SUCCESS old domain:(null) new domain:iit.edu
04:34:13.915600 NAT: resolv.conf: nameserver 216.47.143.105
04:34:13.915614 NAT: resolv.conf: nameserver 216.47.143.106
04:34:13.915620 NAT: resolv.conf: nameserver 75.75.75.75
04:34:13.915647 NAT: resolv.conf: too many nameserver lines, ignoring 75.75.76.76
04:34:13.915707 NAT: Adding domain name iit.edu
04:34:13.915720 NAT: DNS#0: 216.47.143.105
04:34:13.915725 NAT: DNS#1: 216.47.143.106
04:34:13.915731 NAT: DNS#2: 75.75.75.75
04:34:16.524900 NAT: Link up
04:34:16.565564 NAT: resolv.conf: nameserver 216.47.143.105
04:34:16.576267 NAT: resolv.conf: nameserver 216.47.143.106
04:34:16.576278 NAT: resolv.conf: nameserver 75.75.75.75
04:34:16.576445 NAT: resolv.conf: too many nameserver lines, ignoring 75.75.76.76
04:34:16.611164 NAT: Adding domain name iit.edu
04:34:16.611245 NAT: DNS#0: 216.47.143.105
04:34:16.611260 NAT: DNS#1: 216.47.143.106
04:34:16.611265 NAT: DNS#2: 75.75.75.75
04:34:17.625730 NAT: DHCP offered IP address 10.0.2.15
04:34:18.208642 NAT: DNS servers changed, triggering reconnect
04:34:18.209184 NAT: resolv.conf: nameserver 216.47.143.105
04:34:18.209196 NAT: resolv.conf: nameserver 216.47.143.106
04:34:18.209202 NAT: resolv.conf: nameserver 75.75.75.75
04:34:18.209208 NAT: resolv.conf: too many nameserver lines, ignoring 75.75.76.76
04:34:18.209252 slirp_host_network_configuration_change_strategy_selector: NAT: rcp_parse:VINF_SUCCESS old domain:iit.edu new domain:iit.edu
04:34:18.211416 NAT: resolv.conf: nameserver 216.47.143.105
04:34:18.211429 NAT: resolv.conf: nameserver 216.47.143.106
04:34:18.211435 NAT: resolv.conf: nameserver 75.75.75.75
04:34:18.211441 NAT: resolv.conf: too many nameserver lines, ignoring 75.75.76.76
04:34:18.211529 NAT: Adding domain name iit.edu
04:34:18.211538 NAT: DNS#0: 216.47.143.105
04:34:18.211542 NAT: DNS#1: 216.47.143.106
04:34:18.211546 NAT: DNS#2: 75.75.75.75
04:34:18.871276 NAT: DNS servers changed, triggering reconnect
04:34:18.871368 NAT: resolv.conf: nameserver 216.47.143.105
04:34:18.871377 NAT: resolv.conf: nameserver 216.47.143.106
04:34:18.871383 NAT: resolv.conf: nameserver 75.75.75.75
04:34:18.871388 NAT: resolv.conf: too many nameserver lines, ignoring 75.75.76.76
04:34:18.871400 slirp_host_network_configuration_change_strategy_selector: NAT: rcp_parse:VINF_SUCCESS old domain:iit.edu new domain:iit.edu
04:34:18.871549 NAT: resolv.conf: nameserver 216.47.143.105
04:34:18.871566 NAT: resolv.conf: nameserver 216.47.143.106
04:34:18.871573 NAT: resolv.conf: nameserver 75.75.75.75
04:34:18.871579 NAT: resolv.conf: too many nameserver lines, ignoring 75.75.76.76
04:34:18.871631 NAT: Adding domain name iit.edu
04:34:18.871638 NAT: DNS#0: 216.47.143.105
04:34:18.871643 NAT: DNS#1: 216.47.143.106
04:34:18.871647 NAT: DNS#2: 75.75.75.75
04:34:19.469236 NAT: DNS servers changed, triggering reconnect
04:34:19.469572 NAT: resolv.conf: nameserver 216.47.143.105
04:34:19.469586 NAT: resolv.conf: nameserver 216.47.143.106
04:34:19.469592 NAT: resolv.conf: nameserver 75.75.75.75
04:34:19.469597 NAT: resolv.conf: too many nameserver lines, ignoring 75.75.76.76
04:34:19.469649 slirp_host_network_configuration_change_strategy_selector: NAT: rcp_parse:VINF_SUCCESS old domain:iit.edu new domain:iit.edu
04:34:19.469808 NAT: resolv.conf: nameserver 216.47.143.105
04:34:19.469822 NAT: resolv.conf: nameserver 216.47.143.106
04:34:19.469831 NAT: resolv.conf: nameserver 75.75.75.75
04:34:19.469837 NAT: resolv.conf: too many nameserver lines, ignoring 75.75.76.76
04:34:19.469892 NAT: Adding domain name iit.edu
04:34:19.469898 NAT: DNS#0: 216.47.143.105
04:34:19.469903 NAT: DNS#1: 216.47.143.106
04:34:19.469906 NAT: DNS#2: 75.75.75.75
04:34:31.272269 NAT: DNS servers changed, triggering reconnect
04:34:31.298495 NAT: resolv.conf: nameserver 216.47.143.105
04:34:31.299113 NAT: resolv.conf: nameserver 216.47.143.106
04:34:31.299122 NAT: resolv.conf: nameserver 75.75.75.75
04:34:31.299132 NAT: resolv.conf: too many nameserver lines, ignoring 75.75.76.76
04:34:31.299450 slirp_host_network_configuration_change_strategy_selector: NAT: rcp_parse:VINF_SUCCESS old domain:iit.edu new domain:iit.edu
04:34:31.303600 NAT: resolv.conf: nameserver 216.47.143.105
04:34:31.303623 NAT: resolv.conf: nameserver 216.47.143.106
04:34:31.303633 NAT: resolv.conf: nameserver 75.75.75.75
04:34:31.303657 NAT: resolv.conf: too many nameserver lines, ignoring 75.75.76.76
04:34:31.303720 NAT: Adding domain name iit.edu
04:34:31.303735 NAT: DNS#0: 216.47.143.105
04:34:31.303743 NAT: DNS#1: 216.47.143.106
04:34:31.303747 NAT: DNS#2: 75.75.75.75
04:34:32.831381 NAT: DNS servers changed, triggering reconnect
04:34:32.831855 NAT: resolv.conf: nameserver 216.47.143.105
04:34:32.831869 NAT: resolv.conf: nameserver 216.47.143.106
04:34:32.831875 NAT: resolv.conf: nameserver 75.75.75.75
04:34:32.831880 NAT: resolv.conf: too many nameserver lines, ignoring 75.75.76.76
04:34:32.831911 slirp_host_network_configuration_change_strategy_selector: NAT: rcp_parse:VINF_SUCCESS old domain:iit.edu new domain:iit.edu
04:34:32.834615 NAT: resolv.conf: nameserver 216.47.143.105
04:34:32.834630 NAT: resolv.conf: nameserver 216.47.143.106
04:34:32.834637 NAT: resolv.conf: nameserver 75.75.75.75
04:34:32.834642 NAT: resolv.conf: too many nameserver lines, ignoring 75.75.76.76
04:34:32.835959 NAT: Adding domain name iit.edu
04:34:32.835974 NAT: DNS#0: 216.47.143.105
04:34:32.835980 NAT: DNS#1: 216.47.143.106
04:34:32.835985 NAT: DNS#2: 75.75.75.75
