00:00:00.307285 VirtualBox VM 6.1.26 r145957 darwin.amd64 (Jul 28 2021 18:24:31) release log
00:00:00.307290 Log opened 2021-10-21T00:44:09.741682000Z
00:00:00.307291 Build Type: release
00:00:00.307302 OS Product: Darwin
00:00:00.307307 OS Release: 20.6.0
00:00:00.307312 OS Version: Darwin Kernel Version 20.6.0: Mon Aug 30 06:12:21 PDT 2021; root:xnu-7195.141.6~3/RELEASE_X86_64
00:00:00.307392 DMI Product Name: MacBookPro16,3
00:00:00.307432 DMI Product Version: 1.0
00:00:00.307434 Firmware type: failed - VERR_NOT_SUPPORTED
00:00:00.307443 Host RAM: 8192MB (8.0GB) total, 2347MB (2.2GB) available
00:00:00.307445 Executable: /Applications/VirtualBox.app/Contents/MacOS/VBoxHeadless
00:00:00.307445 Process ID: 65349
00:00:00.307445 Package type: DARWIN_64BITS_GENERIC
00:00:00.308707 Installed Extension Packs:
00:00:00.308715   None installed!
00:00:00.309858 Console: Machine state changed to 'Starting'
00:00:00.310815 VRDE: VirtualBox Remote Desktop Extension is not available.
00:00:00.313352 SUP: Opened VMMR0.r0 (/Applications/VirtualBox.app/Contents/MacOS/VMMR0.r0) at 0xXXXXXXXXXXXXXXXX loaded by the native ring-0 loader.
00:00:00.315620 Guest OS type: 'Ubuntu_64'
00:00:00.318814 fHMForced=true - No raw-mode support in this build!
00:00:00.328041 File system of '/Volumes/externalwd/ITMO-453/beyesus/packer-example-code/build/graphitea_default_1634596180953_73287/Snapshots' (snapshots) is unknown
00:00:00.328052 File system of '/Volumes/externalwd/ITMO-453/beyesus/packer-example-code/build/graphitea_default_1634596180953_73287/ubuntu-graphitea-disk001.vmdk' is hfs
00:00:00.419806 Shared Clipboard: Service loaded
00:00:00.419831 Shared Clipboard: Mode: Off
00:00:00.419877 Shared Clipboard: Service running in headless mode
00:00:00.421023 Drag and drop service loaded
00:00:00.421031 Drag and drop mode: Off
00:00:00.422981 Per-VM extradata API settings:
00:00:00.422996   VBoxInternal2/SharedFoldersEnableSymlinksCreate/vagrant="1"
00:00:00.423366 ************************* CFGM dump *************************
00:00:00.423372 [/] (level 0)
00:00:00.423374   CpuExecutionCap   <integer> = 0x0000000000000064 (100)
00:00:00.423378   EnablePAE         <integer> = 0x0000000000000001 (1)
00:00:00.423379   HMEnabled         <integer> = 0x0000000000000001 (1)
00:00:00.423380   MemBalloonSize    <integer> = 0x0000000000000000 (0)
00:00:00.423380   Name              <string>  = "graphitea_default_1634596180953_73287" (cb=38)
00:00:00.423381   NumCPUs           <integer> = 0x0000000000000001 (1)
00:00:00.423382   PageFusionAllowed <integer> = 0x0000000000000000 (0)
00:00:00.423383   RamHoleSize       <integer> = 0x0000000020000000 (536 870 912, 512 MB)
00:00:00.423384   RamSize           <integer> = 0x0000000040000000 (1 073 741 824, 1 024 MB)
00:00:00.423386   TimerMillies      <integer> = 0x000000000000000a (10)
00:00:00.423386   UUID              <bytes>   = "df 9a c2 cb b6 14 ef 4a b6 9a 1e 0b 72 d2 14 bc" (cb=16)
00:00:00.423391 
00:00:00.423391 [/CPUM/] (level 1)
00:00:00.423392   GuestCpuName       <string>  = "host" (cb=5)
00:00:00.423393   NestedHWVirt       <integer> = 0x0000000000000000 (0)
00:00:00.423393   PortableCpuIdLevel <integer> = 0x0000000000000000 (0)
00:00:00.423394   SpecCtrl           <integer> = 0x0000000000000000 (0)
00:00:00.423394 
00:00:00.423395 [/CPUM/IsaExts/] (level 2)
00:00:00.423395 
00:00:00.423396 [/DBGC/] (level 1)
00:00:00.423396   GlobalInitScript <string>  = "/Users/birukeyesus/Library/VirtualBox/dbgc-init" (cb=48)
00:00:00.423397   HistoryFile      <string>  = "/Users/birukeyesus/Library/VirtualBox/dbgc-history" (cb=51)
00:00:00.423398   LocalInitScript  <string>  = "/Volumes/externalwd/ITMO-453/beyesus/packer-example-code/build/graphitea_default_1634596180953_73287/dbgc-init" (cb=111)
00:00:00.423398 
00:00:00.423398 [/DBGF/] (level 1)
00:00:00.423399   Path <string>  = "/Volumes/externalwd/ITMO-453/beyesus/packer-example-code/build/graphitea_default_1634596180953_73287/debug/;/Volumes/externalwd/ITMO-453/beyesus/packer-example-code/build/graphitea_default_1634596180953_73287/;cache*/Volumes/externalwd/ITMO-453/beyesus/packer-example-code/build/graphitea_default_1634596180953_73287/dbgcache/;/Users/birukeyesus/" (cb=347)
00:00:00.423400 
00:00:00.423400 [/Devices/] (level 1)
00:00:00.423401 
00:00:00.423401 [/Devices/8237A/] (level 2)
00:00:00.423402 
00:00:00.423402 [/Devices/8237A/0/] (level 3)
00:00:00.423403   Trusted <integer> = 0x0000000000000001 (1)
00:00:00.423403 
00:00:00.423404 [/Devices/GIMDev/] (level 2)
00:00:00.423404 
00:00:00.423404 [/Devices/GIMDev/0/] (level 3)
00:00:00.423405   Trusted <integer> = 0x0000000000000001 (1)
00:00:00.423405 
00:00:00.423406 [/Devices/VMMDev/] (level 2)
00:00:00.423406 
00:00:00.423407 [/Devices/VMMDev/0/] (level 3)
00:00:00.423407   PCIBusNo      <integer> = 0x0000000000000000 (0)
00:00:00.423408   PCIDeviceNo   <integer> = 0x0000000000000004 (4)
00:00:00.423408   PCIFunctionNo <integer> = 0x0000000000000000 (0)
00:00:00.423409   Trusted       <integer> = 0x0000000000000001 (1)
00:00:00.423409 
00:00:00.423410 [/Devices/VMMDev/0/Config/] (level 4)
00:00:00.423410   GuestCoreDumpDir <string>  = "/Volumes/externalwd/ITMO-453/beyesus/packer-example-code/build/graphitea_default_1634596180953_73287/Snapshots" (cb=111)
00:00:00.423411 
00:00:00.423411 [/Devices/VMMDev/0/LUN#0/] (level 4)
00:00:00.423412   Driver <string>  = "HGCM" (cb=5)
00:00:00.423412 
00:00:00.423413 [/Devices/VMMDev/0/LUN#0/Config/] (level 5)
00:00:00.423413   Object <integer> = 0x00007fa3ed7136e0 (140 342 040 016 608)
00:00:00.423415 
00:00:00.423415 [/Devices/VMMDev/0/LUN#999/] (level 4)
00:00:00.423416   Driver <string>  = "MainStatus" (cb=11)
00:00:00.423416 
00:00:00.423416 [/Devices/VMMDev/0/LUN#999/Config/] (level 5)
00:00:00.423417   First   <integer> = 0x0000000000000000 (0)
00:00:00.423418   Last    <integer> = 0x0000000000000000 (0)
00:00:00.423418   papLeds <integer> = 0x00007fa3ee07e190 (140 342 049 890 704)
00:00:00.423419 
00:00:00.423419 [/Devices/acpi/] (level 2)
00:00:00.423420 
00:00:00.423420 [/Devices/acpi/0/] (level 3)
00:00:00.423424   PCIBusNo      <integer> = 0x0000000000000000 (0)
00:00:00.423425   PCIDeviceNo   <integer> = 0x0000000000000007 (7)
00:00:00.423425   PCIFunctionNo <integer> = 0x0000000000000000 (0)
00:00:00.423426   Trusted       <integer> = 0x0000000000000001 (1)
00:00:00.423426 
00:00:00.423426 [/Devices/acpi/0/Config/] (level 4)
00:00:00.423427   CpuHotPlug          <integer> = 0x0000000000000000 (0)
00:00:00.423428   FdcEnabled          <integer> = 0x0000000000000000 (0)
00:00:00.423428   HostBusPciAddress   <integer> = 0x0000000000000000 (0)
00:00:00.423429   HpetEnabled         <integer> = 0x0000000000000000 (0)
00:00:00.423429   IOAPIC              <integer> = 0x0000000000000001 (1)
00:00:00.423430   IocPciAddress       <integer> = 0x0000000000010000 (65 536)
00:00:00.423431   NumCPUs             <integer> = 0x0000000000000001 (1)
00:00:00.423431   Parallel0IoPortBase <integer> = 0x0000000000000000 (0)
00:00:00.423432   Parallel0Irq        <integer> = 0x0000000000000000 (0)
00:00:00.423432   Parallel1IoPortBase <integer> = 0x0000000000000000 (0)
00:00:00.423433   Parallel1Irq        <integer> = 0x0000000000000000 (0)
00:00:00.423433   Serial0IoPortBase   <integer> = 0x0000000000000000 (0)
00:00:00.423434   Serial0Irq          <integer> = 0x0000000000000000 (0)
00:00:00.423434   Serial1IoPortBase   <integer> = 0x0000000000000000 (0)
00:00:00.423435   Serial1Irq          <integer> = 0x0000000000000000 (0)
00:00:00.423435   ShowCpu             <integer> = 0x0000000000000001 (1)
00:00:00.423436   ShowRtc             <integer> = 0x0000000000000000 (0)
00:00:00.423437   SmcEnabled          <integer> = 0x0000000000000000 (0)
00:00:00.423437 
00:00:00.423437 [/Devices/acpi/0/LUN#0/] (level 4)
00:00:00.423438   Driver <string>  = "ACPIHost" (cb=9)
00:00:00.423439 
00:00:00.423439 [/Devices/acpi/0/LUN#0/Config/] (level 5)
00:00:00.423440 
00:00:00.423440 [/Devices/apic/] (level 2)
00:00:00.423440 
00:00:00.423441 [/Devices/apic/0/] (level 3)
00:00:00.423441   Trusted <integer> = 0x0000000000000001 (1)
00:00:00.423442 
00:00:00.423442 [/Devices/apic/0/Config/] (level 4)
00:00:00.423443   IOAPIC  <integer> = 0x0000000000000001 (1)
00:00:00.423443   Mode    <integer> = 0x0000000000000003 (3)
00:00:00.423444   NumCPUs <integer> = 0x0000000000000001 (1)
00:00:00.423444 
00:00:00.423444 [/Devices/e1000/] (level 2)
00:00:00.423445 
00:00:00.423445 [/Devices/e1000/0/] (level 3)
00:00:00.423446   PCIBusNo      <integer> = 0x0000000000000000 (0)
00:00:00.423446   PCIDeviceNo   <integer> = 0x0000000000000003 (3)
00:00:00.423447   PCIFunctionNo <integer> = 0x0000000000000000 (0)
00:00:00.423447   Trusted       <integer> = 0x0000000000000001 (1)
00:00:00.423448 
00:00:00.423448 [/Devices/e1000/0/Config/] (level 4)
00:00:00.423449   AdapterType    <integer> = 0x0000000000000000 (0)
00:00:00.423449   CableConnected <integer> = 0x0000000000000001 (1)
00:00:00.423450   LineSpeed      <integer> = 0x0000000000000000 (0)
00:00:00.423450   MAC            <bytes>   = "08 00 27 6e fe 46" (cb=6)
00:00:00.423452 
00:00:00.423452 [/Devices/e1000/0/LUN#0/] (level 4)
00:00:00.423453   Driver <string>  = "NAT" (cb=4)
00:00:00.423453 
00:00:00.423454 [/Devices/e1000/0/LUN#0/Config/] (level 5)
00:00:00.423455   AliasMode       <integer> = 0x0000000000000000 (0)
00:00:00.423455   BootFile        <string>  = "graphitea_default_1634596180953_73287.pxe" (cb=42)
00:00:00.423456   DNSProxy        <integer> = 0x0000000000000001 (1)
00:00:00.423456   Network         <string>  = "10.0.2.0/24" (cb=12)
00:00:00.423457   PassDomain      <integer> = 0x0000000000000001 (1)
00:00:00.423457   TFTPPrefix      <string>  = "/Users/birukeyesus/Library/VirtualBox/TFTP" (cb=43)
00:00:00.423458   UseHostResolver <integer> = 0x0000000000000000 (0)
00:00:00.423458 
00:00:00.423459 [/Devices/e1000/0/LUN#0/Config/PortForwarding/] (level 6)
00:00:00.423460 
00:00:00.423460 [/Devices/e1000/0/LUN#0/Config/PortForwarding/0/] (level 7)
00:00:00.423461   BindIP    <string>  = "127.0.0.1" (cb=10)
00:00:00.423462   GuestPort <integer> = 0x0000000000000016 (22)
00:00:00.423464   HostPort  <integer> = 0x0000000000000898 (2 200)
00:00:00.423465   Name      <string>  = "ssh" (cb=4)
00:00:00.423465   Protocol  <string>  = "TCP" (cb=4)
00:00:00.423466 
00:00:00.423466 [/Devices/e1000/0/LUN#999/] (level 4)
00:00:00.423467   Driver <string>  = "MainStatus" (cb=11)
00:00:00.423467 
00:00:00.423467 [/Devices/e1000/0/LUN#999/Config/] (level 5)
00:00:00.423468   First   <integer> = 0x0000000000000000 (0)
00:00:00.423469   Last    <integer> = 0x0000000000000000 (0)
00:00:00.423469   papLeds <integer> = 0x00007fa3ee07e070 (140 342 049 890 416)
00:00:00.423470 
00:00:00.423470 [/Devices/e1000/1/] (level 3)
00:00:00.423471   PCIBusNo      <integer> = 0x0000000000000000 (0)
00:00:00.423472   PCIDeviceNo   <integer> = 0x0000000000000008 (8)
00:00:00.423472   PCIFunctionNo <integer> = 0x0000000000000000 (0)
00:00:00.423472   Trusted       <integer> = 0x0000000000000001 (1)
00:00:00.423473 
00:00:00.423473 [/Devices/e1000/1/Config/] (level 4)
00:00:00.423474   AdapterType    <integer> = 0x0000000000000000 (0)
00:00:00.423474   CableConnected <integer> = 0x0000000000000001 (1)
00:00:00.423475   LineSpeed      <integer> = 0x0000000000000000 (0)
00:00:00.423475   MAC            <bytes>   = "08 00 27 fa 9b b1" (cb=6)
00:00:00.423476 
00:00:00.423477 [/Devices/e1000/1/LUN#0/] (level 4)
00:00:00.423477   Driver <string>  = "IntNet" (cb=7)
00:00:00.423478 
00:00:00.423478 [/Devices/e1000/1/LUN#0/Config/] (level 5)
00:00:00.423479   IfPolicyPromisc <string>  = "deny" (cb=5)
00:00:00.423480   Network         <string>  = "HostInterfaceNetworking-vboxnet0" (cb=33)
00:00:00.423480   Trunk           <string>  = "vboxnet0" (cb=9)
00:00:00.423481   TrunkType       <integer> = 0x0000000000000004 (4)
00:00:00.423481 
00:00:00.423482 [/Devices/e1000/1/LUN#999/] (level 4)
00:00:00.423482   Driver <string>  = "MainStatus" (cb=11)
00:00:00.423483 
00:00:00.423483 [/Devices/e1000/1/LUN#999/Config/] (level 5)
00:00:00.423484   First   <integer> = 0x0000000000000000 (0)
00:00:00.423484   Last    <integer> = 0x0000000000000000 (0)
00:00:00.423485   papLeds <integer> = 0x00007fa3ee07e078 (140 342 049 890 424)
00:00:00.423486 
00:00:00.423486 [/Devices/i8254/] (level 2)
00:00:00.423487 
00:00:00.423487 [/Devices/i8254/0/] (level 3)
00:00:00.423487 
00:00:00.423488 [/Devices/i8254/0/Config/] (level 4)
00:00:00.423488 
00:00:00.423489 [/Devices/i8259/] (level 2)
00:00:00.423489 
00:00:00.423489 [/Devices/i8259/0/] (level 3)
00:00:00.423490   Trusted <integer> = 0x0000000000000001 (1)
00:00:00.423490 
00:00:00.423491 [/Devices/i8259/0/Config/] (level 4)
00:00:00.423491 
00:00:00.423492 [/Devices/ioapic/] (level 2)
00:00:00.423492 
00:00:00.423492 [/Devices/ioapic/0/] (level 3)
00:00:00.423493   Trusted <integer> = 0x0000000000000001 (1)
00:00:00.423493 
00:00:00.423494 [/Devices/ioapic/0/Config/] (level 4)
00:00:00.423494   NumCPUs <integer> = 0x0000000000000001 (1)
00:00:00.423495 
00:00:00.423495 [/Devices/mc146818/] (level 2)
00:00:00.423496 
00:00:00.423496 [/Devices/mc146818/0/] (level 3)
00:00:00.423497 
00:00:00.423497 [/Devices/mc146818/0/Config/] (level 4)
00:00:00.423498   UseUTC <integer> = 0x0000000000000001 (1)
00:00:00.423498 
00:00:00.423498 [/Devices/parallel/] (level 2)
00:00:00.423499 
00:00:00.423499 [/Devices/pcarch/] (level 2)
00:00:00.423500 
00:00:00.423500 [/Devices/pcarch/0/] (level 3)
00:00:00.423500   Trusted <integer> = 0x0000000000000001 (1)
00:00:00.423501 
00:00:00.423501 [/Devices/pcarch/0/Config/] (level 4)
00:00:00.423502 
00:00:00.423502 [/Devices/pcbios/] (level 2)
00:00:00.423503 
00:00:00.423503 [/Devices/pcbios/0/] (level 3)
00:00:00.423503   Trusted <integer> = 0x0000000000000001 (1)
00:00:00.423504 
00:00:00.423504 [/Devices/pcbios/0/Config/] (level 4)
00:00:00.423505   APIC           <integer> = 0x0000000000000001 (1)
00:00:00.423506   BootDevice0    <string>  = "IDE" (cb=4)
00:00:00.423506   BootDevice1    <string>  = "DVD" (cb=4)
00:00:00.423506   BootDevice2    <string>  = "NONE" (cb=5)
00:00:00.423507   BootDevice3    <string>  = "NONE" (cb=5)
00:00:00.423507   FloppyDevice   <string>  = "i82078" (cb=7)
00:00:00.423509   HardDiskDevice <string>  = "piix3ide" (cb=9)
00:00:00.423510   IOAPIC         <integer> = 0x0000000000000001 (1)
00:00:00.423510   McfgBase       <integer> = 0x0000000000000000 (0)
00:00:00.423511   McfgLength     <integer> = 0x0000000000000000 (0)
00:00:00.423512   NumCPUs        <integer> = 0x0000000000000001 (1)
00:00:00.423512   PXEDebug       <integer> = 0x0000000000000000 (0)
00:00:00.423513   UUID           <bytes>   = "df 9a c2 cb b6 14 ef 4a b6 9a 1e 0b 72 d2 14 bc" (cb=16)
00:00:00.423514   UuidLe         <integer> = 0x0000000000000001 (1)
00:00:00.423515 
00:00:00.423515 [/Devices/pcbios/0/Config/NetBoot/] (level 5)
00:00:00.423516 
00:00:00.423516 [/Devices/pcbios/0/Config/NetBoot/0/] (level 6)
00:00:00.423517   NIC           <integer> = 0x0000000000000000 (0)
00:00:00.423518   PCIBusNo      <integer> = 0x0000000000000000 (0)
00:00:00.423518   PCIDeviceNo   <integer> = 0x0000000000000003 (3)
00:00:00.423519   PCIFunctionNo <integer> = 0x0000000000000000 (0)
00:00:00.423519 
00:00:00.423519 [/Devices/pci/] (level 2)
00:00:00.423520 
00:00:00.423520 [/Devices/pci/0/] (level 3)
00:00:00.423521   Trusted <integer> = 0x0000000000000001 (1)
00:00:00.423521 
00:00:00.423522 [/Devices/pci/0/Config/] (level 4)
00:00:00.423522   IOAPIC <integer> = 0x0000000000000001 (1)
00:00:00.423523 
00:00:00.423523 [/Devices/pcibridge/] (level 2)
00:00:00.423524 
00:00:00.423524 [/Devices/pckbd/] (level 2)
00:00:00.423524 
00:00:00.423525 [/Devices/pckbd/0/] (level 3)
00:00:00.423525   Trusted <integer> = 0x0000000000000001 (1)
00:00:00.423526 
00:00:00.423526 [/Devices/pckbd/0/Config/] (level 4)
00:00:00.423527 
00:00:00.423527 [/Devices/pckbd/0/LUN#0/] (level 4)
00:00:00.423528   Driver <string>  = "KeyboardQueue" (cb=14)
00:00:00.423528 
00:00:00.423528 [/Devices/pckbd/0/LUN#0/AttachedDriver/] (level 5)
00:00:00.423529   Driver <string>  = "MainKeyboard" (cb=13)
00:00:00.423530 
00:00:00.423530 [/Devices/pckbd/0/LUN#0/AttachedDriver/Config/] (level 6)
00:00:00.423531   Object <integer> = 0x00007fa3ed711ad0 (140 342 040 009 424)
00:00:00.423532 
00:00:00.423532 [/Devices/pckbd/0/LUN#0/Config/] (level 5)
00:00:00.423533   QueueSize <integer> = 0x0000000000000040 (64)
00:00:00.423534 
00:00:00.423534 [/Devices/pckbd/0/LUN#1/] (level 4)
00:00:00.423535   Driver <string>  = "MouseQueue" (cb=11)
00:00:00.423535 
00:00:00.423535 [/Devices/pckbd/0/LUN#1/AttachedDriver/] (level 5)
00:00:00.423536   Driver <string>  = "MainMouse" (cb=10)
00:00:00.423536 
00:00:00.423537 [/Devices/pckbd/0/LUN#1/AttachedDriver/Config/] (level 6)
00:00:00.423537   Object <integer> = 0x00007fa3ed711e60 (140 342 040 010 336)
00:00:00.423538 
00:00:00.423539 [/Devices/pckbd/0/LUN#1/Config/] (level 5)
00:00:00.423539   QueueSize <integer> = 0x0000000000000080 (128)
00:00:00.423540 
00:00:00.423540 [/Devices/pcnet/] (level 2)
00:00:00.423541 
00:00:00.423541 [/Devices/piix3ide/] (level 2)
00:00:00.423542 
00:00:00.423542 [/Devices/piix3ide/0/] (level 3)
00:00:00.423543   PCIBusNo      <integer> = 0x0000000000000000 (0)
00:00:00.423543   PCIDeviceNo   <integer> = 0x0000000000000001 (1)
00:00:00.423544   PCIFunctionNo <integer> = 0x0000000000000001 (1)
00:00:00.423544   Trusted       <integer> = 0x0000000000000001 (1)
00:00:00.423545 
00:00:00.423545 [/Devices/piix3ide/0/Config/] (level 4)
00:00:00.423545   Type <string>  = "PIIX4" (cb=6)
00:00:00.423546 
00:00:00.423546 [/Devices/piix3ide/0/LUN#0/] (level 4)
00:00:00.423547   Driver <string>  = "VD" (cb=3)
00:00:00.423547 
00:00:00.423548 [/Devices/piix3ide/0/LUN#0/Config/] (level 5)
00:00:00.423549   Format    <string>  = "VMDK" (cb=5)
00:00:00.423549   Mountable <integer> = 0x0000000000000000 (0)
00:00:00.423550   Path      <string>  = "/Volumes/externalwd/ITMO-453/beyesus/packer-example-code/build/graphitea_default_1634596180953_73287/ubuntu-graphitea-disk001.vmdk" (cb=131)
00:00:00.423550   Type      <string>  = "HardDisk" (cb=9)
00:00:00.423551 
00:00:00.423551 [/Devices/piix3ide/0/LUN#999/] (level 4)
00:00:00.423552   Driver <string>  = "MainStatus" (cb=11)
00:00:00.423554 
00:00:00.423554 [/Devices/piix3ide/0/LUN#999/Config/] (level 5)
00:00:00.423555   DeviceInstance        <string>  = "piix3ide/0" (cb=11)
00:00:00.423555   First                 <integer> = 0x0000000000000000 (0)
00:00:00.423556   Last                  <integer> = 0x0000000000000003 (3)
00:00:00.423557   pConsole              <integer> = 0x00007fa3ee07ce00 (140 342 049 885 696)
00:00:00.423558   papLeds               <integer> = 0x00007fa3ee07d578 (140 342 049 887 608)
00:00:00.423559   pmapMediumAttachments <integer> = 0x00007fa3ee07e1b0 (140 342 049 890 736)
00:00:00.423560 
00:00:00.423560 [/Devices/serial/] (level 2)
00:00:00.423560 
00:00:00.423561 [/Devices/vga/] (level 2)
00:00:00.423561 
00:00:00.423562 [/Devices/vga/0/] (level 3)
00:00:00.423562   PCIBusNo      <integer> = 0x0000000000000000 (0)
00:00:00.423563   PCIDeviceNo   <integer> = 0x0000000000000002 (2)
00:00:00.423563   PCIFunctionNo <integer> = 0x0000000000000000 (0)
00:00:00.423564   Trusted       <integer> = 0x0000000000000001 (1)
00:00:00.423564 
00:00:00.423565 [/Devices/vga/0/Config/] (level 4)
00:00:00.423566   3DEnabled        <integer> = 0x0000000000000000 (0)
00:00:00.423566   CustomVideoModes <integer> = 0x0000000000000000 (0)
00:00:00.423567   FadeIn           <integer> = 0x0000000000000001 (1)
00:00:00.423567   FadeOut          <integer> = 0x0000000000000001 (1)
00:00:00.423568   HeightReduction  <integer> = 0x0000000000000000 (0)
00:00:00.423568   LogoFile         <string>  = "" (cb=1)
00:00:00.423569   LogoTime         <integer> = 0x0000000000000000 (0)
00:00:00.423569   MonitorCount     <integer> = 0x0000000000000001 (1)
00:00:00.423570   ShowBootMenu     <integer> = 0x0000000000000002 (2)
00:00:00.423570   VRamSize         <integer> = 0x0000000000400000 (4 194 304, 4 MB)
00:00:00.423571 
00:00:00.423572 [/Devices/vga/0/LUN#0/] (level 4)
00:00:00.423572   Driver <string>  = "MainDisplay" (cb=12)
00:00:00.423573 
00:00:00.423573 [/Devices/vga/0/LUN#0/Config/] (level 5)
00:00:00.423574   Object <integer> = 0x00007fa3ee812200 (140 342 057 837 056)
00:00:00.423575 
00:00:00.423575 [/Devices/vga/0/LUN#999/] (level 4)
00:00:00.423576   Driver <string>  = "MainStatus" (cb=11)
00:00:00.423576 
00:00:00.423576 [/Devices/vga/0/LUN#999/Config/] (level 5)
00:00:00.423577   First   <integer> = 0x0000000000000000 (0)
00:00:00.423578   Last    <integer> = 0x0000000000000000 (0)
00:00:00.423578   papLeds <integer> = 0x00007fa3ee07e1a8 (140 342 049 890 728)
00:00:00.423579 
00:00:00.423579 [/Devices/virtio-net/] (level 2)
00:00:00.423580 
00:00:00.423580 [/EM/] (level 1)
00:00:00.423581   TripleFaultReset <integer> = 0x0000000000000000 (0)
00:00:00.423581 
00:00:00.423581 [/GIM/] (level 1)
00:00:00.423582   Provider <string>  = "KVM" (cb=4)
00:00:00.423582 
00:00:00.423582 [/HM/] (level 1)
00:00:00.423583   64bitEnabled       <integer> = 0x0000000000000001 (1)
00:00:00.423584   EnableLargePages   <integer> = 0x0000000000000001 (1)
00:00:00.423584   EnableNestedPaging <integer> = 0x0000000000000001 (1)
00:00:00.423585   EnableUX           <integer> = 0x0000000000000001 (1)
00:00:00.423585   EnableVPID         <integer> = 0x0000000000000001 (1)
00:00:00.423586   Exclusive          <integer> = 0x0000000000000000 (0)
00:00:00.423586   HMForced           <integer> = 0x0000000000000001 (1)
00:00:00.423587   IBPBOnVMEntry      <integer> = 0x0000000000000000 (0)
00:00:00.423587   IBPBOnVMExit       <integer> = 0x0000000000000000 (0)
00:00:00.423588   L1DFlushOnSched    <integer> = 0x0000000000000001 (1)
00:00:00.423588   L1DFlushOnVMEntry  <integer> = 0x0000000000000000 (0)
00:00:00.423589   MDSClearOnSched    <integer> = 0x0000000000000001 (1)
00:00:00.423589   MDSClearOnVMEntry  <integer> = 0x0000000000000000 (0)
00:00:00.423590   SpecCtrlByHost     <integer> = 0x0000000000000000 (0)
00:00:00.423590   UseNEMInstead      <integer> = 0x0000000000000000 (0)
00:00:00.423591 
00:00:00.423591 [/MM/] (level 1)
00:00:00.423591   CanUseLargerHeap <integer> = 0x0000000000000000 (0)
00:00:00.423592 
00:00:00.423592 [/NEM/] (level 1)
00:00:00.423593   Allow64BitGuests <integer> = 0x0000000000000001 (1)
00:00:00.423595 
00:00:00.423595 [/PDM/] (level 1)
00:00:00.423595 
00:00:00.423596 [/PDM/AsyncCompletion/] (level 2)
00:00:00.423596 
00:00:00.423596 [/PDM/AsyncCompletion/File/] (level 3)
00:00:00.423597 
00:00:00.423597 [/PDM/AsyncCompletion/File/BwGroups/] (level 4)
00:00:00.423598 
00:00:00.423598 [/PDM/BlkCache/] (level 2)
00:00:00.423599   CacheSize <integer> = 0x0000000000500000 (5 242 880, 5 MB)
00:00:00.423600 
00:00:00.423600 [/PDM/Devices/] (level 2)
00:00:00.423601 
00:00:00.423601 [/PDM/Drivers/] (level 2)
00:00:00.423601 
00:00:00.423602 [/PDM/Drivers/VBoxC/] (level 3)
00:00:00.423602   Path <string>  = "/Applications/VirtualBox.app/Contents/MacOS/components/VBoxC" (cb=61)
00:00:00.423603 
00:00:00.423603 [/PDM/NetworkShaper/] (level 2)
00:00:00.423604 
00:00:00.423604 [/PDM/NetworkShaper/BwGroups/] (level 3)
00:00:00.423604 
00:00:00.423605 [/TM/] (level 1)
00:00:00.423605   UTCOffset <integer> = 0x0000000000000000 (0)
00:00:00.423606 
00:00:00.423606 ********************* End of CFGM dump **********************
00:00:00.423733 HM: HMR3Init: VT-x w/ nested paging and unrestricted guest execution hw support
00:00:00.423753 MM: cbHyperHeap=0x200000 (2097152)
00:00:00.426000 CPUM: fXStateHostMask=0x7; initial: 0x7; host XCR0=0x7
00:00:00.426808 CPUM: Matched host CPU INTEL 0x6/0x8e/0xa Intel_Core7_CoffeeLake with CPU DB entry 'Intel Core i7-6700K' (INTEL 0x6/0x5e/0x3 Intel_Core7_Skylake)
00:00:00.426983 CPUM: MXCSR_MASK=0xffff (host: 0xffff)
00:00:00.427026 CPUM: Microcode revision 0x000000EA
00:00:00.427056 CPUM: Changing leaf 13[0]: EBX=0x340 -> 0x340, ECX=0x440 -> 0x340
00:00:00.427089 CPUM: MSR/CPUID reconciliation insert: 0x0000010b IA32_FLUSH_CMD
00:00:00.427127 CPUM: SetGuestCpuIdFeature: Enabled PAE
00:00:00.427355 PGM: Host paging mode: AMD64+PGE+NX
00:00:00.427361 PGM: PGMPool: cMaxPages=768 (u64MaxPages=545)
00:00:00.427363 PGM: pgmR3PoolInit: cMaxPages=0x300 cMaxUsers=0x600 cMaxPhysExts=0x600 fCacheEnable=true 
00:00:00.433822 TM: GIP - u32Mode=3 (Invariant) u32UpdateHz=100 u32UpdateIntervalNS=10000000 enmUseTscDelta=2 (Practically Zero) fGetGipCpu=0x15 cCpus=8
00:00:00.433855 TM: GIP - u64CpuHz=1 391 999 999 (0x52f83bff)  SUPGetCpuHzFromGip => 1 391 999 999
00:00:00.433862 TM: GIP - CPU: iCpuSet=0x0 idCpu=0x0 idApic=0x0 iGipCpu=0x2 i64TSCDelta=0 enmState=3 u64CpuHz=1391999940(*) cErrors=0
00:00:00.433865 TM: GIP - CPU: iCpuSet=0x1 idCpu=0x1 idApic=0x1 iGipCpu=0x3 i64TSCDelta=0 enmState=3 u64CpuHz=1391999986(*) cErrors=0
00:00:00.433869 TM: GIP - CPU: iCpuSet=0x2 idCpu=0x2 idApic=0x2 iGipCpu=0x7 i64TSCDelta=0 enmState=3 u64CpuHz=1391999997(*) cErrors=0
00:00:00.433871 TM: GIP - CPU: iCpuSet=0x3 idCpu=0x3 idApic=0x3 iGipCpu=0x6 i64TSCDelta=0 enmState=3 u64CpuHz=1391999991(*) cErrors=0
00:00:00.433874 TM: GIP - CPU: iCpuSet=0x4 idCpu=0x4 idApic=0x4 iGipCpu=0x4 i64TSCDelta=0 enmState=3 u64CpuHz=1392000000(*) cErrors=0
00:00:00.433877 TM: GIP - CPU: iCpuSet=0x5 idCpu=0x5 idApic=0x5 iGipCpu=0x5 i64TSCDelta=0 enmState=3 u64CpuHz=1391999992(*) cErrors=0
00:00:00.433879 TM: GIP - CPU: iCpuSet=0x6 idCpu=0x6 idApic=0x6 iGipCpu=0x0 i64TSCDelta=0 enmState=3 u64CpuHz=1391999999(*) cErrors=0
00:00:00.433882 TM: GIP - CPU: iCpuSet=0x7 idCpu=0x7 idApic=0x7 iGipCpu=0x1 i64TSCDelta=0 enmState=3 u64CpuHz=1391992445(*) cErrors=0
00:00:00.433962 TM: cTSCTicksPerSecond=1 391 999 999 (0x52f83bff) enmTSCMode=3 (Dynamic)
00:00:00.433963 TM: TSCTiedToExecution=false TSCNotTiedToHalt=false
00:00:00.434614 EMR3Init: fIemExecutesAll=false fGuruOnTripleFault=true 
00:00:00.434707 IEM: TargetCpu=CURRENT, Microarch=Intel_Core7_CoffeeLake
00:00:00.434828 GIM: Using provider 'KVM' (Implementation version: 0)
00:00:00.434835 CPUM: SetGuestCpuIdFeature: Enabled Hypervisor Present bit
00:00:00.434940 AIOMgr: Default manager type is 'Async'
00:00:00.434943 AIOMgr: Default file backend is 'NonBuffered'
00:00:00.435003 BlkCache: Cache successfully initialized. Cache size is 5242880 bytes
00:00:00.435007 BlkCache: Cache commit interval is 10000 ms
00:00:00.435009 BlkCache: Cache commit threshold is 2621440 bytes
00:00:00.580851 PcBios: [SMP] BIOS with 1 CPUs
00:00:00.580921 PcBios: Using the 386+ BIOS image.
00:00:00.581221 PcBios: MPS table at 000e1300
00:00:00.582843 PcBios: fCheckShutdownStatusForSoftReset=true   fClearShutdownStatusOnHardReset=true 
00:00:00.583674 SUP: Opened VBoxDDR0.r0 (/Applications/VirtualBox.app/Contents/MacOS/VBoxDDR0.r0) at 0xXXXXXXXXXXXXXXXX loaded by the native ring-0 loader.
00:00:00.584162 CPUM: SetGuestCpuIdFeature: Enabled xAPIC
00:00:00.584169 CPUM: SetGuestCpuIdFeature: Enabled x2APIC
00:00:00.584667 IOAPIC: Using implementation 2.0! Chipset type ICH9
00:00:00.584788 PIT: mode=3 count=0x10000 (65536) - 18.20 Hz (ch=0)
00:00:00.585257 VMMDev: cbDefaultBudget: 134 217 728 (8000000)
00:00:00.590173 Shared Folders service loaded
00:00:00.599713 Guest Control service loaded
00:00:00.608644 VGA: Using the 386+ BIOS image.
00:00:00.614619 DrvVD: Flushes will be ignored
00:00:00.614628 DrvVD: Async flushes will be passed to the disk
00:00:00.615094 VD: VDInit finished with VINF_SUCCESS
00:00:00.645179 VD: Opening the disk took 30528068 ns
00:00:00.645267 PIIX3 ATA: LUN#0: disk, PCHS=16383/16/63, total number of sectors 20480000
00:00:00.646553 PIIX3 ATA: LUN#1: no unit
00:00:00.646654 PIIX3 ATA: LUN#2: no unit
00:00:00.646663 PIIX3 ATA: LUN#3: no unit
00:00:00.646891 PIIX3 ATA: Ctl#0: finished processing RESET
00:00:00.646916 PIIX3 ATA: Ctl#1: finished processing RESET
00:00:00.647109 E1000#0: Chip=82540EM LinkUpDelay=3000ms EthernetCRC=on GSO=enabled Itr=disabled ItrRx=enabled TID=disabled R0=enabled RC=disabled
00:00:00.657211 NAT: Guest address guess set to 10.0.2.15 by initialization
00:00:00.657428 NAT: resolv.conf: nameserver 2001:558:feed::1
00:00:00.657437 NAT: resolv.conf: nameserver 2001:558:feed::2
00:00:00.657442 NAT: resolv.conf: nameserver 75.75.75.75
00:00:00.657446 NAT: resolv.conf: nameserver 75.75.76.76
00:00:00.657462 NAT: Adding domain name hsd1.il.comcast.net
00:00:00.657465 NAT: DNS#0: 75.75.75.75
00:00:00.657468 NAT: DNS#1: 75.75.76.76
00:00:00.657546 NAT: Set redirect TCP 127.0.0.1:2200 -> 0.0.0.0:22
00:00:00.658682 E1000#1: Chip=82540EM LinkUpDelay=3000ms EthernetCRC=on GSO=enabled Itr=disabled ItrRx=enabled TID=disabled R0=enabled RC=disabled
00:00:00.658844 IntNet#0: szNetwork={HostInterfaceNetworking-vboxnet0} enmTrunkType=4 szTrunk={vboxnet0} fFlags=0x8000 cbRecv=325632 cbSend=196608 fIgnoreConnectFailure=false
00:00:00.660300 PGM: The CPU physical address width is 39 bits
00:00:00.660310 PGM: PGMR3InitFinalize: 4 MB PSE mask 0000007fffffffff -> VINF_SUCCESS
00:00:00.660339 TM: TMR3InitFinalize: fTSCModeSwitchAllowed=true 
00:00:00.660494 VMM: Thread-context hooks unavailable
00:00:00.660498 VMM: RTThreadPreemptIsPending() can be trusted
00:00:00.660500 VMM: Kernel preemption is possible
00:00:00.660537 HM: fWorldSwitcher=0x0 (fIbpbOnVmExit=false fIbpbOnVmEntry=false fL1dFlushOnVmEntry=false); fL1dFlushOnSched=true  fMdsClearOnVmEntry=false
00:00:00.660569 HM: Using VT-x implementation 3.0
00:00:00.660569 HM: Max resume loops                  = 8192
00:00:00.660570 HM: Host CR4                          = 0x3626e0
00:00:00.660571 HM: Host EFER                         = 0xd01
00:00:00.660571 HM: MSR_IA32_SMM_MONITOR_CTL          = 0x0
00:00:00.660572 HM: MSR_IA32_FEATURE_CONTROL          = 0x5
00:00:00.660572 HM:   LOCK
00:00:00.660572 HM:   VMXON
00:00:00.660573 HM: MSR_IA32_VMX_BASIC                = 0xda040000000004
00:00:00.660573 HM:   VMCS id                           = 0x4
00:00:00.660574 HM:   VMCS size                         = 1024 bytes
00:00:00.660574 HM:   VMCS physical address limit       = None
00:00:00.660587 HM:   VMCS memory type                  = Write Back (WB)
00:00:00.660588 HM:   Dual-monitor treatment support    = true 
00:00:00.660588 HM:   OUTS & INS instruction-info       = true 
00:00:00.660589 HM:   Supports true-capability MSRs     = true 
00:00:00.660589 HM:   VM-entry Xcpt error-code optional = false
00:00:00.660589 HM: MSR_IA32_VMX_PINBASED_CTLS        = 0x7f00000016
00:00:00.660590 HM:   EXT_INT_EXIT
00:00:00.660590 HM:   NMI_EXIT
00:00:00.660590 HM:   VIRTUAL_NMI
00:00:00.660591 HM:   PREEMPT_TIMER
00:00:00.660591 HM:   POSTED_INT (must be cleared)
00:00:00.660591 HM: MSR_IA32_VMX_PROCBASED_CTLS       = 0xfff9fffe0401e172
00:00:00.660592 HM:   INT_WINDOW_EXIT
00:00:00.660592 HM:   USE_TSC_OFFSETTING
00:00:00.660592 HM:   HLT_EXIT
00:00:00.660593 HM:   INVLPG_EXIT
00:00:00.660593 HM:   MWAIT_EXIT
00:00:00.660593 HM:   RDPMC_EXIT
00:00:00.660593 HM:   RDTSC_EXIT
00:00:00.660594 HM:   CR3_LOAD_EXIT (must be set)
00:00:00.660594 HM:   CR3_STORE_EXIT (must be set)
00:00:00.660594 HM:   CR8_LOAD_EXIT
00:00:00.660594 HM:   CR8_STORE_EXIT
00:00:00.660595 HM:   USE_TPR_SHADOW
00:00:00.660595 HM:   NMI_WINDOW_EXIT
00:00:00.660595 HM:   MOV_DR_EXIT
00:00:00.660595 HM:   UNCOND_IO_EXIT
00:00:00.660596 HM:   USE_IO_BITMAPS
00:00:00.660596 HM:   MONITOR_TRAP_FLAG
00:00:00.660596 HM:   USE_MSR_BITMAPS
00:00:00.660596 HM:   MONITOR_EXIT
00:00:00.660596 HM:   PAUSE_EXIT
00:00:00.660597 HM:   USE_SECONDARY_CTLS
00:00:00.660610 HM: MSR_IA32_VMX_PROCBASED_CTLS2      = 0x5fbcff00000000
00:00:00.660611 HM:   VIRT_APIC_ACCESS
00:00:00.660611 HM:   EPT
00:00:00.660612 HM:   DESC_TABLE_EXIT
00:00:00.660612 HM:   RDTSCP
00:00:00.660612 HM:   VIRT_X2APIC_MODE
00:00:00.660612 HM:   VPID
00:00:00.660612 HM:   WBINVD_EXIT
00:00:00.660613 HM:   UNRESTRICTED_GUEST
00:00:00.660613 HM:   APIC_REG_VIRT (must be cleared)
00:00:00.660613 HM:   VIRT_INT_DELIVERY (must be cleared)
00:00:00.660613 HM:   PAUSE_LOOP_EXIT
00:00:00.660614 HM:   RDRAND_EXIT
00:00:00.660614 HM:   INVPCID
00:00:00.660627 HM:   VMFUNC
00:00:00.660628 HM:   VMCS_SHADOWING (must be cleared)
00:00:00.660628 HM:   ENCLS_EXIT
00:00:00.660628 HM:   RDSEED_EXIT
00:00:00.660628 HM:   PML
00:00:00.660629 HM:   EPT_VE
00:00:00.660629 HM:   CONCEAL_VMX_FROM_PT
00:00:00.660629 HM:   XSAVES_XRSTORS
00:00:00.660629 HM:   MODE_BASED_EPT_PERM
00:00:00.660630 HM:   SPPTP_EPT (must be cleared)
00:00:00.660630 HM:   PT_EPT (must be cleared)
00:00:00.660630 HM:   TSC_SCALING (must be cleared)
00:00:00.660630 HM:   USER_WAIT_PAUSE (must be cleared)
00:00:00.660631 HM:   ENCLV_EXIT (must be cleared)
00:00:00.660631 HM: MSR_IA32_VMX_ENTRY_CTLS           = 0x3ffff000011ff
00:00:00.660631 HM:   LOAD_DEBUG (must be set)
00:00:00.660632 HM:   IA32E_MODE_GUEST
00:00:00.660632 HM:   ENTRY_TO_SMM
00:00:00.660632 HM:   DEACTIVATE_DUAL_MON
00:00:00.660632 HM:   LOAD_PERF_MSR
00:00:00.660633 HM:   LOAD_PAT_MSR
00:00:00.660633 HM:   LOAD_EFER_MSR
00:00:00.660633 HM:   LOAD_BNDCFGS_MSR
00:00:00.660633 HM:   CONCEAL_VMX_FROM_PT
00:00:00.660634 HM:   LOAD_RTIT_CTL_MSR (must be cleared)
00:00:00.660634 HM: MSR_IA32_VMX_EXIT_CTLS            = 0x1ffffff00036dff
00:00:00.660635 HM:   SAVE_DEBUG (must be set)
00:00:00.660635 HM:   HOST_ADDR_SPACE_SIZE
00:00:00.660635 HM:   LOAD_PERF_MSR
00:00:00.660635 HM:   ACK_EXT_INT
00:00:00.660636 HM:   SAVE_PAT_MSR
00:00:00.660636 HM:   LOAD_PAT_MSR
00:00:00.660636 HM:   SAVE_EFER_MSR
00:00:00.660636 HM:   LOAD_EFER_MSR
00:00:00.660637 HM:   SAVE_PREEMPT_TIMER
00:00:00.660637 HM:   CLEAR_BNDCFGS_MSR
00:00:00.660637 HM:   CONCEAL_VMX_FROM_PT
00:00:00.660637 HM:   CLEAR_RTIT_CTL_MSR (must be cleared)
00:00:00.660638 HM: MSR_IA32_VMX_TRUE_PINBASED_CTLS   = 0x7f00000016
00:00:00.660638 HM: MSR_IA32_VMX_TRUE_PROCBASED_CTLS  = 0xfff9fffe04006172
00:00:00.660639 HM: MSR_IA32_VMX_TRUE_ENTRY_CTLS      = 0x3ffff000011fb
00:00:00.660640 HM: MSR_IA32_VMX_TRUE_EXIT_CTLS       = 0x1ffffff00036dfb
00:00:00.660640 HM: MSR_IA32_VMX_MISC                 = 0x7004c1e7
00:00:00.660641 HM:   PREEMPT_TIMER_TSC                 = 0x7
00:00:00.660641 HM:   EXIT_SAVE_EFER_LMA                = true 
00:00:00.660641 HM:   ACTIVITY_STATES                   = 0x7 ( HLT SHUTDOWN SIPI_WAIT )
00:00:00.660642 HM:   INTEL_PT                          = true 
00:00:00.660642 HM:   SMM_READ_SMBASE_MSR               = true 
00:00:00.660656 HM:   CR3_TARGET                        = 0x4
00:00:00.660656 HM:   MAX_MSR                           = 0x0 ( 512 )
00:00:00.660657 HM:   VMXOFF_BLOCK_SMI                  = true 
00:00:00.660657 HM:   VMWRITE_ALL                       = true 
00:00:00.660658 HM:   ENTRY_INJECT_SOFT_INT             = 0x1
00:00:00.660658 HM:   MSEG_ID                           = 0x0
00:00:00.660658 HM: MSR_IA32_VMX_VMCS_ENUM            = 0x2e
00:00:00.660659 HM:   HIGHEST_IDX                       = 0x17
00:00:00.660659 HM: MSR_IA32_VMX_EPT_VPID_CAP         = 0xf0106734141
00:00:00.660660 HM:   RWX_X_ONLY
00:00:00.660660 HM:   PAGE_WALK_LENGTH_4
00:00:00.660660 HM:   EMT_UC
00:00:00.660660 HM:   EMT_WB
00:00:00.660661 HM:   PDE_2M
00:00:00.660661 HM:   PDPTE_1G
00:00:00.660661 HM:   INVEPT
00:00:00.660661 HM:   EPT_ACCESS_DIRTY
00:00:00.660661 HM:   ADVEXITINFO_EPT
00:00:00.660662 HM:   INVEPT_SINGLE_CONTEXT
00:00:00.660662 HM:   INVEPT_ALL_CONTEXTS
00:00:00.660662 HM:   INVVPID
00:00:00.660662 HM:   INVVPID_INDIV_ADDR
00:00:00.660663 HM:   INVVPID_SINGLE_CONTEXT
00:00:00.660663 HM:   INVVPID_ALL_CONTEXTS
00:00:00.660663 HM:   INVVPID_SINGLE_CONTEXT_RETAIN_GLOBALS
00:00:00.660663 HM: MSR_IA32_VMX_VMFUNC               = 0x1
00:00:00.660664 HM:   EPTP_SWITCHING
00:00:00.660664 HM: MSR_IA32_VMX_CR0_FIXED0           = 0x80000021
00:00:00.660665 HM: MSR_IA32_VMX_CR0_FIXED1           = 0xffffffff
00:00:00.660665 HM: MSR_IA32_VMX_CR4_FIXED0           = 0x2000
00:00:00.660665 HM: MSR_IA32_VMX_CR4_FIXED1           = 0x3727ff
00:00:00.660666 HM: APIC-access page physaddr         = 0x00000001e9252000
00:00:00.660667 HM: VCPU  0: MSR bitmap physaddr      = 0x0000000264436000
00:00:00.660667 HM: VCPU  0: VMCS physaddr            = 0x000000000785d000
00:00:00.660668 HM: Guest support: 32-bit and 64-bit
00:00:00.660678 HM: Supports VMCS EFER fields         = true 
00:00:00.660679 HM: Enabled VMX
00:00:00.660681 CPUM: SetGuestCpuIdFeature: Enabled SYSENTER/EXIT
00:00:00.660682 CPUM: SetGuestCpuIdFeature: Enabled PAE
00:00:00.660682 CPUM: SetGuestCpuIdFeature: Enabled LONG MODE
00:00:00.660682 CPUM: SetGuestCpuIdFeature: Enabled SYSCALL/RET
00:00:00.660683 CPUM: SetGuestCpuIdFeature: Enabled LAHF/SAHF
00:00:00.660683 CPUM: SetGuestCpuIdFeature: Enabled NX
00:00:00.660683 HM: Enabled nested paging
00:00:00.660683 HM:   EPT flush type                  = Single context
00:00:00.660684 HM: Enabled unrestricted guest execution
00:00:00.660684 HM: Enabled large page support
00:00:00.660684 HM: Enabled VPID
00:00:00.660684 HM:   VPID flush type                 = Single context
00:00:00.660687 HM: Enabled VMX-preemption timer (cPreemptTimerShift=7)
00:00:00.660688 HM: VT-x/AMD-V init method: Global
00:00:00.660688 EM: Exit history optimizations: enabled=true  enabled-r0=true  enabled-r0-no-preemption=false
00:00:00.660722 PcBios: ATA LUN#0 LCHS=1024/255/63
00:00:00.660722 APIC: fPostedIntrsEnabled=false fVirtApicRegsEnabled=false fSupportsTscDeadline=false
00:00:00.660722 TMR3UtcNow: nsNow=1 634 777 050 095 172 000 nsPrev=0 -> cNsDelta=1 634 777 050 095 172 000 (offLag=0 offVirtualSync=0 offVirtualSyncGivenUp=0, NowAgain=1 634 777 050 095 172 000)
00:00:00.660722 VMM: fUsePeriodicPreemptionTimers=false
00:00:00.661003 CPUM: Logical host processors: 8 present, 8 max, 8 online, online mask: 00000000000000ff
00:00:00.661007 CPUM: Physical host cores: 4
00:00:00.661008 ************************* CPUID dump ************************
00:00:00.661044          Raw Standard CPUID Leaves
00:00:00.661044      Leaf/sub-leaf  eax      ebx      ecx      edx
00:00:00.661045 Gst: 00000000/0000  00000016 756e6547 6c65746e 49656e69
00:00:00.661046 Hst:                00000016 756e6547 6c65746e 49656e69
00:00:00.661047 Gst: 00000001/0000  000806ea 00010800 d6fa220b 178bfbff
00:00:00.661062 Hst:                000806ea 00100800 7ffafbbf bfebfbff
00:00:00.661063 Gst: 00000002/0000  76036301 00f0b5ff 00000000 00c30000
00:00:00.661064 Hst:                76036301 00f0b5ff 00000000 00c30000
00:00:00.661064 Gst: 00000003/0000  00000000 00000000 00000000 00000000
00:00:00.661065 Hst:                00000000 00000000 00000000 00000000
00:00:00.661065 Gst: 00000004/0000  00000121 01c0003f 0000003f 00000000
00:00:00.661066 Hst:                1c004121 01c0003f 0000003f 00000000
00:00:00.661067 Gst: 00000004/0001  00000122 01c0003f 0000003f 00000000
00:00:00.661068 Hst:                1c004122 01c0003f 0000003f 00000000
00:00:00.661068 Gst: 00000004/0002  00000143 00c0003f 000003ff 00000000
00:00:00.661069 Hst:                1c004143 00c0003f 000003ff 00000000
00:00:00.661070 Gst: 00000004/0003  00000163 02c0003f 00001fff 00000006
00:00:00.661070 Hst:                1c03c163 02c0003f 00001fff 00000006
00:00:00.661071 Gst: 00000004/0004  00000000 00000000 00000000 00000000
00:00:00.661071 Hst:                00000000 00000000 00000000 00000000
00:00:00.661072 Gst: 00000005/0000  00000040 00000040 00000000 00000000
00:00:00.661073 Hst:                00000040 00000040 00000003 11142120
00:00:00.661074 Gst: 00000006/0000  00000000 00000000 00000000 00000000
00:00:00.661074 Hst:                000026f7 00000002 00000009 00000000
00:00:00.661075 Gst: 00000007/0000  00000000 00842421 00000000 10000400
00:00:00.661075 Hst:                00000000 029c67af 00000000 9c002e00
00:00:00.661076 Gst: 00000007/0001  00000000 00000000 00000000 00000000
00:00:00.661077 Hst:                00000000 00000000 00000000 00000000
00:00:00.661077 Gst: 00000008/0000  00000000 00000000 00000000 00000000
00:00:00.661078 Hst:                00000000 00000000 00000000 00000000
00:00:00.661078 Gst: 00000009/0000  00000000 00000000 00000000 00000000
00:00:00.661079 Hst:                00000000 00000000 00000000 00000000
00:00:00.661079 Gst: 0000000a/0000  00000000 00000000 00000000 00000000
00:00:00.661080 Hst:                07300404 00000000 00000000 00000603
00:00:00.661080 Gst: 0000000b/0000  00000000 00000001 00000100 00000000
00:00:00.661081 Hst:                00000001 00000002 00000100 00000000
00:00:00.661082 Gst: 0000000b/0001  00000001 00000001 00000201 00000000
00:00:00.661082 Hst:                00000004 00000008 00000201 00000000
00:00:00.661083 Gst: 0000000b/0002  00000000 00000000 00000002 00000000
00:00:00.661083 Hst:                00000000 00000000 00000002 00000000
00:00:00.661084 Gst: 0000000c/0000  00000000 00000000 00000000 00000000
00:00:00.661084 Hst:                00000000 00000000 00000000 00000000
00:00:00.661085 Gst: 0000000d/0000  00000007 00000340 00000340 00000000
00:00:00.661085 Hst:                0000001f 00000340 00000440 00000000
00:00:00.661086 Gst: 0000000d/0001  00000000 00000340 00000000 00000000
00:00:00.661086 Hst:                0000000f 00000340 00000100 00000000
00:00:00.661087 Gst: 0000000d/0002  00000100 00000240 00000000 00000000
00:00:00.661088 Hst:                00000100 00000240 00000000 00000000
00:00:00.661088 Gst: 0000000d/0003  00000000 00000000 00000000 00000000
00:00:00.661089 Hst:                00000040 000003c0 00000000 00000000
00:00:00.661089 Gst: 0000000d/0004  00000000 00000000 00000000 00000000
00:00:00.661090 Hst:                00000040 00000400 00000000 00000000
00:00:00.661090 Gst: 0000000d/0005  00000000 00000000 00000000 00000000
00:00:00.661091 Hst:                00000000 00000000 00000000 00000000
00:00:00.661091 Gst: 0000000d/0006  00000000 00000000 00000000 00000000
00:00:00.661092 Hst:                00000000 00000000 00000000 00000000
00:00:00.661092 Gst: 0000000d/0007  00000000 00000000 00000000 00000000
00:00:00.661093 Hst:                00000000 00000000 00000000 00000000
00:00:00.661093 Gst: 0000000d/0008  00000000 00000000 00000000 00000000
00:00:00.661094 Hst:                00000080 00000000 00000001 00000000
00:00:00.661095 Gst: 0000000d/0009  00000000 00000000 00000000 00000000
00:00:00.661095 Hst:                00000000 00000000 00000000 00000000
00:00:00.661111 Gst: 0000000e/0000  00000000 00000000 00000000 00000000
00:00:00.661112 Hst:                00000000 00000000 00000000 00000000
00:00:00.661112 Gst: 0000000f/0000  00000000 00000000 00000000 00000000
00:00:00.661113 Hst:                00000000 00000000 00000000 00000000
00:00:00.661113 Gst: 00000010/0000  00000000 00000000 00000000 00000000
00:00:00.661114 Hst:                00000000 00000000 00000000 00000000
00:00:00.661114 Gst: 00000011/0000  00000000 00000000 00000000 00000000
00:00:00.661115 Hst:                00000000 00000000 00000000 00000000
00:00:00.661115 Gst: 00000012/0000  00000000 00000000 00000000 00000000
00:00:00.661116 Hst:                00000000 00000000 00000000 00000000
00:00:00.661116 Gst: 00000013/0000  00000000 00000000 00000000 00000000
00:00:00.661117 Hst:                00000000 00000000 00000000 00000000
00:00:00.661117 Gst: 00000014/0000  00000000 00000000 00000000 00000000
00:00:00.661118 Hst:                00000001 0000000f 00000007 00000000
00:00:00.661118 Hst: 00000015/0000  00000002 00000074 00000000 00000000
00:00:00.661119 Hst: 00000016/0000  00000578 00000f3c 00000064 00000000
00:00:00.661120                                Name: GenuineIntel
00:00:00.661121                            Supports: 0x00000000-0x00000016
00:00:00.661135                              Family:  6 	Extended: 0 	Effective: 6
00:00:00.661136                               Model: 14 	Extended: 8 	Effective: 142
00:00:00.661138                            Stepping: 10
00:00:00.661138                                Type: 0 (primary)
00:00:00.661139                             APIC ID: 0x00
00:00:00.661140                        Logical CPUs: 1
00:00:00.661140                        CLFLUSH Size: 8
00:00:00.661141                            Brand ID: 0x00
00:00:00.661142 Features
00:00:00.661142   Mnemonic - Description                                  = guest (host)
00:00:00.661156   FPU - x87 FPU on Chip                                   = 1 (1)
00:00:00.661157   VME - Virtual 8086 Mode Enhancements                    = 1 (1)
00:00:00.661158   DE - Debugging extensions                               = 1 (1)
00:00:00.661159   PSE - Page Size Extension                               = 1 (1)
00:00:00.661160   TSC - Time Stamp Counter                                = 1 (1)
00:00:00.661161   MSR - Model Specific Registers                          = 1 (1)
00:00:00.661161   PAE - Physical Address Extension                        = 1 (1)
00:00:00.661162   MCE - Machine Check Exception                           = 1 (1)
00:00:00.661163   CX8 - CMPXCHG8B instruction                             = 1 (1)
00:00:00.661164   APIC - APIC On-Chip                                     = 1 (1)
00:00:00.661165   SEP - SYSENTER and SYSEXIT Present                      = 1 (1)
00:00:00.661166   MTRR - Memory Type Range Registers                      = 1 (1)
00:00:00.661166   PGE - PTE Global Bit                                    = 1 (1)
00:00:00.661167   MCA - Machine Check Architecture                        = 1 (1)
00:00:00.661168   CMOV - Conditional Move instructions                    = 1 (1)
00:00:00.661169   PAT - Page Attribute Table                              = 1 (1)
00:00:00.661169   PSE-36 - 36-bit Page Size Extension                     = 1 (1)
00:00:00.661170   PSN - Processor Serial Number                           = 0 (0)
00:00:00.661171   CLFSH - CLFLUSH instruction                             = 1 (1)
00:00:00.661172   DS - Debug Store                                        = 0 (1)
00:00:00.661173   ACPI - Thermal Mon. & Soft. Clock Ctrl.                 = 0 (1)
00:00:00.661174   MMX - Intel MMX Technology                              = 1 (1)
00:00:00.661174   FXSR - FXSAVE and FXRSTOR instructions                  = 1 (1)
00:00:00.661175   SSE - SSE support                                       = 1 (1)
00:00:00.661176   SSE2 - SSE2 support                                     = 1 (1)
00:00:00.661177   SS - Self Snoop                                         = 0 (1)
00:00:00.661178   HTT - Hyper-Threading Technology                        = 1 (1)
00:00:00.661179   TM - Therm. Monitor                                     = 0 (1)
00:00:00.661179   PBE - Pending Break Enabled                             = 0 (1)
00:00:00.661180   SSE3 - SSE3 support                                     = 1 (1)
00:00:00.661181   PCLMUL - PCLMULQDQ support (for AES-GCM)                = 1 (1)
00:00:00.661182   DTES64 - DS Area 64-bit Layout                          = 0 (1)
00:00:00.661183   MONITOR - MONITOR/MWAIT instructions                    = 1 (1)
00:00:00.661183   CPL-DS - CPL Qualified Debug Store                      = 0 (1)
00:00:00.661184   VMX - Virtual Machine Extensions                        = 0 (1)
00:00:00.661185   SMX - Safer Mode Extensions                             = 0 (0)
00:00:00.661186   EST - Enhanced SpeedStep Technology                     = 0 (1)
00:00:00.661186   TM2 - Terminal Monitor 2                                = 0 (1)
00:00:00.661187   SSSE3 - Supplemental Streaming SIMD Extensions 3        = 1 (1)
00:00:00.661188   CNTX-ID - L1 Context ID                                 = 0 (0)
00:00:00.661189   SDBG - Silicon Debug interface                          = 0 (1)
00:00:00.661189   FMA - Fused Multiply Add extensions                     = 0 (1)
00:00:00.661190   CX16 - CMPXCHG16B instruction                           = 1 (1)
00:00:00.661191   TPRUPDATE - xTPR Update Control                         = 0 (1)
00:00:00.661192   PDCM - Perf/Debug Capability MSR                        = 0 (1)
00:00:00.661192   PCID - Process Context Identifiers                      = 1 (1)
00:00:00.661193   DCA - Direct Cache Access                               = 0 (0)
00:00:00.661194   SSE4_1 - SSE4_1 support                                 = 1 (1)
00:00:00.661195   SSE4_2 - SSE4_2 support                                 = 1 (1)
00:00:00.661196   X2APIC - x2APIC support                                 = 1 (1)
00:00:00.661196   MOVBE - MOVBE instruction                               = 1 (1)
00:00:00.661197   POPCNT - POPCNT instruction                             = 1 (1)
00:00:00.661198   TSCDEADL - Time Stamp Counter Deadline                  = 0 (1)
00:00:00.661199   AES - AES instructions                                  = 1 (1)
00:00:00.661200   XSAVE - XSAVE instruction                               = 1 (1)
00:00:00.661200   OSXSAVE - OSXSAVE instruction                           = 0 (1)
00:00:00.661201   AVX - AVX support                                       = 1 (1)
00:00:00.661202   F16C - 16-bit floating point conversion instructions    = 0 (1)
00:00:00.661203   RDRAND - RDRAND instruction                             = 1 (1)
00:00:00.661203   HVP - Hypervisor Present (we're a guest)                = 1 (0)
00:00:00.661217 Structured Extended Feature Flags Enumeration (leaf 7):
00:00:00.661218   Mnemonic - Description                                  = guest (host)
00:00:00.661218   FSGSBASE - RDFSBASE/RDGSBASE/WRFSBASE/WRGSBASE instr.   = 1 (1)
00:00:00.661219   TSCADJUST - Supports MSR_IA32_TSC_ADJUST                = 0 (1)
00:00:00.661220   SGX - Supports Software Guard Extensions                = 0 (1)
00:00:00.661220   BMI1 - Advanced Bit Manipulation extension 1            = 0 (1)
00:00:00.661221   HLE - Hardware Lock Elision                             = 0 (0)
00:00:00.661222   AVX2 - Advanced Vector Extensions 2                     = 1 (1)
00:00:00.661222   FDP_EXCPTN_ONLY - FPU DP only updated on exceptions     = 0 (0)
00:00:00.661223   SMEP - Supervisor Mode Execution Prevention             = 0 (1)
00:00:00.661224   BMI2 - Advanced Bit Manipulation extension 2            = 0 (1)
00:00:00.661224   ERMS - Enhanced REP MOVSB/STOSB instructions            = 0 (1)
00:00:00.661225   INVPCID - INVPCID instruction                           = 1 (1)
00:00:00.661226   RTM - Restricted Transactional Memory                   = 0 (0)
00:00:00.661227   PQM - Platform Quality of Service Monitoring            = 0 (0)
00:00:00.661227   DEPFPU_CS_DS - Deprecates FPU CS, FPU DS values if set  = 1 (1)
00:00:00.661228   MPE - Intel Memory Protection Extensions                = 0 (1)
00:00:00.661229   PQE - Platform Quality of Service Enforcement           = 0 (0)
00:00:00.661229   AVX512F - AVX512 Foundation instructions                = 0 (0)
00:00:00.661230   RDSEED - RDSEED instruction                             = 1 (1)
00:00:00.661231   ADX - ADCX/ADOX instructions                            = 0 (1)
00:00:00.661232   SMAP - Supervisor Mode Access Prevention                = 0 (1)
00:00:00.661232   CLFLUSHOPT - CLFLUSHOPT (Cache Line Flush) instruction  = 1 (1)
00:00:00.661233   INTEL_PT - Intel Processor Trace                        = 0 (1)
00:00:00.661234   AVX512PF - AVX512 Prefetch instructions                 = 0 (0)
00:00:00.661234   AVX512ER - AVX512 Exponential & Reciprocal instructions = 0 (0)
00:00:00.661235   AVX512CD - AVX512 Conflict Detection instructions       = 0 (0)
00:00:00.661235   SHA - Secure Hash Algorithm extensions                  = 0 (0)
00:00:00.661236   PREFETCHWT1 - PREFETCHWT1 instruction                   = 0 (0)
00:00:00.661237   UMIP - User mode insturction prevention                 = 0 (0)
00:00:00.661237   PKU - Protection Key for Usermode pages                 = 0 (0)
00:00:00.661238   OSPKE - CR4.PKU mirror                                  = 0 (0)
00:00:00.661239   MAWAU - Value used by BNDLDX & BNDSTX                   = 0x0 (0x0)
00:00:00.661240   RDPID - Read processor ID support                       = 0 (0)
00:00:00.661241   SGX_LC - Supports SGX Launch Configuration              = 0 (0)
00:00:00.661241    9 - Reserved                                           = 0 (1)
00:00:00.661242   MD_CLEAR - Supports MDS related buffer clearing         = 1 (1)
00:00:00.661243   11 - Reserved                                           = 0 (1)
00:00:00.661244   13 - Reserved                                           = 0 (1)
00:00:00.661245   IBRS_IBPB - IA32_SPEC_CTRL.IBRS and IA32_PRED_CMD.IBPB  = 0 (1)
00:00:00.661246   STIBP - Supports IA32_SPEC_CTRL.STIBP                   = 0 (1)
00:00:00.661246   FLUSH_CMD - Supports IA32_FLUSH_CMD                     = 1 (1)
00:00:00.661247   ARCHCAP - Supports IA32_ARCH_CAP                        = 0 (0)
00:00:00.661248   CORECAP - Supports IA32_CORE_CAP                        = 0 (0)
00:00:00.661249   SSBD - Supports IA32_SPEC_CTRL.SSBD                     = 0 (1)
00:00:00.661249 Processor Extended State Enumeration (leaf 0xd):
00:00:00.661250    XSAVE area cur/max size by XCR0, guest: 0x340/0x340
00:00:00.661251     XSAVE area cur/max size by XCR0, host: 0x340/0x440
00:00:00.661251                    Valid XCR0 bits, guest: 0x00000000`00000007 ( x87 SSE YMM_Hi128 )
00:00:00.661253                     Valid XCR0 bits, host: 0x00000000`0000001f ( x87 SSE YMM_Hi128 BNDREGS BNDCSR )
00:00:00.661267                     XSAVE features, guest:
00:00:00.661268                      XSAVE features, host: XSAVEOPT XSAVEC XGETBC1 XSAVES
00:00:00.661269       XSAVE area cur size XCR0|XSS, guest: 0x340
00:00:00.661269        XSAVE area cur size XCR0|XSS, host: 0x340
00:00:00.661270                Valid IA32_XSS bits, guest: 0x00000000`00000000
00:00:00.661271                 Valid IA32_XSS bits, host: 0x00000100`00000000 ( 40 )
00:00:00.661272   State #2, guest: off=0x0240, cb=0x0100 IA32_XSS-bit -- YMM_Hi128
00:00:00.661273   State #2, host:  off=0x0240, cb=0x0100 IA32_XSS-bit -- YMM_Hi128
00:00:00.661274   State #3, host:  off=0x03c0, cb=0x0040 IA32_XSS-bit -- BNDREGS
00:00:00.661275   State #4, host:  off=0x0400, cb=0x0040 IA32_XSS-bit -- BNDCSR
00:00:00.661276   State #8, host:  off=0x0000, cb=0x0080 XCR0-bit -- 8
00:00:00.661286          Unknown CPUID Leaves
00:00:00.661286      Leaf/sub-leaf  eax      ebx      ecx      edx
00:00:00.661287 Gst: 00000014/0001  00000000 00000000 00000000 00000000
00:00:00.661287 Hst:                02490002 003f3fff 00000000 00000000
00:00:00.661288 Gst: 00000014/0002  00000000 00000000 00000000 00000000
00:00:00.661288 Hst:                00000000 00000000 00000000 00000000
00:00:00.661289 Gst: 00000015/0000  00000000 00000000 00000000 00000000
00:00:00.661290 Hst:                00000002 00000074 00000000 00000000
00:00:00.661290 Gst: 00000016/0000  00000000 00000000 00000000 00000000
00:00:00.661291 Hst:                00000578 00000f3c 00000064 00000000
00:00:00.661292          Raw Hypervisor CPUID Leaves
00:00:00.661292      Leaf/sub-leaf  eax      ebx      ecx      edx
00:00:00.661293 Gst: 40000000/0000  40000001 4b4d564b 564b4d56 0000004d
00:00:00.661294 Hst:                00000578 00000f3c 00000064 00000000
00:00:00.661294 Gst: 40000001/0000  01000089 00000000 00000000 00000000
00:00:00.661295 Hst:                00000578 00000f3c 00000064 00000000
00:00:00.661296          Raw Extended CPUID Leaves
00:00:00.661296      Leaf/sub-leaf  eax      ebx      ecx      edx
00:00:00.661296 Gst: 80000000/0000  80000008 00000000 00000000 00000000
00:00:00.661297 Hst:                80000008 00000000 00000000 00000000
00:00:00.661298 Gst: 80000001/0000  00000000 00000000 00000121 28100800
00:00:00.661298 Hst:                00000000 00000000 00000121 2c100800
00:00:00.661299 Gst: 80000002/0000  65746e49 2952286c 726f4320 4d542865
00:00:00.661300 Hst:                65746e49 2952286c 726f4320 4d542865
00:00:00.661301 Gst: 80000003/0000  35692029 3532382d 43205537 40205550
00:00:00.661302 Hst:                35692029 3532382d 43205537 40205550
00:00:00.661303 Gst: 80000004/0000  342e3120 7a484730 00000000 00000000
00:00:00.661304 Hst:                342e3120 7a484730 00000000 00000000
00:00:00.661305 Gst: 80000005/0000  00000000 00000000 00000000 00000000
00:00:00.661305 Hst:                00000000 00000000 00000000 00000000
00:00:00.661306 Gst: 80000006/0000  00000000 00000000 01006040 00000000
00:00:00.661306 Hst:                00000000 00000000 01006040 00000000
00:00:00.661307 Gst: 80000007/0000  00000000 00000000 00000000 00000100
00:00:00.661308 Hst:                00000000 00000000 00000000 00000100
00:00:00.661308 Gst: 80000008/0000  00003027 00000000 00000000 00000000
00:00:00.661309 Hst:                00003027 00000000 00000000 00000000
00:00:00.661309 Ext Name:                        
00:00:00.661310 Ext Supports:                    0x80000000-0x80000008
00:00:00.661310 Family:                          0  	Extended: 0 	Effective: 0
00:00:00.661311 Model:                           0  	Extended: 0 	Effective: 0
00:00:00.661311 Stepping:                        0
00:00:00.661311 Brand ID:                        0x000
00:00:00.661312 Ext Features
00:00:00.661312   Mnemonic - Description                                  = guest (host)
00:00:00.661312   FPU - x87 FPU on Chip                                   = 0 (0)
00:00:00.661313   VME - Virtual 8086 Mode Enhancements                    = 0 (0)
00:00:00.661314   DE - Debugging extensions                               = 0 (0)
00:00:00.661315   PSE - Page Size Extension                               = 0 (0)
00:00:00.661316   TSC - Time Stamp Counter                                = 0 (0)
00:00:00.661317   MSR - K86 Model Specific Registers                      = 0 (0)
00:00:00.661317   PAE - Physical Address Extension                        = 0 (0)
00:00:00.661318   MCE - Machine Check Exception                           = 0 (0)
00:00:00.661319   CX8 - CMPXCHG8B instruction                             = 0 (0)
00:00:00.661319   APIC - APIC On-Chip                                     = 0 (0)
00:00:00.661320   SEP - SYSCALL/SYSRET                                    = 1 (1)
00:00:00.661321   MTRR - Memory Type Range Registers                      = 0 (0)
00:00:00.661322   PGE - PTE Global Bit                                    = 0 (0)
00:00:00.661323   MCA - Machine Check Architecture                        = 0 (0)
00:00:00.661324   CMOV - Conditional Move instructions                    = 0 (0)
00:00:00.661325   PAT - Page Attribute Table                              = 0 (0)
00:00:00.661325   PSE-36 - 36-bit Page Size Extension                     = 0 (0)
00:00:00.661326   NX - No-Execute/Execute-Disable                         = 1 (1)
00:00:00.661327   AXMMX - AMD Extensions to MMX instructions              = 0 (0)
00:00:00.661327   MMX - Intel MMX Technology                              = 0 (0)
00:00:00.661328   FXSR - FXSAVE and FXRSTOR Instructions                  = 0 (0)
00:00:00.661329   FFXSR - AMD fast FXSAVE and FXRSTOR instructions        = 0 (0)
00:00:00.661330   Page1GB - 1 GB large page                               = 0 (1)
00:00:00.661330   RDTSCP - RDTSCP instruction                             = 1 (1)
00:00:00.661331   LM - AMD64 Long Mode                                    = 1 (1)
00:00:00.661332   3DNOWEXT - AMD Extensions to 3DNow                      = 0 (0)
00:00:00.661333   3DNOW - AMD 3DNow                                       = 0 (0)
00:00:00.661334   LahfSahf - LAHF/SAHF support in 64-bit mode             = 1 (1)
00:00:00.661334   CmpLegacy - Core multi-processing legacy mode           = 0 (0)
00:00:00.661335   SVM - AMD Secure Virtual Machine extensions             = 0 (0)
00:00:00.661336   EXTAPIC - AMD Extended APIC registers                   = 0 (0)
00:00:00.661336   CR8L - AMD LOCK MOV CR0 means MOV CR8                   = 0 (0)
00:00:00.661337   ABM - AMD Advanced Bit Manipulation                     = 1 (1)
00:00:00.661338   SSE4A - SSE4A instructions                              = 0 (0)
00:00:00.661338   MISALIGNSSE - AMD Misaligned SSE mode                   = 0 (0)
00:00:00.661339   3DNOWPRF - AMD PREFETCH and PREFETCHW instructions      = 1 (1)
00:00:00.661340   OSVW - AMD OS Visible Workaround                        = 0 (0)
00:00:00.661340   IBS - Instruct Based Sampling                           = 0 (0)
00:00:00.661341   XOP - Extended Operation support                        = 0 (0)
00:00:00.661342   SKINIT - SKINIT, STGI, and DEV support                  = 0 (0)
00:00:00.661343   WDT - AMD Watchdog Timer support                        = 0 (0)
00:00:00.661343   LWP - Lightweight Profiling support                     = 0 (0)
00:00:00.661344   FMA4 - Four operand FMA instruction support             = 0 (0)
00:00:00.661345   NodeId - NodeId in MSR C001_100C                        = 0 (0)
00:00:00.661345   TBM - Trailing Bit Manipulation instructions            = 0 (0)
00:00:00.661346   TOPOEXT - Topology Extensions                           = 0 (0)
00:00:00.661347   PRFEXTCORE - Performance Counter Extensions support     = 0 (0)
00:00:00.661347   PRFEXTNB - NB Performance Counter Extensions support    = 0 (0)
00:00:00.661348   DATABPEXT - Data-access Breakpoint Extension            = 0 (0)
00:00:00.661349   PERFTSC - Performance Time Stamp Counter                = 0 (0)
00:00:00.661349   PCX_L2I - L2I/L3 Performance Counter Extensions         = 0 (0)
00:00:00.661350   MWAITX - MWAITX and MONITORX instructions               = 0 (0)
00:00:00.661351 Full Name:                       "Intel(R) Core(TM) i5-8257U CPU @ 1.40GHz"
00:00:00.661351 TLB 2/4M Instr/Uni:              res0     0 entries
00:00:00.661352 TLB 2/4M Data:                   res0     0 entries
00:00:00.661352 TLB 4K Instr/Uni:                res0     0 entries
00:00:00.661353 TLB 4K Data:                     res0     0 entries
00:00:00.661353 L1 Instr Cache Line Size:        0 bytes
00:00:00.661353 L1 Instr Cache Lines Per Tag:    0
00:00:00.661354 L1 Instr Cache Associativity:    res0  
00:00:00.661354 L1 Instr Cache Size:             0 KB
00:00:00.661354 L1 Data Cache Line Size:         0 bytes
00:00:00.661355 L1 Data Cache Lines Per Tag:     0
00:00:00.661355 L1 Data Cache Associativity:     res0  
00:00:00.661355 L1 Data Cache Size:              0 KB
00:00:00.661355 L2 TLB 2/4M Instr/Uni:           off       0 entries
00:00:00.661358 L2 TLB 2/4M Data:                off       0 entries
00:00:00.661359 L2 TLB 4K Instr/Uni:             off       0 entries
00:00:00.661359 L2 TLB 4K Data:                  off       0 entries
00:00:00.661359 L2 Cache Line Size:              0 bytes
00:00:00.661360 L2 Cache Lines Per Tag:          0
00:00:00.661360 L2 Cache Associativity:          off   
00:00:00.661360 L2 Cache Size:                   0 KB
00:00:00.661361   TS - Temperature Sensor                                 = 0 (0)
00:00:00.661361   FID - Frequency ID control                              = 0 (0)
00:00:00.661362   VID - Voltage ID control                                = 0 (0)
00:00:00.661363   TscInvariant - Invariant Time Stamp Counter             = 1 (1)
00:00:00.661364   CBP - Core Performance Boost                            = 0 (0)
00:00:00.661365   EffFreqRO - Read-only Effective Frequency Interface     = 0 (0)
00:00:00.661365   ProcFdbkIf - Processor Feedback Interface               = 0 (0)
00:00:00.661366   ProcPwrRep - Core power reporting interface support     = 0 (0)
00:00:00.661367 Physical Address Width:          39 bits
00:00:00.661367 Virtual Address Width:           48 bits
00:00:00.661367 Guest Physical Address Width:    0 bits
00:00:00.661368 Physical Core Count:             1
00:00:00.661368 
00:00:00.661369 ******************** End of CPUID dump **********************
00:00:00.661369 *********************** VT-x features ***********************
00:00:00.661370 Nested hardware virtualization - VMX features
00:00:00.661371   Mnemonic - Description                                  = guest (host)
00:00:00.661371   VMX - Virtual-Machine Extensions                        = 0 (1)
00:00:00.661371   InsOutInfo - INS/OUTS instruction info.                 = 0 (1)
00:00:00.661372   ExtIntExit - External interrupt exiting                 = 0 (1)
00:00:00.661372   NmiExit - NMI exiting                                   = 0 (1)
00:00:00.661373   VirtNmi - Virtual NMIs                                  = 0 (1)
00:00:00.661373   PreemptTimer - VMX preemption timer                     = 0 (1)
00:00:00.661374   PostedInt - Posted interrupts                           = 0 (0)
00:00:00.661374   IntWindowExit - Interrupt-window exiting                = 0 (1)
00:00:00.661374   TscOffsetting - TSC offsetting                          = 0 (1)
00:00:00.661375   HltExit - HLT exiting                                   = 0 (1)
00:00:00.661375   InvlpgExit - INVLPG exiting                             = 0 (1)
00:00:00.661376   MwaitExit - MWAIT exiting                               = 0 (1)
00:00:00.661376   RdpmcExit - RDPMC exiting                               = 0 (1)
00:00:00.661376   RdtscExit - RDTSC exiting                               = 0 (1)
00:00:00.661377   Cr3LoadExit - CR3-load exiting                          = 0 (1)
00:00:00.661377   Cr3StoreExit - CR3-store exiting                        = 0 (1)
00:00:00.661378   Cr8LoadExit  - CR8-load exiting                         = 0 (1)
00:00:00.661378   Cr8StoreExit - CR8-store exiting                        = 0 (1)
00:00:00.661378   UseTprShadow - Use TPR shadow                           = 0 (1)
00:00:00.661379   NmiWindowExit - NMI-window exiting                      = 0 (1)
00:00:00.661379   MovDRxExit - Mov-DR exiting                             = 0 (1)
00:00:00.661380   UncondIoExit - Unconditional I/O exiting                = 0 (1)
00:00:00.661380   UseIoBitmaps - Use I/O bitmaps                          = 0 (1)
00:00:00.661381   MonitorTrapFlag - Monitor Trap Flag                     = 0 (1)
00:00:00.661381   UseMsrBitmaps - MSR bitmaps                             = 0 (1)
00:00:00.661381   MonitorExit - MONITOR exiting                           = 0 (1)
00:00:00.661382   PauseExit - PAUSE exiting                               = 0 (1)
00:00:00.661382   SecondaryExecCtl - Activate secondary controls          = 0 (1)
00:00:00.661383   VirtApic - Virtualize-APIC accesses                     = 0 (1)
00:00:00.661383   Ept - Extended Page Tables                              = 0 (1)
00:00:00.661385   DescTableExit - Descriptor-table exiting                = 0 (1)
00:00:00.661399   Rdtscp - Enable RDTSCP                                  = 0 (1)
00:00:00.661399   VirtX2ApicMode - Virtualize-x2APIC mode                 = 0 (1)
00:00:00.661400   Vpid - Enable VPID                                      = 0 (1)
00:00:00.661400   WbinvdExit - WBINVD exiting                             = 0 (1)
00:00:00.661400   UnrestrictedGuest - Unrestricted guest                  = 0 (1)
00:00:00.661401   ApicRegVirt - APIC-register virtualization              = 0 (0)
00:00:00.661401   VirtIntDelivery - Virtual-interrupt delivery            = 0 (0)
00:00:00.661402   PauseLoopExit - PAUSE-loop exiting                      = 0 (1)
00:00:00.661402   RdrandExit - RDRAND exiting                             = 0 (1)
00:00:00.661402   Invpcid - Enable INVPCID                                = 0 (1)
00:00:00.661403   VmFuncs - Enable VM Functions                           = 0 (1)
00:00:00.661403   VmcsShadowing - VMCS shadowing                          = 0 (0)
00:00:00.661404   RdseedExiting - RDSEED exiting                          = 0 (1)
00:00:00.661404   PML - Page-Modification Log (PML)                       = 0 (1)
00:00:00.661404   EptVe - EPT violations can cause #VE                    = 0 (1)
00:00:00.661405   XsavesXRstors - Enable XSAVES/XRSTORS                   = 0 (1)
00:00:00.661405   EntryLoadDebugCtls - Load debug controls on VM-entry    = 0 (1)
00:00:00.661406   Ia32eModeGuest - IA-32e mode guest                      = 0 (1)
00:00:00.661406   EntryLoadEferMsr - Load IA32_EFER MSR on VM-entry       = 0 (1)
00:00:00.661406   EntryLoadPatMsr - Load IA32_PAT MSR on VM-entry         = 0 (1)
00:00:00.661407   ExitSaveDebugCtls - Save debug controls on VM-exit      = 0 (1)
00:00:00.661407   HostAddrSpaceSize - Host address-space size             = 0 (1)
00:00:00.661408   ExitAckExtInt - Acknowledge interrupt on VM-exit        = 0 (1)
00:00:00.661408   ExitSavePatMsr - Save IA32_PAT MSR on VM-exit           = 0 (1)
00:00:00.661409   ExitLoadPatMsr - Load IA32_PAT MSR on VM-exit           = 0 (1)
00:00:00.661409   ExitSaveEferMsr - Save IA32_EFER MSR on VM-exit         = 0 (1)
00:00:00.661409   ExitLoadEferMsr - Load IA32_EFER MSR on VM-exit         = 0 (1)
00:00:00.661410   SavePreemptTimer - Save VMX-preemption timer            = 0 (1)
00:00:00.661410   ExitSaveEferLma - Save IA32_EFER.LMA on VM-exit         = 0 (1)
00:00:00.661411   IntelPt - Intel PT (Processor Trace) in VMX operation   = 0 (1)
00:00:00.661411   VmwriteAll - VMWRITE to any supported VMCS field        = 0 (1)
00:00:00.661411   EntryInjectSoftInt - Inject softint. with 0-len instr.  = 0 (1)
00:00:00.661412 
00:00:00.661412 ******************* End of VT-x features ********************
00:00:00.661453 VMEmt: Halt method global1 (5)
00:00:00.661489 VMEmt: HaltedGlobal1 config: cNsSpinBlockThresholdCfg=2000
00:00:00.661494 Changing the VM state from 'CREATING' to 'CREATED'
00:00:00.662921 SharedFolders host service: Adding host mapping
00:00:00.662929     Host path '/Volumes/externalwd/ITMO-453/beyesus/itmo-553/packer-example-code/build/graphitea', map name 'vagrant', writable, automount=false, automntpnt=, create_symlinks=true, missing=false
00:00:00.663441 Changing the VM state from 'CREATED' to 'POWERING_ON'
00:00:00.663552 Changing the VM state from 'POWERING_ON' to 'RUNNING'
00:00:00.663564 Console: Machine state changed to 'Running'
00:00:00.663894 VBoxHeadless: starting event loop
00:00:00.665822 VMMDev: Guest Log: BIOS: VirtualBox 6.1.26
00:00:00.665883 PCI: Setting up resources and interrupts
00:00:00.666020 PIT: mode=2 count=0x10000 (65536) - 18.20 Hz (ch=0)
00:00:00.674746 Display::i_handleDisplayResize: uScreenId=0 pvVRAM=0000000000000000 w=720 h=400 bpp=0 cbLine=0x0 flags=0x0 origin=0,0
00:00:00.675177 VMMDev: Guest Log: CPUID EDX: 0x178bfbff
00:00:00.675260 PIIX3 ATA: Ctl#0: RESET, DevSel=0 AIOIf=0 CmdIf0=0x00 (-1 usec ago) CmdIf1=0x00 (-1 usec ago)
00:00:00.675308 PIIX3 ATA: Ctl#0: finished processing RESET
00:00:00.675861 VMMDev: Guest Log: BIOS: ata0-0: PCHS=16383/16/63 LCHS=1024/255/63
00:00:00.677785 PIT: mode=2 count=0x48d3 (18643) - 64.00 Hz (ch=0)
00:00:00.710139 Display::i_handleDisplayResize: uScreenId=0 pvVRAM=0000000115279000 w=640 h=480 bpp=32 cbLine=0xA00 flags=0x0 origin=0,0
00:00:01.048728 NAT: Old socket recv size: 334KB
00:00:01.048747 NAT: Old socket send size: 79KB
00:00:03.156585 PIT: mode=2 count=0x10000 (65536) - 18.20 Hz (ch=0)
00:00:03.157057 VMMDev: Guest Log: BIOS: Boot : bseqnr=1, bootseq=0032
00:00:03.194228 VMMDev: Guest Log: BIOS: Booting from Hard Disk...
00:00:03.211644 Display::i_handleDisplayResize: uScreenId=0 pvVRAM=0000000000000000 w=720 h=400 bpp=0 cbLine=0x0 flags=0x0 origin=0,0
00:00:03.340387 PIIX3 ATA: Ctl#0: RESET, DevSel=0 AIOIf=0 CmdIf0=0xc4 (-1 usec ago) CmdIf1=0x00 (-1 usec ago)
00:00:03.340447 PIIX3 ATA: Ctl#0: finished processing RESET
00:00:04.254685 Display::i_handleDisplayResize: uScreenId=0 pvVRAM=0000000115279000 w=640 h=480 bpp=32 cbLine=0xA00 flags=0x0 origin=0,0
00:00:06.781842 Display::i_handleDisplayResize: uScreenId=0 pvVRAM=0000000000000000 w=720 h=400 bpp=0 cbLine=0x0 flags=0x0 origin=0,0
00:00:06.855155 GIM: KVM: VCPU  0: Enabled system-time struct. at 0x000000003c201000 - u32TscScale=0xb7e875b5 i8TscShift=0 uVersion=2 fFlags=0x1 uTsc=0x201b26373 uVirtNanoTS=0x17108faf4 TscKHz=1391999
00:00:06.855174 TM: Switching TSC mode from 'Dynamic' to 'RealTscOffset'
00:00:07.014203 GIM: KVM: Enabled wall-clock struct. at 0x000000003c200000 - u32Sec=1634777056 u32Nano=448527525 uVersion=2
00:00:07.041655 PIT: mode=2 count=0x12a5 (4773) - 249.98 Hz (ch=0)
00:00:07.042040 APIC0: Switched mode to x2APIC
00:00:07.162458 PIT: mode=0 count=0x10000 (65536) - 18.20 Hz (ch=0)
00:00:07.657493 PIIX3 ATA: Ctl#0: RESET, DevSel=0 AIOIf=0 CmdIf0=0xc4 (-1 usec ago) CmdIf1=0x00 (-1 usec ago)
00:00:07.657584 PIIX3 ATA: Ctl#0: finished processing RESET
00:00:08.115974 Display::i_handleDisplayResize: uScreenId=0 pvVRAM=0000000115279000 w=1024 h=768 bpp=32 cbLine=0x1000 flags=0x1 origin=0,0
00:00:11.444278 NAT: Link up
00:00:24.510259 VMMDev: Guest Additions information report: Version 6.1.22 r144080 '6.1.22_Ubuntu'
00:00:24.510297 VMMDev: Guest Additions information report: Interface = 0x00010004 osType = 0x00053100 (Linux >= 2.6, 64-bit)
00:00:24.510385 VMMDev: Guest Additions capability report: (0x0 -> 0x0) seamless: no, hostWindowMapping: no, graphics: no
00:00:24.510491 VMMDev: vmmDevReqHandler_HeartbeatConfigure: No change (fHeartbeatActive=false)
00:00:24.510516 VMMDev: Heartbeat flatline timer set to trigger after 4 000 000 000 ns
00:00:24.510564 VMMDev: Guest Log: vgdrvHeartbeatInit: Setting up heartbeat to trigger every 2000 milliseconds
00:00:24.515354 VMMDev: Guest Additions capability report: (0x0 -> 0x0) seamless: no, hostWindowMapping: no, graphics: no
00:00:24.515483 VMMDev: Guest Log: vboxguest: Successfully loaded version 6.1.22_Ubuntu r144080
00:00:24.515517 VMMDev: Guest Log: vboxguest: misc device minor 58, IRQ 20, I/O port d020, MMIO at 00000000f0400000 (size 0x400000)
00:00:45.262243 NAT: DHCP offered IP address 10.0.2.15
00:00:45.271138 NAT: IPv6 not supported
00:00:45.271474 NAT: DHCP offered IP address 10.0.2.15
00:00:51.483421 VMMDev: Guest Log: vboxsf: g_fHostFeatures=0x8000000f g_fSfFeatures=0x1 g_uSfLastFunction=29
00:00:51.518552 VMMDev: Guest Log: vboxsf: Successfully loaded version 6.1.22_Ubuntu r144080 on 5.4.0-89-generic SMP mod_unload modversions  (LINUX_VERSION_CODE=0x5048f)
00:00:51.522516 VMMDev: Guest Log: vboxsf: SHFL_FN_MAP_FOLDER failed for '/vagrant': share not found
00:02:00.931426 NAT: DHCP released IP address 10.0.2.15
00:02:07.216470 NAT: DHCP offered IP address 10.0.2.15
00:02:07.294342 NAT: DHCP offered IP address 10.0.2.15
00:19:01.191835 Pausing VM execution, reason 'host suspend'
00:19:01.302688 Changing the VM state from 'RUNNING' to 'SUSPENDING'
00:19:01.443521 PDMR3Suspend: 139 910 621 ns run time
00:19:01.443539 Changing the VM state from 'SUSPENDING' to 'SUSPENDED'
00:19:01.443815 Console: Machine state changed to 'Paused'
00:22:57.044826 Resuming VM execution, reason 'host resume'
00:22:57.162267 Changing the VM state from 'SUSPENDED' to 'RESUMING'
00:22:57.299566 NAT: resolv.conf: nameserver 2001:558:feed::1
00:22:57.306296 NAT: resolv.conf: nameserver 2001:558:feed::2
00:22:57.306311 NAT: resolv.conf: nameserver 75.75.75.75
00:22:57.306323 NAT: resolv.conf: nameserver 75.75.76.76
00:22:57.317960 slirp_host_network_configuration_change_strategy_selector: NAT: rcp_parse:VINF_SUCCESS old domain:hsd1.il.comcast.net new domain:hsd1.il.comcast.net
00:22:57.329354 Changing the VM state from 'RESUMING' to 'RUNNING'
00:22:57.329389 Console: Machine state changed to 'Running'
00:22:57.329700 NAT: resolv.conf: nameserver 2001:558:feed::1
00:22:57.329720 NAT: resolv.conf: nameserver 2001:558:feed::2
00:22:57.329731 NAT: resolv.conf: nameserver 75.75.75.75
00:22:57.329742 NAT: resolv.conf: nameserver 75.75.76.76
00:22:57.329777 NAT: Adding domain name hsd1.il.comcast.net
00:22:57.329836 NAT: DNS#0: 75.75.75.75
00:22:57.329862 NAT: DNS#1: 75.75.76.76
01:17:32.005020 Pausing VM execution, reason 'host suspend'
01:17:32.173118 Changing the VM state from 'RUNNING' to 'SUSPENDING'
01:17:32.388817 PDMR3Suspend: 194 975 382 ns run time
01:17:32.388838 Changing the VM state from 'SUSPENDING' to 'SUSPENDED'
01:17:32.388919 Console: Machine state changed to 'Paused'
01:30:21.642939 Resuming VM execution, reason 'host resume'
01:30:25.277034 Changing the VM state from 'SUSPENDED' to 'RESUMING'
01:30:25.536621 NAT: resolv.conf: nameserver 2001:558:feed::1
01:30:25.537026 NAT: resolv.conf: nameserver 2001:558:feed::2
01:30:25.537031 NAT: resolv.conf: nameserver 75.75.75.75
01:30:25.537035 NAT: resolv.conf: nameserver 75.75.76.76
01:30:25.537070 slirp_host_network_configuration_change_strategy_selector: NAT: rcp_parse:VINF_SUCCESS old domain:hsd1.il.comcast.net new domain:hsd1.il.comcast.net
01:30:25.539003 Changing the VM state from 'RESUMING' to 'RUNNING'
01:30:25.539233 NAT: resolv.conf: nameserver 2001:558:feed::1
01:30:25.539243 NAT: resolv.conf: nameserver 2001:558:feed::2
01:30:25.539247 NAT: resolv.conf: nameserver 75.75.75.75
01:30:25.539263 NAT: resolv.conf: nameserver 75.75.76.76
01:30:25.539269 Console: Machine state changed to 'Running'
01:30:25.539283 NAT: Adding domain name hsd1.il.comcast.net
01:30:25.539288 NAT: DNS#0: 75.75.75.75
01:30:25.539291 NAT: DNS#1: 75.75.76.76
01:41:19.870707 Pausing VM execution, reason 'host suspend'
01:41:20.263612 Changing the VM state from 'RUNNING' to 'SUSPENDING'
01:41:20.378233 PDMR3Suspend: 113 414 893 ns run time
01:41:20.378255 Changing the VM state from 'SUSPENDING' to 'SUSPENDED'
01:41:20.379914 Console: Machine state changed to 'Paused'
02:57:34.622566 Resuming VM execution, reason 'host resume'
02:57:38.278526 Changing the VM state from 'SUSPENDED' to 'RESUMING'
02:57:38.604937 NAT: resolv.conf: nameserver 2001:558:feed::1
02:57:38.606240 NAT: resolv.conf: nameserver 2001:558:feed::2
02:57:38.606251 NAT: resolv.conf: nameserver 75.75.75.75
02:57:38.606257 NAT: resolv.conf: nameserver 75.75.76.76
02:57:38.606343 slirp_host_network_configuration_change_strategy_selector: NAT: rcp_parse:VINF_SUCCESS old domain:hsd1.il.comcast.net new domain:hsd1.il.comcast.net
02:57:38.635435 NAT: resolv.conf: nameserver 2001:558:feed::1
02:57:38.686768 Changing the VM state from 'RESUMING' to 'RUNNING'
02:57:38.686791 NAT: resolv.conf: nameserver 2001:558:feed::2
02:57:38.686833 NAT: resolv.conf: nameserver 75.75.75.75
02:57:38.686841 NAT: resolv.conf: nameserver 75.75.76.76
02:57:38.686880 NAT: Adding domain name hsd1.il.comcast.net
02:57:38.686887 NAT: DNS#0: 75.75.75.75
02:57:38.686892 NAT: DNS#1: 75.75.76.76
02:57:38.687004 Console: Machine state changed to 'Running'
06:31:59.655809 VMMDev: vmmDevHeartbeatFlatlinedTimer: Guest seems to be unresponsive. Last heartbeat received 5 seconds ago
06:32:00.394666 VMMDev: GuestHeartBeat: Guest is alive (gone 6 068 680 833 ns)
06:32:19.238956 VMMDev: vmmDevHeartbeatFlatlinedTimer: Guest seems to be unresponsive. Last heartbeat received 11 seconds ago
06:32:19.353195 VMMDev: GuestHeartBeat: Guest is alive (gone 11 732 100 895 ns)
06:34:24.708175 VMMDev: vmmDevHeartbeatFlatlinedTimer: Guest seems to be unresponsive. Last heartbeat received 6 seconds ago
06:34:24.721958 VMMDev: GuestHeartBeat: Guest is alive (gone 6 354 826 327 ns)
06:51:04.735565 VMMDev: vmmDevHeartbeatFlatlinedTimer: Guest seems to be unresponsive. Last heartbeat received 5 seconds ago
06:51:04.848145 VMMDev: GuestHeartBeat: Guest is alive (gone 5 180 363 323 ns)
