00:00:00.277373 VirtualBox VM 6.1.26 r145957 darwin.amd64 (Jul 28 2021 18:24:31) release log
00:00:00.277391 Log opened 2021-10-21T18:47:15.693270000Z
00:00:00.277391 Build Type: release
00:00:00.277403 OS Product: Darwin
00:00:00.277408 OS Release: 20.6.0
00:00:00.277413 OS Version: Darwin Kernel Version 20.6.0: Mon Aug 30 06:12:21 PDT 2021; root:xnu-7195.141.6~3/RELEASE_X86_64
00:00:00.277586 DMI Product Name: MacBookPro16,3
00:00:00.277652 DMI Product Version: 1.0
00:00:00.277655 Firmware type: failed - VERR_NOT_SUPPORTED
00:00:00.277664 Host RAM: 8192MB (8.0GB) total, 1514MB available
00:00:00.277666 Executable: /Applications/VirtualBox.app/Contents/MacOS/VBoxHeadless
00:00:00.277666 Process ID: 98994
00:00:00.277667 Package type: DARWIN_64BITS_GENERIC
00:00:00.279390 Installed Extension Packs:
00:00:00.279398   None installed!
00:00:00.280500 Console: Machine state changed to 'Starting'
00:00:00.281953 VRDE: VirtualBox Remote Desktop Extension is not available.
00:00:00.284142 SUP: Opened VMMR0.r0 (/Applications/VirtualBox.app/Contents/MacOS/VMMR0.r0) at 0xXXXXXXXXXXXXXXXX loaded by the native ring-0 loader.
00:00:00.286416 Guest OS type: 'Ubuntu_64'
00:00:00.290059 fHMForced=true - No raw-mode support in this build!
00:00:00.300339 File system of '/Volumes/externalwd/ITMO-453/beyesus/packer-example-code/build/graphitemc_default_1634842033552_59292/Snapshots' (snapshots) is unknown
00:00:00.300352 File system of '/Volumes/externalwd/ITMO-453/beyesus/packer-example-code/build/graphitemc_default_1634842033552_59292/ubuntu-graphitemc-disk001.vmdk' is hfs
00:00:00.391731 Shared Clipboard: Service loaded
00:00:00.391758 Shared Clipboard: Mode: Off
00:00:00.391802 Shared Clipboard: Service running in headless mode
00:00:00.393224 Drag and drop service loaded
00:00:00.393231 Drag and drop mode: Off
00:00:00.395663 Per-VM extradata API settings:
00:00:00.395671   VBoxInternal2/SharedFoldersEnableSymlinksCreate/vagrant="1"
00:00:00.396010 ************************* CFGM dump *************************
00:00:00.396042 [/] (level 0)
00:00:00.396044   CpuExecutionCap   <integer> = 0x0000000000000064 (100)
00:00:00.396048   EnablePAE         <integer> = 0x0000000000000001 (1)
00:00:00.396049   HMEnabled         <integer> = 0x0000000000000001 (1)
00:00:00.396050   MemBalloonSize    <integer> = 0x0000000000000000 (0)
00:00:00.396050   Name              <string>  = "graphitemc_default_1634842033552_59292" (cb=39)
00:00:00.396052   NumCPUs           <integer> = 0x0000000000000001 (1)
00:00:00.396052   PageFusionAllowed <integer> = 0x0000000000000000 (0)
00:00:00.396053   RamHoleSize       <integer> = 0x0000000020000000 (536 870 912, 512 MB)
00:00:00.396054   RamSize           <integer> = 0x0000000040000000 (1 073 741 824, 1 024 MB)
00:00:00.396055   TimerMillies      <integer> = 0x000000000000000a (10)
00:00:00.396056   UUID              <bytes>   = "5d 90 e0 c9 6e cc 42 4b aa 8e 3f e8 a3 5a 3f b8" (cb=16)
00:00:00.396072 
00:00:00.396072 [/CPUM/] (level 1)
00:00:00.396074   GuestCpuName       <string>  = "host" (cb=5)
00:00:00.396074   NestedHWVirt       <integer> = 0x0000000000000000 (0)
00:00:00.396075   PortableCpuIdLevel <integer> = 0x0000000000000000 (0)
00:00:00.396075   SpecCtrl           <integer> = 0x0000000000000000 (0)
00:00:00.396076 
00:00:00.396076 [/CPUM/IsaExts/] (level 2)
00:00:00.396077 
00:00:00.396077 [/DBGC/] (level 1)
00:00:00.396078   GlobalInitScript <string>  = "/Users/birukeyesus/Library/VirtualBox/dbgc-init" (cb=48)
00:00:00.396078   HistoryFile      <string>  = "/Users/birukeyesus/Library/VirtualBox/dbgc-history" (cb=51)
00:00:00.396079   LocalInitScript  <string>  = "/Volumes/externalwd/ITMO-453/beyesus/packer-example-code/build/graphitemc_default_1634842033552_59292/dbgc-init" (cb=112)
00:00:00.396080 
00:00:00.396080 [/DBGF/] (level 1)
00:00:00.396080   Path <string>  = "/Volumes/externalwd/ITMO-453/beyesus/packer-example-code/build/graphitemc_default_1634842033552_59292/debug/;/Volumes/externalwd/ITMO-453/beyesus/packer-example-code/build/graphitemc_default_1634842033552_59292/;cache*/Volumes/externalwd/ITMO-453/beyesus/packer-example-code/build/graphitemc_default_1634842033552_59292/dbgcache/;/Users/birukeyesus/" (cb=350)
00:00:00.396081 
00:00:00.396082 [/Devices/] (level 1)
00:00:00.396082 
00:00:00.396082 [/Devices/8237A/] (level 2)
00:00:00.396083 
00:00:00.396084 [/Devices/8237A/0/] (level 3)
00:00:00.396084   Trusted <integer> = 0x0000000000000001 (1)
00:00:00.396085 
00:00:00.396085 [/Devices/GIMDev/] (level 2)
00:00:00.396086 
00:00:00.396086 [/Devices/GIMDev/0/] (level 3)
00:00:00.396087   Trusted <integer> = 0x0000000000000001 (1)
00:00:00.396087 
00:00:00.396087 [/Devices/VMMDev/] (level 2)
00:00:00.396088 
00:00:00.396088 [/Devices/VMMDev/0/] (level 3)
00:00:00.396089   PCIBusNo      <integer> = 0x0000000000000000 (0)
00:00:00.396090   PCIDeviceNo   <integer> = 0x0000000000000004 (4)
00:00:00.396090   PCIFunctionNo <integer> = 0x0000000000000000 (0)
00:00:00.396091   Trusted       <integer> = 0x0000000000000001 (1)
00:00:00.396091 
00:00:00.396091 [/Devices/VMMDev/0/Config/] (level 4)
00:00:00.396092   GuestCoreDumpDir <string>  = "/Volumes/externalwd/ITMO-453/beyesus/packer-example-code/build/graphitemc_default_1634842033552_59292/Snapshots" (cb=112)
00:00:00.396093 
00:00:00.396093 [/Devices/VMMDev/0/LUN#0/] (level 4)
00:00:00.396094   Driver <string>  = "HGCM" (cb=5)
00:00:00.396094 
00:00:00.396094 [/Devices/VMMDev/0/LUN#0/Config/] (level 5)
00:00:00.396095   Object <integer> = 0x00007facb870ee30 (140 379 805 511 216)
00:00:00.396096 
00:00:00.396097 [/Devices/VMMDev/0/LUN#999/] (level 4)
00:00:00.396097   Driver <string>  = "MainStatus" (cb=11)
00:00:00.396098 
00:00:00.396098 [/Devices/VMMDev/0/LUN#999/Config/] (level 5)
00:00:00.396099   First   <integer> = 0x0000000000000000 (0)
00:00:00.396099   Last    <integer> = 0x0000000000000000 (0)
00:00:00.396100   papLeds <integer> = 0x00007facb98b8590 (140 379 824 031 120)
00:00:00.396101 
00:00:00.396101 [/Devices/acpi/] (level 2)
00:00:00.396102 
00:00:00.396102 [/Devices/acpi/0/] (level 3)
00:00:00.396106   PCIBusNo      <integer> = 0x0000000000000000 (0)
00:00:00.396106   PCIDeviceNo   <integer> = 0x0000000000000007 (7)
00:00:00.396107   PCIFunctionNo <integer> = 0x0000000000000000 (0)
00:00:00.396107   Trusted       <integer> = 0x0000000000000001 (1)
00:00:00.396108 
00:00:00.396108 [/Devices/acpi/0/Config/] (level 4)
00:00:00.396109   CpuHotPlug          <integer> = 0x0000000000000000 (0)
00:00:00.396110   FdcEnabled          <integer> = 0x0000000000000000 (0)
00:00:00.396110   HostBusPciAddress   <integer> = 0x0000000000000000 (0)
00:00:00.396111   HpetEnabled         <integer> = 0x0000000000000000 (0)
00:00:00.396111   IOAPIC              <integer> = 0x0000000000000001 (1)
00:00:00.396112   IocPciAddress       <integer> = 0x0000000000010000 (65 536)
00:00:00.396113   NumCPUs             <integer> = 0x0000000000000001 (1)
00:00:00.396113   Parallel0IoPortBase <integer> = 0x0000000000000000 (0)
00:00:00.396114   Parallel0Irq        <integer> = 0x0000000000000000 (0)
00:00:00.396114   Parallel1IoPortBase <integer> = 0x0000000000000000 (0)
00:00:00.396115   Parallel1Irq        <integer> = 0x0000000000000000 (0)
00:00:00.396115   Serial0IoPortBase   <integer> = 0x0000000000000000 (0)
00:00:00.396116   Serial0Irq          <integer> = 0x0000000000000000 (0)
00:00:00.396116   Serial1IoPortBase   <integer> = 0x0000000000000000 (0)
00:00:00.396117   Serial1Irq          <integer> = 0x0000000000000000 (0)
00:00:00.396117   ShowCpu             <integer> = 0x0000000000000001 (1)
00:00:00.396118   ShowRtc             <integer> = 0x0000000000000000 (0)
00:00:00.396118   SmcEnabled          <integer> = 0x0000000000000000 (0)
00:00:00.396119 
00:00:00.396119 [/Devices/acpi/0/LUN#0/] (level 4)
00:00:00.396120   Driver <string>  = "ACPIHost" (cb=9)
00:00:00.396120 
00:00:00.396120 [/Devices/acpi/0/LUN#0/Config/] (level 5)
00:00:00.396121 
00:00:00.396121 [/Devices/apic/] (level 2)
00:00:00.396122 
00:00:00.396122 [/Devices/apic/0/] (level 3)
00:00:00.396123   Trusted <integer> = 0x0000000000000001 (1)
00:00:00.396123 
00:00:00.396124 [/Devices/apic/0/Config/] (level 4)
00:00:00.396124   IOAPIC  <integer> = 0x0000000000000001 (1)
00:00:00.396125   Mode    <integer> = 0x0000000000000003 (3)
00:00:00.396125   NumCPUs <integer> = 0x0000000000000001 (1)
00:00:00.396126 
00:00:00.396126 [/Devices/e1000/] (level 2)
00:00:00.396127 
00:00:00.396127 [/Devices/e1000/0/] (level 3)
00:00:00.396128   PCIBusNo      <integer> = 0x0000000000000000 (0)
00:00:00.396128   PCIDeviceNo   <integer> = 0x0000000000000003 (3)
00:00:00.396129   PCIFunctionNo <integer> = 0x0000000000000000 (0)
00:00:00.396129   Trusted       <integer> = 0x0000000000000001 (1)
00:00:00.396130 
00:00:00.396130 [/Devices/e1000/0/Config/] (level 4)
00:00:00.396131   AdapterType    <integer> = 0x0000000000000000 (0)
00:00:00.396132   CableConnected <integer> = 0x0000000000000001 (1)
00:00:00.396132   LineSpeed      <integer> = 0x0000000000000000 (0)
00:00:00.396133   MAC            <bytes>   = "08 00 27 29 ec 90" (cb=6)
00:00:00.396134 
00:00:00.396134 [/Devices/e1000/0/LUN#0/] (level 4)
00:00:00.396135   Driver <string>  = "NAT" (cb=4)
00:00:00.396135 
00:00:00.396136 [/Devices/e1000/0/LUN#0/Config/] (level 5)
00:00:00.396137   AliasMode       <integer> = 0x0000000000000000 (0)
00:00:00.396137   BootFile        <string>  = "graphitemc_default_1634842033552_59292.pxe" (cb=43)
00:00:00.396138   DNSProxy        <integer> = 0x0000000000000001 (1)
00:00:00.396138   Network         <string>  = "10.0.2.0/24" (cb=12)
00:00:00.396139   PassDomain      <integer> = 0x0000000000000001 (1)
00:00:00.396139   TFTPPrefix      <string>  = "/Users/birukeyesus/Library/VirtualBox/TFTP" (cb=43)
00:00:00.396140   UseHostResolver <integer> = 0x0000000000000000 (0)
00:00:00.396140 
00:00:00.396141 [/Devices/e1000/0/LUN#0/Config/PortForwarding/] (level 6)
00:00:00.396142 
00:00:00.396142 [/Devices/e1000/0/LUN#0/Config/PortForwarding/0/] (level 7)
00:00:00.396143   BindIP    <string>  = "127.0.0.1" (cb=10)
00:00:00.396143   GuestPort <integer> = 0x0000000000000016 (22)
00:00:00.396146   HostPort  <integer> = 0x0000000000000899 (2 201)
00:00:00.396146   Name      <string>  = "ssh" (cb=4)
00:00:00.396147   Protocol  <string>  = "TCP" (cb=4)
00:00:00.396147 
00:00:00.396147 [/Devices/e1000/0/LUN#999/] (level 4)
00:00:00.396148   Driver <string>  = "MainStatus" (cb=11)
00:00:00.396149 
00:00:00.396149 [/Devices/e1000/0/LUN#999/Config/] (level 5)
00:00:00.396150   First   <integer> = 0x0000000000000000 (0)
00:00:00.396150   Last    <integer> = 0x0000000000000000 (0)
00:00:00.396151   papLeds <integer> = 0x00007facb98b8470 (140 379 824 030 832)
00:00:00.396151 
00:00:00.396152 [/Devices/e1000/1/] (level 3)
00:00:00.396152   PCIBusNo      <integer> = 0x0000000000000000 (0)
00:00:00.396153   PCIDeviceNo   <integer> = 0x0000000000000008 (8)
00:00:00.396153   PCIFunctionNo <integer> = 0x0000000000000000 (0)
00:00:00.396154   Trusted       <integer> = 0x0000000000000001 (1)
00:00:00.396154 
00:00:00.396155 [/Devices/e1000/1/Config/] (level 4)
00:00:00.396156   AdapterType    <integer> = 0x0000000000000000 (0)
00:00:00.396156   CableConnected <integer> = 0x0000000000000001 (1)
00:00:00.396157   LineSpeed      <integer> = 0x0000000000000000 (0)
00:00:00.396157   MAC            <bytes>   = "08 00 27 53 c8 20" (cb=6)
00:00:00.396158 
00:00:00.396158 [/Devices/e1000/1/LUN#0/] (level 4)
00:00:00.396159   Driver <string>  = "IntNet" (cb=7)
00:00:00.396160 
00:00:00.396160 [/Devices/e1000/1/LUN#0/Config/] (level 5)
00:00:00.396161   IfPolicyPromisc <string>  = "deny" (cb=5)
00:00:00.396161   Network         <string>  = "HostInterfaceNetworking-vboxnet0" (cb=33)
00:00:00.396162   Trunk           <string>  = "vboxnet0" (cb=9)
00:00:00.396162   TrunkType       <integer> = 0x0000000000000004 (4)
00:00:00.396163 
00:00:00.396163 [/Devices/e1000/1/LUN#999/] (level 4)
00:00:00.396164   Driver <string>  = "MainStatus" (cb=11)
00:00:00.396164 
00:00:00.396165 [/Devices/e1000/1/LUN#999/Config/] (level 5)
00:00:00.396165   First   <integer> = 0x0000000000000000 (0)
00:00:00.396166   Last    <integer> = 0x0000000000000000 (0)
00:00:00.396166   papLeds <integer> = 0x00007facb98b8478 (140 379 824 030 840)
00:00:00.396167 
00:00:00.396167 [/Devices/i8254/] (level 2)
00:00:00.396168 
00:00:00.396168 [/Devices/i8254/0/] (level 3)
00:00:00.396169 
00:00:00.396170 [/Devices/i8254/0/Config/] (level 4)
00:00:00.396170 
00:00:00.396171 [/Devices/i8259/] (level 2)
00:00:00.396171 
00:00:00.396171 [/Devices/i8259/0/] (level 3)
00:00:00.396172   Trusted <integer> = 0x0000000000000001 (1)
00:00:00.396172 
00:00:00.396173 [/Devices/i8259/0/Config/] (level 4)
00:00:00.396173 
00:00:00.396174 [/Devices/ioapic/] (level 2)
00:00:00.396174 
00:00:00.396174 [/Devices/ioapic/0/] (level 3)
00:00:00.396175   Trusted <integer> = 0x0000000000000001 (1)
00:00:00.396176 
00:00:00.396176 [/Devices/ioapic/0/Config/] (level 4)
00:00:00.396176   NumCPUs <integer> = 0x0000000000000001 (1)
00:00:00.396177 
00:00:00.396177 [/Devices/mc146818/] (level 2)
00:00:00.396178 
00:00:00.396178 [/Devices/mc146818/0/] (level 3)
00:00:00.396179 
00:00:00.396179 [/Devices/mc146818/0/Config/] (level 4)
00:00:00.396180   UseUTC <integer> = 0x0000000000000001 (1)
00:00:00.396180 
00:00:00.396181 [/Devices/parallel/] (level 2)
00:00:00.396181 
00:00:00.396181 [/Devices/pcarch/] (level 2)
00:00:00.396182 
00:00:00.396182 [/Devices/pcarch/0/] (level 3)
00:00:00.396183   Trusted <integer> = 0x0000000000000001 (1)
00:00:00.396183 
00:00:00.396183 [/Devices/pcarch/0/Config/] (level 4)
00:00:00.396184 
00:00:00.396184 [/Devices/pcbios/] (level 2)
00:00:00.396185 
00:00:00.396185 [/Devices/pcbios/0/] (level 3)
00:00:00.396186   Trusted <integer> = 0x0000000000000001 (1)
00:00:00.396186 
00:00:00.396186 [/Devices/pcbios/0/Config/] (level 4)
00:00:00.396188   APIC           <integer> = 0x0000000000000001 (1)
00:00:00.396188   BootDevice0    <string>  = "IDE" (cb=4)
00:00:00.396189   BootDevice1    <string>  = "DVD" (cb=4)
00:00:00.396189   BootDevice2    <string>  = "NONE" (cb=5)
00:00:00.396190   BootDevice3    <string>  = "NONE" (cb=5)
00:00:00.396190   FloppyDevice   <string>  = "i82078" (cb=7)
00:00:00.396192   HardDiskDevice <string>  = "piix3ide" (cb=9)
00:00:00.396192   IOAPIC         <integer> = 0x0000000000000001 (1)
00:00:00.396193   McfgBase       <integer> = 0x0000000000000000 (0)
00:00:00.396194   McfgLength     <integer> = 0x0000000000000000 (0)
00:00:00.396194   NumCPUs        <integer> = 0x0000000000000001 (1)
00:00:00.396195   PXEDebug       <integer> = 0x0000000000000000 (0)
00:00:00.396195   UUID           <bytes>   = "5d 90 e0 c9 6e cc 42 4b aa 8e 3f e8 a3 5a 3f b8" (cb=16)
00:00:00.396197   UuidLe         <integer> = 0x0000000000000001 (1)
00:00:00.396198 
00:00:00.396198 [/Devices/pcbios/0/Config/NetBoot/] (level 5)
00:00:00.396199 
00:00:00.396199 [/Devices/pcbios/0/Config/NetBoot/0/] (level 6)
00:00:00.396200   NIC           <integer> = 0x0000000000000000 (0)
00:00:00.396200   PCIBusNo      <integer> = 0x0000000000000000 (0)
00:00:00.396201   PCIDeviceNo   <integer> = 0x0000000000000003 (3)
00:00:00.396201   PCIFunctionNo <integer> = 0x0000000000000000 (0)
00:00:00.396202 
00:00:00.396202 [/Devices/pci/] (level 2)
00:00:00.396203 
00:00:00.396203 [/Devices/pci/0/] (level 3)
00:00:00.396204   Trusted <integer> = 0x0000000000000001 (1)
00:00:00.396204 
00:00:00.396204 [/Devices/pci/0/Config/] (level 4)
00:00:00.396206   IOAPIC <integer> = 0x0000000000000001 (1)
00:00:00.396206 
00:00:00.396206 [/Devices/pcibridge/] (level 2)
00:00:00.396207 
00:00:00.396207 [/Devices/pckbd/] (level 2)
00:00:00.396208 
00:00:00.396208 [/Devices/pckbd/0/] (level 3)
00:00:00.396209   Trusted <integer> = 0x0000000000000001 (1)
00:00:00.396209 
00:00:00.396210 [/Devices/pckbd/0/Config/] (level 4)
00:00:00.396211 
00:00:00.396211 [/Devices/pckbd/0/LUN#0/] (level 4)
00:00:00.396212   Driver <string>  = "KeyboardQueue" (cb=14)
00:00:00.396212 
00:00:00.396212 [/Devices/pckbd/0/LUN#0/AttachedDriver/] (level 5)
00:00:00.396213   Driver <string>  = "MainKeyboard" (cb=13)
00:00:00.396214 
00:00:00.396214 [/Devices/pckbd/0/LUN#0/AttachedDriver/Config/] (level 6)
00:00:00.396215   Object <integer> = 0x00007facba00d8f0 (140 379 831 720 176)
00:00:00.396216 
00:00:00.396216 [/Devices/pckbd/0/LUN#0/Config/] (level 5)
00:00:00.396217   QueueSize <integer> = 0x0000000000000040 (64)
00:00:00.396217 
00:00:00.396218 [/Devices/pckbd/0/LUN#1/] (level 4)
00:00:00.396218   Driver <string>  = "MouseQueue" (cb=11)
00:00:00.396219 
00:00:00.396219 [/Devices/pckbd/0/LUN#1/AttachedDriver/] (level 5)
00:00:00.396220   Driver <string>  = "MainMouse" (cb=10)
00:00:00.396220 
00:00:00.396220 [/Devices/pckbd/0/LUN#1/AttachedDriver/Config/] (level 6)
00:00:00.396221   Object <integer> = 0x00007facba00dcd0 (140 379 831 721 168)
00:00:00.396222 
00:00:00.396222 [/Devices/pckbd/0/LUN#1/Config/] (level 5)
00:00:00.396223   QueueSize <integer> = 0x0000000000000080 (128)
00:00:00.396224 
00:00:00.396224 [/Devices/pcnet/] (level 2)
00:00:00.396225 
00:00:00.396225 [/Devices/piix3ide/] (level 2)
00:00:00.396226 
00:00:00.396226 [/Devices/piix3ide/0/] (level 3)
00:00:00.396227   PCIBusNo      <integer> = 0x0000000000000000 (0)
00:00:00.396227   PCIDeviceNo   <integer> = 0x0000000000000001 (1)
00:00:00.396228   PCIFunctionNo <integer> = 0x0000000000000001 (1)
00:00:00.396228   Trusted       <integer> = 0x0000000000000001 (1)
00:00:00.396229 
00:00:00.396229 [/Devices/piix3ide/0/Config/] (level 4)
00:00:00.396230   Type <string>  = "PIIX4" (cb=6)
00:00:00.396230 
00:00:00.396230 [/Devices/piix3ide/0/LUN#0/] (level 4)
00:00:00.396231   Driver <string>  = "VD" (cb=3)
00:00:00.396231 
00:00:00.396231 [/Devices/piix3ide/0/LUN#0/Config/] (level 5)
00:00:00.396233   Format    <string>  = "VMDK" (cb=5)
00:00:00.396233   Mountable <integer> = 0x0000000000000000 (0)
00:00:00.396234   Path      <string>  = "/Volumes/externalwd/ITMO-453/beyesus/packer-example-code/build/graphitemc_default_1634842033552_59292/ubuntu-graphitemc-disk001.vmdk" (cb=133)
00:00:00.396234   Type      <string>  = "HardDisk" (cb=9)
00:00:00.396235 
00:00:00.396235 [/Devices/piix3ide/0/LUN#999/] (level 4)
00:00:00.396236   Driver <string>  = "MainStatus" (cb=11)
00:00:00.396238 
00:00:00.396238 [/Devices/piix3ide/0/LUN#999/Config/] (level 5)
00:00:00.396239   DeviceInstance        <string>  = "piix3ide/0" (cb=11)
00:00:00.396240   First                 <integer> = 0x0000000000000000 (0)
00:00:00.396240   Last                  <integer> = 0x0000000000000003 (3)
00:00:00.396241   pConsole              <integer> = 0x00007facb98b7200 (140 379 824 026 112)
00:00:00.396242   papLeds               <integer> = 0x00007facb98b7978 (140 379 824 028 024)
00:00:00.396243   pmapMediumAttachments <integer> = 0x00007facb98b85b0 (140 379 824 031 152)
00:00:00.396244 
00:00:00.396244 [/Devices/serial/] (level 2)
00:00:00.396245 
00:00:00.396245 [/Devices/vga/] (level 2)
00:00:00.396245 
00:00:00.396246 [/Devices/vga/0/] (level 3)
00:00:00.396246   PCIBusNo      <integer> = 0x0000000000000000 (0)
00:00:00.396247   PCIDeviceNo   <integer> = 0x0000000000000002 (2)
00:00:00.396247   PCIFunctionNo <integer> = 0x0000000000000000 (0)
00:00:00.396248   Trusted       <integer> = 0x0000000000000001 (1)
00:00:00.396248 
00:00:00.396249 [/Devices/vga/0/Config/] (level 4)
00:00:00.396250   3DEnabled        <integer> = 0x0000000000000000 (0)
00:00:00.396250   CustomVideoModes <integer> = 0x0000000000000000 (0)
00:00:00.396251   FadeIn           <integer> = 0x0000000000000001 (1)
00:00:00.396251   FadeOut          <integer> = 0x0000000000000001 (1)
00:00:00.396252   HeightReduction  <integer> = 0x0000000000000000 (0)
00:00:00.396252   LogoFile         <string>  = "" (cb=1)
00:00:00.396253   LogoTime         <integer> = 0x0000000000000000 (0)
00:00:00.396253   MonitorCount     <integer> = 0x0000000000000001 (1)
00:00:00.396254   ShowBootMenu     <integer> = 0x0000000000000002 (2)
00:00:00.396254   VRamSize         <integer> = 0x0000000000400000 (4 194 304, 4 MB)
00:00:00.396256 
00:00:00.396256 [/Devices/vga/0/LUN#0/] (level 4)
00:00:00.396256   Driver <string>  = "MainDisplay" (cb=12)
00:00:00.396257 
00:00:00.396257 [/Devices/vga/0/LUN#0/Config/] (level 5)
00:00:00.396258   Object <integer> = 0x00007facbb011400 (140 379 848 512 512)
00:00:00.396259 
00:00:00.396259 [/Devices/vga/0/LUN#999/] (level 4)
00:00:00.396260   Driver <string>  = "MainStatus" (cb=11)
00:00:00.396260 
00:00:00.396261 [/Devices/vga/0/LUN#999/Config/] (level 5)
00:00:00.396261   First   <integer> = 0x0000000000000000 (0)
00:00:00.396262   Last    <integer> = 0x0000000000000000 (0)
00:00:00.396262   papLeds <integer> = 0x00007facb98b85a8 (140 379 824 031 144)
00:00:00.396263 
00:00:00.396264 [/Devices/virtio-net/] (level 2)
00:00:00.396264 
00:00:00.396264 [/EM/] (level 1)
00:00:00.396265   TripleFaultReset <integer> = 0x0000000000000000 (0)
00:00:00.396265 
00:00:00.396265 [/GIM/] (level 1)
00:00:00.396267   Provider <string>  = "KVM" (cb=4)
00:00:00.396267 
00:00:00.396267 [/HM/] (level 1)
00:00:00.396268   64bitEnabled       <integer> = 0x0000000000000001 (1)
00:00:00.396269   EnableLargePages   <integer> = 0x0000000000000001 (1)
00:00:00.396269   EnableNestedPaging <integer> = 0x0000000000000001 (1)
00:00:00.396270   EnableUX           <integer> = 0x0000000000000001 (1)
00:00:00.396270   EnableVPID         <integer> = 0x0000000000000001 (1)
00:00:00.396271   Exclusive          <integer> = 0x0000000000000000 (0)
00:00:00.396271   HMForced           <integer> = 0x0000000000000001 (1)
00:00:00.396272   IBPBOnVMEntry      <integer> = 0x0000000000000000 (0)
00:00:00.396273   IBPBOnVMExit       <integer> = 0x0000000000000000 (0)
00:00:00.396273   L1DFlushOnSched    <integer> = 0x0000000000000001 (1)
00:00:00.396274   L1DFlushOnVMEntry  <integer> = 0x0000000000000000 (0)
00:00:00.396274   MDSClearOnSched    <integer> = 0x0000000000000001 (1)
00:00:00.396275   MDSClearOnVMEntry  <integer> = 0x0000000000000000 (0)
00:00:00.396275   SpecCtrlByHost     <integer> = 0x0000000000000000 (0)
00:00:00.396276   UseNEMInstead      <integer> = 0x0000000000000000 (0)
00:00:00.396276 
00:00:00.396276 [/MM/] (level 1)
00:00:00.396277   CanUseLargerHeap <integer> = 0x0000000000000000 (0)
00:00:00.396278 
00:00:00.396278 [/NEM/] (level 1)
00:00:00.396278   Allow64BitGuests <integer> = 0x0000000000000001 (1)
00:00:00.396280 
00:00:00.396281 [/PDM/] (level 1)
00:00:00.396281 
00:00:00.396282 [/PDM/AsyncCompletion/] (level 2)
00:00:00.396282 
00:00:00.396283 [/PDM/AsyncCompletion/File/] (level 3)
00:00:00.396283 
00:00:00.396283 [/PDM/AsyncCompletion/File/BwGroups/] (level 4)
00:00:00.396284 
00:00:00.396284 [/PDM/BlkCache/] (level 2)
00:00:00.396285   CacheSize <integer> = 0x0000000000500000 (5 242 880, 5 MB)
00:00:00.396286 
00:00:00.396286 [/PDM/Devices/] (level 2)
00:00:00.396287 
00:00:00.396287 [/PDM/Drivers/] (level 2)
00:00:00.396288 
00:00:00.396288 [/PDM/Drivers/VBoxC/] (level 3)
00:00:00.396289   Path <string>  = "/Applications/VirtualBox.app/Contents/MacOS/components/VBoxC" (cb=61)
00:00:00.396290 
00:00:00.396290 [/PDM/NetworkShaper/] (level 2)
00:00:00.396290 
00:00:00.396291 [/PDM/NetworkShaper/BwGroups/] (level 3)
00:00:00.396291 
00:00:00.396291 [/TM/] (level 1)
00:00:00.396292   UTCOffset <integer> = 0x0000000000000000 (0)
00:00:00.396292 
00:00:00.396293 ********************* End of CFGM dump **********************
00:00:00.396459 HM: HMR3Init: VT-x w/ nested paging and unrestricted guest execution hw support
00:00:00.396479 MM: cbHyperHeap=0x200000 (2097152)
00:00:00.398906 CPUM: fXStateHostMask=0x7; initial: 0x7; host XCR0=0x7
00:00:00.399820 CPUM: Matched host CPU INTEL 0x6/0x8e/0xa Intel_Core7_CoffeeLake with CPU DB entry 'Intel Core i7-6700K' (INTEL 0x6/0x5e/0x3 Intel_Core7_Skylake)
00:00:00.400054 CPUM: MXCSR_MASK=0xffff (host: 0xffff)
00:00:00.400118 CPUM: Microcode revision 0x000000EA
00:00:00.400161 CPUM: Changing leaf 13[0]: EBX=0x340 -> 0x340, ECX=0x440 -> 0x340
00:00:00.400200 CPUM: MSR/CPUID reconciliation insert: 0x0000010b IA32_FLUSH_CMD
00:00:00.400262 CPUM: SetGuestCpuIdFeature: Enabled PAE
00:00:00.400621 PGM: Host paging mode: AMD64+PGE+NX
00:00:00.400652 PGM: PGMPool: cMaxPages=768 (u64MaxPages=545)
00:00:00.400658 PGM: pgmR3PoolInit: cMaxPages=0x300 cMaxUsers=0x600 cMaxPhysExts=0x600 fCacheEnable=true 
00:00:00.407557 TM: GIP - u32Mode=3 (Invariant) u32UpdateHz=100 u32UpdateIntervalNS=10000000 enmUseTscDelta=2 (Practically Zero) fGetGipCpu=0x15 cCpus=8
00:00:00.407599 TM: GIP - u64CpuHz=1 391 999 999 (0x52f83bff)  SUPGetCpuHzFromGip => 1 391 999 999
00:00:00.407605 TM: GIP - CPU: iCpuSet=0x0 idCpu=0x0 idApic=0x0 iGipCpu=0x2 i64TSCDelta=0 enmState=3 u64CpuHz=1391999940(*) cErrors=0
00:00:00.407609 TM: GIP - CPU: iCpuSet=0x1 idCpu=0x1 idApic=0x1 iGipCpu=0x3 i64TSCDelta=0 enmState=3 u64CpuHz=1391999986(*) cErrors=0
00:00:00.407612 TM: GIP - CPU: iCpuSet=0x2 idCpu=0x2 idApic=0x2 iGipCpu=0x7 i64TSCDelta=0 enmState=3 u64CpuHz=1391999997(*) cErrors=0
00:00:00.407614 TM: GIP - CPU: iCpuSet=0x3 idCpu=0x3 idApic=0x3 iGipCpu=0x6 i64TSCDelta=0 enmState=3 u64CpuHz=1391999991(*) cErrors=0
00:00:00.407617 TM: GIP - CPU: iCpuSet=0x4 idCpu=0x4 idApic=0x4 iGipCpu=0x4 i64TSCDelta=0 enmState=3 u64CpuHz=1392000000(*) cErrors=0
00:00:00.407620 TM: GIP - CPU: iCpuSet=0x5 idCpu=0x5 idApic=0x5 iGipCpu=0x5 i64TSCDelta=0 enmState=3 u64CpuHz=1391999992(*) cErrors=0
00:00:00.407623 TM: GIP - CPU: iCpuSet=0x6 idCpu=0x6 idApic=0x6 iGipCpu=0x0 i64TSCDelta=0 enmState=3 u64CpuHz=1391999999(*) cErrors=0
00:00:00.407628 TM: GIP - CPU: iCpuSet=0x7 idCpu=0x7 idApic=0x7 iGipCpu=0x1 i64TSCDelta=0 enmState=3 u64CpuHz=1391992445(*) cErrors=0
00:00:00.407734 TM: cTSCTicksPerSecond=1 391 999 999 (0x52f83bff) enmTSCMode=3 (Dynamic)
00:00:00.407736 TM: TSCTiedToExecution=false TSCNotTiedToHalt=false
00:00:00.408360 EMR3Init: fIemExecutesAll=false fGuruOnTripleFault=true 
00:00:00.408469 IEM: TargetCpu=CURRENT, Microarch=Intel_Core7_CoffeeLake
00:00:00.408701 GIM: Using provider 'KVM' (Implementation version: 0)
00:00:00.408720 CPUM: SetGuestCpuIdFeature: Enabled Hypervisor Present bit
00:00:00.408852 AIOMgr: Default manager type is 'Async'
00:00:00.408858 AIOMgr: Default file backend is 'NonBuffered'
00:00:00.408956 BlkCache: Cache successfully initialized. Cache size is 5242880 bytes
00:00:00.408964 BlkCache: Cache commit interval is 10000 ms
00:00:00.408968 BlkCache: Cache commit threshold is 2621440 bytes
00:00:00.496822 PcBios: [SMP] BIOS with 1 CPUs
00:00:00.496894 PcBios: Using the 386+ BIOS image.
00:00:00.497175 PcBios: MPS table at 000e1300
00:00:00.498530 PcBios: fCheckShutdownStatusForSoftReset=true   fClearShutdownStatusOnHardReset=true 
00:00:00.499499 SUP: Opened VBoxDDR0.r0 (/Applications/VirtualBox.app/Contents/MacOS/VBoxDDR0.r0) at 0xXXXXXXXXXXXXXXXX loaded by the native ring-0 loader.
00:00:00.500074 CPUM: SetGuestCpuIdFeature: Enabled xAPIC
00:00:00.500081 CPUM: SetGuestCpuIdFeature: Enabled x2APIC
00:00:00.500574 IOAPIC: Using implementation 2.0! Chipset type ICH9
00:00:00.500694 PIT: mode=3 count=0x10000 (65536) - 18.20 Hz (ch=0)
00:00:00.501092 VMMDev: cbDefaultBudget: 134 217 728 (8000000)
00:00:00.506186 Shared Folders service loaded
00:00:00.510468 Guest Control service loaded
00:00:00.516379 VGA: Using the 386+ BIOS image.
00:00:00.522171 DrvVD: Flushes will be ignored
00:00:00.522171 DrvVD: Async flushes will be passed to the disk
00:00:00.522614 VD: VDInit finished with VINF_SUCCESS
00:00:00.573879 VD: Opening the disk took 51707213 ns
00:00:00.573958 PIIX3 ATA: LUN#0: disk, PCHS=16383/16/63, total number of sectors 20480000
00:00:00.575043 PIIX3 ATA: LUN#1: no unit
00:00:00.575101 PIIX3 ATA: LUN#2: no unit
00:00:00.575106 PIIX3 ATA: LUN#3: no unit
00:00:00.575261 PIIX3 ATA: Ctl#0: finished processing RESET
00:00:00.575268 PIIX3 ATA: Ctl#1: finished processing RESET
00:00:00.575432 E1000#0: Chip=82540EM LinkUpDelay=3000ms EthernetCRC=on GSO=enabled Itr=disabled ItrRx=enabled TID=disabled R0=enabled RC=disabled
00:00:00.582457 NAT: Guest address guess set to 10.0.2.15 by initialization
00:00:00.582637 NAT: resolv.conf: nameserver 2001:558:feed::1
00:00:00.582645 NAT: resolv.conf: nameserver 2001:558:feed::2
00:00:00.582649 NAT: resolv.conf: nameserver 75.75.75.75
00:00:00.582652 NAT: resolv.conf: nameserver 75.75.76.76
00:00:00.582665 NAT: Adding domain name hsd1.il.comcast.net
00:00:00.582667 NAT: DNS#0: 75.75.75.75
00:00:00.582670 NAT: DNS#1: 75.75.76.76
00:00:00.582734 NAT: Set redirect TCP 127.0.0.1:2201 -> 0.0.0.0:22
00:00:00.584440 E1000#1: Chip=82540EM LinkUpDelay=3000ms EthernetCRC=on GSO=enabled Itr=disabled ItrRx=enabled TID=disabled R0=enabled RC=disabled
00:00:00.584568 IntNet#0: szNetwork={HostInterfaceNetworking-vboxnet0} enmTrunkType=4 szTrunk={vboxnet0} fFlags=0x8000 cbRecv=325632 cbSend=196608 fIgnoreConnectFailure=false
00:00:00.585698 PGM: The CPU physical address width is 39 bits
00:00:00.585708 PGM: PGMR3InitFinalize: 4 MB PSE mask 0000007fffffffff -> VINF_SUCCESS
00:00:00.585734 TM: TMR3InitFinalize: fTSCModeSwitchAllowed=true 
00:00:00.585956 VMM: Thread-context hooks unavailable
00:00:00.585960 VMM: RTThreadPreemptIsPending() can be trusted
00:00:00.585962 VMM: Kernel preemption is possible
00:00:00.585996 HM: fWorldSwitcher=0x0 (fIbpbOnVmExit=false fIbpbOnVmEntry=false fL1dFlushOnVmEntry=false); fL1dFlushOnSched=true  fMdsClearOnVmEntry=false
00:00:00.586026 HM: Using VT-x implementation 3.0
00:00:00.586026 HM: Max resume loops                  = 8192
00:00:00.586027 HM: Host CR4                          = 0x3626e0
00:00:00.586027 HM: Host EFER                         = 0xd01
00:00:00.586028 HM: MSR_IA32_SMM_MONITOR_CTL          = 0x0
00:00:00.586028 HM: MSR_IA32_FEATURE_CONTROL          = 0x5
00:00:00.586028 HM:   LOCK
00:00:00.586029 HM:   VMXON
00:00:00.586029 HM: MSR_IA32_VMX_BASIC                = 0xda040000000004
00:00:00.586030 HM:   VMCS id                           = 0x4
00:00:00.586030 HM:   VMCS size                         = 1024 bytes
00:00:00.586030 HM:   VMCS physical address limit       = None
00:00:00.586044 HM:   VMCS memory type                  = Write Back (WB)
00:00:00.586044 HM:   Dual-monitor treatment support    = true 
00:00:00.586044 HM:   OUTS & INS instruction-info       = true 
00:00:00.586045 HM:   Supports true-capability MSRs     = true 
00:00:00.586045 HM:   VM-entry Xcpt error-code optional = false
00:00:00.586045 HM: MSR_IA32_VMX_PINBASED_CTLS        = 0x7f00000016
00:00:00.586046 HM:   EXT_INT_EXIT
00:00:00.586046 HM:   NMI_EXIT
00:00:00.586046 HM:   VIRTUAL_NMI
00:00:00.586047 HM:   PREEMPT_TIMER
00:00:00.586047 HM:   POSTED_INT (must be cleared)
00:00:00.586047 HM: MSR_IA32_VMX_PROCBASED_CTLS       = 0xfff9fffe0401e172
00:00:00.586048 HM:   INT_WINDOW_EXIT
00:00:00.586048 HM:   USE_TSC_OFFSETTING
00:00:00.586048 HM:   HLT_EXIT
00:00:00.586048 HM:   INVLPG_EXIT
00:00:00.586049 HM:   MWAIT_EXIT
00:00:00.586049 HM:   RDPMC_EXIT
00:00:00.586049 HM:   RDTSC_EXIT
00:00:00.586049 HM:   CR3_LOAD_EXIT (must be set)
00:00:00.586050 HM:   CR3_STORE_EXIT (must be set)
00:00:00.586050 HM:   CR8_LOAD_EXIT
00:00:00.586050 HM:   CR8_STORE_EXIT
00:00:00.586050 HM:   USE_TPR_SHADOW
00:00:00.586051 HM:   NMI_WINDOW_EXIT
00:00:00.586051 HM:   MOV_DR_EXIT
00:00:00.586051 HM:   UNCOND_IO_EXIT
00:00:00.586051 HM:   USE_IO_BITMAPS
00:00:00.586051 HM:   MONITOR_TRAP_FLAG
00:00:00.586052 HM:   USE_MSR_BITMAPS
00:00:00.586052 HM:   MONITOR_EXIT
00:00:00.586052 HM:   PAUSE_EXIT
00:00:00.586052 HM:   USE_SECONDARY_CTLS
00:00:00.586065 HM: MSR_IA32_VMX_PROCBASED_CTLS2      = 0x5fbcff00000000
00:00:00.586066 HM:   VIRT_APIC_ACCESS
00:00:00.586066 HM:   EPT
00:00:00.586067 HM:   DESC_TABLE_EXIT
00:00:00.586067 HM:   RDTSCP
00:00:00.586067 HM:   VIRT_X2APIC_MODE
00:00:00.586067 HM:   VPID
00:00:00.586067 HM:   WBINVD_EXIT
00:00:00.586068 HM:   UNRESTRICTED_GUEST
00:00:00.586068 HM:   APIC_REG_VIRT (must be cleared)
00:00:00.586068 HM:   VIRT_INT_DELIVERY (must be cleared)
00:00:00.586068 HM:   PAUSE_LOOP_EXIT
00:00:00.586069 HM:   RDRAND_EXIT
00:00:00.586069 HM:   INVPCID
00:00:00.586081 HM:   VMFUNC
00:00:00.586082 HM:   VMCS_SHADOWING (must be cleared)
00:00:00.586082 HM:   ENCLS_EXIT
00:00:00.586082 HM:   RDSEED_EXIT
00:00:00.586082 HM:   PML
00:00:00.586083 HM:   EPT_VE
00:00:00.586083 HM:   CONCEAL_VMX_FROM_PT
00:00:00.586083 HM:   XSAVES_XRSTORS
00:00:00.586083 HM:   MODE_BASED_EPT_PERM
00:00:00.586084 HM:   SPPTP_EPT (must be cleared)
00:00:00.586084 HM:   PT_EPT (must be cleared)
00:00:00.586084 HM:   TSC_SCALING (must be cleared)
00:00:00.586084 HM:   USER_WAIT_PAUSE (must be cleared)
00:00:00.586084 HM:   ENCLV_EXIT (must be cleared)
00:00:00.586085 HM: MSR_IA32_VMX_ENTRY_CTLS           = 0x3ffff000011ff
00:00:00.586085 HM:   LOAD_DEBUG (must be set)
00:00:00.586086 HM:   IA32E_MODE_GUEST
00:00:00.586086 HM:   ENTRY_TO_SMM
00:00:00.586086 HM:   DEACTIVATE_DUAL_MON
00:00:00.586086 HM:   LOAD_PERF_MSR
00:00:00.586086 HM:   LOAD_PAT_MSR
00:00:00.586087 HM:   LOAD_EFER_MSR
00:00:00.586087 HM:   LOAD_BNDCFGS_MSR
00:00:00.586087 HM:   CONCEAL_VMX_FROM_PT
00:00:00.586087 HM:   LOAD_RTIT_CTL_MSR (must be cleared)
00:00:00.586088 HM: MSR_IA32_VMX_EXIT_CTLS            = 0x1ffffff00036dff
00:00:00.586088 HM:   SAVE_DEBUG (must be set)
00:00:00.586088 HM:   HOST_ADDR_SPACE_SIZE
00:00:00.586089 HM:   LOAD_PERF_MSR
00:00:00.586089 HM:   ACK_EXT_INT
00:00:00.586089 HM:   SAVE_PAT_MSR
00:00:00.586089 HM:   LOAD_PAT_MSR
00:00:00.586089 HM:   SAVE_EFER_MSR
00:00:00.586090 HM:   LOAD_EFER_MSR
00:00:00.586090 HM:   SAVE_PREEMPT_TIMER
00:00:00.586090 HM:   CLEAR_BNDCFGS_MSR
00:00:00.586091 HM:   CONCEAL_VMX_FROM_PT
00:00:00.586091 HM:   CLEAR_RTIT_CTL_MSR (must be cleared)
00:00:00.586091 HM: MSR_IA32_VMX_TRUE_PINBASED_CTLS   = 0x7f00000016
00:00:00.586092 HM: MSR_IA32_VMX_TRUE_PROCBASED_CTLS  = 0xfff9fffe04006172
00:00:00.586092 HM: MSR_IA32_VMX_TRUE_ENTRY_CTLS      = 0x3ffff000011fb
00:00:00.586093 HM: MSR_IA32_VMX_TRUE_EXIT_CTLS       = 0x1ffffff00036dfb
00:00:00.586093 HM: MSR_IA32_VMX_MISC                 = 0x7004c1e7
00:00:00.586094 HM:   PREEMPT_TIMER_TSC                 = 0x7
00:00:00.586094 HM:   EXIT_SAVE_EFER_LMA                = true 
00:00:00.586095 HM:   ACTIVITY_STATES                   = 0x7 ( HLT SHUTDOWN SIPI_WAIT )
00:00:00.586095 HM:   INTEL_PT                          = true 
00:00:00.586095 HM:   SMM_READ_SMBASE_MSR               = true 
00:00:00.586109 HM:   CR3_TARGET                        = 0x4
00:00:00.586109 HM:   MAX_MSR                           = 0x0 ( 512 )
00:00:00.586109 HM:   VMXOFF_BLOCK_SMI                  = true 
00:00:00.586110 HM:   VMWRITE_ALL                       = true 
00:00:00.586110 HM:   ENTRY_INJECT_SOFT_INT             = 0x1
00:00:00.586110 HM:   MSEG_ID                           = 0x0
00:00:00.586111 HM: MSR_IA32_VMX_VMCS_ENUM            = 0x2e
00:00:00.586111 HM:   HIGHEST_IDX                       = 0x17
00:00:00.586111 HM: MSR_IA32_VMX_EPT_VPID_CAP         = 0xf0106734141
00:00:00.586112 HM:   RWX_X_ONLY
00:00:00.586112 HM:   PAGE_WALK_LENGTH_4
00:00:00.586112 HM:   EMT_UC
00:00:00.586113 HM:   EMT_WB
00:00:00.586113 HM:   PDE_2M
00:00:00.586113 HM:   PDPTE_1G
00:00:00.586113 HM:   INVEPT
00:00:00.586114 HM:   EPT_ACCESS_DIRTY
00:00:00.586114 HM:   ADVEXITINFO_EPT
00:00:00.586114 HM:   INVEPT_SINGLE_CONTEXT
00:00:00.586114 HM:   INVEPT_ALL_CONTEXTS
00:00:00.586114 HM:   INVVPID
00:00:00.586115 HM:   INVVPID_INDIV_ADDR
00:00:00.586115 HM:   INVVPID_SINGLE_CONTEXT
00:00:00.586115 HM:   INVVPID_ALL_CONTEXTS
00:00:00.586115 HM:   INVVPID_SINGLE_CONTEXT_RETAIN_GLOBALS
00:00:00.586116 HM: MSR_IA32_VMX_VMFUNC               = 0x1
00:00:00.586116 HM:   EPTP_SWITCHING
00:00:00.586116 HM: MSR_IA32_VMX_CR0_FIXED0           = 0x80000021
00:00:00.586117 HM: MSR_IA32_VMX_CR0_FIXED1           = 0xffffffff
00:00:00.586117 HM: MSR_IA32_VMX_CR4_FIXED0           = 0x2000
00:00:00.586117 HM: MSR_IA32_VMX_CR4_FIXED1           = 0x3727ff
00:00:00.586118 HM: APIC-access page physaddr         = 0x000000013b7c3000
00:00:00.586119 HM: VCPU  0: MSR bitmap physaddr      = 0x000000015a464000
00:00:00.586119 HM: VCPU  0: VMCS physaddr            = 0x00000000441f2000
00:00:00.586120 HM: Guest support: 32-bit and 64-bit
00:00:00.586129 HM: Supports VMCS EFER fields         = true 
00:00:00.586130 HM: Enabled VMX
00:00:00.586132 CPUM: SetGuestCpuIdFeature: Enabled SYSENTER/EXIT
00:00:00.586133 CPUM: SetGuestCpuIdFeature: Enabled PAE
00:00:00.586133 CPUM: SetGuestCpuIdFeature: Enabled LONG MODE
00:00:00.586133 CPUM: SetGuestCpuIdFeature: Enabled SYSCALL/RET
00:00:00.586134 CPUM: SetGuestCpuIdFeature: Enabled LAHF/SAHF
00:00:00.586134 CPUM: SetGuestCpuIdFeature: Enabled NX
00:00:00.586134 HM: Enabled nested paging
00:00:00.586134 HM:   EPT flush type                  = Single context
00:00:00.586135 HM: Enabled unrestricted guest execution
00:00:00.586135 HM: Enabled large page support
00:00:00.586135 HM: Enabled VPID
00:00:00.586135 HM:   VPID flush type                 = Single context
00:00:00.586138 HM: Enabled VMX-preemption timer (cPreemptTimerShift=7)
00:00:00.586138 HM: VT-x/AMD-V init method: Global
00:00:00.586139 EM: Exit history optimizations: enabled=true  enabled-r0=true  enabled-r0-no-preemption=false
00:00:00.586176 PcBios: ATA LUN#0 LCHS=1024/255/63
00:00:00.586195 APIC: fPostedIntrsEnabled=false fVirtApicRegsEnabled=false fSupportsTscDeadline=false
00:00:00.586200 TMR3UtcNow: nsNow=1 634 842 036 002 125 000 nsPrev=0 -> cNsDelta=1 634 842 036 002 125 000 (offLag=0 offVirtualSync=0 offVirtualSyncGivenUp=0, NowAgain=1 634 842 036 002 125 000)
00:00:00.586206 VMM: fUsePeriodicPreemptionTimers=false
00:00:00.586405 CPUM: Logical host processors: 8 present, 8 max, 8 online, online mask: 00000000000000ff
00:00:00.586408 CPUM: Physical host cores: 4
00:00:00.586408 ************************* CPUID dump ************************
00:00:00.586436          Raw Standard CPUID Leaves
00:00:00.586436      Leaf/sub-leaf  eax      ebx      ecx      edx
00:00:00.586437 Gst: 00000000/0000  00000016 756e6547 6c65746e 49656e69
00:00:00.586438 Hst:                00000016 756e6547 6c65746e 49656e69
00:00:00.586439 Gst: 00000001/0000  000806ea 00010800 d6fa220b 178bfbff
00:00:00.586440 Hst:                000806ea 00100800 7ffafbbf bfebfbff
00:00:00.586441 Gst: 00000002/0000  76036301 00f0b5ff 00000000 00c30000
00:00:00.586441 Hst:                76036301 00f0b5ff 00000000 00c30000
00:00:00.586442 Gst: 00000003/0000  00000000 00000000 00000000 00000000
00:00:00.586443 Hst:                00000000 00000000 00000000 00000000
00:00:00.586444 Gst: 00000004/0000  00000121 01c0003f 0000003f 00000000
00:00:00.586444 Hst:                1c004121 01c0003f 0000003f 00000000
00:00:00.586445 Gst: 00000004/0001  00000122 01c0003f 0000003f 00000000
00:00:00.586446 Hst:                1c004122 01c0003f 0000003f 00000000
00:00:00.586446 Gst: 00000004/0002  00000143 00c0003f 000003ff 00000000
00:00:00.586447 Hst:                1c004143 00c0003f 000003ff 00000000
00:00:00.586448 Gst: 00000004/0003  00000163 02c0003f 00001fff 00000006
00:00:00.586448 Hst:                1c03c163 02c0003f 00001fff 00000006
00:00:00.586449 Gst: 00000004/0004  00000000 00000000 00000000 00000000
00:00:00.586450 Hst:                00000000 00000000 00000000 00000000
00:00:00.586450 Gst: 00000005/0000  00000040 00000040 00000000 00000000
00:00:00.586451 Hst:                00000040 00000040 00000003 11142120
00:00:00.586452 Gst: 00000006/0000  00000000 00000000 00000000 00000000
00:00:00.586452 Hst:                000026f7 00000002 00000009 00000000
00:00:00.586453 Gst: 00000007/0000  00000000 00842421 00000000 10000400
00:00:00.586454 Hst:                00000000 029c67af 00000000 9c002e00
00:00:00.586454 Gst: 00000007/0001  00000000 00000000 00000000 00000000
00:00:00.586455 Hst:                00000000 00000000 00000000 00000000
00:00:00.586455 Gst: 00000008/0000  00000000 00000000 00000000 00000000
00:00:00.586456 Hst:                00000000 00000000 00000000 00000000
00:00:00.586456 Gst: 00000009/0000  00000000 00000000 00000000 00000000
00:00:00.586457 Hst:                00000000 00000000 00000000 00000000
00:00:00.586457 Gst: 0000000a/0000  00000000 00000000 00000000 00000000
00:00:00.586458 Hst:                07300404 00000000 00000000 00000603
00:00:00.586458 Gst: 0000000b/0000  00000000 00000001 00000100 00000000
00:00:00.586459 Hst:                00000001 00000002 00000100 00000000
00:00:00.586460 Gst: 0000000b/0001  00000001 00000001 00000201 00000000
00:00:00.586460 Hst:                00000004 00000008 00000201 00000000
00:00:00.586461 Gst: 0000000b/0002  00000000 00000000 00000002 00000000
00:00:00.586461 Hst:                00000000 00000000 00000002 00000000
00:00:00.586462 Gst: 0000000c/0000  00000000 00000000 00000000 00000000
00:00:00.586462 Hst:                00000000 00000000 00000000 00000000
00:00:00.586463 Gst: 0000000d/0000  00000007 00000340 00000340 00000000
00:00:00.586463 Hst:                0000001f 00000340 00000440 00000000
00:00:00.586464 Gst: 0000000d/0001  00000000 00000340 00000000 00000000
00:00:00.586464 Hst:                0000000f 00000340 00000100 00000000
00:00:00.586465 Gst: 0000000d/0002  00000100 00000240 00000000 00000000
00:00:00.586465 Hst:                00000100 00000240 00000000 00000000
00:00:00.586466 Gst: 0000000d/0003  00000000 00000000 00000000 00000000
00:00:00.586466 Hst:                00000040 000003c0 00000000 00000000
00:00:00.586467 Gst: 0000000d/0004  00000000 00000000 00000000 00000000
00:00:00.586468 Hst:                00000040 00000400 00000000 00000000
00:00:00.586468 Gst: 0000000d/0005  00000000 00000000 00000000 00000000
00:00:00.586469 Hst:                00000000 00000000 00000000 00000000
00:00:00.586469 Gst: 0000000d/0006  00000000 00000000 00000000 00000000
00:00:00.586470 Hst:                00000000 00000000 00000000 00000000
00:00:00.586470 Gst: 0000000d/0007  00000000 00000000 00000000 00000000
00:00:00.586471 Hst:                00000000 00000000 00000000 00000000
00:00:00.586471 Gst: 0000000d/0008  00000000 00000000 00000000 00000000
00:00:00.586472 Hst:                00000080 00000000 00000001 00000000
00:00:00.586472 Gst: 0000000d/0009  00000000 00000000 00000000 00000000
00:00:00.586473 Hst:                00000000 00000000 00000000 00000000
00:00:00.586489 Gst: 0000000e/0000  00000000 00000000 00000000 00000000
00:00:00.586489 Hst:                00000000 00000000 00000000 00000000
00:00:00.586490 Gst: 0000000f/0000  00000000 00000000 00000000 00000000
00:00:00.586490 Hst:                00000000 00000000 00000000 00000000
00:00:00.586491 Gst: 00000010/0000  00000000 00000000 00000000 00000000
00:00:00.586491 Hst:                00000000 00000000 00000000 00000000
00:00:00.586492 Gst: 00000011/0000  00000000 00000000 00000000 00000000
00:00:00.586493 Hst:                00000000 00000000 00000000 00000000
00:00:00.586493 Gst: 00000012/0000  00000000 00000000 00000000 00000000
00:00:00.586494 Hst:                00000000 00000000 00000000 00000000
00:00:00.586494 Gst: 00000013/0000  00000000 00000000 00000000 00000000
00:00:00.586495 Hst:                00000000 00000000 00000000 00000000
00:00:00.586495 Gst: 00000014/0000  00000000 00000000 00000000 00000000
00:00:00.586496 Hst:                00000001 0000000f 00000007 00000000
00:00:00.586496 Hst: 00000015/0000  00000002 00000074 00000000 00000000
00:00:00.586497 Hst: 00000016/0000  00000578 00000f3c 00000064 00000000
00:00:00.586498                                Name: GenuineIntel
00:00:00.586499                            Supports: 0x00000000-0x00000016
00:00:00.586512                              Family:  6 	Extended: 0 	Effective: 6
00:00:00.586513                               Model: 14 	Extended: 8 	Effective: 142
00:00:00.586515                            Stepping: 10
00:00:00.586515                                Type: 0 (primary)
00:00:00.586516                             APIC ID: 0x00
00:00:00.586517                        Logical CPUs: 1
00:00:00.586517                        CLFLUSH Size: 8
00:00:00.586518                            Brand ID: 0x00
00:00:00.586519 Features
00:00:00.586519   Mnemonic - Description                                  = guest (host)
00:00:00.586532   FPU - x87 FPU on Chip                                   = 1 (1)
00:00:00.586534   VME - Virtual 8086 Mode Enhancements                    = 1 (1)
00:00:00.586535   DE - Debugging extensions                               = 1 (1)
00:00:00.586536   PSE - Page Size Extension                               = 1 (1)
00:00:00.586536   TSC - Time Stamp Counter                                = 1 (1)
00:00:00.586537   MSR - Model Specific Registers                          = 1 (1)
00:00:00.586538   PAE - Physical Address Extension                        = 1 (1)
00:00:00.586539   MCE - Machine Check Exception                           = 1 (1)
00:00:00.586540   CX8 - CMPXCHG8B instruction                             = 1 (1)
00:00:00.586540   APIC - APIC On-Chip                                     = 1 (1)
00:00:00.586541   SEP - SYSENTER and SYSEXIT Present                      = 1 (1)
00:00:00.586542   MTRR - Memory Type Range Registers                      = 1 (1)
00:00:00.586543   PGE - PTE Global Bit                                    = 1 (1)
00:00:00.586544   MCA - Machine Check Architecture                        = 1 (1)
00:00:00.586545   CMOV - Conditional Move instructions                    = 1 (1)
00:00:00.586545   PAT - Page Attribute Table                              = 1 (1)
00:00:00.586546   PSE-36 - 36-bit Page Size Extension                     = 1 (1)
00:00:00.586547   PSN - Processor Serial Number                           = 0 (0)
00:00:00.586548   CLFSH - CLFLUSH instruction                             = 1 (1)
00:00:00.586548   DS - Debug Store                                        = 0 (1)
00:00:00.586549   ACPI - Thermal Mon. & Soft. Clock Ctrl.                 = 0 (1)
00:00:00.586550   MMX - Intel MMX Technology                              = 1 (1)
00:00:00.586551   FXSR - FXSAVE and FXRSTOR instructions                  = 1 (1)
00:00:00.586552   SSE - SSE support                                       = 1 (1)
00:00:00.586552   SSE2 - SSE2 support                                     = 1 (1)
00:00:00.586553   SS - Self Snoop                                         = 0 (1)
00:00:00.586554   HTT - Hyper-Threading Technology                        = 1 (1)
00:00:00.586555   TM - Therm. Monitor                                     = 0 (1)
00:00:00.586556   PBE - Pending Break Enabled                             = 0 (1)
00:00:00.586557   SSE3 - SSE3 support                                     = 1 (1)
00:00:00.586558   PCLMUL - PCLMULQDQ support (for AES-GCM)                = 1 (1)
00:00:00.586558   DTES64 - DS Area 64-bit Layout                          = 0 (1)
00:00:00.586559   MONITOR - MONITOR/MWAIT instructions                    = 1 (1)
00:00:00.586560   CPL-DS - CPL Qualified Debug Store                      = 0 (1)
00:00:00.586560   VMX - Virtual Machine Extensions                        = 0 (1)
00:00:00.586561   SMX - Safer Mode Extensions                             = 0 (0)
00:00:00.586562   EST - Enhanced SpeedStep Technology                     = 0 (1)
00:00:00.586563   TM2 - Terminal Monitor 2                                = 0 (1)
00:00:00.586563   SSSE3 - Supplemental Streaming SIMD Extensions 3        = 1 (1)
00:00:00.586564   CNTX-ID - L1 Context ID                                 = 0 (0)
00:00:00.586565   SDBG - Silicon Debug interface                          = 0 (1)
00:00:00.586566   FMA - Fused Multiply Add extensions                     = 0 (1)
00:00:00.586566   CX16 - CMPXCHG16B instruction                           = 1 (1)
00:00:00.586567   TPRUPDATE - xTPR Update Control                         = 0 (1)
00:00:00.586568   PDCM - Perf/Debug Capability MSR                        = 0 (1)
00:00:00.586569   PCID - Process Context Identifiers                      = 1 (1)
00:00:00.586569   DCA - Direct Cache Access                               = 0 (0)
00:00:00.586570   SSE4_1 - SSE4_1 support                                 = 1 (1)
00:00:00.586571   SSE4_2 - SSE4_2 support                                 = 1 (1)
00:00:00.586572   X2APIC - x2APIC support                                 = 1 (1)
00:00:00.586573   MOVBE - MOVBE instruction                               = 1 (1)
00:00:00.586573   POPCNT - POPCNT instruction                             = 1 (1)
00:00:00.586574   TSCDEADL - Time Stamp Counter Deadline                  = 0 (1)
00:00:00.586575   AES - AES instructions                                  = 1 (1)
00:00:00.586576   XSAVE - XSAVE instruction                               = 1 (1)
00:00:00.586577   OSXSAVE - OSXSAVE instruction                           = 0 (1)
00:00:00.586577   AVX - AVX support                                       = 1 (1)
00:00:00.586578   F16C - 16-bit floating point conversion instructions    = 0 (1)
00:00:00.586579   RDRAND - RDRAND instruction                             = 1 (1)
00:00:00.586580   HVP - Hypervisor Present (we're a guest)                = 1 (0)
00:00:00.586593 Structured Extended Feature Flags Enumeration (leaf 7):
00:00:00.586594   Mnemonic - Description                                  = guest (host)
00:00:00.586594   FSGSBASE - RDFSBASE/RDGSBASE/WRFSBASE/WRGSBASE instr.   = 1 (1)
00:00:00.586595   TSCADJUST - Supports MSR_IA32_TSC_ADJUST                = 0 (1)
00:00:00.586596   SGX - Supports Software Guard Extensions                = 0 (1)
00:00:00.586596   BMI1 - Advanced Bit Manipulation extension 1            = 0 (1)
00:00:00.586597   HLE - Hardware Lock Elision                             = 0 (0)
00:00:00.586598   AVX2 - Advanced Vector Extensions 2                     = 1 (1)
00:00:00.586598   FDP_EXCPTN_ONLY - FPU DP only updated on exceptions     = 0 (0)
00:00:00.586599   SMEP - Supervisor Mode Execution Prevention             = 0 (1)
00:00:00.586600   BMI2 - Advanced Bit Manipulation extension 2            = 0 (1)
00:00:00.586600   ERMS - Enhanced REP MOVSB/STOSB instructions            = 0 (1)
00:00:00.586601   INVPCID - INVPCID instruction                           = 1 (1)
00:00:00.586602   RTM - Restricted Transactional Memory                   = 0 (0)
00:00:00.586602   PQM - Platform Quality of Service Monitoring            = 0 (0)
00:00:00.586603   DEPFPU_CS_DS - Deprecates FPU CS, FPU DS values if set  = 1 (1)
00:00:00.586604   MPE - Intel Memory Protection Extensions                = 0 (1)
00:00:00.586604   PQE - Platform Quality of Service Enforcement           = 0 (0)
00:00:00.586605   AVX512F - AVX512 Foundation instructions                = 0 (0)
00:00:00.586606   RDSEED - RDSEED instruction                             = 1 (1)
00:00:00.586606   ADX - ADCX/ADOX instructions                            = 0 (1)
00:00:00.586607   SMAP - Supervisor Mode Access Prevention                = 0 (1)
00:00:00.586608   CLFLUSHOPT - CLFLUSHOPT (Cache Line Flush) instruction  = 1 (1)
00:00:00.586608   INTEL_PT - Intel Processor Trace                        = 0 (1)
00:00:00.586609   AVX512PF - AVX512 Prefetch instructions                 = 0 (0)
00:00:00.586610   AVX512ER - AVX512 Exponential & Reciprocal instructions = 0 (0)
00:00:00.586610   AVX512CD - AVX512 Conflict Detection instructions       = 0 (0)
00:00:00.586611   SHA - Secure Hash Algorithm extensions                  = 0 (0)
00:00:00.586612   PREFETCHWT1 - PREFETCHWT1 instruction                   = 0 (0)
00:00:00.586612   UMIP - User mode insturction prevention                 = 0 (0)
00:00:00.586613   PKU - Protection Key for Usermode pages                 = 0 (0)
00:00:00.586614   OSPKE - CR4.PKU mirror                                  = 0 (0)
00:00:00.586615   MAWAU - Value used by BNDLDX & BNDSTX                   = 0x0 (0x0)
00:00:00.586616   RDPID - Read processor ID support                       = 0 (0)
00:00:00.586616   SGX_LC - Supports SGX Launch Configuration              = 0 (0)
00:00:00.586617    9 - Reserved                                           = 0 (1)
00:00:00.586618   MD_CLEAR - Supports MDS related buffer clearing         = 1 (1)
00:00:00.586619   11 - Reserved                                           = 0 (1)
00:00:00.586620   13 - Reserved                                           = 0 (1)
00:00:00.586621   IBRS_IBPB - IA32_SPEC_CTRL.IBRS and IA32_PRED_CMD.IBPB  = 0 (1)
00:00:00.586621   STIBP - Supports IA32_SPEC_CTRL.STIBP                   = 0 (1)
00:00:00.586622   FLUSH_CMD - Supports IA32_FLUSH_CMD                     = 1 (1)
00:00:00.586622   ARCHCAP - Supports IA32_ARCH_CAP                        = 0 (0)
00:00:00.586623   CORECAP - Supports IA32_CORE_CAP                        = 0 (0)
00:00:00.586624   SSBD - Supports IA32_SPEC_CTRL.SSBD                     = 0 (1)
00:00:00.586625 Processor Extended State Enumeration (leaf 0xd):
00:00:00.586625    XSAVE area cur/max size by XCR0, guest: 0x340/0x340
00:00:00.586626     XSAVE area cur/max size by XCR0, host: 0x340/0x440
00:00:00.586627                    Valid XCR0 bits, guest: 0x00000000`00000007 ( x87 SSE YMM_Hi128 )
00:00:00.586628                     Valid XCR0 bits, host: 0x00000000`0000001f ( x87 SSE YMM_Hi128 BNDREGS BNDCSR )
00:00:00.586642                     XSAVE features, guest:
00:00:00.586643                      XSAVE features, host: XSAVEOPT XSAVEC XGETBC1 XSAVES
00:00:00.586644       XSAVE area cur size XCR0|XSS, guest: 0x340
00:00:00.586644        XSAVE area cur size XCR0|XSS, host: 0x340
00:00:00.586645                Valid IA32_XSS bits, guest: 0x00000000`00000000
00:00:00.586645                 Valid IA32_XSS bits, host: 0x00000100`00000000 ( 40 )
00:00:00.586647   State #2, guest: off=0x0240, cb=0x0100 IA32_XSS-bit -- YMM_Hi128
00:00:00.586648   State #2, host:  off=0x0240, cb=0x0100 IA32_XSS-bit -- YMM_Hi128
00:00:00.586649   State #3, host:  off=0x03c0, cb=0x0040 IA32_XSS-bit -- BNDREGS
00:00:00.586650   State #4, host:  off=0x0400, cb=0x0040 IA32_XSS-bit -- BNDCSR
00:00:00.586651   State #8, host:  off=0x0000, cb=0x0080 XCR0-bit -- 8
00:00:00.586659          Unknown CPUID Leaves
00:00:00.586659      Leaf/sub-leaf  eax      ebx      ecx      edx
00:00:00.586660 Gst: 00000014/0001  00000000 00000000 00000000 00000000
00:00:00.586660 Hst:                02490002 003f3fff 00000000 00000000
00:00:00.586661 Gst: 00000014/0002  00000000 00000000 00000000 00000000
00:00:00.586662 Hst:                00000000 00000000 00000000 00000000
00:00:00.586662 Gst: 00000015/0000  00000000 00000000 00000000 00000000
00:00:00.586663 Hst:                00000002 00000074 00000000 00000000
00:00:00.586664 Gst: 00000016/0000  00000000 00000000 00000000 00000000
00:00:00.586664 Hst:                00000578 00000f3c 00000064 00000000
00:00:00.586665          Raw Hypervisor CPUID Leaves
00:00:00.586665      Leaf/sub-leaf  eax      ebx      ecx      edx
00:00:00.586666 Gst: 40000000/0000  40000001 4b4d564b 564b4d56 0000004d
00:00:00.586667 Hst:                00000578 00000f3c 00000064 00000000
00:00:00.586668 Gst: 40000001/0000  01000089 00000000 00000000 00000000
00:00:00.586668 Hst:                00000578 00000f3c 00000064 00000000
00:00:00.586669          Raw Extended CPUID Leaves
00:00:00.586669      Leaf/sub-leaf  eax      ebx      ecx      edx
00:00:00.586669 Gst: 80000000/0000  80000008 00000000 00000000 00000000
00:00:00.586670 Hst:                80000008 00000000 00000000 00000000
00:00:00.586671 Gst: 80000001/0000  00000000 00000000 00000121 28100800
00:00:00.586671 Hst:                00000000 00000000 00000121 2c100800
00:00:00.586673 Gst: 80000002/0000  65746e49 2952286c 726f4320 4d542865
00:00:00.586673 Hst:                65746e49 2952286c 726f4320 4d542865
00:00:00.586675 Gst: 80000003/0000  35692029 3532382d 43205537 40205550
00:00:00.586675 Hst:                35692029 3532382d 43205537 40205550
00:00:00.586677 Gst: 80000004/0000  342e3120 7a484730 00000000 00000000
00:00:00.586677 Hst:                342e3120 7a484730 00000000 00000000
00:00:00.586678 Gst: 80000005/0000  00000000 00000000 00000000 00000000
00:00:00.586678 Hst:                00000000 00000000 00000000 00000000
00:00:00.586679 Gst: 80000006/0000  00000000 00000000 01006040 00000000
00:00:00.586680 Hst:                00000000 00000000 01006040 00000000
00:00:00.586680 Gst: 80000007/0000  00000000 00000000 00000000 00000100
00:00:00.586681 Hst:                00000000 00000000 00000000 00000100
00:00:00.586681 Gst: 80000008/0000  00003027 00000000 00000000 00000000
00:00:00.586682 Hst:                00003027 00000000 00000000 00000000
00:00:00.586683 Ext Name:                        
00:00:00.586683 Ext Supports:                    0x80000000-0x80000008
00:00:00.586684 Family:                          0  	Extended: 0 	Effective: 0
00:00:00.586684 Model:                           0  	Extended: 0 	Effective: 0
00:00:00.586684 Stepping:                        0
00:00:00.586685 Brand ID:                        0x000
00:00:00.586685 Ext Features
00:00:00.586685   Mnemonic - Description                                  = guest (host)
00:00:00.586686   FPU - x87 FPU on Chip                                   = 0 (0)
00:00:00.586687   VME - Virtual 8086 Mode Enhancements                    = 0 (0)
00:00:00.586687   DE - Debugging extensions                               = 0 (0)
00:00:00.586688   PSE - Page Size Extension                               = 0 (0)
00:00:00.586689   TSC - Time Stamp Counter                                = 0 (0)
00:00:00.586690   MSR - K86 Model Specific Registers                      = 0 (0)
00:00:00.586691   PAE - Physical Address Extension                        = 0 (0)
00:00:00.586691   MCE - Machine Check Exception                           = 0 (0)
00:00:00.586692   CX8 - CMPXCHG8B instruction                             = 0 (0)
00:00:00.586693   APIC - APIC On-Chip                                     = 0 (0)
00:00:00.586694   SEP - SYSCALL/SYSRET                                    = 1 (1)
00:00:00.586695   MTRR - Memory Type Range Registers                      = 0 (0)
00:00:00.586695   PGE - PTE Global Bit                                    = 0 (0)
00:00:00.586696   MCA - Machine Check Architecture                        = 0 (0)
00:00:00.586697   CMOV - Conditional Move instructions                    = 0 (0)
00:00:00.586698   PAT - Page Attribute Table                              = 0 (0)
00:00:00.586699   PSE-36 - 36-bit Page Size Extension                     = 0 (0)
00:00:00.586699   NX - No-Execute/Execute-Disable                         = 1 (1)
00:00:00.586700   AXMMX - AMD Extensions to MMX instructions              = 0 (0)
00:00:00.586701   MMX - Intel MMX Technology                              = 0 (0)
00:00:00.586701   FXSR - FXSAVE and FXRSTOR Instructions                  = 0 (0)
00:00:00.586702   FFXSR - AMD fast FXSAVE and FXRSTOR instructions        = 0 (0)
00:00:00.586703   Page1GB - 1 GB large page                               = 0 (1)
00:00:00.586704   RDTSCP - RDTSCP instruction                             = 1 (1)
00:00:00.586704   LM - AMD64 Long Mode                                    = 1 (1)
00:00:00.586705   3DNOWEXT - AMD Extensions to 3DNow                      = 0 (0)
00:00:00.586706   3DNOW - AMD 3DNow                                       = 0 (0)
00:00:00.586707   LahfSahf - LAHF/SAHF support in 64-bit mode             = 1 (1)
00:00:00.586708   CmpLegacy - Core multi-processing legacy mode           = 0 (0)
00:00:00.586708   SVM - AMD Secure Virtual Machine extensions             = 0 (0)
00:00:00.586709   EXTAPIC - AMD Extended APIC registers                   = 0 (0)
00:00:00.586709   CR8L - AMD LOCK MOV CR0 means MOV CR8                   = 0 (0)
00:00:00.586710   ABM - AMD Advanced Bit Manipulation                     = 1 (1)
00:00:00.586711   SSE4A - SSE4A instructions                              = 0 (0)
00:00:00.586712   MISALIGNSSE - AMD Misaligned SSE mode                   = 0 (0)
00:00:00.586712   3DNOWPRF - AMD PREFETCH and PREFETCHW instructions      = 1 (1)
00:00:00.586713   OSVW - AMD OS Visible Workaround                        = 0 (0)
00:00:00.586714   IBS - Instruct Based Sampling                           = 0 (0)
00:00:00.586714   XOP - Extended Operation support                        = 0 (0)
00:00:00.586715   SKINIT - SKINIT, STGI, and DEV support                  = 0 (0)
00:00:00.586716   WDT - AMD Watchdog Timer support                        = 0 (0)
00:00:00.586717   LWP - Lightweight Profiling support                     = 0 (0)
00:00:00.586717   FMA4 - Four operand FMA instruction support             = 0 (0)
00:00:00.586718   NodeId - NodeId in MSR C001_100C                        = 0 (0)
00:00:00.586719   TBM - Trailing Bit Manipulation instructions            = 0 (0)
00:00:00.586719   TOPOEXT - Topology Extensions                           = 0 (0)
00:00:00.586720   PRFEXTCORE - Performance Counter Extensions support     = 0 (0)
00:00:00.586721   PRFEXTNB - NB Performance Counter Extensions support    = 0 (0)
00:00:00.586721   DATABPEXT - Data-access Breakpoint Extension            = 0 (0)
00:00:00.586722   PERFTSC - Performance Time Stamp Counter                = 0 (0)
00:00:00.586722   PCX_L2I - L2I/L3 Performance Counter Extensions         = 0 (0)
00:00:00.586723   MWAITX - MWAITX and MONITORX instructions               = 0 (0)
00:00:00.586724 Full Name:                       "Intel(R) Core(TM) i5-8257U CPU @ 1.40GHz"
00:00:00.586724 TLB 2/4M Instr/Uni:              res0     0 entries
00:00:00.586725 TLB 2/4M Data:                   res0     0 entries
00:00:00.586725 TLB 4K Instr/Uni:                res0     0 entries
00:00:00.586726 TLB 4K Data:                     res0     0 entries
00:00:00.586726 L1 Instr Cache Line Size:        0 bytes
00:00:00.586727 L1 Instr Cache Lines Per Tag:    0
00:00:00.586727 L1 Instr Cache Associativity:    res0  
00:00:00.586727 L1 Instr Cache Size:             0 KB
00:00:00.586727 L1 Data Cache Line Size:         0 bytes
00:00:00.586728 L1 Data Cache Lines Per Tag:     0
00:00:00.586728 L1 Data Cache Associativity:     res0  
00:00:00.586728 L1 Data Cache Size:              0 KB
00:00:00.586728 L2 TLB 2/4M Instr/Uni:           off       0 entries
00:00:00.586732 L2 TLB 2/4M Data:                off       0 entries
00:00:00.586732 L2 TLB 4K Instr/Uni:             off       0 entries
00:00:00.586733 L2 TLB 4K Data:                  off       0 entries
00:00:00.586733 L2 Cache Line Size:              0 bytes
00:00:00.586733 L2 Cache Lines Per Tag:          0
00:00:00.586733 L2 Cache Associativity:          off   
00:00:00.586734 L2 Cache Size:                   0 KB
00:00:00.586735   TS - Temperature Sensor                                 = 0 (0)
00:00:00.586735   FID - Frequency ID control                              = 0 (0)
00:00:00.586736   VID - Voltage ID control                                = 0 (0)
00:00:00.586737   TscInvariant - Invariant Time Stamp Counter             = 1 (1)
00:00:00.586738   CBP - Core Performance Boost                            = 0 (0)
00:00:00.586739   EffFreqRO - Read-only Effective Frequency Interface     = 0 (0)
00:00:00.586739   ProcFdbkIf - Processor Feedback Interface               = 0 (0)
00:00:00.586740   ProcPwrRep - Core power reporting interface support     = 0 (0)
00:00:00.586741 Physical Address Width:          39 bits
00:00:00.586741 Virtual Address Width:           48 bits
00:00:00.586741 Guest Physical Address Width:    0 bits
00:00:00.586742 Physical Core Count:             1
00:00:00.586742 
00:00:00.586743 ******************** End of CPUID dump **********************
00:00:00.586743 *********************** VT-x features ***********************
00:00:00.586744 Nested hardware virtualization - VMX features
00:00:00.586744   Mnemonic - Description                                  = guest (host)
00:00:00.586744   VMX - Virtual-Machine Extensions                        = 0 (1)
00:00:00.586745   InsOutInfo - INS/OUTS instruction info.                 = 0 (1)
00:00:00.586745   ExtIntExit - External interrupt exiting                 = 0 (1)
00:00:00.586746   NmiExit - NMI exiting                                   = 0 (1)
00:00:00.586746   VirtNmi - Virtual NMIs                                  = 0 (1)
00:00:00.586747   PreemptTimer - VMX preemption timer                     = 0 (1)
00:00:00.586747   PostedInt - Posted interrupts                           = 0 (0)
00:00:00.586747   IntWindowExit - Interrupt-window exiting                = 0 (1)
00:00:00.586748   TscOffsetting - TSC offsetting                          = 0 (1)
00:00:00.586748   HltExit - HLT exiting                                   = 0 (1)
00:00:00.586748   InvlpgExit - INVLPG exiting                             = 0 (1)
00:00:00.586749   MwaitExit - MWAIT exiting                               = 0 (1)
00:00:00.586749   RdpmcExit - RDPMC exiting                               = 0 (1)
00:00:00.586750   RdtscExit - RDTSC exiting                               = 0 (1)
00:00:00.586750   Cr3LoadExit - CR3-load exiting                          = 0 (1)
00:00:00.586750   Cr3StoreExit - CR3-store exiting                        = 0 (1)
00:00:00.586751   Cr8LoadExit  - CR8-load exiting                         = 0 (1)
00:00:00.586751   Cr8StoreExit - CR8-store exiting                        = 0 (1)
00:00:00.586752   UseTprShadow - Use TPR shadow                           = 0 (1)
00:00:00.586752   NmiWindowExit - NMI-window exiting                      = 0 (1)
00:00:00.586752   MovDRxExit - Mov-DR exiting                             = 0 (1)
00:00:00.586753   UncondIoExit - Unconditional I/O exiting                = 0 (1)
00:00:00.586753   UseIoBitmaps - Use I/O bitmaps                          = 0 (1)
00:00:00.586754   MonitorTrapFlag - Monitor Trap Flag                     = 0 (1)
00:00:00.586754   UseMsrBitmaps - MSR bitmaps                             = 0 (1)
00:00:00.586754   MonitorExit - MONITOR exiting                           = 0 (1)
00:00:00.586755   PauseExit - PAUSE exiting                               = 0 (1)
00:00:00.586755   SecondaryExecCtl - Activate secondary controls          = 0 (1)
00:00:00.586756   VirtApic - Virtualize-APIC accesses                     = 0 (1)
00:00:00.586756   Ept - Extended Page Tables                              = 0 (1)
00:00:00.586758   DescTableExit - Descriptor-table exiting                = 0 (1)
00:00:00.586772   Rdtscp - Enable RDTSCP                                  = 0 (1)
00:00:00.586773   VirtX2ApicMode - Virtualize-x2APIC mode                 = 0 (1)
00:00:00.586773   Vpid - Enable VPID                                      = 0 (1)
00:00:00.586773   WbinvdExit - WBINVD exiting                             = 0 (1)
00:00:00.586774   UnrestrictedGuest - Unrestricted guest                  = 0 (1)
00:00:00.586774   ApicRegVirt - APIC-register virtualization              = 0 (0)
00:00:00.586775   VirtIntDelivery - Virtual-interrupt delivery            = 0 (0)
00:00:00.586775   PauseLoopExit - PAUSE-loop exiting                      = 0 (1)
00:00:00.586775   RdrandExit - RDRAND exiting                             = 0 (1)
00:00:00.586776   Invpcid - Enable INVPCID                                = 0 (1)
00:00:00.586776   VmFuncs - Enable VM Functions                           = 0 (1)
00:00:00.586776   VmcsShadowing - VMCS shadowing                          = 0 (0)
00:00:00.586777   RdseedExiting - RDSEED exiting                          = 0 (1)
00:00:00.586777   PML - Page-Modification Log (PML)                       = 0 (1)
00:00:00.586778   EptVe - EPT violations can cause #VE                    = 0 (1)
00:00:00.586778   XsavesXRstors - Enable XSAVES/XRSTORS                   = 0 (1)
00:00:00.586778   EntryLoadDebugCtls - Load debug controls on VM-entry    = 0 (1)
00:00:00.586779   Ia32eModeGuest - IA-32e mode guest                      = 0 (1)
00:00:00.586779   EntryLoadEferMsr - Load IA32_EFER MSR on VM-entry       = 0 (1)
00:00:00.586780   EntryLoadPatMsr - Load IA32_PAT MSR on VM-entry         = 0 (1)
00:00:00.586780   ExitSaveDebugCtls - Save debug controls on VM-exit      = 0 (1)
00:00:00.586780   HostAddrSpaceSize - Host address-space size             = 0 (1)
00:00:00.586781   ExitAckExtInt - Acknowledge interrupt on VM-exit        = 0 (1)
00:00:00.586781   ExitSavePatMsr - Save IA32_PAT MSR on VM-exit           = 0 (1)
00:00:00.586782   ExitLoadPatMsr - Load IA32_PAT MSR on VM-exit           = 0 (1)
00:00:00.586782   ExitSaveEferMsr - Save IA32_EFER MSR on VM-exit         = 0 (1)
00:00:00.586782   ExitLoadEferMsr - Load IA32_EFER MSR on VM-exit         = 0 (1)
00:00:00.586783   SavePreemptTimer - Save VMX-preemption timer            = 0 (1)
00:00:00.586783   ExitSaveEferLma - Save IA32_EFER.LMA on VM-exit         = 0 (1)
00:00:00.586784   IntelPt - Intel PT (Processor Trace) in VMX operation   = 0 (1)
00:00:00.586784   VmwriteAll - VMWRITE to any supported VMCS field        = 0 (1)
00:00:00.586784   EntryInjectSoftInt - Inject softint. with 0-len instr.  = 0 (1)
00:00:00.586785 
00:00:00.586785 ******************* End of VT-x features ********************
00:00:00.586846 VMEmt: Halt method global1 (5)
00:00:00.586885 VMEmt: HaltedGlobal1 config: cNsSpinBlockThresholdCfg=2000
00:00:00.586889 Changing the VM state from 'CREATING' to 'CREATED'
00:00:00.589533 SharedFolders host service: Adding host mapping
00:00:00.589542     Host path '/Volumes/externalwd/ITMO-453/beyesus/itmo-553/packer-example-code/build/graphitemc', map name 'vagrant', writable, automount=false, automntpnt=, create_symlinks=true, missing=false
00:00:00.590165 Changing the VM state from 'CREATED' to 'POWERING_ON'
00:00:00.590315 Changing the VM state from 'POWERING_ON' to 'RUNNING'
00:00:00.590330 Console: Machine state changed to 'Running'
00:00:00.590808 VBoxHeadless: starting event loop
00:00:00.592693 VMMDev: Guest Log: BIOS: VirtualBox 6.1.26
00:00:00.592779 PCI: Setting up resources and interrupts
00:00:00.592946 PIT: mode=2 count=0x10000 (65536) - 18.20 Hz (ch=0)
00:00:00.601819 Display::i_handleDisplayResize: uScreenId=0 pvVRAM=0000000000000000 w=720 h=400 bpp=0 cbLine=0x0 flags=0x0 origin=0,0
00:00:00.602204 VMMDev: Guest Log: CPUID EDX: 0x178bfbff
00:00:00.602457 PIIX3 ATA: Ctl#0: RESET, DevSel=0 AIOIf=0 CmdIf0=0x00 (-1 usec ago) CmdIf1=0x00 (-1 usec ago)
00:00:00.602560 PIIX3 ATA: Ctl#0: finished processing RESET
00:00:00.603440 VMMDev: Guest Log: BIOS: ata0-0: PCHS=16383/16/63 LCHS=1024/255/63
00:00:00.606442 PIT: mode=2 count=0x48d3 (18643) - 64.00 Hz (ch=0)
00:00:00.621987 Display::i_handleDisplayResize: uScreenId=0 pvVRAM=0000000114494000 w=640 h=480 bpp=32 cbLine=0xA00 flags=0x0 origin=0,0
00:00:00.980280 NAT: Old socket recv size: 334KB
00:00:00.980292 NAT: Old socket send size: 79KB
00:00:03.081750 PIT: mode=2 count=0x10000 (65536) - 18.20 Hz (ch=0)
00:00:03.082139 VMMDev: Guest Log: BIOS: Boot : bseqnr=1, bootseq=0032
00:00:03.095378 VMMDev: Guest Log: BIOS: Booting from Hard Disk...
00:00:03.096170 PIIX3 ATA: Ctl#0: RESET, DevSel=0 AIOIf=0 CmdIf0=0xc4 (-1 usec ago) CmdIf1=0x00 (-1 usec ago)
00:00:03.096225 PIIX3 ATA: Ctl#0: finished processing RESET
00:00:03.136531 Display::i_handleDisplayResize: uScreenId=0 pvVRAM=0000000000000000 w=720 h=400 bpp=0 cbLine=0x0 flags=0x0 origin=0,0
00:00:03.685771 Display::i_handleDisplayResize: uScreenId=0 pvVRAM=0000000114494000 w=640 h=480 bpp=32 cbLine=0xA00 flags=0x0 origin=0,0
00:00:05.830855 Display::i_handleDisplayResize: uScreenId=0 pvVRAM=0000000000000000 w=720 h=400 bpp=0 cbLine=0x0 flags=0x0 origin=0,0
00:00:05.938500 GIM: KVM: VCPU  0: Enabled system-time struct. at 0x000000000ce01000 - u32TscScale=0xb7e875b5 i8TscShift=0 uVersion=2 fFlags=0x1 uTsc=0x1bba91a35 uVirtNanoTS=0x13eb8befa TscKHz=1391999
00:00:05.938518 TM: Switching TSC mode from 'Dynamic' to 'RealTscOffset'
00:00:06.097571 GIM: KVM: Enabled wall-clock struct. at 0x000000000ce00000 - u32Sec=1634842041 u32Nano=512987783 uVersion=2
00:00:06.124785 PIT: mode=2 count=0x12a5 (4773) - 249.98 Hz (ch=0)
00:00:06.125153 APIC0: Switched mode to x2APIC
00:00:06.244768 PIT: mode=0 count=0x10000 (65536) - 18.20 Hz (ch=0)
00:00:06.802886 PIIX3 ATA: Ctl#0: RESET, DevSel=0 AIOIf=0 CmdIf0=0xc4 (-1 usec ago) CmdIf1=0x00 (-1 usec ago)
00:00:06.802982 PIIX3 ATA: Ctl#0: finished processing RESET
00:00:07.293754 Display::i_handleDisplayResize: uScreenId=0 pvVRAM=0000000114494000 w=1024 h=768 bpp=32 cbLine=0x1000 flags=0x1 origin=0,0
00:00:10.669695 NAT: Link up
00:00:15.856958 VMMDev: Guest Additions information report: Version 6.1.22 r144080 '6.1.22_Ubuntu'
00:00:15.865692 VMMDev: Guest Additions information report: Interface = 0x00010004 osType = 0x00053100 (Linux >= 2.6, 64-bit)
00:00:15.865794 VMMDev: Guest Additions capability report: (0x0 -> 0x0) seamless: no, hostWindowMapping: no, graphics: no
00:00:15.865862 VMMDev: vmmDevReqHandler_HeartbeatConfigure: No change (fHeartbeatActive=false)
00:00:15.865880 VMMDev: Heartbeat flatline timer set to trigger after 4 000 000 000 ns
00:00:15.865968 VMMDev: Guest Log: vgdrvHeartbeatInit: Setting up heartbeat to trigger every 2000 milliseconds
00:00:15.886593 VMMDev: Guest Additions capability report: (0x0 -> 0x0) seamless: no, hostWindowMapping: no, graphics: no
00:00:15.886708 VMMDev: Guest Log: vboxguest: Successfully loaded version 6.1.22_Ubuntu r144080
00:00:15.886740 VMMDev: Guest Log: vboxguest: misc device minor 58, IRQ 20, I/O port d020, MMIO at 00000000f0400000 (size 0x400000)
00:00:24.819274 NAT: DHCP offered IP address 10.0.2.15
00:00:24.830429 NAT: IPv6 not supported
00:00:24.830789 NAT: DHCP offered IP address 10.0.2.15
00:00:42.808851 NAT: DHCP released IP address 10.0.2.15
00:00:42.983778 NAT: DHCP offered IP address 10.0.2.15
00:00:42.996763 NAT: DHCP offered IP address 10.0.2.15
00:00:43.641888 VMMDev: Guest Log: vboxsf: g_fHostFeatures=0x8000000f g_fSfFeatures=0x1 g_uSfLastFunction=29
00:00:43.642110 VMMDev: Guest Log: vboxsf: Successfully loaded version 6.1.22_Ubuntu r144080 on 5.4.0-89-generic SMP mod_unload modversions  (LINUX_VERSION_CODE=0x5048f)
