00:00:00.270560 VirtualBox VM 6.1.26 r145957 darwin.amd64 (Jul 28 2021 18:24:31) release log
00:00:00.270577 Log opened 2021-10-25T14:35:09.241680000Z
00:00:00.270577 Build Type: release
00:00:00.270588 OS Product: Darwin
00:00:00.270593 OS Release: 20.6.0
00:00:00.270598 OS Version: Darwin Kernel Version 20.6.0: Mon Aug 30 06:12:21 PDT 2021; root:xnu-7195.141.6~3/RELEASE_X86_64
00:00:00.270913 DMI Product Name: MacBookPro16,3
00:00:00.271061 DMI Product Version: 1.0
00:00:00.271064 Firmware type: failed - VERR_NOT_SUPPORTED
00:00:00.271072 Host RAM: 8192MB (8.0GB) total, 1196MB available
00:00:00.271074 Executable: /Applications/VirtualBox.app/Contents/MacOS/VBoxHeadless
00:00:00.271074 Process ID: 80978
00:00:00.271075 Package type: DARWIN_64BITS_GENERIC
00:00:00.272417 Installed Extension Packs:
00:00:00.272424   None installed!
00:00:00.273386 Console: Machine state changed to 'Starting'
00:00:00.313574 VRDE: VirtualBox Remote Desktop Extension is not available.
00:00:00.315800 SUP: Opened VMMR0.r0 (/Applications/VirtualBox.app/Contents/MacOS/VMMR0.r0) at 0xXXXXXXXXXXXXXXXX loaded by the native ring-0 loader.
00:00:00.318990 Guest OS type: 'RedHat_64'
00:00:00.322449 fHMForced=true - No raw-mode support in this build!
00:00:00.335440 File system of '/Volumes/externalwd/ITMO-453/beyesus/packer-example-code/build/graphiteb_default_1634855101981_89578/Snapshots' (snapshots) is unknown
00:00:00.335452 File system of '/Volumes/externalwd/ITMO-453/beyesus/packer-example-code/build/graphiteb_default_1634855101981_89578/packer-centos-graphiteb-1634851754-disk001.vmdk' is hfs
00:00:00.420624 Shared Clipboard: Service loaded
00:00:00.420652 Shared Clipboard: Mode: Off
00:00:00.420696 Shared Clipboard: Service running in headless mode
00:00:00.422030 Drag and drop service loaded
00:00:00.422039 Drag and drop mode: Off
00:00:00.425170 Per-VM extradata API settings:
00:00:00.425178   VBoxInternal2/SharedFoldersEnableSymlinksCreate/vagrant="1"
00:00:00.425476 ************************* CFGM dump *************************
00:00:00.425496 [/] (level 0)
00:00:00.425498   CpuExecutionCap   <integer> = 0x0000000000000064 (100)
00:00:00.425502   EnablePAE         <integer> = 0x0000000000000001 (1)
00:00:00.425503   HMEnabled         <integer> = 0x0000000000000001 (1)
00:00:00.425503   MemBalloonSize    <integer> = 0x0000000000000000 (0)
00:00:00.425504   Name              <string>  = "graphiteb_default_1634855101981_89578" (cb=38)
00:00:00.425505   NumCPUs           <integer> = 0x0000000000000002 (2)
00:00:00.425505   PageFusionAllowed <integer> = 0x0000000000000000 (0)
00:00:00.425506   RamHoleSize       <integer> = 0x0000000020000000 (536 870 912, 512 MB)
00:00:00.425507   RamSize           <integer> = 0x0000000040000000 (1 073 741 824, 1 024 MB)
00:00:00.425509   TimerMillies      <integer> = 0x000000000000000a (10)
00:00:00.425509   UUID              <bytes>   = "27 52 73 0c 6e 82 f7 40 86 02 d6 32 91 21 eb 88" (cb=16)
00:00:00.425525 
00:00:00.425525 [/CPUM/] (level 1)
00:00:00.425526   GuestCpuName       <string>  = "host" (cb=5)
00:00:00.425527   NestedHWVirt       <integer> = 0x0000000000000000 (0)
00:00:00.425528   PortableCpuIdLevel <integer> = 0x0000000000000000 (0)
00:00:00.425528   SpecCtrl           <integer> = 0x0000000000000000 (0)
00:00:00.425529 
00:00:00.425529 [/CPUM/IsaExts/] (level 2)
00:00:00.425530 
00:00:00.425530 [/DBGC/] (level 1)
00:00:00.425530   GlobalInitScript <string>  = "/Users/birukeyesus/Library/VirtualBox/dbgc-init" (cb=48)
00:00:00.425531   HistoryFile      <string>  = "/Users/birukeyesus/Library/VirtualBox/dbgc-history" (cb=51)
00:00:00.425532   LocalInitScript  <string>  = "/Volumes/externalwd/ITMO-453/beyesus/packer-example-code/build/graphiteb_default_1634855101981_89578/dbgc-init" (cb=111)
00:00:00.425532 
00:00:00.425533 [/DBGF/] (level 1)
00:00:00.425533   Path <string>  = "/Volumes/externalwd/ITMO-453/beyesus/packer-example-code/build/graphiteb_default_1634855101981_89578/debug/;/Volumes/externalwd/ITMO-453/beyesus/packer-example-code/build/graphiteb_default_1634855101981_89578/;cache*/Volumes/externalwd/ITMO-453/beyesus/packer-example-code/build/graphiteb_default_1634855101981_89578/dbgcache/;/Users/birukeyesus/" (cb=347)
00:00:00.425534 
00:00:00.425534 [/Devices/] (level 1)
00:00:00.425535 
00:00:00.425535 [/Devices/8237A/] (level 2)
00:00:00.425536 
00:00:00.425536 [/Devices/8237A/0/] (level 3)
00:00:00.425537   Trusted <integer> = 0x0000000000000001 (1)
00:00:00.425537 
00:00:00.425537 [/Devices/GIMDev/] (level 2)
00:00:00.425538 
00:00:00.425538 [/Devices/GIMDev/0/] (level 3)
00:00:00.425539   Trusted <integer> = 0x0000000000000001 (1)
00:00:00.425539 
00:00:00.425540 [/Devices/VMMDev/] (level 2)
00:00:00.425540 
00:00:00.425540 [/Devices/VMMDev/0/] (level 3)
00:00:00.425541   PCIBusNo      <integer> = 0x0000000000000000 (0)
00:00:00.425542   PCIDeviceNo   <integer> = 0x0000000000000004 (4)
00:00:00.425542   PCIFunctionNo <integer> = 0x0000000000000000 (0)
00:00:00.425543   Trusted       <integer> = 0x0000000000000001 (1)
00:00:00.425543 
00:00:00.425544 [/Devices/VMMDev/0/Config/] (level 4)
00:00:00.425545   GuestCoreDumpDir <string>  = "/Volumes/externalwd/ITMO-453/beyesus/packer-example-code/build/graphiteb_default_1634855101981_89578/Snapshots" (cb=111)
00:00:00.425545 
00:00:00.425545 [/Devices/VMMDev/0/LUN#0/] (level 4)
00:00:00.425546   Driver <string>  = "HGCM" (cb=5)
00:00:00.425547 
00:00:00.425547 [/Devices/VMMDev/0/LUN#0/Config/] (level 5)
00:00:00.425548   Object <integer> = 0x00007fe123515110 (140 604 936 900 880)
00:00:00.425549 
00:00:00.425549 [/Devices/VMMDev/0/LUN#999/] (level 4)
00:00:00.425550   Driver <string>  = "MainStatus" (cb=11)
00:00:00.425550 
00:00:00.425551 [/Devices/VMMDev/0/LUN#999/Config/] (level 5)
00:00:00.425552   First   <integer> = 0x0000000000000000 (0)
00:00:00.425552   Last    <integer> = 0x0000000000000000 (0)
00:00:00.425553   papLeds <integer> = 0x00007fe124833b90 (140 604 956 949 392)
00:00:00.425554 
00:00:00.425554 [/Devices/acpi/] (level 2)
00:00:00.425554 
00:00:00.425555 [/Devices/acpi/0/] (level 3)
00:00:00.425559   PCIBusNo      <integer> = 0x0000000000000000 (0)
00:00:00.425559   PCIDeviceNo   <integer> = 0x0000000000000007 (7)
00:00:00.425560   PCIFunctionNo <integer> = 0x0000000000000000 (0)
00:00:00.425560   Trusted       <integer> = 0x0000000000000001 (1)
00:00:00.425561 
00:00:00.425561 [/Devices/acpi/0/Config/] (level 4)
00:00:00.425562   CpuHotPlug          <integer> = 0x0000000000000000 (0)
00:00:00.425562   FdcEnabled          <integer> = 0x0000000000000000 (0)
00:00:00.425563   HostBusPciAddress   <integer> = 0x0000000000000000 (0)
00:00:00.425563   HpetEnabled         <integer> = 0x0000000000000000 (0)
00:00:00.425564   IOAPIC              <integer> = 0x0000000000000001 (1)
00:00:00.425565   IocPciAddress       <integer> = 0x0000000000010000 (65 536)
00:00:00.425565   NumCPUs             <integer> = 0x0000000000000002 (2)
00:00:00.425566   Parallel0IoPortBase <integer> = 0x0000000000000000 (0)
00:00:00.425566   Parallel0Irq        <integer> = 0x0000000000000000 (0)
00:00:00.425567   Parallel1IoPortBase <integer> = 0x0000000000000000 (0)
00:00:00.425567   Parallel1Irq        <integer> = 0x0000000000000000 (0)
00:00:00.425568   Serial0IoPortBase   <integer> = 0x0000000000000000 (0)
00:00:00.425568   Serial0Irq          <integer> = 0x0000000000000000 (0)
00:00:00.425569   Serial1IoPortBase   <integer> = 0x0000000000000000 (0)
00:00:00.425569   Serial1Irq          <integer> = 0x0000000000000000 (0)
00:00:00.425570   ShowCpu             <integer> = 0x0000000000000001 (1)
00:00:00.425571   ShowRtc             <integer> = 0x0000000000000000 (0)
00:00:00.425571   SmcEnabled          <integer> = 0x0000000000000000 (0)
00:00:00.425572 
00:00:00.425572 [/Devices/acpi/0/LUN#0/] (level 4)
00:00:00.425573   Driver <string>  = "ACPIHost" (cb=9)
00:00:00.425573 
00:00:00.425573 [/Devices/acpi/0/LUN#0/Config/] (level 5)
00:00:00.425574 
00:00:00.425574 [/Devices/acpi/0/LUN#1/] (level 4)
00:00:00.425575   Driver <string>  = "ACPICpu" (cb=8)
00:00:00.425576 
00:00:00.425576 [/Devices/acpi/0/LUN#1/Config/] (level 5)
00:00:00.425577 
00:00:00.425577 [/Devices/ahci/] (level 2)
00:00:00.425577 
00:00:00.425578 [/Devices/ahci/0/] (level 3)
00:00:00.425578   PCIBusNo      <integer> = 0x0000000000000000 (0)
00:00:00.425579   PCIDeviceNo   <integer> = 0x000000000000000d (13)
00:00:00.425579   PCIFunctionNo <integer> = 0x0000000000000000 (0)
00:00:00.425580   Trusted       <integer> = 0x0000000000000001 (1)
00:00:00.425580 
00:00:00.425581 [/Devices/ahci/0/Config/] (level 4)
00:00:00.425581   Bootable  <integer> = 0x0000000000000001 (1)
00:00:00.425582   PortCount <integer> = 0x0000000000000001 (1)
00:00:00.425582 
00:00:00.425582 [/Devices/ahci/0/Config/Port0/] (level 5)
00:00:00.425583   Hotpluggable <integer> = 0x0000000000000000 (0)
00:00:00.425584 
00:00:00.425584 [/Devices/ahci/0/LUN#0/] (level 4)
00:00:00.425585   Driver <string>  = "VD" (cb=3)
00:00:00.425585 
00:00:00.425586 [/Devices/ahci/0/LUN#0/Config/] (level 5)
00:00:00.425587   BlockCache <integer> = 0x0000000000000001 (1)
00:00:00.425587   Format     <string>  = "VMDK" (cb=5)
00:00:00.425588   Mountable  <integer> = 0x0000000000000000 (0)
00:00:00.425588   Path       <string>  = "/Volumes/externalwd/ITMO-453/beyesus/packer-example-code/build/graphiteb_default_1634855101981_89578/packer-centos-graphiteb-1634851754-disk001.vmdk" (cb=149)
00:00:00.425589   Type       <string>  = "HardDisk" (cb=9)
00:00:00.425589   UseNewIo   <integer> = 0x0000000000000001 (1)
00:00:00.425590 
00:00:00.425590 [/Devices/ahci/0/LUN#999/] (level 4)
00:00:00.425591   Driver <string>  = "MainStatus" (cb=11)
00:00:00.425591 
00:00:00.425591 [/Devices/ahci/0/LUN#999/Config/] (level 5)
00:00:00.425592   DeviceInstance        <string>  = "ahci/0" (cb=7)
00:00:00.425593   First                 <integer> = 0x0000000000000000 (0)
00:00:00.425594   Last                  <integer> = 0x0000000000000000 (0)
00:00:00.425594   pConsole              <integer> = 0x00007fe124832800 (140 604 956 944 384)
00:00:00.425595   papLeds               <integer> = 0x00007fe124832f98 (140 604 956 946 328)
00:00:00.425598   pmapMediumAttachments <integer> = 0x00007fe124833bb0 (140 604 956 949 424)
00:00:00.425599 
00:00:00.425599 [/Devices/apic/] (level 2)
00:00:00.425600 
00:00:00.425600 [/Devices/apic/0/] (level 3)
00:00:00.425601   Trusted <integer> = 0x0000000000000001 (1)
00:00:00.425602 
00:00:00.425602 [/Devices/apic/0/Config/] (level 4)
00:00:00.425603   IOAPIC  <integer> = 0x0000000000000001 (1)
00:00:00.425604   Mode    <integer> = 0x0000000000000003 (3)
00:00:00.425604   NumCPUs <integer> = 0x0000000000000002 (2)
00:00:00.425605 
00:00:00.425605 [/Devices/e1000/] (level 2)
00:00:00.425606 
00:00:00.425606 [/Devices/e1000/0/] (level 3)
00:00:00.425607   PCIBusNo      <integer> = 0x0000000000000000 (0)
00:00:00.425608   PCIDeviceNo   <integer> = 0x0000000000000003 (3)
00:00:00.425608   PCIFunctionNo <integer> = 0x0000000000000000 (0)
00:00:00.425609   Trusted       <integer> = 0x0000000000000001 (1)
00:00:00.425609 
00:00:00.425610 [/Devices/e1000/0/Config/] (level 4)
00:00:00.425611   AdapterType    <integer> = 0x0000000000000000 (0)
00:00:00.425611   CableConnected <integer> = 0x0000000000000001 (1)
00:00:00.425612   LineSpeed      <integer> = 0x0000000000000000 (0)
00:00:00.425612   MAC            <bytes>   = "08 00 27 7e d0 da" (cb=6)
00:00:00.425614 
00:00:00.425614 [/Devices/e1000/0/LUN#0/] (level 4)
00:00:00.425615   Driver <string>  = "NAT" (cb=4)
00:00:00.425616 
00:00:00.425616 [/Devices/e1000/0/LUN#0/Config/] (level 5)
00:00:00.425617   AliasMode       <integer> = 0x0000000000000000 (0)
00:00:00.425618   BootFile        <string>  = "graphiteb_default_1634855101981_89578.pxe" (cb=42)
00:00:00.425618   DNSProxy        <integer> = 0x0000000000000001 (1)
00:00:00.425619   Network         <string>  = "10.0.2.0/24" (cb=12)
00:00:00.425620   PassDomain      <integer> = 0x0000000000000001 (1)
00:00:00.425620   TFTPPrefix      <string>  = "/Users/birukeyesus/Library/VirtualBox/TFTP" (cb=43)
00:00:00.425621   UseHostResolver <integer> = 0x0000000000000000 (0)
00:00:00.425621 
00:00:00.425622 [/Devices/e1000/0/LUN#0/Config/PortForwarding/] (level 6)
00:00:00.425623 
00:00:00.425623 [/Devices/e1000/0/LUN#0/Config/PortForwarding/0/] (level 7)
00:00:00.425624   BindIP    <string>  = "127.0.0.1" (cb=10)
00:00:00.425625   GuestPort <integer> = 0x0000000000000016 (22)
00:00:00.425626   HostPort  <integer> = 0x0000000000000898 (2 200)
00:00:00.425626   Name      <string>  = "ssh" (cb=4)
00:00:00.425627   Protocol  <string>  = "TCP" (cb=4)
00:00:00.425627 
00:00:00.425628 [/Devices/e1000/0/LUN#999/] (level 4)
00:00:00.425629   Driver <string>  = "MainStatus" (cb=11)
00:00:00.425629 
00:00:00.425630 [/Devices/e1000/0/LUN#999/Config/] (level 5)
00:00:00.425631   First   <integer> = 0x0000000000000000 (0)
00:00:00.425631   Last    <integer> = 0x0000000000000000 (0)
00:00:00.425632   papLeds <integer> = 0x00007fe124833a70 (140 604 956 949 104)
00:00:00.425633 
00:00:00.425633 [/Devices/e1000/1/] (level 3)
00:00:00.425634   PCIBusNo      <integer> = 0x0000000000000000 (0)
00:00:00.425635   PCIDeviceNo   <integer> = 0x0000000000000008 (8)
00:00:00.425635   PCIFunctionNo <integer> = 0x0000000000000000 (0)
00:00:00.425636   Trusted       <integer> = 0x0000000000000001 (1)
00:00:00.425636 
00:00:00.425637 [/Devices/e1000/1/Config/] (level 4)
00:00:00.425638   AdapterType    <integer> = 0x0000000000000000 (0)
00:00:00.425638   CableConnected <integer> = 0x0000000000000001 (1)
00:00:00.425639   LineSpeed      <integer> = 0x0000000000000000 (0)
00:00:00.425639   MAC            <bytes>   = "08 00 27 da 1b de" (cb=6)
00:00:00.425640 
00:00:00.425641 [/Devices/e1000/1/LUN#0/] (level 4)
00:00:00.425642   Driver <string>  = "IntNet" (cb=7)
00:00:00.425642 
00:00:00.425643 [/Devices/e1000/1/LUN#0/Config/] (level 5)
00:00:00.425644   IfPolicyPromisc <string>  = "deny" (cb=5)
00:00:00.425644   Network         <string>  = "HostInterfaceNetworking-vboxnet0" (cb=33)
00:00:00.425645   Trunk           <string>  = "vboxnet0" (cb=9)
00:00:00.425645   TrunkType       <integer> = 0x0000000000000004 (4)
00:00:00.425646 
00:00:00.425646 [/Devices/e1000/1/LUN#999/] (level 4)
00:00:00.425649   Driver <string>  = "MainStatus" (cb=11)
00:00:00.425649 
00:00:00.425649 [/Devices/e1000/1/LUN#999/Config/] (level 5)
00:00:00.425650   First   <integer> = 0x0000000000000000 (0)
00:00:00.425651   Last    <integer> = 0x0000000000000000 (0)
00:00:00.425651   papLeds <integer> = 0x00007fe124833a78 (140 604 956 949 112)
00:00:00.425652 
00:00:00.425652 [/Devices/i8254/] (level 2)
00:00:00.425653 
00:00:00.425653 [/Devices/i8254/0/] (level 3)
00:00:00.425654 
00:00:00.425654 [/Devices/i8254/0/Config/] (level 4)
00:00:00.425655 
00:00:00.425655 [/Devices/i8259/] (level 2)
00:00:00.425656 
00:00:00.425656 [/Devices/i8259/0/] (level 3)
00:00:00.425656   Trusted <integer> = 0x0000000000000001 (1)
00:00:00.425657 
00:00:00.425657 [/Devices/i8259/0/Config/] (level 4)
00:00:00.425658 
00:00:00.425658 [/Devices/ioapic/] (level 2)
00:00:00.425659 
00:00:00.425659 [/Devices/ioapic/0/] (level 3)
00:00:00.425659   Trusted <integer> = 0x0000000000000001 (1)
00:00:00.425660 
00:00:00.425660 [/Devices/ioapic/0/Config/] (level 4)
00:00:00.425661   NumCPUs <integer> = 0x0000000000000002 (2)
00:00:00.425661 
00:00:00.425661 [/Devices/mc146818/] (level 2)
00:00:00.425662 
00:00:00.425662 [/Devices/mc146818/0/] (level 3)
00:00:00.425663 
00:00:00.425663 [/Devices/mc146818/0/Config/] (level 4)
00:00:00.425664   UseUTC <integer> = 0x0000000000000001 (1)
00:00:00.425664 
00:00:00.425664 [/Devices/parallel/] (level 2)
00:00:00.425665 
00:00:00.425665 [/Devices/pcarch/] (level 2)
00:00:00.425666 
00:00:00.425666 [/Devices/pcarch/0/] (level 3)
00:00:00.425667   Trusted <integer> = 0x0000000000000001 (1)
00:00:00.425667 
00:00:00.425667 [/Devices/pcarch/0/Config/] (level 4)
00:00:00.425668 
00:00:00.425668 [/Devices/pcbios/] (level 2)
00:00:00.425669 
00:00:00.425669 [/Devices/pcbios/0/] (level 3)
00:00:00.425670   Trusted <integer> = 0x0000000000000001 (1)
00:00:00.425670 
00:00:00.425670 [/Devices/pcbios/0/Config/] (level 4)
00:00:00.425671   APIC               <integer> = 0x0000000000000001 (1)
00:00:00.425672   BootDevice0        <string>  = "IDE" (cb=4)
00:00:00.425673   BootDevice1        <string>  = "DVD" (cb=4)
00:00:00.425673   BootDevice2        <string>  = "NONE" (cb=5)
00:00:00.425673   BootDevice3        <string>  = "NONE" (cb=5)
00:00:00.425674   FloppyDevice       <string>  = "i82078" (cb=7)
00:00:00.425674   HardDiskDevice     <string>  = "piix3ide" (cb=9)
00:00:00.425675   IOAPIC             <integer> = 0x0000000000000001 (1)
00:00:00.425676   McfgBase           <integer> = 0x0000000000000000 (0)
00:00:00.425676   McfgLength         <integer> = 0x0000000000000000 (0)
00:00:00.425677   NumCPUs            <integer> = 0x0000000000000002 (2)
00:00:00.425677   PXEDebug           <integer> = 0x0000000000000000 (0)
00:00:00.425678   SataHardDiskDevice <string>  = "ahci" (cb=5)
00:00:00.425678   SataLUN1           <integer> = 0x0000000000000000 (0)
00:00:00.425679   UUID               <bytes>   = "27 52 73 0c 6e 82 f7 40 86 02 d6 32 91 21 eb 88" (cb=16)
00:00:00.425681   UuidLe             <integer> = 0x0000000000000001 (1)
00:00:00.425681 
00:00:00.425681 [/Devices/pcbios/0/Config/NetBoot/] (level 5)
00:00:00.425682 
00:00:00.425682 [/Devices/pcbios/0/Config/NetBoot/0/] (level 6)
00:00:00.425683   NIC           <integer> = 0x0000000000000000 (0)
00:00:00.425684   PCIBusNo      <integer> = 0x0000000000000000 (0)
00:00:00.425685   PCIDeviceNo   <integer> = 0x0000000000000003 (3)
00:00:00.425685   PCIFunctionNo <integer> = 0x0000000000000000 (0)
00:00:00.425686 
00:00:00.425686 [/Devices/pci/] (level 2)
00:00:00.425686 
00:00:00.425687 [/Devices/pci/0/] (level 3)
00:00:00.425687   Trusted <integer> = 0x0000000000000001 (1)
00:00:00.425688 
00:00:00.425688 [/Devices/pci/0/Config/] (level 4)
00:00:00.425689   IOAPIC <integer> = 0x0000000000000001 (1)
00:00:00.425689 
00:00:00.425689 [/Devices/pcibridge/] (level 2)
00:00:00.425690 
00:00:00.425690 [/Devices/pckbd/] (level 2)
00:00:00.425691 
00:00:00.425691 [/Devices/pckbd/0/] (level 3)
00:00:00.425692   Trusted <integer> = 0x0000000000000001 (1)
00:00:00.425694 
00:00:00.425694 [/Devices/pckbd/0/Config/] (level 4)
00:00:00.425695 
00:00:00.425695 [/Devices/pckbd/0/LUN#0/] (level 4)
00:00:00.425696   Driver <string>  = "KeyboardQueue" (cb=14)
00:00:00.425697 
00:00:00.425697 [/Devices/pckbd/0/LUN#0/AttachedDriver/] (level 5)
00:00:00.425698   Driver <string>  = "MainKeyboard" (cb=13)
00:00:00.425698 
00:00:00.425698 [/Devices/pckbd/0/LUN#0/AttachedDriver/Config/] (level 6)
00:00:00.425699   Object <integer> = 0x00007fe1235134e0 (140 604 936 893 664)
00:00:00.425700 
00:00:00.425701 [/Devices/pckbd/0/LUN#0/Config/] (level 5)
00:00:00.425701   QueueSize <integer> = 0x0000000000000040 (64)
00:00:00.425702 
00:00:00.425702 [/Devices/pckbd/0/LUN#1/] (level 4)
00:00:00.425703   Driver <string>  = "MouseQueue" (cb=11)
00:00:00.425703 
00:00:00.425704 [/Devices/pckbd/0/LUN#1/AttachedDriver/] (level 5)
00:00:00.425704   Driver <string>  = "MainMouse" (cb=10)
00:00:00.425705 
00:00:00.425705 [/Devices/pckbd/0/LUN#1/AttachedDriver/Config/] (level 6)
00:00:00.425706   Object <integer> = 0x00007fe123513b40 (140 604 936 895 296)
00:00:00.425707 
00:00:00.425707 [/Devices/pckbd/0/LUN#1/Config/] (level 5)
00:00:00.425708   QueueSize <integer> = 0x0000000000000080 (128)
00:00:00.425708 
00:00:00.425709 [/Devices/pcnet/] (level 2)
00:00:00.425709 
00:00:00.425709 [/Devices/piix3ide/] (level 2)
00:00:00.425710 
00:00:00.425710 [/Devices/piix3ide/0/] (level 3)
00:00:00.425711   PCIBusNo      <integer> = 0x0000000000000000 (0)
00:00:00.425712   PCIDeviceNo   <integer> = 0x0000000000000001 (1)
00:00:00.425712   PCIFunctionNo <integer> = 0x0000000000000001 (1)
00:00:00.425712   Trusted       <integer> = 0x0000000000000001 (1)
00:00:00.425713 
00:00:00.425713 [/Devices/piix3ide/0/Config/] (level 4)
00:00:00.425714   Type <string>  = "PIIX4" (cb=6)
00:00:00.425714 
00:00:00.425715 [/Devices/piix3ide/0/LUN#999/] (level 4)
00:00:00.425715   Driver <string>  = "MainStatus" (cb=11)
00:00:00.425716 
00:00:00.425716 [/Devices/piix3ide/0/LUN#999/Config/] (level 5)
00:00:00.425717   DeviceInstance        <string>  = "piix3ide/0" (cb=11)
00:00:00.425717   First                 <integer> = 0x0000000000000000 (0)
00:00:00.425718   Last                  <integer> = 0x0000000000000003 (3)
00:00:00.425719   pConsole              <integer> = 0x00007fe124832800 (140 604 956 944 384)
00:00:00.425720   papLeds               <integer> = 0x00007fe124832f78 (140 604 956 946 296)
00:00:00.425721   pmapMediumAttachments <integer> = 0x00007fe124833bb0 (140 604 956 949 424)
00:00:00.425722 
00:00:00.425722 [/Devices/serial/] (level 2)
00:00:00.425723 
00:00:00.425723 [/Devices/vga/] (level 2)
00:00:00.425723 
00:00:00.425724 [/Devices/vga/0/] (level 3)
00:00:00.425724   PCIBusNo      <integer> = 0x0000000000000000 (0)
00:00:00.425725   PCIDeviceNo   <integer> = 0x0000000000000002 (2)
00:00:00.425725   PCIFunctionNo <integer> = 0x0000000000000000 (0)
00:00:00.425726   Trusted       <integer> = 0x0000000000000001 (1)
00:00:00.425726 
00:00:00.425727 [/Devices/vga/0/Config/] (level 4)
00:00:00.425728   3DEnabled        <integer> = 0x0000000000000000 (0)
00:00:00.425728   CustomVideoModes <integer> = 0x0000000000000000 (0)
00:00:00.425729   FadeIn           <integer> = 0x0000000000000001 (1)
00:00:00.425729   FadeOut          <integer> = 0x0000000000000001 (1)
00:00:00.425730   HeightReduction  <integer> = 0x0000000000000000 (0)
00:00:00.425730   LogoFile         <string>  = "" (cb=1)
00:00:00.425731   LogoTime         <integer> = 0x0000000000000000 (0)
00:00:00.425731   MonitorCount     <integer> = 0x0000000000000001 (1)
00:00:00.425732   ShowBootMenu     <integer> = 0x0000000000000002 (2)
00:00:00.425732   VRamSize         <integer> = 0x0000000000400000 (4 194 304, 4 MB)
00:00:00.425733 
00:00:00.425734 [/Devices/vga/0/LUN#0/] (level 4)
00:00:00.425734   Driver <string>  = "MainDisplay" (cb=12)
00:00:00.425735 
00:00:00.425735 [/Devices/vga/0/LUN#0/Config/] (level 5)
00:00:00.425736   Object <integer> = 0x00007fe124835600 (140 604 956 956 160)
00:00:00.425737 
00:00:00.425737 [/Devices/vga/0/LUN#999/] (level 4)
00:00:00.425739   Driver <string>  = "MainStatus" (cb=11)
00:00:00.425740 
00:00:00.425740 [/Devices/vga/0/LUN#999/Config/] (level 5)
00:00:00.425741   First   <integer> = 0x0000000000000000 (0)
00:00:00.425741   Last    <integer> = 0x0000000000000000 (0)
00:00:00.425742   papLeds <integer> = 0x00007fe124833ba8 (140 604 956 949 416)
00:00:00.425743 
00:00:00.425743 [/Devices/virtio-net/] (level 2)
00:00:00.425743 
00:00:00.425744 [/EM/] (level 1)
00:00:00.425744   TripleFaultReset <integer> = 0x0000000000000000 (0)
00:00:00.425745 
00:00:00.425745 [/GIM/] (level 1)
00:00:00.425745   Provider <string>  = "KVM" (cb=4)
00:00:00.425746 
00:00:00.425746 [/HM/] (level 1)
00:00:00.425747   64bitEnabled       <integer> = 0x0000000000000001 (1)
00:00:00.425747   EnableLargePages   <integer> = 0x0000000000000001 (1)
00:00:00.425748   EnableNestedPaging <integer> = 0x0000000000000001 (1)
00:00:00.425748   EnableUX           <integer> = 0x0000000000000001 (1)
00:00:00.425749   EnableVPID         <integer> = 0x0000000000000001 (1)
00:00:00.425749   Exclusive          <integer> = 0x0000000000000000 (0)
00:00:00.425750   HMForced           <integer> = 0x0000000000000001 (1)
00:00:00.425750   IBPBOnVMEntry      <integer> = 0x0000000000000000 (0)
00:00:00.425751   IBPBOnVMExit       <integer> = 0x0000000000000000 (0)
00:00:00.425751   L1DFlushOnSched    <integer> = 0x0000000000000001 (1)
00:00:00.425752   L1DFlushOnVMEntry  <integer> = 0x0000000000000000 (0)
00:00:00.425752   MDSClearOnSched    <integer> = 0x0000000000000001 (1)
00:00:00.425753   MDSClearOnVMEntry  <integer> = 0x0000000000000000 (0)
00:00:00.425753   SpecCtrlByHost     <integer> = 0x0000000000000000 (0)
00:00:00.425754   UseNEMInstead      <integer> = 0x0000000000000000 (0)
00:00:00.425754 
00:00:00.425754 [/MM/] (level 1)
00:00:00.425755   CanUseLargerHeap <integer> = 0x0000000000000000 (0)
00:00:00.425755 
00:00:00.425756 [/NEM/] (level 1)
00:00:00.425756   Allow64BitGuests <integer> = 0x0000000000000001 (1)
00:00:00.425757 
00:00:00.425757 [/PDM/] (level 1)
00:00:00.425757 
00:00:00.425757 [/PDM/AsyncCompletion/] (level 2)
00:00:00.425758 
00:00:00.425758 [/PDM/AsyncCompletion/File/] (level 3)
00:00:00.425759 
00:00:00.425759 [/PDM/AsyncCompletion/File/BwGroups/] (level 4)
00:00:00.425760 
00:00:00.425760 [/PDM/BlkCache/] (level 2)
00:00:00.425761   CacheSize <integer> = 0x0000000000500000 (5 242 880, 5 MB)
00:00:00.425762 
00:00:00.425762 [/PDM/Devices/] (level 2)
00:00:00.425763 
00:00:00.425763 [/PDM/Drivers/] (level 2)
00:00:00.425763 
00:00:00.425764 [/PDM/Drivers/VBoxC/] (level 3)
00:00:00.425764   Path <string>  = "/Applications/VirtualBox.app/Contents/MacOS/components/VBoxC" (cb=61)
00:00:00.425765 
00:00:00.425765 [/PDM/NetworkShaper/] (level 2)
00:00:00.425766 
00:00:00.425766 [/PDM/NetworkShaper/BwGroups/] (level 3)
00:00:00.425766 
00:00:00.425767 [/TM/] (level 1)
00:00:00.425767   UTCOffset <integer> = 0x0000000000000000 (0)
00:00:00.425768 
00:00:00.425768 ********************* End of CFGM dump **********************
00:00:00.425946 HM: HMR3Init: VT-x w/ nested paging and unrestricted guest execution hw support
00:00:00.425967 MM: cbHyperHeap=0x240000 (2359296)
00:00:00.428808 CPUM: fXStateHostMask=0x7; initial: 0x7; host XCR0=0x7
00:00:00.429959 CPUM: Matched host CPU INTEL 0x6/0x8e/0xa Intel_Core7_CoffeeLake with CPU DB entry 'Intel Core i7-6700K' (INTEL 0x6/0x5e/0x3 Intel_Core7_Skylake)
00:00:00.430139 CPUM: MXCSR_MASK=0xffff (host: 0xffff)
00:00:00.430184 CPUM: Microcode revision 0x000000EA
00:00:00.430217 CPUM: Changing leaf 13[0]: EBX=0x340 -> 0x340, ECX=0x440 -> 0x340
00:00:00.430251 CPUM: MSR/CPUID reconciliation insert: 0x0000010b IA32_FLUSH_CMD
00:00:00.430290 CPUM: SetGuestCpuIdFeature: Enabled PAE
00:00:00.430556 PGM: Host paging mode: AMD64+PGE+NX
00:00:00.430562 PGM: PGMPool: cMaxPages=768 (u64MaxPages=545)
00:00:00.430565 PGM: pgmR3PoolInit: cMaxPages=0x300 cMaxUsers=0x600 cMaxPhysExts=0x600 fCacheEnable=true 
00:00:00.435504 TM: GIP - u32Mode=3 (Invariant) u32UpdateHz=100 u32UpdateIntervalNS=10000000 enmUseTscDelta=2 (Practically Zero) fGetGipCpu=0x15 cCpus=8
00:00:00.435525 TM: GIP - u64CpuHz=1 391 999 999 (0x52f83bff)  SUPGetCpuHzFromGip => 1 391 999 999
00:00:00.435530 TM: GIP - CPU: iCpuSet=0x0 idCpu=0x0 idApic=0x0 iGipCpu=0x6 i64TSCDelta=0 enmState=3 u64CpuHz=1391999999(*) cErrors=0
00:00:00.435534 TM: GIP - CPU: iCpuSet=0x1 idCpu=0x1 idApic=0x1 iGipCpu=0x7 i64TSCDelta=0 enmState=3 u64CpuHz=1391999997(*) cErrors=0
00:00:00.435537 TM: GIP - CPU: iCpuSet=0x2 idCpu=0x2 idApic=0x2 iGipCpu=0x3 i64TSCDelta=0 enmState=3 u64CpuHz=1391999989(*) cErrors=0
00:00:00.435540 TM: GIP - CPU: iCpuSet=0x3 idCpu=0x3 idApic=0x3 iGipCpu=0x2 i64TSCDelta=0 enmState=3 u64CpuHz=1391999957(*) cErrors=0
00:00:00.435542 TM: GIP - CPU: iCpuSet=0x4 idCpu=0x4 idApic=0x4 iGipCpu=0x5 i64TSCDelta=0 enmState=3 u64CpuHz=1391999994(*) cErrors=0
00:00:00.435544 TM: GIP - CPU: iCpuSet=0x5 idCpu=0x5 idApic=0x5 iGipCpu=0x4 i64TSCDelta=0 enmState=3 u64CpuHz=1391999994(*) cErrors=0
00:00:00.435547 TM: GIP - CPU: iCpuSet=0x6 idCpu=0x6 idApic=0x6 iGipCpu=0x1 i64TSCDelta=0 enmState=3 u64CpuHz=1391996105(*) cErrors=0
00:00:00.435549 TM: GIP - CPU: iCpuSet=0x7 idCpu=0x7 idApic=0x7 iGipCpu=0x0 i64TSCDelta=0 enmState=3 u64CpuHz=1391999999(*) cErrors=0
00:00:00.435637 TM: cTSCTicksPerSecond=1 391 999 999 (0x52f83bff) enmTSCMode=1 (VirtTscEmulated)
00:00:00.435638 TM: TSCTiedToExecution=false TSCNotTiedToHalt=false
00:00:00.436554 EMR3Init: fIemExecutesAll=false fGuruOnTripleFault=true 
00:00:00.436698 IEM: TargetCpu=CURRENT, Microarch=Intel_Core7_CoffeeLake
00:00:00.436911 GIM: Using provider 'KVM' (Implementation version: 0)
00:00:00.436917 CPUM: SetGuestCpuIdFeature: Enabled Hypervisor Present bit
00:00:00.437021 AIOMgr: Default manager type is 'Async'
00:00:00.437024 AIOMgr: Default file backend is 'NonBuffered'
00:00:00.437119 BlkCache: Cache successfully initialized. Cache size is 5242880 bytes
00:00:00.437128 BlkCache: Cache commit interval is 10000 ms
00:00:00.437131 BlkCache: Cache commit threshold is 2621440 bytes
00:00:00.508805 PcBios: [SMP] BIOS with 2 CPUs
00:00:00.508864 PcBios: Using the 386+ BIOS image.
00:00:00.509130 PcBios: MPS table at 000e1300
00:00:00.510205 PcBios: fCheckShutdownStatusForSoftReset=true   fClearShutdownStatusOnHardReset=true 
00:00:00.510884 SUP: Opened VBoxDDR0.r0 (/Applications/VirtualBox.app/Contents/MacOS/VBoxDDR0.r0) at 0xXXXXXXXXXXXXXXXX loaded by the native ring-0 loader.
00:00:00.512711 CPUM: SetGuestCpuIdFeature: Enabled xAPIC
00:00:00.512724 CPUM: SetGuestCpuIdFeature: Enabled x2APIC
00:00:00.513464 IOAPIC: Using implementation 2.0! Chipset type ICH9
00:00:00.513560 PIT: mode=3 count=0x10000 (65536) - 18.20 Hz (ch=0)
00:00:00.513937 VMMDev: cbDefaultBudget: 134 217 728 (8000000)
00:00:00.520481 Shared Folders service loaded
00:00:00.521648 Guest Control service loaded
00:00:00.527993 VGA: Using the 386+ BIOS image.
00:00:00.532456 DrvVD: Flushes will be ignored
00:00:00.532466 DrvVD: Async flushes will be passed to the disk
00:00:00.535487 VD: VDInit finished with VINF_SUCCESS
00:00:00.536183 AIOMgr: Endpoint for file '/Volumes/externalwd/ITMO-453/beyesus/packer-example-code/build/graphiteb_default_1634855101981_89578/packer-centos-graphiteb-1634851754-disk001.vmdk' (flags 000c0723) created successfully
00:00:00.538171 VD: Opening the disk took 2927510 ns
00:00:00.538287 AHCI: LUN#0: disk, PCHS=16383/16/63, total number of sectors 30720000
00:00:00.538454 AHCI#0: Reset the HBA
00:00:00.538462 VD#0: Cancelling all active requests
00:00:00.540516 PIIX3 ATA: LUN#0: no unit
00:00:00.540528 PIIX3 ATA: LUN#1: no unit
00:00:00.540560 PIIX3 ATA: LUN#2: no unit
00:00:00.540565 PIIX3 ATA: LUN#3: no unit
00:00:00.540607 PIIX3 ATA: Ctl#0: finished processing RESET
00:00:00.540621 PIIX3 ATA: Ctl#1: finished processing RESET
00:00:00.540974 E1000#0: Chip=82540EM LinkUpDelay=3000ms EthernetCRC=on GSO=enabled Itr=disabled ItrRx=enabled TID=disabled R0=enabled RC=disabled
00:00:00.556385 NAT: Guest address guess set to 10.0.2.15 by initialization
00:00:00.556659 NAT: resolv.conf: nameserver 2001:558:feed::1
00:00:00.556667 NAT: resolv.conf: nameserver 2001:558:feed::2
00:00:00.556671 NAT: resolv.conf: nameserver 75.75.75.75
00:00:00.556675 NAT: resolv.conf: nameserver 75.75.76.76
00:00:00.556686 NAT: Adding domain name hsd1.il.comcast.net
00:00:00.556688 NAT: DNS#0: 75.75.75.75
00:00:00.556691 NAT: DNS#1: 75.75.76.76
00:00:00.556784 NAT: Set redirect TCP 127.0.0.1:2200 -> 0.0.0.0:22
00:00:00.560609 E1000#1: Chip=82540EM LinkUpDelay=3000ms EthernetCRC=on GSO=enabled Itr=disabled ItrRx=enabled TID=disabled R0=enabled RC=disabled
00:00:00.560737 IntNet#0: szNetwork={HostInterfaceNetworking-vboxnet0} enmTrunkType=4 szTrunk={vboxnet0} fFlags=0x8000 cbRecv=325632 cbSend=196608 fIgnoreConnectFailure=false
00:00:00.564792 PGM: The CPU physical address width is 39 bits
00:00:00.564811 PGM: PGMR3InitFinalize: 4 MB PSE mask 0000007fffffffff -> VINF_SUCCESS
00:00:00.564857 TM: TMR3InitFinalize: fTSCModeSwitchAllowed=true 
00:00:00.565839 VMM: Thread-context hooks unavailable
00:00:00.565849 VMM: RTThreadPreemptIsPending() can be trusted
00:00:00.565851 VMM: Kernel preemption is possible
00:00:00.565939 HM: fWorldSwitcher=0x0 (fIbpbOnVmExit=false fIbpbOnVmEntry=false fL1dFlushOnVmEntry=false); fL1dFlushOnSched=true  fMdsClearOnVmEntry=false
00:00:00.565996 HM: Using VT-x implementation 3.0
00:00:00.565997 HM: Max resume loops                  = 8192
00:00:00.565998 HM: Host CR4                          = 0x3626e0
00:00:00.565999 HM: Host EFER                         = 0xd01
00:00:00.565999 HM: MSR_IA32_SMM_MONITOR_CTL          = 0x0
00:00:00.566000 HM: MSR_IA32_FEATURE_CONTROL          = 0x5
00:00:00.566001 HM:   LOCK
00:00:00.566001 HM:   VMXON
00:00:00.566002 HM: MSR_IA32_VMX_BASIC                = 0xda040000000004
00:00:00.566003 HM:   VMCS id                           = 0x4
00:00:00.566003 HM:   VMCS size                         = 1024 bytes
00:00:00.566004 HM:   VMCS physical address limit       = None
00:00:00.566036 HM:   VMCS memory type                  = Write Back (WB)
00:00:00.566036 HM:   Dual-monitor treatment support    = true 
00:00:00.566037 HM:   OUTS & INS instruction-info       = true 
00:00:00.566038 HM:   Supports true-capability MSRs     = true 
00:00:00.566038 HM:   VM-entry Xcpt error-code optional = false
00:00:00.566039 HM: MSR_IA32_VMX_PINBASED_CTLS        = 0x7f00000016
00:00:00.566039 HM:   EXT_INT_EXIT
00:00:00.566040 HM:   NMI_EXIT
00:00:00.566040 HM:   VIRTUAL_NMI
00:00:00.566041 HM:   PREEMPT_TIMER
00:00:00.566041 HM:   POSTED_INT (must be cleared)
00:00:00.566041 HM: MSR_IA32_VMX_PROCBASED_CTLS       = 0xfff9fffe0401e172
00:00:00.566042 HM:   INT_WINDOW_EXIT
00:00:00.566043 HM:   USE_TSC_OFFSETTING
00:00:00.566043 HM:   HLT_EXIT
00:00:00.566043 HM:   INVLPG_EXIT
00:00:00.566044 HM:   MWAIT_EXIT
00:00:00.566044 HM:   RDPMC_EXIT
00:00:00.566044 HM:   RDTSC_EXIT
00:00:00.566045 HM:   CR3_LOAD_EXIT (must be set)
00:00:00.566045 HM:   CR3_STORE_EXIT (must be set)
00:00:00.566045 HM:   CR8_LOAD_EXIT
00:00:00.566046 HM:   CR8_STORE_EXIT
00:00:00.566046 HM:   USE_TPR_SHADOW
00:00:00.566047 HM:   NMI_WINDOW_EXIT
00:00:00.566047 HM:   MOV_DR_EXIT
00:00:00.566047 HM:   UNCOND_IO_EXIT
00:00:00.566048 HM:   USE_IO_BITMAPS
00:00:00.566048 HM:   MONITOR_TRAP_FLAG
00:00:00.566048 HM:   USE_MSR_BITMAPS
00:00:00.566049 HM:   MONITOR_EXIT
00:00:00.566049 HM:   PAUSE_EXIT
00:00:00.566049 HM:   USE_SECONDARY_CTLS
00:00:00.566074 HM: MSR_IA32_VMX_PROCBASED_CTLS2      = 0x5fbcff00000000
00:00:00.566075 HM:   VIRT_APIC_ACCESS
00:00:00.566075 HM:   EPT
00:00:00.566075 HM:   DESC_TABLE_EXIT
00:00:00.566076 HM:   RDTSCP
00:00:00.566076 HM:   VIRT_X2APIC_MODE
00:00:00.566076 HM:   VPID
00:00:00.566077 HM:   WBINVD_EXIT
00:00:00.566077 HM:   UNRESTRICTED_GUEST
00:00:00.566078 HM:   APIC_REG_VIRT (must be cleared)
00:00:00.566078 HM:   VIRT_INT_DELIVERY (must be cleared)
00:00:00.566078 HM:   PAUSE_LOOP_EXIT
00:00:00.566079 HM:   RDRAND_EXIT
00:00:00.566079 HM:   INVPCID
00:00:00.566103 HM:   VMFUNC
00:00:00.566104 HM:   VMCS_SHADOWING (must be cleared)
00:00:00.566104 HM:   ENCLS_EXIT
00:00:00.566104 HM:   RDSEED_EXIT
00:00:00.566105 HM:   PML
00:00:00.566105 HM:   EPT_VE
00:00:00.566106 HM:   CONCEAL_VMX_FROM_PT
00:00:00.566106 HM:   XSAVES_XRSTORS
00:00:00.566106 HM:   MODE_BASED_EPT_PERM
00:00:00.566107 HM:   SPPTP_EPT (must be cleared)
00:00:00.566107 HM:   PT_EPT (must be cleared)
00:00:00.566107 HM:   TSC_SCALING (must be cleared)
00:00:00.566108 HM:   USER_WAIT_PAUSE (must be cleared)
00:00:00.566108 HM:   ENCLV_EXIT (must be cleared)
00:00:00.566109 HM: MSR_IA32_VMX_ENTRY_CTLS           = 0x3ffff000011ff
00:00:00.566109 HM:   LOAD_DEBUG (must be set)
00:00:00.566110 HM:   IA32E_MODE_GUEST
00:00:00.566110 HM:   ENTRY_TO_SMM
00:00:00.566111 HM:   DEACTIVATE_DUAL_MON
00:00:00.566111 HM:   LOAD_PERF_MSR
00:00:00.566111 HM:   LOAD_PAT_MSR
00:00:00.566112 HM:   LOAD_EFER_MSR
00:00:00.566112 HM:   LOAD_BNDCFGS_MSR
00:00:00.566112 HM:   CONCEAL_VMX_FROM_PT
00:00:00.566112 HM:   LOAD_RTIT_CTL_MSR (must be cleared)
00:00:00.566113 HM: MSR_IA32_VMX_EXIT_CTLS            = 0x1ffffff00036dff
00:00:00.566114 HM:   SAVE_DEBUG (must be set)
00:00:00.566114 HM:   HOST_ADDR_SPACE_SIZE
00:00:00.566114 HM:   LOAD_PERF_MSR
00:00:00.566115 HM:   ACK_EXT_INT
00:00:00.566115 HM:   SAVE_PAT_MSR
00:00:00.566116 HM:   LOAD_PAT_MSR
00:00:00.566116 HM:   SAVE_EFER_MSR
00:00:00.566116 HM:   LOAD_EFER_MSR
00:00:00.566117 HM:   SAVE_PREEMPT_TIMER
00:00:00.566117 HM:   CLEAR_BNDCFGS_MSR
00:00:00.566118 HM:   CONCEAL_VMX_FROM_PT
00:00:00.566118 HM:   CLEAR_RTIT_CTL_MSR (must be cleared)
00:00:00.566118 HM: MSR_IA32_VMX_TRUE_PINBASED_CTLS   = 0x7f00000016
00:00:00.566119 HM: MSR_IA32_VMX_TRUE_PROCBASED_CTLS  = 0xfff9fffe04006172
00:00:00.566120 HM: MSR_IA32_VMX_TRUE_ENTRY_CTLS      = 0x3ffff000011fb
00:00:00.566121 HM: MSR_IA32_VMX_TRUE_EXIT_CTLS       = 0x1ffffff00036dfb
00:00:00.566122 HM: MSR_IA32_VMX_MISC                 = 0x7004c1e7
00:00:00.566122 HM:   PREEMPT_TIMER_TSC                 = 0x7
00:00:00.566123 HM:   EXIT_SAVE_EFER_LMA                = true 
00:00:00.566123 HM:   ACTIVITY_STATES                   = 0x7 ( HLT SHUTDOWN SIPI_WAIT )
00:00:00.566124 HM:   INTEL_PT                          = true 
00:00:00.566125 HM:   SMM_READ_SMBASE_MSR               = true 
00:00:00.566148 HM:   CR3_TARGET                        = 0x4
00:00:00.566149 HM:   MAX_MSR                           = 0x0 ( 512 )
00:00:00.566150 HM:   VMXOFF_BLOCK_SMI                  = true 
00:00:00.566150 HM:   VMWRITE_ALL                       = true 
00:00:00.566151 HM:   ENTRY_INJECT_SOFT_INT             = 0x1
00:00:00.566151 HM:   MSEG_ID                           = 0x0
00:00:00.566152 HM: MSR_IA32_VMX_VMCS_ENUM            = 0x2e
00:00:00.566152 HM:   HIGHEST_IDX                       = 0x17
00:00:00.566153 HM: MSR_IA32_VMX_EPT_VPID_CAP         = 0xf0106734141
00:00:00.566154 HM:   RWX_X_ONLY
00:00:00.566154 HM:   PAGE_WALK_LENGTH_4
00:00:00.566154 HM:   EMT_UC
00:00:00.566155 HM:   EMT_WB
00:00:00.566155 HM:   PDE_2M
00:00:00.566156 HM:   PDPTE_1G
00:00:00.566156 HM:   INVEPT
00:00:00.566156 HM:   EPT_ACCESS_DIRTY
00:00:00.566157 HM:   ADVEXITINFO_EPT
00:00:00.566157 HM:   INVEPT_SINGLE_CONTEXT
00:00:00.566157 HM:   INVEPT_ALL_CONTEXTS
00:00:00.566158 HM:   INVVPID
00:00:00.566158 HM:   INVVPID_INDIV_ADDR
00:00:00.566159 HM:   INVVPID_SINGLE_CONTEXT
00:00:00.566159 HM:   INVVPID_ALL_CONTEXTS
00:00:00.566159 HM:   INVVPID_SINGLE_CONTEXT_RETAIN_GLOBALS
00:00:00.566160 HM: MSR_IA32_VMX_VMFUNC               = 0x1
00:00:00.566160 HM:   EPTP_SWITCHING
00:00:00.566161 HM: MSR_IA32_VMX_CR0_FIXED0           = 0x80000021
00:00:00.566161 HM: MSR_IA32_VMX_CR0_FIXED1           = 0xffffffff
00:00:00.566162 HM: MSR_IA32_VMX_CR4_FIXED0           = 0x2000
00:00:00.566163 HM: MSR_IA32_VMX_CR4_FIXED1           = 0x3727ff
00:00:00.566163 HM: APIC-access page physaddr         = 0x0000000193938000
00:00:00.566164 HM: VCPU  0: MSR bitmap physaddr      = 0x00000001be93f000
00:00:00.566165 HM: VCPU  0: VMCS physaddr            = 0x00000001d9905000
00:00:00.566166 HM: VCPU  1: MSR bitmap physaddr      = 0x00000001d9906000
00:00:00.566167 HM: VCPU  1: VMCS physaddr            = 0x000000000f913000
00:00:00.566168 HM: Guest support: 32-bit and 64-bit
00:00:00.566185 HM: Supports VMCS EFER fields         = true 
00:00:00.566186 HM: Enabled VMX
00:00:00.566189 CPUM: SetGuestCpuIdFeature: Enabled SYSENTER/EXIT
00:00:00.566190 CPUM: SetGuestCpuIdFeature: Enabled PAE
00:00:00.566190 CPUM: SetGuestCpuIdFeature: Enabled LONG MODE
00:00:00.566191 CPUM: SetGuestCpuIdFeature: Enabled SYSCALL/RET
00:00:00.566191 CPUM: SetGuestCpuIdFeature: Enabled LAHF/SAHF
00:00:00.566192 CPUM: SetGuestCpuIdFeature: Enabled NX
00:00:00.566192 HM: Enabled nested paging
00:00:00.566192 HM:   EPT flush type                  = Single context
00:00:00.566193 HM: Enabled unrestricted guest execution
00:00:00.566193 HM: Enabled large page support
00:00:00.566193 HM: Enabled VPID
00:00:00.566194 HM:   VPID flush type                 = Single context
00:00:00.566197 HM: Enabled VMX-preemption timer (cPreemptTimerShift=7)
00:00:00.566198 HM: VT-x/AMD-V init method: Global
00:00:00.566199 EM: Exit history optimizations: enabled=true  enabled-r0=true  enabled-r0-no-preemption=false
00:00:00.566314 PcBios: SATA LUN#0 LCHS=1024/255/63
00:00:00.566339 APIC: fPostedIntrsEnabled=false fVirtApicRegsEnabled=false fSupportsTscDeadline=false
00:00:00.566344 TMR3UtcNow: nsNow=1 635 172 509 537 481 000 nsPrev=0 -> cNsDelta=1 635 172 509 537 481 000 (offLag=0 offVirtualSync=0 offVirtualSyncGivenUp=0, NowAgain=1 635 172 509 537 481 000)
00:00:00.566350 VMM: fUsePeriodicPreemptionTimers=false
00:00:00.567236 CPUM: Logical host processors: 8 present, 8 max, 8 online, online mask: 00000000000000ff
00:00:00.567243 CPUM: Physical host cores: 4
00:00:00.567244 ************************* CPUID dump ************************
00:00:00.567301          Raw Standard CPUID Leaves
00:00:00.567301      Leaf/sub-leaf  eax      ebx      ecx      edx
00:00:00.567302 Gst: 00000000/0000  00000016 756e6547 6c65746e 49656e69
00:00:00.567304 Hst:                00000016 756e6547 6c65746e 49656e69
00:00:00.567305 Gst: 00000001/0000  000806ea 00020800 d6fa2203 178bfbff
00:00:00.567307 Hst:                000806ea 01100800 7ffafbbf bfebfbff
00:00:00.567308 Gst: 00000002/0000  76036301 00f0b5ff 00000000 00c30000
00:00:00.567310 Hst:                76036301 00f0b5ff 00000000 00c30000
00:00:00.567311 Gst: 00000003/0000  00000000 00000000 00000000 00000000
00:00:00.567312 Hst:                00000000 00000000 00000000 00000000
00:00:00.567313 Gst: 00000004/0000  04000121 01c0003f 0000003f 00000000
00:00:00.567314 Hst:                1c004121 01c0003f 0000003f 00000000
00:00:00.567315 Gst: 00000004/0001  04000122 01c0003f 0000003f 00000000
00:00:00.567316 Hst:                1c004122 01c0003f 0000003f 00000000
00:00:00.567317 Gst: 00000004/0002  04000143 00c0003f 000003ff 00000000
00:00:00.567319 Hst:                1c004143 00c0003f 000003ff 00000000
00:00:00.567320 Gst: 00000004/0003  04000163 02c0003f 00001fff 00000006
00:00:00.567321 Hst:                1c03c163 02c0003f 00001fff 00000006
00:00:00.567322 Gst: 00000004/0004  04000000 00000000 00000000 00000000
00:00:00.567323 Hst:                00000000 00000000 00000000 00000000
00:00:00.567324 Gst: 00000005/0000  00000000 00000000 00000000 00000000
00:00:00.567325 Hst:                00000040 00000040 00000003 11142120
00:00:00.567326 Gst: 00000006/0000  00000000 00000000 00000000 00000000
00:00:00.567327 Hst:                000026f7 00000002 00000009 00000000
00:00:00.567328 Gst: 00000007/0000  00000000 00842421 00000000 10000400
00:00:00.567329 Hst:                00000000 029c67af 00000000 9c002e00
00:00:00.567330 Gst: 00000007/0001  00000000 00000000 00000000 00000000
00:00:00.567331 Hst:                00000000 00000000 00000000 00000000
00:00:00.567332 Gst: 00000008/0000  00000000 00000000 00000000 00000000
00:00:00.567333 Hst:                00000000 00000000 00000000 00000000
00:00:00.567349 Gst: 00000009/0000  00000000 00000000 00000000 00000000
00:00:00.567350 Hst:                00000000 00000000 00000000 00000000
00:00:00.567350 Gst: 0000000a/0000  00000000 00000000 00000000 00000000
00:00:00.567351 Hst:                07300404 00000000 00000000 00000603
00:00:00.567352 Gst: 0000000b/0000  00000000 00000001 00000100 00000000
00:00:00.567352 Hst:                00000001 00000002 00000100 00000004
00:00:00.567353 Gst: 0000000b/0001  00000001 00000002 00000201 00000000
00:00:00.567353 Hst:                00000004 00000008 00000201 00000004
00:00:00.567354 Gst: 0000000b/0002  00000000 00000000 00000002 00000000
00:00:00.567355 Hst:                00000000 00000000 00000002 00000004
00:00:00.567355 Gst: 0000000c/0000  00000000 00000000 00000000 00000000
00:00:00.567356 Hst:                00000000 00000000 00000000 00000000
00:00:00.567356 Gst: 0000000d/0000  00000007 00000340 00000340 00000000
00:00:00.567357 Hst:                0000001f 00000340 00000440 00000000
00:00:00.567357 Gst: 0000000d/0001  00000000 00000340 00000000 00000000
00:00:00.567358 Hst:                0000000f 00000340 00000100 00000000
00:00:00.567359 Gst: 0000000d/0002  00000100 00000240 00000000 00000000
00:00:00.567359 Hst:                00000100 00000240 00000000 00000000
00:00:00.567360 Gst: 0000000d/0003  00000000 00000000 00000000 00000000
00:00:00.567360 Hst:                00000040 000003c0 00000000 00000000
00:00:00.567361 Gst: 0000000d/0004  00000000 00000000 00000000 00000000
00:00:00.567361 Hst:                00000040 00000400 00000000 00000000
00:00:00.567362 Gst: 0000000d/0005  00000000 00000000 00000000 00000000
00:00:00.567362 Hst:                00000000 00000000 00000000 00000000
00:00:00.567363 Gst: 0000000d/0006  00000000 00000000 00000000 00000000
00:00:00.567363 Hst:                00000000 00000000 00000000 00000000
00:00:00.567364 Gst: 0000000d/0007  00000000 00000000 00000000 00000000
00:00:00.567365 Hst:                00000000 00000000 00000000 00000000
00:00:00.567365 Gst: 0000000d/0008  00000000 00000000 00000000 00000000
00:00:00.567366 Hst:                00000080 00000000 00000001 00000000
00:00:00.567366 Gst: 0000000d/0009  00000000 00000000 00000000 00000000
00:00:00.567367 Hst:                00000000 00000000 00000000 00000000
00:00:00.567383 Gst: 0000000e/0000  00000000 00000000 00000000 00000000
00:00:00.567383 Hst:                00000000 00000000 00000000 00000000
00:00:00.567384 Gst: 0000000f/0000  00000000 00000000 00000000 00000000
00:00:00.567384 Hst:                00000000 00000000 00000000 00000000
00:00:00.567385 Gst: 00000010/0000  00000000 00000000 00000000 00000000
00:00:00.567385 Hst:                00000000 00000000 00000000 00000000
00:00:00.567386 Gst: 00000011/0000  00000000 00000000 00000000 00000000
00:00:00.567386 Hst:                00000000 00000000 00000000 00000000
00:00:00.567387 Gst: 00000012/0000  00000000 00000000 00000000 00000000
00:00:00.567387 Hst:                00000000 00000000 00000000 00000000
00:00:00.567388 Gst: 00000013/0000  00000000 00000000 00000000 00000000
00:00:00.567388 Hst:                00000000 00000000 00000000 00000000
00:00:00.567389 Gst: 00000014/0000  00000000 00000000 00000000 00000000
00:00:00.567389 Hst:                00000001 0000000f 00000007 00000000
00:00:00.567390 Hst: 00000015/0000  00000002 00000074 00000000 00000000
00:00:00.567391 Hst: 00000016/0000  00000578 00000f3c 00000064 00000000
00:00:00.567392                                Name: GenuineIntel
00:00:00.567393                            Supports: 0x00000000-0x00000016
00:00:00.567415                              Family:  6 	Extended: 0 	Effective: 6
00:00:00.567417                               Model: 14 	Extended: 8 	Effective: 142
00:00:00.567419                            Stepping: 10
00:00:00.567419                                Type: 0 (primary)
00:00:00.567421                             APIC ID: 0x00
00:00:00.567422                        Logical CPUs: 2
00:00:00.567422                        CLFLUSH Size: 8
00:00:00.567423                            Brand ID: 0x00
00:00:00.567424 Features
00:00:00.567425   Mnemonic - Description                                  = guest (host)
00:00:00.567449   FPU - x87 FPU on Chip                                   = 1 (1)
00:00:00.567451   VME - Virtual 8086 Mode Enhancements                    = 1 (1)
00:00:00.567452   DE - Debugging extensions                               = 1 (1)
00:00:00.567453   PSE - Page Size Extension                               = 1 (1)
00:00:00.567454   TSC - Time Stamp Counter                                = 1 (1)
00:00:00.567455   MSR - Model Specific Registers                          = 1 (1)
00:00:00.567455   PAE - Physical Address Extension                        = 1 (1)
00:00:00.567456   MCE - Machine Check Exception                           = 1 (1)
00:00:00.567457   CX8 - CMPXCHG8B instruction                             = 1 (1)
00:00:00.567458   APIC - APIC On-Chip                                     = 1 (1)
00:00:00.567459   SEP - SYSENTER and SYSEXIT Present                      = 1 (1)
00:00:00.567459   MTRR - Memory Type Range Registers                      = 1 (1)
00:00:00.567460   PGE - PTE Global Bit                                    = 1 (1)
00:00:00.567461   MCA - Machine Check Architecture                        = 1 (1)
00:00:00.567462   CMOV - Conditional Move instructions                    = 1 (1)
00:00:00.567462   PAT - Page Attribute Table                              = 1 (1)
00:00:00.567463   PSE-36 - 36-bit Page Size Extension                     = 1 (1)
00:00:00.567464   PSN - Processor Serial Number                           = 0 (0)
00:00:00.567465   CLFSH - CLFLUSH instruction                             = 1 (1)
00:00:00.567466   DS - Debug Store                                        = 0 (1)
00:00:00.567467   ACPI - Thermal Mon. & Soft. Clock Ctrl.                 = 0 (1)
00:00:00.567467   MMX - Intel MMX Technology                              = 1 (1)
00:00:00.567468   FXSR - FXSAVE and FXRSTOR instructions                  = 1 (1)
00:00:00.567469   SSE - SSE support                                       = 1 (1)
00:00:00.567470   SSE2 - SSE2 support                                     = 1 (1)
00:00:00.567471   SS - Self Snoop                                         = 0 (1)
00:00:00.567472   HTT - Hyper-Threading Technology                        = 1 (1)
00:00:00.567472   TM - Therm. Monitor                                     = 0 (1)
00:00:00.567473   PBE - Pending Break Enabled                             = 0 (1)
00:00:00.567474   SSE3 - SSE3 support                                     = 1 (1)
00:00:00.567475   PCLMUL - PCLMULQDQ support (for AES-GCM)                = 1 (1)
00:00:00.567476   DTES64 - DS Area 64-bit Layout                          = 0 (1)
00:00:00.567477   MONITOR - MONITOR/MWAIT instructions                    = 0 (1)
00:00:00.567477   CPL-DS - CPL Qualified Debug Store                      = 0 (1)
00:00:00.567478   VMX - Virtual Machine Extensions                        = 0 (1)
00:00:00.567479   SMX - Safer Mode Extensions                             = 0 (0)
00:00:00.567479   EST - Enhanced SpeedStep Technology                     = 0 (1)
00:00:00.567480   TM2 - Terminal Monitor 2                                = 0 (1)
00:00:00.567481   SSSE3 - Supplemental Streaming SIMD Extensions 3        = 1 (1)
00:00:00.567482   CNTX-ID - L1 Context ID                                 = 0 (0)
00:00:00.567482   SDBG - Silicon Debug interface                          = 0 (1)
00:00:00.567483   FMA - Fused Multiply Add extensions                     = 0 (1)
00:00:00.567484   CX16 - CMPXCHG16B instruction                           = 1 (1)
00:00:00.567485   TPRUPDATE - xTPR Update Control                         = 0 (1)
00:00:00.567485   PDCM - Perf/Debug Capability MSR                        = 0 (1)
00:00:00.567486   PCID - Process Context Identifiers                      = 1 (1)
00:00:00.567487   DCA - Direct Cache Access                               = 0 (0)
00:00:00.567488   SSE4_1 - SSE4_1 support                                 = 1 (1)
00:00:00.567489   SSE4_2 - SSE4_2 support                                 = 1 (1)
00:00:00.567489   X2APIC - x2APIC support                                 = 1 (1)
00:00:00.567490   MOVBE - MOVBE instruction                               = 1 (1)
00:00:00.567491   POPCNT - POPCNT instruction                             = 1 (1)
00:00:00.567492   TSCDEADL - Time Stamp Counter Deadline                  = 0 (1)
00:00:00.567493   AES - AES instructions                                  = 1 (1)
00:00:00.567493   XSAVE - XSAVE instruction                               = 1 (1)
00:00:00.567494   OSXSAVE - OSXSAVE instruction                           = 0 (1)
00:00:00.567495   AVX - AVX support                                       = 1 (1)
00:00:00.567496   F16C - 16-bit floating point conversion instructions    = 0 (1)
00:00:00.567496   RDRAND - RDRAND instruction                             = 1 (1)
00:00:00.567497   HVP - Hypervisor Present (we're a guest)                = 1 (0)
00:00:00.567513 Structured Extended Feature Flags Enumeration (leaf 7):
00:00:00.567514   Mnemonic - Description                                  = guest (host)
00:00:00.567514   FSGSBASE - RDFSBASE/RDGSBASE/WRFSBASE/WRGSBASE instr.   = 1 (1)
00:00:00.567515   TSCADJUST - Supports MSR_IA32_TSC_ADJUST                = 0 (1)
00:00:00.567515   SGX - Supports Software Guard Extensions                = 0 (1)
00:00:00.567516   BMI1 - Advanced Bit Manipulation extension 1            = 0 (1)
00:00:00.567517   HLE - Hardware Lock Elision                             = 0 (0)
00:00:00.567518   AVX2 - Advanced Vector Extensions 2                     = 1 (1)
00:00:00.567518   FDP_EXCPTN_ONLY - FPU DP only updated on exceptions     = 0 (0)
00:00:00.567519   SMEP - Supervisor Mode Execution Prevention             = 0 (1)
00:00:00.567520   BMI2 - Advanced Bit Manipulation extension 2            = 0 (1)
00:00:00.567520   ERMS - Enhanced REP MOVSB/STOSB instructions            = 0 (1)
00:00:00.567521   INVPCID - INVPCID instruction                           = 1 (1)
00:00:00.567522   RTM - Restricted Transactional Memory                   = 0 (0)
00:00:00.567522   PQM - Platform Quality of Service Monitoring            = 0 (0)
00:00:00.567523   DEPFPU_CS_DS - Deprecates FPU CS, FPU DS values if set  = 1 (1)
00:00:00.567524   MPE - Intel Memory Protection Extensions                = 0 (1)
00:00:00.567524   PQE - Platform Quality of Service Enforcement           = 0 (0)
00:00:00.567525   AVX512F - AVX512 Foundation instructions                = 0 (0)
00:00:00.567526   RDSEED - RDSEED instruction                             = 1 (1)
00:00:00.567526   ADX - ADCX/ADOX instructions                            = 0 (1)
00:00:00.567527   SMAP - Supervisor Mode Access Prevention                = 0 (1)
00:00:00.567528   CLFLUSHOPT - CLFLUSHOPT (Cache Line Flush) instruction  = 1 (1)
00:00:00.567528   INTEL_PT - Intel Processor Trace                        = 0 (1)
00:00:00.567529   AVX512PF - AVX512 Prefetch instructions                 = 0 (0)
00:00:00.567530   AVX512ER - AVX512 Exponential & Reciprocal instructions = 0 (0)
00:00:00.567530   AVX512CD - AVX512 Conflict Detection instructions       = 0 (0)
00:00:00.567531   SHA - Secure Hash Algorithm extensions                  = 0 (0)
00:00:00.567532   PREFETCHWT1 - PREFETCHWT1 instruction                   = 0 (0)
00:00:00.567532   UMIP - User mode insturction prevention                 = 0 (0)
00:00:00.567533   PKU - Protection Key for Usermode pages                 = 0 (0)
00:00:00.567534   OSPKE - CR4.PKU mirror                                  = 0 (0)
00:00:00.567535   MAWAU - Value used by BNDLDX & BNDSTX                   = 0x0 (0x0)
00:00:00.567535   RDPID - Read processor ID support                       = 0 (0)
00:00:00.567536   SGX_LC - Supports SGX Launch Configuration              = 0 (0)
00:00:00.567537    9 - Reserved                                           = 0 (1)
00:00:00.567538   MD_CLEAR - Supports MDS related buffer clearing         = 1 (1)
00:00:00.567539   11 - Reserved                                           = 0 (1)
00:00:00.567540   13 - Reserved                                           = 0 (1)
00:00:00.567541   IBRS_IBPB - IA32_SPEC_CTRL.IBRS and IA32_PRED_CMD.IBPB  = 0 (1)
00:00:00.567541   STIBP - Supports IA32_SPEC_CTRL.STIBP                   = 0 (1)
00:00:00.567542   FLUSH_CMD - Supports IA32_FLUSH_CMD                     = 1 (1)
00:00:00.567543   ARCHCAP - Supports IA32_ARCH_CAP                        = 0 (0)
00:00:00.567543   CORECAP - Supports IA32_CORE_CAP                        = 0 (0)
00:00:00.567544   SSBD - Supports IA32_SPEC_CTRL.SSBD                     = 0 (1)
00:00:00.567545 Processor Extended State Enumeration (leaf 0xd):
00:00:00.567545    XSAVE area cur/max size by XCR0, guest: 0x340/0x340
00:00:00.567546     XSAVE area cur/max size by XCR0, host: 0x340/0x440
00:00:00.567547                    Valid XCR0 bits, guest: 0x00000000`00000007 ( x87 SSE YMM_Hi128 )
00:00:00.567548                     Valid XCR0 bits, host: 0x00000000`0000001f ( x87 SSE YMM_Hi128 BNDREGS BNDCSR )
00:00:00.567564                     XSAVE features, guest:
00:00:00.567564                      XSAVE features, host: XSAVEOPT XSAVEC XGETBC1 XSAVES
00:00:00.567566       XSAVE area cur size XCR0|XSS, guest: 0x340
00:00:00.567566        XSAVE area cur size XCR0|XSS, host: 0x340
00:00:00.567566                Valid IA32_XSS bits, guest: 0x00000000`00000000
00:00:00.567567                 Valid IA32_XSS bits, host: 0x00000100`00000000 ( 40 )
00:00:00.567568   State #2, guest: off=0x0240, cb=0x0100 IA32_XSS-bit -- YMM_Hi128
00:00:00.567569   State #2, host:  off=0x0240, cb=0x0100 IA32_XSS-bit -- YMM_Hi128
00:00:00.567571   State #3, host:  off=0x03c0, cb=0x0040 IA32_XSS-bit -- BNDREGS
00:00:00.567571   State #4, host:  off=0x0400, cb=0x0040 IA32_XSS-bit -- BNDCSR
00:00:00.567573   State #8, host:  off=0x0000, cb=0x0080 XCR0-bit -- 8
00:00:00.567581          Unknown CPUID Leaves
00:00:00.567581      Leaf/sub-leaf  eax      ebx      ecx      edx
00:00:00.567582 Gst: 00000014/0001  00000000 00000000 00000000 00000000
00:00:00.567582 Hst:                02490002 003f3fff 00000000 00000000
00:00:00.567583 Gst: 00000014/0002  00000000 00000000 00000000 00000000
00:00:00.567584 Hst:                00000000 00000000 00000000 00000000
00:00:00.567585 Gst: 00000015/0000  00000000 00000000 00000000 00000000
00:00:00.567585 Hst:                00000002 00000074 00000000 00000000
00:00:00.567586 Gst: 00000016/0000  00000000 00000000 00000000 00000000
00:00:00.567586 Hst:                00000578 00000f3c 00000064 00000000
00:00:00.567587          Raw Hypervisor CPUID Leaves
00:00:00.567588      Leaf/sub-leaf  eax      ebx      ecx      edx
00:00:00.567588 Gst: 40000000/0000  40000001 4b4d564b 564b4d56 0000004d
00:00:00.567589 Hst:                00000578 00000f3c 00000064 00000000
00:00:00.567590 Gst: 40000001/0000  01000089 00000000 00000000 00000000
00:00:00.567591 Hst:                00000578 00000f3c 00000064 00000000
00:00:00.567592          Raw Extended CPUID Leaves
00:00:00.567592      Leaf/sub-leaf  eax      ebx      ecx      edx
00:00:00.567592 Gst: 80000000/0000  80000008 00000000 00000000 00000000
00:00:00.567593 Hst:                80000008 00000000 00000000 00000000
00:00:00.567593 Gst: 80000001/0000  00000000 00000000 00000121 28100800
00:00:00.567594 Hst:                00000000 00000000 00000121 2c100800
00:00:00.567595 Gst: 80000002/0000  65746e49 2952286c 726f4320 4d542865
00:00:00.567596 Hst:                65746e49 2952286c 726f4320 4d542865
00:00:00.567597 Gst: 80000003/0000  35692029 3532382d 43205537 40205550
00:00:00.567598 Hst:                35692029 3532382d 43205537 40205550
00:00:00.567599 Gst: 80000004/0000  342e3120 7a484730 00000000 00000000
00:00:00.567600 Hst:                342e3120 7a484730 00000000 00000000
00:00:00.567600 Gst: 80000005/0000  00000000 00000000 00000000 00000000
00:00:00.567601 Hst:                00000000 00000000 00000000 00000000
00:00:00.567602 Gst: 80000006/0000  00000000 00000000 01006040 00000000
00:00:00.567602 Hst:                00000000 00000000 01006040 00000000
00:00:00.567603 Gst: 80000007/0000  00000000 00000000 00000000 00000100
00:00:00.567603 Hst:                00000000 00000000 00000000 00000100
00:00:00.567604 Gst: 80000008/0000  00003027 00000000 00000000 00000000
00:00:00.567605 Hst:                00003027 00000000 00000000 00000000
00:00:00.567605 Ext Name:                        
00:00:00.567606 Ext Supports:                    0x80000000-0x80000008
00:00:00.567606 Family:                          0  	Extended: 0 	Effective: 0
00:00:00.567607 Model:                           0  	Extended: 0 	Effective: 0
00:00:00.567607 Stepping:                        0
00:00:00.567607 Brand ID:                        0x000
00:00:00.567608 Ext Features
00:00:00.567608   Mnemonic - Description                                  = guest (host)
00:00:00.567608   FPU - x87 FPU on Chip                                   = 0 (0)
00:00:00.567609   VME - Virtual 8086 Mode Enhancements                    = 0 (0)
00:00:00.567610   DE - Debugging extensions                               = 0 (0)
00:00:00.567611   PSE - Page Size Extension                               = 0 (0)
00:00:00.567612   TSC - Time Stamp Counter                                = 0 (0)
00:00:00.567612   MSR - K86 Model Specific Registers                      = 0 (0)
00:00:00.567613   PAE - Physical Address Extension                        = 0 (0)
00:00:00.567614   MCE - Machine Check Exception                           = 0 (0)
00:00:00.567615   CX8 - CMPXCHG8B instruction                             = 0 (0)
00:00:00.567616   APIC - APIC On-Chip                                     = 0 (0)
00:00:00.567617   SEP - SYSCALL/SYSRET                                    = 1 (1)
00:00:00.567618   MTRR - Memory Type Range Registers                      = 0 (0)
00:00:00.567619   PGE - PTE Global Bit                                    = 0 (0)
00:00:00.567620   MCA - Machine Check Architecture                        = 0 (0)
00:00:00.567620   CMOV - Conditional Move instructions                    = 0 (0)
00:00:00.567621   PAT - Page Attribute Table                              = 0 (0)
00:00:00.567622   PSE-36 - 36-bit Page Size Extension                     = 0 (0)
00:00:00.567623   NX - No-Execute/Execute-Disable                         = 1 (1)
00:00:00.567623   AXMMX - AMD Extensions to MMX instructions              = 0 (0)
00:00:00.567624   MMX - Intel MMX Technology                              = 0 (0)
00:00:00.567625   FXSR - FXSAVE and FXRSTOR Instructions                  = 0 (0)
00:00:00.567625   FFXSR - AMD fast FXSAVE and FXRSTOR instructions        = 0 (0)
00:00:00.567626   Page1GB - 1 GB large page                               = 0 (1)
00:00:00.567627   RDTSCP - RDTSCP instruction                             = 1 (1)
00:00:00.567628   LM - AMD64 Long Mode                                    = 1 (1)
00:00:00.567629   3DNOWEXT - AMD Extensions to 3DNow                      = 0 (0)
00:00:00.567630   3DNOW - AMD 3DNow                                       = 0 (0)
00:00:00.567631   LahfSahf - LAHF/SAHF support in 64-bit mode             = 1 (1)
00:00:00.567631   CmpLegacy - Core multi-processing legacy mode           = 0 (0)
00:00:00.567632   SVM - AMD Secure Virtual Machine extensions             = 0 (0)
00:00:00.567633   EXTAPIC - AMD Extended APIC registers                   = 0 (0)
00:00:00.567633   CR8L - AMD LOCK MOV CR0 means MOV CR8                   = 0 (0)
00:00:00.567634   ABM - AMD Advanced Bit Manipulation                     = 1 (1)
00:00:00.567635   SSE4A - SSE4A instructions                              = 0 (0)
00:00:00.567636   MISALIGNSSE - AMD Misaligned SSE mode                   = 0 (0)
00:00:00.567636   3DNOWPRF - AMD PREFETCH and PREFETCHW instructions      = 1 (1)
00:00:00.567637   OSVW - AMD OS Visible Workaround                        = 0 (0)
00:00:00.567638   IBS - Instruct Based Sampling                           = 0 (0)
00:00:00.567638   XOP - Extended Operation support                        = 0 (0)
00:00:00.567639   SKINIT - SKINIT, STGI, and DEV support                  = 0 (0)
00:00:00.567640   WDT - AMD Watchdog Timer support                        = 0 (0)
00:00:00.567641   LWP - Lightweight Profiling support                     = 0 (0)
00:00:00.567641   FMA4 - Four operand FMA instruction support             = 0 (0)
00:00:00.567642   NodeId - NodeId in MSR C001_100C                        = 0 (0)
00:00:00.567643   TBM - Trailing Bit Manipulation instructions            = 0 (0)
00:00:00.567643   TOPOEXT - Topology Extensions                           = 0 (0)
00:00:00.567644   PRFEXTCORE - Performance Counter Extensions support     = 0 (0)
00:00:00.567645   PRFEXTNB - NB Performance Counter Extensions support    = 0 (0)
00:00:00.567645   DATABPEXT - Data-access Breakpoint Extension            = 0 (0)
00:00:00.567646   PERFTSC - Performance Time Stamp Counter                = 0 (0)
00:00:00.567647   PCX_L2I - L2I/L3 Performance Counter Extensions         = 0 (0)
00:00:00.567647   MWAITX - MWAITX and MONITORX instructions               = 0 (0)
00:00:00.567648 Full Name:                       "Intel(R) Core(TM) i5-8257U CPU @ 1.40GHz"
00:00:00.567649 TLB 2/4M Instr/Uni:              res0     0 entries
00:00:00.567649 TLB 2/4M Data:                   res0     0 entries
00:00:00.567649 TLB 4K Instr/Uni:                res0     0 entries
00:00:00.567650 TLB 4K Data:                     res0     0 entries
00:00:00.567650 L1 Instr Cache Line Size:        0 bytes
00:00:00.567651 L1 Instr Cache Lines Per Tag:    0
00:00:00.567651 L1 Instr Cache Associativity:    res0  
00:00:00.567651 L1 Instr Cache Size:             0 KB
00:00:00.567651 L1 Data Cache Line Size:         0 bytes
00:00:00.567652 L1 Data Cache Lines Per Tag:     0
00:00:00.567652 L1 Data Cache Associativity:     res0  
00:00:00.567652 L1 Data Cache Size:              0 KB
00:00:00.567669 L2 TLB 2/4M Instr/Uni:           off       0 entries
00:00:00.567674 L2 TLB 2/4M Data:                off       0 entries
00:00:00.567675 L2 TLB 4K Instr/Uni:             off       0 entries
00:00:00.567675 L2 TLB 4K Data:                  off       0 entries
00:00:00.567676 L2 Cache Line Size:              0 bytes
00:00:00.567676 L2 Cache Lines Per Tag:          0
00:00:00.567676 L2 Cache Associativity:          off   
00:00:00.567677 L2 Cache Size:                   0 KB
00:00:00.567678   TS - Temperature Sensor                                 = 0 (0)
00:00:00.567679   FID - Frequency ID control                              = 0 (0)
00:00:00.567681   VID - Voltage ID control                                = 0 (0)
00:00:00.567682   TscInvariant - Invariant Time Stamp Counter             = 1 (1)
00:00:00.567683   CBP - Core Performance Boost                            = 0 (0)
00:00:00.567685   EffFreqRO - Read-only Effective Frequency Interface     = 0 (0)
00:00:00.567686   ProcFdbkIf - Processor Feedback Interface               = 0 (0)
00:00:00.567687   ProcPwrRep - Core power reporting interface support     = 0 (0)
00:00:00.567688 Physical Address Width:          39 bits
00:00:00.567689 Virtual Address Width:           48 bits
00:00:00.567689 Guest Physical Address Width:    0 bits
00:00:00.567690 Physical Core Count:             1
00:00:00.567691 
00:00:00.567692 ******************** End of CPUID dump **********************
00:00:00.567692 *********************** VT-x features ***********************
00:00:00.567694 Nested hardware virtualization - VMX features
00:00:00.567695   Mnemonic - Description                                  = guest (host)
00:00:00.567695   VMX - Virtual-Machine Extensions                        = 0 (1)
00:00:00.567696   InsOutInfo - INS/OUTS instruction info.                 = 0 (1)
00:00:00.567697   ExtIntExit - External interrupt exiting                 = 0 (1)
00:00:00.567697   NmiExit - NMI exiting                                   = 0 (1)
00:00:00.567698   VirtNmi - Virtual NMIs                                  = 0 (1)
00:00:00.567699   PreemptTimer - VMX preemption timer                     = 0 (1)
00:00:00.567699   PostedInt - Posted interrupts                           = 0 (0)
00:00:00.567700   IntWindowExit - Interrupt-window exiting                = 0 (1)
00:00:00.567701   TscOffsetting - TSC offsetting                          = 0 (1)
00:00:00.567701   HltExit - HLT exiting                                   = 0 (1)
00:00:00.567702   InvlpgExit - INVLPG exiting                             = 0 (1)
00:00:00.567702   MwaitExit - MWAIT exiting                               = 0 (1)
00:00:00.567703   RdpmcExit - RDPMC exiting                               = 0 (1)
00:00:00.567704   RdtscExit - RDTSC exiting                               = 0 (1)
00:00:00.567704   Cr3LoadExit - CR3-load exiting                          = 0 (1)
00:00:00.567705   Cr3StoreExit - CR3-store exiting                        = 0 (1)
00:00:00.567706   Cr8LoadExit  - CR8-load exiting                         = 0 (1)
00:00:00.567706   Cr8StoreExit - CR8-store exiting                        = 0 (1)
00:00:00.567707   UseTprShadow - Use TPR shadow                           = 0 (1)
00:00:00.567707   NmiWindowExit - NMI-window exiting                      = 0 (1)
00:00:00.567708   MovDRxExit - Mov-DR exiting                             = 0 (1)
00:00:00.567709   UncondIoExit - Unconditional I/O exiting                = 0 (1)
00:00:00.567709   UseIoBitmaps - Use I/O bitmaps                          = 0 (1)
00:00:00.567710   MonitorTrapFlag - Monitor Trap Flag                     = 0 (1)
00:00:00.567710   UseMsrBitmaps - MSR bitmaps                             = 0 (1)
00:00:00.567711   MonitorExit - MONITOR exiting                           = 0 (1)
00:00:00.567711   PauseExit - PAUSE exiting                               = 0 (1)
00:00:00.567712   SecondaryExecCtl - Activate secondary controls          = 0 (1)
00:00:00.567713   VirtApic - Virtualize-APIC accesses                     = 0 (1)
00:00:00.567713   Ept - Extended Page Tables                              = 0 (1)
00:00:00.567717   DescTableExit - Descriptor-table exiting                = 0 (1)
00:00:00.567739   Rdtscp - Enable RDTSCP                                  = 0 (1)
00:00:00.567740   VirtX2ApicMode - Virtualize-x2APIC mode                 = 0 (1)
00:00:00.567741   Vpid - Enable VPID                                      = 0 (1)
00:00:00.567741   WbinvdExit - WBINVD exiting                             = 0 (1)
00:00:00.567742   UnrestrictedGuest - Unrestricted guest                  = 0 (1)
00:00:00.567743   ApicRegVirt - APIC-register virtualization              = 0 (0)
00:00:00.567743   VirtIntDelivery - Virtual-interrupt delivery            = 0 (0)
00:00:00.567744   PauseLoopExit - PAUSE-loop exiting                      = 0 (1)
00:00:00.567744   RdrandExit - RDRAND exiting                             = 0 (1)
00:00:00.567745   Invpcid - Enable INVPCID                                = 0 (1)
00:00:00.567746   VmFuncs - Enable VM Functions                           = 0 (1)
00:00:00.567746   VmcsShadowing - VMCS shadowing                          = 0 (0)
00:00:00.567747   RdseedExiting - RDSEED exiting                          = 0 (1)
00:00:00.567748   PML - Page-Modification Log (PML)                       = 0 (1)
00:00:00.567748   EptVe - EPT violations can cause #VE                    = 0 (1)
00:00:00.567749   XsavesXRstors - Enable XSAVES/XRSTORS                   = 0 (1)
00:00:00.567749   EntryLoadDebugCtls - Load debug controls on VM-entry    = 0 (1)
00:00:00.567750   Ia32eModeGuest - IA-32e mode guest                      = 0 (1)
00:00:00.567751   EntryLoadEferMsr - Load IA32_EFER MSR on VM-entry       = 0 (1)
00:00:00.567751   EntryLoadPatMsr - Load IA32_PAT MSR on VM-entry         = 0 (1)
00:00:00.567752   ExitSaveDebugCtls - Save debug controls on VM-exit      = 0 (1)
00:00:00.567752   HostAddrSpaceSize - Host address-space size             = 0 (1)
00:00:00.567753   ExitAckExtInt - Acknowledge interrupt on VM-exit        = 0 (1)
00:00:00.567753   ExitSavePatMsr - Save IA32_PAT MSR on VM-exit           = 0 (1)
00:00:00.567754   ExitLoadPatMsr - Load IA32_PAT MSR on VM-exit           = 0 (1)
00:00:00.567755   ExitSaveEferMsr - Save IA32_EFER MSR on VM-exit         = 0 (1)
00:00:00.567755   ExitLoadEferMsr - Load IA32_EFER MSR on VM-exit         = 0 (1)
00:00:00.567756   SavePreemptTimer - Save VMX-preemption timer            = 0 (1)
00:00:00.567756   ExitSaveEferLma - Save IA32_EFER.LMA on VM-exit         = 0 (1)
00:00:00.567757   IntelPt - Intel PT (Processor Trace) in VMX operation   = 0 (1)
00:00:00.567757   VmwriteAll - VMWRITE to any supported VMCS field        = 0 (1)
00:00:00.567757   EntryInjectSoftInt - Inject softint. with 0-len instr.  = 0 (1)
00:00:00.567758 
00:00:00.567758 ******************* End of VT-x features ********************
00:00:00.567825 VMEmt: Halt method global1 (5)
00:00:00.567891 VMEmt: HaltedGlobal1 config: cNsSpinBlockThresholdCfg=2000
00:00:00.567916 Changing the VM state from 'CREATING' to 'CREATED'
00:00:00.570044 SharedFolders host service: Adding host mapping
00:00:00.570054     Host path '/Volumes/externalwd/ITMO-453/beyesus/itmo-553/packer-example-code/build/graphiteb', map name 'vagrant', writable, automount=false, automntpnt=, create_symlinks=true, missing=false
00:00:00.570673 Changing the VM state from 'CREATED' to 'POWERING_ON'
00:00:00.570741 AIOMgr: Endpoints without assigned bandwidth groups:
00:00:00.570748 AIOMgr:     /Volumes/externalwd/ITMO-453/beyesus/packer-example-code/build/graphiteb_default_1634855101981_89578/packer-centos-graphiteb-1634851754-disk001.vmdk
00:00:00.570840 Changing the VM state from 'POWERING_ON' to 'RUNNING'
00:00:00.570850 Console: Machine state changed to 'Running'
00:00:00.571235 VBoxHeadless: starting event loop
00:00:00.572685 VMMDev: Guest Log: BIOS: VirtualBox 6.1.26
00:00:00.572764 PCI: Setting up resources and interrupts
00:00:00.572940 PIT: mode=2 count=0x10000 (65536) - 18.20 Hz (ch=0)
00:00:00.598744 Display::i_handleDisplayResize: uScreenId=0 pvVRAM=0000000000000000 w=720 h=400 bpp=0 cbLine=0x0 flags=0x0 origin=0,0
00:00:00.599294 VMMDev: Guest Log: CPUID EDX: 0x178bfbff
00:00:00.600133 AHCI#0: Reset the HBA
00:00:00.600146 VD#0: Cancelling all active requests
00:00:00.600202 AHCI#0: Port 0 reset
00:00:00.600253 VD#0: Cancelling all active requests
00:00:00.601823 VMMDev: Guest Log: BIOS: AHCI 0-P#0: PCHS=16383/16/63 LCHS=1024/255/63 0x0000000001d4c000 sectors
00:00:00.603550 PIT: mode=2 count=0x48d3 (18643) - 64.00 Hz (ch=0)
00:00:00.627925 Display::i_handleDisplayResize: uScreenId=0 pvVRAM=0000000110b4f000 w=640 h=480 bpp=32 cbLine=0xA00 flags=0x0 origin=0,0
00:00:00.941444 NAT: Old socket recv size: 334KB
00:00:00.941473 NAT: Old socket send size: 79KB
00:00:03.080277 PIT: mode=2 count=0x10000 (65536) - 18.20 Hz (ch=0)
00:00:03.080674 VMMDev: Guest Log: BIOS: Boot : bseqnr=1, bootseq=0032
00:00:03.087750 Display::i_handleDisplayResize: uScreenId=0 pvVRAM=0000000000000000 w=720 h=400 bpp=0 cbLine=0x0 flags=0x0 origin=0,0
00:00:03.097328 VMMDev: Guest Log: BIOS: Booting from Hard Disk...
00:00:10.182513 VMMDev: Guest Log: BIOS: KBD: unsupported int 16h function 03
00:00:10.198625 VMMDev: Guest Log: BIOS: AX=0305 BX=0000 CX=0000 DX=0000 
00:00:10.208500 VMMDev: Guest Log: int13_harddisk_ext: function 41, unmapped device for ELDL=81
00:00:10.209116 VMMDev: Guest Log: int13_harddisk: function 02, unmapped device for ELDL=81
00:00:10.209814 VMMDev: Guest Log: int13_harddisk_ext: function 41, unmapped device for ELDL=82
00:00:10.210421 VMMDev: Guest Log: int13_harddisk: function 02, unmapped device for ELDL=82
00:00:10.211052 VMMDev: Guest Log: int13_harddisk_ext: function 41, unmapped device for ELDL=83
00:00:10.211647 VMMDev: Guest Log: int13_harddisk: function 02, unmapped device for ELDL=83
00:00:10.212285 VMMDev: Guest Log: int13_harddisk_ext: function 41, unmapped device for ELDL=84
00:00:10.213085 VMMDev: Guest Log: int13_harddisk: function 02, unmapped device for ELDL=84
00:00:10.213733 VMMDev: Guest Log: int13_harddisk_ext: function 41, unmapped device for ELDL=85
00:00:10.214391 VMMDev: Guest Log: int13_harddisk: function 02, unmapped device for ELDL=85
00:00:10.215036 VMMDev: Guest Log: int13_harddisk_ext: function 41, unmapped device for ELDL=86
00:00:10.215660 VMMDev: Guest Log: int13_harddisk: function 02, unmapped device for ELDL=86
00:00:10.216268 VMMDev: Guest Log: int13_harddisk_ext: function 41, unmapped device for ELDL=87
00:00:10.216821 VMMDev: Guest Log: int13_harddisk: function 02, unmapped device for ELDL=87
00:00:10.217410 VMMDev: Guest Log: int13_harddisk_ext: function 41, unmapped device for ELDL=88
00:00:10.217961 VMMDev: Guest Log: int13_harddisk: function 02, unmapped device for ELDL=88
00:00:10.218628 VMMDev: Guest Log: int13_harddisk_ext: function 41, unmapped device for ELDL=89
00:00:10.219205 VMMDev: Guest Log: int13_harddisk: function 02, unmapped device for ELDL=89
00:00:10.219833 VMMDev: Guest Log: int13_harddisk_ext: function 41, unmapped device for ELDL=8a
00:00:10.220443 VMMDev: Guest Log: int13_harddisk: function 02, unmapped device for ELDL=8a
00:00:10.221111 VMMDev: Guest Log: int13_harddisk_ext: function 41, unmapped device for ELDL=8b
00:00:10.221705 VMMDev: Guest Log: int13_harddisk: function 02, unmapped device for ELDL=8b
00:00:10.222518 VMMDev: Guest Log: int13_harddisk_ext: function 41, unmapped device for ELDL=8c
00:00:10.223177 VMMDev: Guest Log: int13_harddisk: function 02, unmapped device for ELDL=8c
00:00:10.223894 VMMDev: Guest Log: int13_harddisk_ext: function 41, unmapped device for ELDL=8d
00:00:10.224463 VMMDev: Guest Log: int13_harddisk: function 02, unmapped device for ELDL=8d
00:00:10.225095 VMMDev: Guest Log: int13_harddisk_ext: function 41, unmapped device for ELDL=8e
00:00:10.225654 VMMDev: Guest Log: int13_harddisk: function 02, unmapped device for ELDL=8e
00:00:10.226246 VMMDev: Guest Log: int13_harddisk_ext: function 41, unmapped device for ELDL=8f
00:00:10.226799 VMMDev: Guest Log: int13_harddisk: function 02, unmapped device for ELDL=8f
00:00:10.464584 GIM: KVM: VCPU  0: Enabled system-time struct. at 0x0000000010c01000 - u32TscScale=0xb7e875b5 i8TscShift=0 uVersion=2 fFlags=0x1 uTsc=0x334d26873 uVirtNanoTS=0x24dabc0c3 TscKHz=1391999
00:00:10.464646 TM: Switching TSC mode from 'VirtTscEmulated' to 'RealTscOffset'
00:00:10.772553 GIM: KVM: Enabled wall-clock struct. at 0x0000000010c00000 - u32Sec=1635172519 u32Nano=743721000 uVersion=2
00:00:10.801337 PIT: mode=2 count=0x4a9 (1193) - 1000.15 Hz (ch=0)
00:00:10.801739 APIC0: Switched mode to x2APIC
00:00:10.807097 IEM: wrmsr(0x3a,0x0`00000001) -> #GP(0)
00:00:10.913529 PIT: mode=0 count=0x10000 (65536) - 18.20 Hz (ch=0)
00:00:10.915815 APIC1: Switched mode to x2APIC
00:00:10.915832 GIM: KVM: VCPU  1: Enabled system-time struct. at 0x0000000010c01040 - u32TscScale=0xb7e875b5 i8TscShift=0 uVersion=2 fFlags=0x1 uTsc=0x35a431b29 uVirtNanoTS=0x268914fdc TscKHz=1391999
00:00:10.915983 IEM: wrmsr(0x3a,0x0`00000001) -> #GP(0)
00:00:13.376781 AHCI#0: Reset the HBA
00:00:13.376797 VD#0: Cancelling all active requests
00:00:13.385178 AHCI#0: Port 0 reset
00:00:13.386464 VD#0: Cancelling all active requests
00:00:15.258420 AIOMgr: Host limits number of active IO requests to 16. Expect a performance impact.
00:00:16.748111 NAT: Link up
00:00:23.778815 Display::i_handleDisplayResize: uScreenId=0 pvVRAM=0000000110b4f000 w=800 h=600 bpp=32 cbLine=0xC80 flags=0x1 origin=0,0
00:00:34.819384 NAT: DHCP offered IP address 10.0.2.15
00:00:34.838205 NAT: IPv6 not supported
00:00:42.926500 NAT: DHCP offered IP address 10.0.2.15
00:26:48.861018 Pausing VM execution, reason 'host suspend'
00:26:48.935931 Changing the VM state from 'RUNNING' to 'SUSPENDING'
00:26:48.999078 AIOMgr: Endpoint for file '/Volumes/externalwd/ITMO-453/beyesus/packer-example-code/build/graphiteb_default_1634855101981_89578/packer-centos-graphiteb-1634851754-disk001.vmdk' (flags 000c0781) created successfully
00:26:49.141073 PDMR3Suspend: 204 999 540 ns run time
00:26:49.141102 Changing the VM state from 'SUSPENDING' to 'SUSPENDED'
00:26:49.141139 Console: Machine state changed to 'Paused'
00:27:16.265320 Resuming VM execution, reason 'host resume'
00:27:16.265785 Changing the VM state from 'SUSPENDED' to 'RESUMING'
00:27:16.269632 AIOMgr: Endpoint for file '/Volumes/externalwd/ITMO-453/beyesus/packer-example-code/build/graphiteb_default_1634855101981_89578/packer-centos-graphiteb-1634851754-disk001.vmdk' (flags 000c0723) created successfully
00:27:16.336854 NAT: resolv.conf: nameserver 2001:558:feed::1
00:27:16.336875 NAT: resolv.conf: nameserver 2001:558:feed::2
00:27:16.336879 NAT: resolv.conf: nameserver 75.75.75.75
00:27:16.336884 NAT: resolv.conf: nameserver 75.75.76.76
00:27:16.336896 slirp_host_network_configuration_change_strategy_selector: NAT: rcp_parse:VINF_SUCCESS old domain:hsd1.il.comcast.net new domain:hsd1.il.comcast.net
00:27:16.337191 Changing the VM state from 'RESUMING' to 'RUNNING'
00:27:16.337204 Console: Machine state changed to 'Running'
00:27:16.337257 NAT: resolv.conf: nameserver 2001:558:feed::1
00:27:16.337267 NAT: resolv.conf: nameserver 2001:558:feed::2
00:27:16.337271 NAT: resolv.conf: nameserver 75.75.75.75
00:27:16.337275 NAT: resolv.conf: nameserver 75.75.76.76
00:27:16.337285 NAT: Adding domain name hsd1.il.comcast.net
00:27:16.337287 NAT: DNS#0: 75.75.75.75
00:27:16.337290 NAT: DNS#1: 75.75.76.76
