00:00:02.969447 VirtualBox VM 6.1.26 r145957 darwin.amd64 (Jul 28 2021 18:24:31) release log
00:00:02.969903 Log opened 2021-10-25T15:44:57.352567000Z
00:00:02.969904 Build Type: release
00:00:02.969920 OS Product: Darwin
00:00:02.969927 OS Release: 20.6.0
00:00:02.969934 OS Version: Darwin Kernel Version 20.6.0: Mon Aug 30 06:12:21 PDT 2021; root:xnu-7195.141.6~3/RELEASE_X86_64
00:00:02.970138 DMI Product Name: MacBookPro16,3
00:00:02.970525 DMI Product Version: 1.0
00:00:02.970529 Firmware type: failed - VERR_NOT_SUPPORTED
00:00:02.970547 Host RAM: 8192MB (8.0GB) total, 768MB available
00:00:02.970552 Executable: /Applications/VirtualBox.app/Contents/Resources/VirtualBoxVM.app/Contents/MacOS/VirtualBoxVM
00:00:02.970553 Process ID: 92410
00:00:02.970553 Package type: DARWIN_64BITS_GENERIC
00:00:02.973326 Installed Extension Packs:
00:00:02.973335   None installed!
00:00:02.975292 Console: Machine state changed to 'Starting'
00:00:02.976335 Qt version: 5.6.3
00:00:02.978303 VRDE: VirtualBox Remote Desktop Extension is not available.
00:00:02.986600 SUP: Opened VMMR0.r0 (/Applications/VirtualBox.app/Contents/MacOS/VMMR0.r0) at 0xXXXXXXXXXXXXXXXX loaded by the native ring-0 loader.
00:00:02.991378 Guest OS type: 'RedHat_64'
00:00:02.999754 fHMForced=true - No raw-mode support in this build!
00:00:03.016851 File system of '/Users/birukeyesus/.cache/packer/af9ad93304219ce9daec04dc608b5ca25c24bed1.iso' (DVD) is apfs
00:00:03.024512 File system of '/Volumes/externalwd/ITMO-453/beyesus/packer-example-code/build/packer-centos-riemannb-1635176689/Snapshots' (snapshots) is unknown
00:00:03.024521 File system of '/Volumes/externalwd/ITMO-453/beyesus/itmo-553/packer-example-code/riemann-graphite-multi/output-centos-riemannb/packer-centos-riemannb-1635176689.vdi' is hfs
00:00:03.044467 Shared Clipboard: Service loaded
00:00:03.044494 Shared Clipboard: Mode: Off
00:00:03.044539 Shared Clipboard: Service running in normal mode
00:00:03.046157 Drag and drop service loaded
00:00:03.046169 Drag and drop mode: Off
00:00:03.049538 ************************* CFGM dump *************************
00:00:03.049580 [/] (level 0)
00:00:03.049583   CpuExecutionCap   <integer> = 0x0000000000000064 (100)
00:00:03.049587   EnablePAE         <integer> = 0x0000000000000001 (1)
00:00:03.049587   HMEnabled         <integer> = 0x0000000000000001 (1)
00:00:03.049588   MemBalloonSize    <integer> = 0x0000000000000000 (0)
00:00:03.049589   Name              <string>  = "packer-centos-riemannb-1635176689" (cb=34)
00:00:03.049590   NumCPUs           <integer> = 0x0000000000000002 (2)
00:00:03.049590   PageFusionAllowed <integer> = 0x0000000000000000 (0)
00:00:03.049591   RamHoleSize       <integer> = 0x0000000020000000 (536 870 912, 512 MB)
00:00:03.049592   RamSize           <integer> = 0x0000000080000000 (2 147 483 648, 2 048 MB)
00:00:03.049593   TimerMillies      <integer> = 0x000000000000000a (10)
00:00:03.049594   UUID              <bytes>   = "3a 72 e1 27 97 b4 dc 4b a4 ce 51 d4 2e 4b ac 82" (cb=16)
00:00:03.049610 
00:00:03.049610 [/CPUM/] (level 1)
00:00:03.049611   GuestCpuName       <string>  = "host" (cb=5)
00:00:03.049612   NestedHWVirt       <integer> = 0x0000000000000000 (0)
00:00:03.049613   PortableCpuIdLevel <integer> = 0x0000000000000000 (0)
00:00:03.049613   SpecCtrl           <integer> = 0x0000000000000000 (0)
00:00:03.049614 
00:00:03.049614 [/CPUM/IsaExts/] (level 2)
00:00:03.049615 
00:00:03.049615 [/DBGC/] (level 1)
00:00:03.049616   GlobalInitScript <string>  = "/Users/birukeyesus/Library/VirtualBox/dbgc-init" (cb=48)
00:00:03.049616   HistoryFile      <string>  = "/Users/birukeyesus/Library/VirtualBox/dbgc-history" (cb=51)
00:00:03.049617   LocalInitScript  <string>  = "/Volumes/externalwd/ITMO-453/beyesus/packer-example-code/build/packer-centos-riemannb-1635176689/dbgc-init" (cb=107)
00:00:03.049618 
00:00:03.049618 [/DBGF/] (level 1)
00:00:03.049618   Path <string>  = "/Volumes/externalwd/ITMO-453/beyesus/packer-example-code/build/packer-centos-riemannb-1635176689/debug/;/Volumes/externalwd/ITMO-453/beyesus/packer-example-code/build/packer-centos-riemannb-1635176689/;cache*/Volumes/externalwd/ITMO-453/beyesus/packer-example-code/build/packer-centos-riemannb-1635176689/dbgcache/;/Users/birukeyesus/" (cb=335)
00:00:03.049619 
00:00:03.049620 [/Devices/] (level 1)
00:00:03.049620 
00:00:03.049621 [/Devices/8237A/] (level 2)
00:00:03.049621 
00:00:03.049622 [/Devices/8237A/0/] (level 3)
00:00:03.049622   Trusted <integer> = 0x0000000000000001 (1)
00:00:03.049623 
00:00:03.049623 [/Devices/GIMDev/] (level 2)
00:00:03.049624 
00:00:03.049624 [/Devices/GIMDev/0/] (level 3)
00:00:03.049625   Trusted <integer> = 0x0000000000000001 (1)
00:00:03.049625 
00:00:03.049625 [/Devices/VMMDev/] (level 2)
00:00:03.049626 
00:00:03.049626 [/Devices/VMMDev/0/] (level 3)
00:00:03.049627   PCIBusNo      <integer> = 0x0000000000000000 (0)
00:00:03.049628   PCIDeviceNo   <integer> = 0x0000000000000004 (4)
00:00:03.049628   PCIFunctionNo <integer> = 0x0000000000000000 (0)
00:00:03.049629   Trusted       <integer> = 0x0000000000000001 (1)
00:00:03.049629 
00:00:03.049629 [/Devices/VMMDev/0/Config/] (level 4)
00:00:03.049630   GuestCoreDumpDir <string>  = "/Volumes/externalwd/ITMO-453/beyesus/packer-example-code/build/packer-centos-riemannb-1635176689/Snapshots" (cb=107)
00:00:03.049631 
00:00:03.049631 [/Devices/VMMDev/0/LUN#0/] (level 4)
00:00:03.049632   Driver <string>  = "HGCM" (cb=5)
00:00:03.049633 
00:00:03.049633 [/Devices/VMMDev/0/LUN#0/Config/] (level 5)
00:00:03.049634   Object <integer> = 0x00007faa6d116020 (140 369 951 023 136)
00:00:03.049635 
00:00:03.049635 [/Devices/VMMDev/0/LUN#999/] (level 4)
00:00:03.049636   Driver <string>  = "MainStatus" (cb=11)
00:00:03.049636 
00:00:03.049637 [/Devices/VMMDev/0/LUN#999/Config/] (level 5)
00:00:03.049638   First   <integer> = 0x0000000000000000 (0)
00:00:03.049638   Last    <integer> = 0x0000000000000000 (0)
00:00:03.049639   papLeds <integer> = 0x00007faa6c0aa190 (140 369 933 803 920)
00:00:03.049640 
00:00:03.049640 [/Devices/acpi/] (level 2)
00:00:03.049641 
00:00:03.049641 [/Devices/acpi/0/] (level 3)
00:00:03.049642   PCIBusNo      <integer> = 0x0000000000000000 (0)
00:00:03.049642   PCIDeviceNo   <integer> = 0x0000000000000007 (7)
00:00:03.049643   PCIFunctionNo <integer> = 0x0000000000000000 (0)
00:00:03.049643   Trusted       <integer> = 0x0000000000000001 (1)
00:00:03.049644 
00:00:03.049644 [/Devices/acpi/0/Config/] (level 4)
00:00:03.049645   CpuHotPlug          <integer> = 0x0000000000000000 (0)
00:00:03.049645   FdcEnabled          <integer> = 0x0000000000000000 (0)
00:00:03.049646   HostBusPciAddress   <integer> = 0x0000000000000000 (0)
00:00:03.049646   HpetEnabled         <integer> = 0x0000000000000000 (0)
00:00:03.049647   IOAPIC              <integer> = 0x0000000000000001 (1)
00:00:03.049648   IocPciAddress       <integer> = 0x0000000000010000 (65 536)
00:00:03.049648   NumCPUs             <integer> = 0x0000000000000002 (2)
00:00:03.049649   Parallel0IoPortBase <integer> = 0x0000000000000000 (0)
00:00:03.049649   Parallel0Irq        <integer> = 0x0000000000000000 (0)
00:00:03.049650   Parallel1IoPortBase <integer> = 0x0000000000000000 (0)
00:00:03.049650   Parallel1Irq        <integer> = 0x0000000000000000 (0)
00:00:03.049651   Serial0IoPortBase   <integer> = 0x0000000000000000 (0)
00:00:03.049651   Serial0Irq          <integer> = 0x0000000000000000 (0)
00:00:03.049652   Serial1IoPortBase   <integer> = 0x0000000000000000 (0)
00:00:03.049652   Serial1Irq          <integer> = 0x0000000000000000 (0)
00:00:03.049653   ShowCpu             <integer> = 0x0000000000000001 (1)
00:00:03.049654   ShowRtc             <integer> = 0x0000000000000000 (0)
00:00:03.049654   SmcEnabled          <integer> = 0x0000000000000000 (0)
00:00:03.049655 
00:00:03.049655 [/Devices/acpi/0/LUN#0/] (level 4)
00:00:03.049656   Driver <string>  = "ACPIHost" (cb=9)
00:00:03.049656 
00:00:03.049656 [/Devices/acpi/0/LUN#0/Config/] (level 5)
00:00:03.049657 
00:00:03.049657 [/Devices/acpi/0/LUN#1/] (level 4)
00:00:03.049658   Driver <string>  = "ACPICpu" (cb=8)
00:00:03.049658 
00:00:03.049659 [/Devices/acpi/0/LUN#1/Config/] (level 5)
00:00:03.049659 
00:00:03.049660 [/Devices/ahci/] (level 2)
00:00:03.049660 
00:00:03.049660 [/Devices/ahci/0/] (level 3)
00:00:03.049661   PCIBusNo      <integer> = 0x0000000000000000 (0)
00:00:03.049662   PCIDeviceNo   <integer> = 0x000000000000000d (13)
00:00:03.049662   PCIFunctionNo <integer> = 0x0000000000000000 (0)
00:00:03.049663   Trusted       <integer> = 0x0000000000000001 (1)
00:00:03.049663 
00:00:03.049664 [/Devices/ahci/0/Config/] (level 4)
00:00:03.049664   Bootable  <integer> = 0x0000000000000001 (1)
00:00:03.049665   PortCount <integer> = 0x0000000000000001 (1)
00:00:03.049665 
00:00:03.049666 [/Devices/ahci/0/Config/Port0/] (level 5)
00:00:03.049666   Hotpluggable <integer> = 0x0000000000000000 (0)
00:00:03.049667 
00:00:03.049667 [/Devices/ahci/0/LUN#0/] (level 4)
00:00:03.049668   Driver <string>  = "VD" (cb=3)
00:00:03.049668 
00:00:03.049669 [/Devices/ahci/0/LUN#0/Config/] (level 5)
00:00:03.049670   BlockCache <integer> = 0x0000000000000001 (1)
00:00:03.049670   Format     <string>  = "VDI" (cb=4)
00:00:03.049671   Mountable  <integer> = 0x0000000000000000 (0)
00:00:03.049671   Path       <string>  = "/Volumes/externalwd/ITMO-453/beyesus/itmo-553/packer-example-code/riemann-graphite-multi/output-centos-riemannb/packer-centos-riemannb-1635176689.vdi" (cb=150)
00:00:03.049672   Type       <string>  = "HardDisk" (cb=9)
00:00:03.049673   UseNewIo   <integer> = 0x0000000000000001 (1)
00:00:03.049673 
00:00:03.049673 [/Devices/ahci/0/LUN#0/Config/VDConfig/] (level 6)
00:00:03.049675   AllocationBlockSize <string>  = "1048576" (cb=8)
00:00:03.049675 
00:00:03.049675 [/Devices/ahci/0/LUN#999/] (level 4)
00:00:03.049676   Driver <string>  = "MainStatus" (cb=11)
00:00:03.049677 
00:00:03.049677 [/Devices/ahci/0/LUN#999/Config/] (level 5)
00:00:03.049678   DeviceInstance        <string>  = "ahci/0" (cb=7)
00:00:03.049678   First                 <integer> = 0x0000000000000000 (0)
00:00:03.049679   Last                  <integer> = 0x0000000000000000 (0)
00:00:03.049680   pConsole              <integer> = 0x00007faa6c0a8e00 (140 369 933 798 912)
00:00:03.049681   papLeds               <integer> = 0x00007faa6c0a9598 (140 369 933 800 856)
00:00:03.049682   pmapMediumAttachments <integer> = 0x00007faa6c0aa1b0 (140 369 933 803 952)
00:00:03.049683 
00:00:03.049683 [/Devices/apic/] (level 2)
00:00:03.049684 
00:00:03.049684 [/Devices/apic/0/] (level 3)
00:00:03.049685   Trusted <integer> = 0x0000000000000001 (1)
00:00:03.049685 
00:00:03.049685 [/Devices/apic/0/Config/] (level 4)
00:00:03.049686   IOAPIC  <integer> = 0x0000000000000001 (1)
00:00:03.049687   Mode    <integer> = 0x0000000000000003 (3)
00:00:03.049687   NumCPUs <integer> = 0x0000000000000002 (2)
00:00:03.049687 
00:00:03.049688 [/Devices/e1000/] (level 2)
00:00:03.049688 
00:00:03.049689 [/Devices/e1000/0/] (level 3)
00:00:03.049689   PCIBusNo      <integer> = 0x0000000000000000 (0)
00:00:03.049690   PCIDeviceNo   <integer> = 0x0000000000000003 (3)
00:00:03.049690   PCIFunctionNo <integer> = 0x0000000000000000 (0)
00:00:03.049691   Trusted       <integer> = 0x0000000000000001 (1)
00:00:03.049691 
00:00:03.049691 [/Devices/e1000/0/Config/] (level 4)
00:00:03.049692   AdapterType    <integer> = 0x0000000000000000 (0)
00:00:03.049693   CableConnected <integer> = 0x0000000000000001 (1)
00:00:03.049693   LineSpeed      <integer> = 0x0000000000000000 (0)
00:00:03.049694   MAC            <bytes>   = "08 00 27 3e 7a 97" (cb=6)
00:00:03.049695 
00:00:03.049695 [/Devices/e1000/0/LUN#0/] (level 4)
00:00:03.049696   Driver <string>  = "NAT" (cb=4)
00:00:03.049696 
00:00:03.049697 [/Devices/e1000/0/LUN#0/Config/] (level 5)
00:00:03.049698   AliasMode       <integer> = 0x0000000000000000 (0)
00:00:03.049698   BootFile        <string>  = "packer-centos-riemannb-1635176689.pxe" (cb=38)
00:00:03.049699   DNSProxy        <integer> = 0x0000000000000000 (0)
00:00:03.049699   Network         <string>  = "10.0.2.0/24" (cb=12)
00:00:03.049700   PassDomain      <integer> = 0x0000000000000001 (1)
00:00:03.049700   TFTPPrefix      <string>  = "/Users/birukeyesus/Library/VirtualBox/TFTP" (cb=43)
00:00:03.049701   UseHostResolver <integer> = 0x0000000000000000 (0)
00:00:03.049702 
00:00:03.049702 [/Devices/e1000/0/LUN#0/Config/PortForwarding/] (level 6)
00:00:03.049703 
00:00:03.049703 [/Devices/e1000/0/LUN#0/Config/PortForwarding/0/] (level 7)
00:00:03.049704   BindIP    <string>  = "127.0.0.1" (cb=10)
00:00:03.049704   GuestPort <integer> = 0x0000000000000016 (22)
00:00:03.049705   HostPort  <integer> = 0x0000000000000b35 (2 869)
00:00:03.049706   Name      <string>  = "packercomm" (cb=11)
00:00:03.049706   Protocol  <string>  = "TCP" (cb=4)
00:00:03.049707 
00:00:03.049707 [/Devices/e1000/0/LUN#999/] (level 4)
00:00:03.049708   Driver <string>  = "MainStatus" (cb=11)
00:00:03.049708 
00:00:03.049708 [/Devices/e1000/0/LUN#999/Config/] (level 5)
00:00:03.049709   First   <integer> = 0x0000000000000000 (0)
00:00:03.049710   Last    <integer> = 0x0000000000000000 (0)
00:00:03.049710   papLeds <integer> = 0x00007faa6c0aa070 (140 369 933 803 632)
00:00:03.049711 
00:00:03.049711 [/Devices/i8254/] (level 2)
00:00:03.049712 
00:00:03.049712 [/Devices/i8254/0/] (level 3)
00:00:03.049713 
00:00:03.049713 [/Devices/i8254/0/Config/] (level 4)
00:00:03.049714 
00:00:03.049714 [/Devices/i8259/] (level 2)
00:00:03.049714 
00:00:03.049715 [/Devices/i8259/0/] (level 3)
00:00:03.049715   Trusted <integer> = 0x0000000000000001 (1)
00:00:03.049716 
00:00:03.049716 [/Devices/i8259/0/Config/] (level 4)
00:00:03.049717 
00:00:03.049717 [/Devices/ioapic/] (level 2)
00:00:03.049717 
00:00:03.049718 [/Devices/ioapic/0/] (level 3)
00:00:03.049718   Trusted <integer> = 0x0000000000000001 (1)
00:00:03.049719 
00:00:03.049719 [/Devices/ioapic/0/Config/] (level 4)
00:00:03.049720   NumCPUs <integer> = 0x0000000000000002 (2)
00:00:03.049720 
00:00:03.049720 [/Devices/mc146818/] (level 2)
00:00:03.049721 
00:00:03.049721 [/Devices/mc146818/0/] (level 3)
00:00:03.049722 
00:00:03.049722 [/Devices/mc146818/0/Config/] (level 4)
00:00:03.049723   UseUTC <integer> = 0x0000000000000000 (0)
00:00:03.049723 
00:00:03.049724 [/Devices/parallel/] (level 2)
00:00:03.049724 
00:00:03.049724 [/Devices/pcarch/] (level 2)
00:00:03.049725 
00:00:03.049725 [/Devices/pcarch/0/] (level 3)
00:00:03.049726   Trusted <integer> = 0x0000000000000001 (1)
00:00:03.049726 
00:00:03.049727 [/Devices/pcarch/0/Config/] (level 4)
00:00:03.049727 
00:00:03.049728 [/Devices/pcbios/] (level 2)
00:00:03.049728 
00:00:03.049728 [/Devices/pcbios/0/] (level 3)
00:00:03.049729   Trusted <integer> = 0x0000000000000001 (1)
00:00:03.049730 
00:00:03.049730 [/Devices/pcbios/0/Config/] (level 4)
00:00:03.049731   APIC               <integer> = 0x0000000000000001 (1)
00:00:03.049732   BootDevice0        <string>  = "IDE" (cb=4)
00:00:03.049733   BootDevice1        <string>  = "DVD" (cb=4)
00:00:03.049733   BootDevice2        <string>  = "NONE" (cb=5)
00:00:03.049734   BootDevice3        <string>  = "NONE" (cb=5)
00:00:03.049734   FloppyDevice       <string>  = "i82078" (cb=7)
00:00:03.049735   HardDiskDevice     <string>  = "piix3ide" (cb=9)
00:00:03.049735   IOAPIC             <integer> = 0x0000000000000001 (1)
00:00:03.049736   McfgBase           <integer> = 0x0000000000000000 (0)
00:00:03.049737   McfgLength         <integer> = 0x0000000000000000 (0)
00:00:03.049737   NumCPUs            <integer> = 0x0000000000000002 (2)
00:00:03.049738   PXEDebug           <integer> = 0x0000000000000000 (0)
00:00:03.049738   SataHardDiskDevice <string>  = "ahci" (cb=5)
00:00:03.049739   SataLUN1           <integer> = 0x0000000000000000 (0)
00:00:03.049739   UUID               <bytes>   = "3a 72 e1 27 97 b4 dc 4b a4 ce 51 d4 2e 4b ac 82" (cb=16)
00:00:03.049741   UuidLe             <integer> = 0x0000000000000001 (1)
00:00:03.049742 
00:00:03.049742 [/Devices/pcbios/0/Config/NetBoot/] (level 5)
00:00:03.049743 
00:00:03.049743 [/Devices/pcbios/0/Config/NetBoot/0/] (level 6)
00:00:03.049744   NIC           <integer> = 0x0000000000000000 (0)
00:00:03.049744   PCIBusNo      <integer> = 0x0000000000000000 (0)
00:00:03.049745   PCIDeviceNo   <integer> = 0x0000000000000003 (3)
00:00:03.049745   PCIFunctionNo <integer> = 0x0000000000000000 (0)
00:00:03.049746 
00:00:03.049746 [/Devices/pci/] (level 2)
00:00:03.049747 
00:00:03.049747 [/Devices/pci/0/] (level 3)
00:00:03.049748   Trusted <integer> = 0x0000000000000001 (1)
00:00:03.049748 
00:00:03.049748 [/Devices/pci/0/Config/] (level 4)
00:00:03.049749   IOAPIC <integer> = 0x0000000000000001 (1)
00:00:03.049766 
00:00:03.049767 [/Devices/pcibridge/] (level 2)
00:00:03.049769 
00:00:03.049769 [/Devices/pckbd/] (level 2)
00:00:03.049770 
00:00:03.049771 [/Devices/pckbd/0/] (level 3)
00:00:03.049772   Trusted <integer> = 0x0000000000000001 (1)
00:00:03.049773 
00:00:03.049773 [/Devices/pckbd/0/Config/] (level 4)
00:00:03.049774 
00:00:03.049775 [/Devices/pckbd/0/LUN#0/] (level 4)
00:00:03.049776   Driver <string>  = "KeyboardQueue" (cb=14)
00:00:03.049777 
00:00:03.049777 [/Devices/pckbd/0/LUN#0/AttachedDriver/] (level 5)
00:00:03.049778   Driver <string>  = "MainKeyboard" (cb=13)
00:00:03.049779 
00:00:03.049779 [/Devices/pckbd/0/LUN#0/AttachedDriver/Config/] (level 6)
00:00:03.049781   Object <integer> = 0x00007faa6d309e30 (140 369 953 070 640)
00:00:03.049782 
00:00:03.049782 [/Devices/pckbd/0/LUN#0/Config/] (level 5)
00:00:03.049783   QueueSize <integer> = 0x0000000000000040 (64)
00:00:03.049784 
00:00:03.049784 [/Devices/pckbd/0/LUN#1/] (level 4)
00:00:03.049785   Driver <string>  = "MouseQueue" (cb=11)
00:00:03.049785 
00:00:03.049786 [/Devices/pckbd/0/LUN#1/AttachedDriver/] (level 5)
00:00:03.049786   Driver <string>  = "MainMouse" (cb=10)
00:00:03.049787 
00:00:03.049787 [/Devices/pckbd/0/LUN#1/AttachedDriver/Config/] (level 6)
00:00:03.049788   Object <integer> = 0x00007faa6d10acb0 (140 369 950 977 200)
00:00:03.049789 
00:00:03.049789 [/Devices/pckbd/0/LUN#1/Config/] (level 5)
00:00:03.049790   QueueSize <integer> = 0x0000000000000080 (128)
00:00:03.049791 
00:00:03.049791 [/Devices/pcnet/] (level 2)
00:00:03.049792 
00:00:03.049792 [/Devices/piix3ide/] (level 2)
00:00:03.049793 
00:00:03.049793 [/Devices/piix3ide/0/] (level 3)
00:00:03.049794   PCIBusNo      <integer> = 0x0000000000000000 (0)
00:00:03.049795   PCIDeviceNo   <integer> = 0x0000000000000001 (1)
00:00:03.049796   PCIFunctionNo <integer> = 0x0000000000000001 (1)
00:00:03.049796   Trusted       <integer> = 0x0000000000000001 (1)
00:00:03.049797 
00:00:03.049797 [/Devices/piix3ide/0/Config/] (level 4)
00:00:03.049798   Type <string>  = "PIIX4" (cb=6)
00:00:03.049799 
00:00:03.049800 [/Devices/piix3ide/0/LUN#1/] (level 4)
00:00:03.049801   Driver <string>  = "VD" (cb=3)
00:00:03.049802 
00:00:03.049802 [/Devices/piix3ide/0/LUN#1/Config/] (level 5)
00:00:03.049804   Format    <string>  = "RAW" (cb=4)
00:00:03.049805   Mountable <integer> = 0x0000000000000001 (1)
00:00:03.049806   Path      <string>  = "/Users/birukeyesus/.cache/packer/af9ad93304219ce9daec04dc608b5ca25c24bed1.iso" (cb=78)
00:00:03.049807   ReadOnly  <integer> = 0x0000000000000001 (1)
00:00:03.049808   Type      <string>  = "DVD" (cb=4)
00:00:03.049809 
00:00:03.049809 [/Devices/piix3ide/0/LUN#999/] (level 4)
00:00:03.049811   Driver <string>  = "MainStatus" (cb=11)
00:00:03.049811 
00:00:03.049812 [/Devices/piix3ide/0/LUN#999/Config/] (level 5)
00:00:03.049813   DeviceInstance        <string>  = "piix3ide/0" (cb=11)
00:00:03.049814   First                 <integer> = 0x0000000000000000 (0)
00:00:03.049815   Last                  <integer> = 0x0000000000000003 (3)
00:00:03.049817   pConsole              <integer> = 0x00007faa6c0a8e00 (140 369 933 798 912)
00:00:03.049818   papLeds               <integer> = 0x00007faa6c0a9578 (140 369 933 800 824)
00:00:03.049820   pmapMediumAttachments <integer> = 0x00007faa6c0aa1b0 (140 369 933 803 952)
00:00:03.049821 
00:00:03.049822 [/Devices/serial/] (level 2)
00:00:03.049823 
00:00:03.049823 [/Devices/vga/] (level 2)
00:00:03.049824 
00:00:03.049825 [/Devices/vga/0/] (level 3)
00:00:03.049826   PCIBusNo      <integer> = 0x0000000000000000 (0)
00:00:03.049827   PCIDeviceNo   <integer> = 0x0000000000000002 (2)
00:00:03.049828   PCIFunctionNo <integer> = 0x0000000000000000 (0)
00:00:03.049829   Trusted       <integer> = 0x0000000000000001 (1)
00:00:03.049830 
00:00:03.049830 [/Devices/vga/0/Config/] (level 4)
00:00:03.049832   3DEnabled        <integer> = 0x0000000000000000 (0)
00:00:03.049833   CustomVideoModes <integer> = 0x0000000000000000 (0)
00:00:03.049834   FadeIn           <integer> = 0x0000000000000001 (1)
00:00:03.049835   FadeOut          <integer> = 0x0000000000000001 (1)
00:00:03.049836   HeightReduction  <integer> = 0x0000000000000000 (0)
00:00:03.049836   LogoFile         <string>  = "" (cb=1)
00:00:03.049837   LogoTime         <integer> = 0x0000000000000000 (0)
00:00:03.049838   MonitorCount     <integer> = 0x0000000000000001 (1)
00:00:03.049839   ShowBootMenu     <integer> = 0x0000000000000002 (2)
00:00:03.049840   VRamSize         <integer> = 0x0000000000400000 (4 194 304, 4 MB)
00:00:03.049841 
00:00:03.049842 [/Devices/vga/0/LUN#0/] (level 4)
00:00:03.049843   Driver <string>  = "MainDisplay" (cb=12)
00:00:03.049844 
00:00:03.049844 [/Devices/vga/0/LUN#0/Config/] (level 5)
00:00:03.049846   Object <integer> = 0x00007faa6e809800 (140 369 975 089 152)
00:00:03.049847 
00:00:03.049847 [/Devices/vga/0/LUN#999/] (level 4)
00:00:03.049849   Driver <string>  = "MainStatus" (cb=11)
00:00:03.049850 
00:00:03.049850 [/Devices/vga/0/LUN#999/Config/] (level 5)
00:00:03.049852   First   <integer> = 0x0000000000000000 (0)
00:00:03.049852   Last    <integer> = 0x0000000000000000 (0)
00:00:03.049853   papLeds <integer> = 0x00007faa6c0aa1a8 (140 369 933 803 944)
00:00:03.049854 
00:00:03.049855 [/Devices/virtio-net/] (level 2)
00:00:03.049856 
00:00:03.049856 [/EM/] (level 1)
00:00:03.049857   TripleFaultReset <integer> = 0x0000000000000000 (0)
00:00:03.049858 
00:00:03.049858 [/GIM/] (level 1)
00:00:03.049859   Provider <string>  = "KVM" (cb=4)
00:00:03.049860 
00:00:03.049860 [/HM/] (level 1)
00:00:03.049862   64bitEnabled       <integer> = 0x0000000000000001 (1)
00:00:03.049863   EnableLargePages   <integer> = 0x0000000000000001 (1)
00:00:03.049864   EnableNestedPaging <integer> = 0x0000000000000001 (1)
00:00:03.049865   EnableUX           <integer> = 0x0000000000000001 (1)
00:00:03.049866   EnableVPID         <integer> = 0x0000000000000001 (1)
00:00:03.049867   Exclusive          <integer> = 0x0000000000000000 (0)
00:00:03.049868   HMForced           <integer> = 0x0000000000000001 (1)
00:00:03.049869   IBPBOnVMEntry      <integer> = 0x0000000000000000 (0)
00:00:03.049870   IBPBOnVMExit       <integer> = 0x0000000000000000 (0)
00:00:03.049871   L1DFlushOnSched    <integer> = 0x0000000000000001 (1)
00:00:03.049872   L1DFlushOnVMEntry  <integer> = 0x0000000000000000 (0)
00:00:03.049873   MDSClearOnSched    <integer> = 0x0000000000000001 (1)
00:00:03.049874   MDSClearOnVMEntry  <integer> = 0x0000000000000000 (0)
00:00:03.049875   SpecCtrlByHost     <integer> = 0x0000000000000000 (0)
00:00:03.049875   UseNEMInstead      <integer> = 0x0000000000000000 (0)
00:00:03.049876 
00:00:03.049877 [/MM/] (level 1)
00:00:03.049878   CanUseLargerHeap <integer> = 0x0000000000000000 (0)
00:00:03.049879 
00:00:03.049879 [/NEM/] (level 1)
00:00:03.049880   Allow64BitGuests <integer> = 0x0000000000000001 (1)
00:00:03.049881 
00:00:03.049881 [/PDM/] (level 1)
00:00:03.049882 
00:00:03.049883 [/PDM/AsyncCompletion/] (level 2)
00:00:03.049884 
00:00:03.049884 [/PDM/AsyncCompletion/File/] (level 3)
00:00:03.049885 
00:00:03.049886 [/PDM/AsyncCompletion/File/BwGroups/] (level 4)
00:00:03.049887 
00:00:03.049887 [/PDM/BlkCache/] (level 2)
00:00:03.049889   CacheSize <integer> = 0x0000000000500000 (5 242 880, 5 MB)
00:00:03.049890 
00:00:03.049890 [/PDM/Devices/] (level 2)
00:00:03.049891 
00:00:03.049892 [/PDM/Drivers/] (level 2)
00:00:03.049893 
00:00:03.049893 [/PDM/Drivers/VBoxC/] (level 3)
00:00:03.049900   Path <string>  = "/Applications/VirtualBox.app/Contents/MacOS/components/VBoxC" (cb=61)
00:00:03.049902 
00:00:03.049903 [/PDM/NetworkShaper/] (level 2)
00:00:03.049904 
00:00:03.049904 [/PDM/NetworkShaper/BwGroups/] (level 3)
00:00:03.049905 
00:00:03.049905 [/TM/] (level 1)
00:00:03.049905   UTCOffset <integer> = 0x0000000000000000 (0)
00:00:03.049906 
00:00:03.049906 ********************* End of CFGM dump **********************
00:00:03.050986 HM: HMR3Init: VT-x w/ nested paging and unrestricted guest execution hw support
00:00:03.051014 MM: cbHyperHeap=0x240000 (2359296)
00:00:03.055594 CPUM: fXStateHostMask=0x7; initial: 0x7; host XCR0=0x7
00:00:03.058789 CPUM: Matched host CPU INTEL 0x6/0x8e/0xa Intel_Core7_CoffeeLake with CPU DB entry 'Intel Core i7-6700K' (INTEL 0x6/0x5e/0x3 Intel_Core7_Skylake)
00:00:03.059411 CPUM: MXCSR_MASK=0xffff (host: 0xffff)
00:00:03.059690 CPUM: Microcode revision 0x000000EA
00:00:03.059727 CPUM: Changing leaf 13[0]: EBX=0x340 -> 0x340, ECX=0x440 -> 0x340
00:00:03.059978 CPUM: MSR/CPUID reconciliation insert: 0x0000010b IA32_FLUSH_CMD
00:00:03.060025 CPUM: SetGuestCpuIdFeature: Enabled PAE
00:00:03.061272 PGM: Host paging mode: AMD64+PGE+NX
00:00:03.061282 PGM: PGMPool: cMaxPages=1280 (u64MaxPages=1058)
00:00:03.061286 PGM: pgmR3PoolInit: cMaxPages=0x500 cMaxUsers=0xa00 cMaxPhysExts=0xa00 fCacheEnable=true 
00:00:03.080868 TM: GIP - u32Mode=3 (Invariant) u32UpdateHz=100 u32UpdateIntervalNS=10000000 enmUseTscDelta=2 (Practically Zero) fGetGipCpu=0x15 cCpus=8
00:00:03.081788 TM: GIP - u64CpuHz=1 391 999 999 (0x52f83bff)  SUPGetCpuHzFromGip => 1 391 999 999
00:00:03.081796 TM: GIP - CPU: iCpuSet=0x0 idCpu=0x0 idApic=0x0 iGipCpu=0x6 i64TSCDelta=0 enmState=3 u64CpuHz=1391999999(*) cErrors=0
00:00:03.081801 TM: GIP - CPU: iCpuSet=0x1 idCpu=0x1 idApic=0x1 iGipCpu=0x7 i64TSCDelta=0 enmState=3 u64CpuHz=1391999997(*) cErrors=0
00:00:03.081805 TM: GIP - CPU: iCpuSet=0x2 idCpu=0x2 idApic=0x2 iGipCpu=0x3 i64TSCDelta=0 enmState=3 u64CpuHz=1391999989(*) cErrors=0
00:00:03.081809 TM: GIP - CPU: iCpuSet=0x3 idCpu=0x3 idApic=0x3 iGipCpu=0x2 i64TSCDelta=0 enmState=3 u64CpuHz=1391999957(*) cErrors=0
00:00:03.081813 TM: GIP - CPU: iCpuSet=0x4 idCpu=0x4 idApic=0x4 iGipCpu=0x5 i64TSCDelta=0 enmState=3 u64CpuHz=1391999994(*) cErrors=0
00:00:03.081817 TM: GIP - CPU: iCpuSet=0x5 idCpu=0x5 idApic=0x5 iGipCpu=0x4 i64TSCDelta=0 enmState=3 u64CpuHz=1391999994(*) cErrors=0
00:00:03.081821 TM: GIP - CPU: iCpuSet=0x6 idCpu=0x6 idApic=0x6 iGipCpu=0x1 i64TSCDelta=0 enmState=3 u64CpuHz=1391996105(*) cErrors=0
00:00:03.081824 TM: GIP - CPU: iCpuSet=0x7 idCpu=0x7 idApic=0x7 iGipCpu=0x0 i64TSCDelta=0 enmState=3 u64CpuHz=1391999999(*) cErrors=0
00:00:03.082367 TM: cTSCTicksPerSecond=1 391 999 999 (0x52f83bff) enmTSCMode=1 (VirtTscEmulated)
00:00:03.082371 TM: TSCTiedToExecution=false TSCNotTiedToHalt=false
00:00:03.085021 EMR3Init: fIemExecutesAll=false fGuruOnTripleFault=true 
00:00:03.085269 IEM: TargetCpu=CURRENT, Microarch=Intel_Core7_CoffeeLake
00:00:03.088272 GIM: Using provider 'KVM' (Implementation version: 0)
00:00:03.088524 CPUM: SetGuestCpuIdFeature: Enabled Hypervisor Present bit
00:00:03.089667 AIOMgr: Default manager type is 'Async'
00:00:03.089683 AIOMgr: Default file backend is 'NonBuffered'
00:00:03.089793 BlkCache: Cache successfully initialized. Cache size is 5242880 bytes
00:00:03.089801 BlkCache: Cache commit interval is 10000 ms
00:00:03.089804 BlkCache: Cache commit threshold is 2621440 bytes
00:00:03.214140 PcBios: [SMP] BIOS with 2 CPUs
00:00:03.214251 PcBios: Using the 386+ BIOS image.
00:00:03.214609 PcBios: MPS table at 000e1300
00:00:03.217786 PcBios: fCheckShutdownStatusForSoftReset=true   fClearShutdownStatusOnHardReset=true 
00:00:03.218618 SUP: Opened VBoxDDR0.r0 (/Applications/VirtualBox.app/Contents/MacOS/VBoxDDR0.r0) at 0xXXXXXXXXXXXXXXXX loaded by the native ring-0 loader.
00:00:03.220437 CPUM: SetGuestCpuIdFeature: Enabled xAPIC
00:00:03.220474 CPUM: SetGuestCpuIdFeature: Enabled x2APIC
00:00:03.221490 IOAPIC: Using implementation 2.0! Chipset type ICH9
00:00:03.221696 PIT: mode=3 count=0x10000 (65536) - 18.20 Hz (ch=0)
00:00:03.222183 VMMDev: cbDefaultBudget: 134 217 728 (8000000)
00:00:03.229153 Shared Folders service loaded
00:00:03.230358 Guest Control service loaded
00:00:03.237462 VGA: Using the 386+ BIOS image.
00:00:03.242905 DrvVD: Flushes will be ignored
00:00:03.242916 DrvVD: Async flushes will be passed to the disk
00:00:03.247179 VD: VDInit finished with VINF_SUCCESS
00:00:03.247667 AIOMgr: Endpoint for file '/Volumes/externalwd/ITMO-453/beyesus/itmo-553/packer-example-code/riemann-graphite-multi/output-centos-riemannb/packer-centos-riemannb-1635176689.vdi' (flags 000c0723) created successfully
00:00:03.247882 VD: Opening the disk took 1155778 ns
00:00:03.247963 AHCI: LUN#0: disk, PCHS=16383/16/63, total number of sectors 30720000
00:00:03.248082 AHCI#0: Reset the HBA
00:00:03.248089 VD#0: Cancelling all active requests
00:00:03.249856 PIIX3 ATA: LUN#0: no unit
00:00:03.249876 DrvVD: Flushes will be ignored
00:00:03.249880 DrvVD: Async flushes will be passed to the disk
00:00:03.249963 VD: Opening the disk took 78560 ns
00:00:03.250002 PIIX3 ATA: LUN#1: CD/DVD, total number of sectors 403968, passthrough disabled
00:00:03.251285 PIIX3 ATA: LUN#2: no unit
00:00:03.251294 PIIX3 ATA: LUN#3: no unit
00:00:03.251338 PIIX3 ATA: Ctl#0: finished processing RESET
00:00:03.251349 PIIX3 ATA: Ctl#1: finished processing RESET
00:00:03.251588 E1000#0: Chip=82540EM LinkUpDelay=3000ms EthernetCRC=on GSO=enabled Itr=disabled ItrRx=enabled TID=disabled R0=enabled RC=disabled
00:00:03.261390 NAT: Guest address guess set to 10.0.2.15 by initialization
00:00:03.262270 NAT: resolv.conf: nameserver 2001:558:feed::1
00:00:03.262281 NAT: resolv.conf: nameserver 2001:558:feed::2
00:00:03.262285 NAT: resolv.conf: nameserver 75.75.75.75
00:00:03.262289 NAT: resolv.conf: nameserver 75.75.76.76
00:00:03.262301 NAT: Adding domain name hsd1.il.comcast.net
00:00:03.262303 NAT: DNS#0: 75.75.75.75
00:00:03.262306 NAT: DNS#1: 75.75.76.76
00:00:03.262390 NAT: Set redirect TCP 127.0.0.1:2869 -> 0.0.0.0:22
00:00:03.265521 PGM: The CPU physical address width is 39 bits
00:00:03.265534 PGM: PGMR3InitFinalize: 4 MB PSE mask 0000007fffffffff -> VINF_SUCCESS
00:00:03.265567 TM: TMR3InitFinalize: fTSCModeSwitchAllowed=true 
00:00:03.266356 VMM: Thread-context hooks unavailable
00:00:03.266365 VMM: RTThreadPreemptIsPending() can be trusted
00:00:03.266368 VMM: Kernel preemption is possible
00:00:03.266482 HM: fWorldSwitcher=0x0 (fIbpbOnVmExit=false fIbpbOnVmEntry=false fL1dFlushOnVmEntry=false); fL1dFlushOnSched=true  fMdsClearOnVmEntry=false
00:00:03.266755 HM: Using VT-x implementation 3.0
00:00:03.266756 HM: Max resume loops                  = 8192
00:00:03.266757 HM: Host CR4                          = 0x3626e0
00:00:03.266758 HM: Host EFER                         = 0xd01
00:00:03.266758 HM: MSR_IA32_SMM_MONITOR_CTL          = 0x0
00:00:03.266759 HM: MSR_IA32_FEATURE_CONTROL          = 0x5
00:00:03.266759 HM:   LOCK
00:00:03.266759 HM:   VMXON
00:00:03.266760 HM: MSR_IA32_VMX_BASIC                = 0xda040000000004
00:00:03.266760 HM:   VMCS id                           = 0x4
00:00:03.266761 HM:   VMCS size                         = 1024 bytes
00:00:03.266761 HM:   VMCS physical address limit       = None
00:00:03.266774 HM:   VMCS memory type                  = Write Back (WB)
00:00:03.266775 HM:   Dual-monitor treatment support    = true 
00:00:03.266775 HM:   OUTS & INS instruction-info       = true 
00:00:03.266775 HM:   Supports true-capability MSRs     = true 
00:00:03.266776 HM:   VM-entry Xcpt error-code optional = false
00:00:03.266776 HM: MSR_IA32_VMX_PINBASED_CTLS        = 0x7f00000016
00:00:03.266777 HM:   EXT_INT_EXIT
00:00:03.266777 HM:   NMI_EXIT
00:00:03.266777 HM:   VIRTUAL_NMI
00:00:03.266777 HM:   PREEMPT_TIMER
00:00:03.266778 HM:   POSTED_INT (must be cleared)
00:00:03.266778 HM: MSR_IA32_VMX_PROCBASED_CTLS       = 0xfff9fffe0401e172
00:00:03.266779 HM:   INT_WINDOW_EXIT
00:00:03.266779 HM:   USE_TSC_OFFSETTING
00:00:03.266779 HM:   HLT_EXIT
00:00:03.266779 HM:   INVLPG_EXIT
00:00:03.266780 HM:   MWAIT_EXIT
00:00:03.266780 HM:   RDPMC_EXIT
00:00:03.266780 HM:   RDTSC_EXIT
00:00:03.266780 HM:   CR3_LOAD_EXIT (must be set)
00:00:03.266781 HM:   CR3_STORE_EXIT (must be set)
00:00:03.266781 HM:   CR8_LOAD_EXIT
00:00:03.266781 HM:   CR8_STORE_EXIT
00:00:03.266781 HM:   USE_TPR_SHADOW
00:00:03.266781 HM:   NMI_WINDOW_EXIT
00:00:03.266782 HM:   MOV_DR_EXIT
00:00:03.266782 HM:   UNCOND_IO_EXIT
00:00:03.266782 HM:   USE_IO_BITMAPS
00:00:03.266782 HM:   MONITOR_TRAP_FLAG
00:00:03.266782 HM:   USE_MSR_BITMAPS
00:00:03.266783 HM:   MONITOR_EXIT
00:00:03.266783 HM:   PAUSE_EXIT
00:00:03.266783 HM:   USE_SECONDARY_CTLS
00:00:03.266796 HM: MSR_IA32_VMX_PROCBASED_CTLS2      = 0x5fbcff00000000
00:00:03.266797 HM:   VIRT_APIC_ACCESS
00:00:03.266797 HM:   EPT
00:00:03.266797 HM:   DESC_TABLE_EXIT
00:00:03.266798 HM:   RDTSCP
00:00:03.266798 HM:   VIRT_X2APIC_MODE
00:00:03.266798 HM:   VPID
00:00:03.266798 HM:   WBINVD_EXIT
00:00:03.266798 HM:   UNRESTRICTED_GUEST
00:00:03.266799 HM:   APIC_REG_VIRT (must be cleared)
00:00:03.266799 HM:   VIRT_INT_DELIVERY (must be cleared)
00:00:03.266799 HM:   PAUSE_LOOP_EXIT
00:00:03.266799 HM:   RDRAND_EXIT
00:00:03.266800 HM:   INVPCID
00:00:03.266995 HM:   VMFUNC
00:00:03.266996 HM:   VMCS_SHADOWING (must be cleared)
00:00:03.266996 HM:   ENCLS_EXIT
00:00:03.266997 HM:   RDSEED_EXIT
00:00:03.266997 HM:   PML
00:00:03.266997 HM:   EPT_VE
00:00:03.266997 HM:   CONCEAL_VMX_FROM_PT
00:00:03.266998 HM:   XSAVES_XRSTORS
00:00:03.266998 HM:   MODE_BASED_EPT_PERM
00:00:03.266998 HM:   SPPTP_EPT (must be cleared)
00:00:03.266998 HM:   PT_EPT (must be cleared)
00:00:03.266998 HM:   TSC_SCALING (must be cleared)
00:00:03.266999 HM:   USER_WAIT_PAUSE (must be cleared)
00:00:03.266999 HM:   ENCLV_EXIT (must be cleared)
00:00:03.266999 HM: MSR_IA32_VMX_ENTRY_CTLS           = 0x3ffff000011ff
00:00:03.267000 HM:   LOAD_DEBUG (must be set)
00:00:03.267001 HM:   IA32E_MODE_GUEST
00:00:03.267001 HM:   ENTRY_TO_SMM
00:00:03.267001 HM:   DEACTIVATE_DUAL_MON
00:00:03.267001 HM:   LOAD_PERF_MSR
00:00:03.267002 HM:   LOAD_PAT_MSR
00:00:03.267002 HM:   LOAD_EFER_MSR
00:00:03.267002 HM:   LOAD_BNDCFGS_MSR
00:00:03.267002 HM:   CONCEAL_VMX_FROM_PT
00:00:03.267002 HM:   LOAD_RTIT_CTL_MSR (must be cleared)
00:00:03.267003 HM: MSR_IA32_VMX_EXIT_CTLS            = 0x1ffffff00036dff
00:00:03.267004 HM:   SAVE_DEBUG (must be set)
00:00:03.267004 HM:   HOST_ADDR_SPACE_SIZE
00:00:03.267004 HM:   LOAD_PERF_MSR
00:00:03.267004 HM:   ACK_EXT_INT
00:00:03.267004 HM:   SAVE_PAT_MSR
00:00:03.267005 HM:   LOAD_PAT_MSR
00:00:03.267005 HM:   SAVE_EFER_MSR
00:00:03.267005 HM:   LOAD_EFER_MSR
00:00:03.267005 HM:   SAVE_PREEMPT_TIMER
00:00:03.267005 HM:   CLEAR_BNDCFGS_MSR
00:00:03.267006 HM:   CONCEAL_VMX_FROM_PT
00:00:03.267006 HM:   CLEAR_RTIT_CTL_MSR (must be cleared)
00:00:03.267006 HM: MSR_IA32_VMX_TRUE_PINBASED_CTLS   = 0x7f00000016
00:00:03.267007 HM: MSR_IA32_VMX_TRUE_PROCBASED_CTLS  = 0xfff9fffe04006172
00:00:03.267007 HM: MSR_IA32_VMX_TRUE_ENTRY_CTLS      = 0x3ffff000011fb
00:00:03.267008 HM: MSR_IA32_VMX_TRUE_EXIT_CTLS       = 0x1ffffff00036dfb
00:00:03.267009 HM: MSR_IA32_VMX_MISC                 = 0x7004c1e7
00:00:03.267009 HM:   PREEMPT_TIMER_TSC                 = 0x7
00:00:03.267010 HM:   EXIT_SAVE_EFER_LMA                = true 
00:00:03.267010 HM:   ACTIVITY_STATES                   = 0x7 ( HLT SHUTDOWN SIPI_WAIT )
00:00:03.267011 HM:   INTEL_PT                          = true 
00:00:03.267011 HM:   SMM_READ_SMBASE_MSR               = true 
00:00:03.267028 HM:   CR3_TARGET                        = 0x4
00:00:03.267028 HM:   MAX_MSR                           = 0x0 ( 512 )
00:00:03.267028 HM:   VMXOFF_BLOCK_SMI                  = true 
00:00:03.267029 HM:   VMWRITE_ALL                       = true 
00:00:03.267029 HM:   ENTRY_INJECT_SOFT_INT             = 0x1
00:00:03.267029 HM:   MSEG_ID                           = 0x0
00:00:03.267030 HM: MSR_IA32_VMX_VMCS_ENUM            = 0x2e
00:00:03.267030 HM:   HIGHEST_IDX                       = 0x17
00:00:03.267031 HM: MSR_IA32_VMX_EPT_VPID_CAP         = 0xf0106734141
00:00:03.267031 HM:   RWX_X_ONLY
00:00:03.267031 HM:   PAGE_WALK_LENGTH_4
00:00:03.267032 HM:   EMT_UC
00:00:03.267032 HM:   EMT_WB
00:00:03.267032 HM:   PDE_2M
00:00:03.267032 HM:   PDPTE_1G
00:00:03.267033 HM:   INVEPT
00:00:03.267033 HM:   EPT_ACCESS_DIRTY
00:00:03.267033 HM:   ADVEXITINFO_EPT
00:00:03.267033 HM:   INVEPT_SINGLE_CONTEXT
00:00:03.267033 HM:   INVEPT_ALL_CONTEXTS
00:00:03.267034 HM:   INVVPID
00:00:03.267034 HM:   INVVPID_INDIV_ADDR
00:00:03.267034 HM:   INVVPID_SINGLE_CONTEXT
00:00:03.267034 HM:   INVVPID_ALL_CONTEXTS
00:00:03.267035 HM:   INVVPID_SINGLE_CONTEXT_RETAIN_GLOBALS
00:00:03.267035 HM: MSR_IA32_VMX_VMFUNC               = 0x1
00:00:03.267035 HM:   EPTP_SWITCHING
00:00:03.267035 HM: MSR_IA32_VMX_CR0_FIXED0           = 0x80000021
00:00:03.267036 HM: MSR_IA32_VMX_CR0_FIXED1           = 0xffffffff
00:00:03.267036 HM: MSR_IA32_VMX_CR4_FIXED0           = 0x2000
00:00:03.267037 HM: MSR_IA32_VMX_CR4_FIXED1           = 0x3727ff
00:00:03.267037 HM: APIC-access page physaddr         = 0x000000002dd64000
00:00:03.267038 HM: VCPU  0: MSR bitmap physaddr      = 0x00000001dd509000
00:00:03.267039 HM: VCPU  0: VMCS physaddr            = 0x000000000b457000
00:00:03.267039 HM: VCPU  1: MSR bitmap physaddr      = 0x000000012db79000
00:00:03.267040 HM: VCPU  1: VMCS physaddr            = 0x00000001b0fa4000
00:00:03.267041 HM: Guest support: 32-bit and 64-bit
00:00:03.267057 HM: Supports VMCS EFER fields         = true 
00:00:03.267057 HM: Enabled VMX
00:00:03.267060 CPUM: SetGuestCpuIdFeature: Enabled SYSENTER/EXIT
00:00:03.267060 CPUM: SetGuestCpuIdFeature: Enabled PAE
00:00:03.267061 CPUM: SetGuestCpuIdFeature: Enabled LONG MODE
00:00:03.267061 CPUM: SetGuestCpuIdFeature: Enabled SYSCALL/RET
00:00:03.267061 CPUM: SetGuestCpuIdFeature: Enabled LAHF/SAHF
00:00:03.267061 CPUM: SetGuestCpuIdFeature: Enabled NX
00:00:03.267062 HM: Enabled nested paging
00:00:03.267062 HM:   EPT flush type                  = Single context
00:00:03.267062 HM: Enabled unrestricted guest execution
00:00:03.267062 HM: Enabled large page support
00:00:03.267063 HM: Enabled VPID
00:00:03.267063 HM:   VPID flush type                 = Single context
00:00:03.267065 HM: Enabled VMX-preemption timer (cPreemptTimerShift=7)
00:00:03.267066 HM: VT-x/AMD-V init method: Global
00:00:03.267067 EM: Exit history optimizations: enabled=true  enabled-r0=true  enabled-r0-no-preemption=false
00:00:03.267541 PcBios: SATA LUN#0 LCHS=1024/255/63
00:00:03.267572 APIC: fPostedIntrsEnabled=false fVirtApicRegsEnabled=false fSupportsTscDeadline=false
00:00:03.267578 TMR3UtcNow: nsNow=1 635 176 697 650 256 000 nsPrev=0 -> cNsDelta=1 635 176 697 650 256 000 (offLag=0 offVirtualSync=0 offVirtualSyncGivenUp=0, NowAgain=1 635 176 697 650 256 000)
00:00:03.267589 VMM: fUsePeriodicPreemptionTimers=false
00:00:03.267814 CPUM: Logical host processors: 8 present, 8 max, 8 online, online mask: 00000000000000ff
00:00:03.267818 CPUM: Physical host cores: 4
00:00:03.267818 ************************* CPUID dump ************************
00:00:03.268212          Raw Standard CPUID Leaves
00:00:03.268212      Leaf/sub-leaf  eax      ebx      ecx      edx
00:00:03.268213 Gst: 00000000/0000  00000016 756e6547 6c65746e 49656e69
00:00:03.268214 Hst:                00000016 756e6547 6c65746e 49656e69
00:00:03.268215 Gst: 00000001/0000  000806ea 00020800 d6fa2203 178bfbff
00:00:03.268216 Hst:                000806ea 04100800 7ffafbbf bfebfbff
00:00:03.268217 Gst: 00000002/0000  76036301 00f0b5ff 00000000 00c30000
00:00:03.268218 Hst:                76036301 00f0b5ff 00000000 00c30000
00:00:03.268219 Gst: 00000003/0000  00000000 00000000 00000000 00000000
00:00:03.268219 Hst:                00000000 00000000 00000000 00000000
00:00:03.268220 Gst: 00000004/0000  04000121 01c0003f 0000003f 00000000
00:00:03.268221 Hst:                1c004121 01c0003f 0000003f 00000000
00:00:03.268221 Gst: 00000004/0001  04000122 01c0003f 0000003f 00000000
00:00:03.268222 Hst:                1c004122 01c0003f 0000003f 00000000
00:00:03.268223 Gst: 00000004/0002  04000143 00c0003f 000003ff 00000000
00:00:03.268223 Hst:                1c004143 00c0003f 000003ff 00000000
00:00:03.268224 Gst: 00000004/0003  04000163 02c0003f 00001fff 00000006
00:00:03.268225 Hst:                1c03c163 02c0003f 00001fff 00000006
00:00:03.268225 Gst: 00000004/0004  04000000 00000000 00000000 00000000
00:00:03.268226 Hst:                00000000 00000000 00000000 00000000
00:00:03.268226 Gst: 00000005/0000  00000000 00000000 00000000 00000000
00:00:03.268227 Hst:                00000040 00000040 00000003 11142120
00:00:03.268228 Gst: 00000006/0000  00000000 00000000 00000000 00000000
00:00:03.268229 Hst:                000026f7 00000002 00000009 00000000
00:00:03.268229 Gst: 00000007/0000  00000000 00842421 00000000 10000400
00:00:03.268230 Hst:                00000000 029c67af 00000000 9c002e00
00:00:03.268231 Gst: 00000007/0001  00000000 00000000 00000000 00000000
00:00:03.268232 Hst:                00000000 00000000 00000000 00000000
00:00:03.268232 Gst: 00000008/0000  00000000 00000000 00000000 00000000
00:00:03.268233 Hst:                00000000 00000000 00000000 00000000
00:00:03.268233 Gst: 00000009/0000  00000000 00000000 00000000 00000000
00:00:03.268234 Hst:                00000000 00000000 00000000 00000000
00:00:03.268234 Gst: 0000000a/0000  00000000 00000000 00000000 00000000
00:00:03.268235 Hst:                07300404 00000000 00000000 00000603
00:00:03.268236 Gst: 0000000b/0000  00000000 00000001 00000100 00000000
00:00:03.268236 Hst:                00000001 00000002 00000100 00000004
00:00:03.268237 Gst: 0000000b/0001  00000001 00000002 00000201 00000000
00:00:03.268237 Hst:                00000004 00000008 00000201 00000004
00:00:03.268238 Gst: 0000000b/0002  00000000 00000000 00000002 00000000
00:00:03.268238 Hst:                00000000 00000000 00000002 00000004
00:00:03.268239 Gst: 0000000c/0000  00000000 00000000 00000000 00000000
00:00:03.268239 Hst:                00000000 00000000 00000000 00000000
00:00:03.268240 Gst: 0000000d/0000  00000007 00000340 00000340 00000000
00:00:03.268240 Hst:                0000001f 00000340 00000440 00000000
00:00:03.268241 Gst: 0000000d/0001  00000000 00000340 00000000 00000000
00:00:03.268242 Hst:                0000000f 00000340 00000100 00000000
00:00:03.268242 Gst: 0000000d/0002  00000100 00000240 00000000 00000000
00:00:03.268243 Hst:                00000100 00000240 00000000 00000000
00:00:03.268243 Gst: 0000000d/0003  00000000 00000000 00000000 00000000
00:00:03.268244 Hst:                00000040 000003c0 00000000 00000000
00:00:03.268244 Gst: 0000000d/0004  00000000 00000000 00000000 00000000
00:00:03.268245 Hst:                00000040 00000400 00000000 00000000
00:00:03.268245 Gst: 0000000d/0005  00000000 00000000 00000000 00000000
00:00:03.268246 Hst:                00000000 00000000 00000000 00000000
00:00:03.268246 Gst: 0000000d/0006  00000000 00000000 00000000 00000000
00:00:03.268247 Hst:                00000000 00000000 00000000 00000000
00:00:03.268247 Gst: 0000000d/0007  00000000 00000000 00000000 00000000
00:00:03.268248 Hst:                00000000 00000000 00000000 00000000
00:00:03.268248 Gst: 0000000d/0008  00000000 00000000 00000000 00000000
00:00:03.268249 Hst:                00000080 00000000 00000001 00000000
00:00:03.268250 Gst: 0000000d/0009  00000000 00000000 00000000 00000000
00:00:03.268250 Hst:                00000000 00000000 00000000 00000000
00:00:03.268266 Gst: 0000000e/0000  00000000 00000000 00000000 00000000
00:00:03.268267 Hst:                00000000 00000000 00000000 00000000
00:00:03.268267 Gst: 0000000f/0000  00000000 00000000 00000000 00000000
00:00:03.268268 Hst:                00000000 00000000 00000000 00000000
00:00:03.268268 Gst: 00000010/0000  00000000 00000000 00000000 00000000
00:00:03.268269 Hst:                00000000 00000000 00000000 00000000
00:00:03.268269 Gst: 00000011/0000  00000000 00000000 00000000 00000000
00:00:03.268270 Hst:                00000000 00000000 00000000 00000000
00:00:03.268270 Gst: 00000012/0000  00000000 00000000 00000000 00000000
00:00:03.268271 Hst:                00000000 00000000 00000000 00000000
00:00:03.268271 Gst: 00000013/0000  00000000 00000000 00000000 00000000
00:00:03.268272 Hst:                00000000 00000000 00000000 00000000
00:00:03.268272 Gst: 00000014/0000  00000000 00000000 00000000 00000000
00:00:03.268273 Hst:                00000001 0000000f 00000007 00000000
00:00:03.268273 Hst: 00000015/0000  00000002 00000074 00000000 00000000
00:00:03.268274 Hst: 00000016/0000  00000578 00000f3c 00000064 00000000
00:00:03.268275                                Name: GenuineIntel
00:00:03.268276                            Supports: 0x00000000-0x00000016
00:00:03.268290                              Family:  6 	Extended: 0 	Effective: 6
00:00:03.268291                               Model: 14 	Extended: 8 	Effective: 142
00:00:03.268292                            Stepping: 10
00:00:03.268293                                Type: 0 (primary)
00:00:03.268294                             APIC ID: 0x00
00:00:03.268294                        Logical CPUs: 2
00:00:03.268295                        CLFLUSH Size: 8
00:00:03.268295                            Brand ID: 0x00
00:00:03.268296 Features
00:00:03.268297   Mnemonic - Description                                  = guest (host)
00:00:03.268310   FPU - x87 FPU on Chip                                   = 1 (1)
00:00:03.268311   VME - Virtual 8086 Mode Enhancements                    = 1 (1)
00:00:03.268312   DE - Debugging extensions                               = 1 (1)
00:00:03.268313   PSE - Page Size Extension                               = 1 (1)
00:00:03.268314   TSC - Time Stamp Counter                                = 1 (1)
00:00:03.268315   MSR - Model Specific Registers                          = 1 (1)
00:00:03.268315   PAE - Physical Address Extension                        = 1 (1)
00:00:03.268316   MCE - Machine Check Exception                           = 1 (1)
00:00:03.268317   CX8 - CMPXCHG8B instruction                             = 1 (1)
00:00:03.268318   APIC - APIC On-Chip                                     = 1 (1)
00:00:03.268319   SEP - SYSENTER and SYSEXIT Present                      = 1 (1)
00:00:03.268319   MTRR - Memory Type Range Registers                      = 1 (1)
00:00:03.268320   PGE - PTE Global Bit                                    = 1 (1)
00:00:03.268321   MCA - Machine Check Architecture                        = 1 (1)
00:00:03.268322   CMOV - Conditional Move instructions                    = 1 (1)
00:00:03.268322   PAT - Page Attribute Table                              = 1 (1)
00:00:03.268323   PSE-36 - 36-bit Page Size Extension                     = 1 (1)
00:00:03.268324   PSN - Processor Serial Number                           = 0 (0)
00:00:03.268325   CLFSH - CLFLUSH instruction                             = 1 (1)
00:00:03.268325   DS - Debug Store                                        = 0 (1)
00:00:03.268326   ACPI - Thermal Mon. & Soft. Clock Ctrl.                 = 0 (1)
00:00:03.268327   MMX - Intel MMX Technology                              = 1 (1)
00:00:03.268328   FXSR - FXSAVE and FXRSTOR instructions                  = 1 (1)
00:00:03.268329   SSE - SSE support                                       = 1 (1)
00:00:03.268329   SSE2 - SSE2 support                                     = 1 (1)
00:00:03.268330   SS - Self Snoop                                         = 0 (1)
00:00:03.268331   HTT - Hyper-Threading Technology                        = 1 (1)
00:00:03.268332   TM - Therm. Monitor                                     = 0 (1)
00:00:03.268333   PBE - Pending Break Enabled                             = 0 (1)
00:00:03.268334   SSE3 - SSE3 support                                     = 1 (1)
00:00:03.268335   PCLMUL - PCLMULQDQ support (for AES-GCM)                = 1 (1)
00:00:03.268335   DTES64 - DS Area 64-bit Layout                          = 0 (1)
00:00:03.268336   MONITOR - MONITOR/MWAIT instructions                    = 0 (1)
00:00:03.268337   CPL-DS - CPL Qualified Debug Store                      = 0 (1)
00:00:03.268338   VMX - Virtual Machine Extensions                        = 0 (1)
00:00:03.268338   SMX - Safer Mode Extensions                             = 0 (0)
00:00:03.268339   EST - Enhanced SpeedStep Technology                     = 0 (1)
00:00:03.268340   TM2 - Terminal Monitor 2                                = 0 (1)
00:00:03.268341   SSSE3 - Supplemental Streaming SIMD Extensions 3        = 1 (1)
00:00:03.268341   CNTX-ID - L1 Context ID                                 = 0 (0)
00:00:03.268342   SDBG - Silicon Debug interface                          = 0 (1)
00:00:03.268343   FMA - Fused Multiply Add extensions                     = 0 (1)
00:00:03.268344   CX16 - CMPXCHG16B instruction                           = 1 (1)
00:00:03.268344   TPRUPDATE - xTPR Update Control                         = 0 (1)
00:00:03.268345   PDCM - Perf/Debug Capability MSR                        = 0 (1)
00:00:03.268346   PCID - Process Context Identifiers                      = 1 (1)
00:00:03.268347   DCA - Direct Cache Access                               = 0 (0)
00:00:03.268347   SSE4_1 - SSE4_1 support                                 = 1 (1)
00:00:03.268348   SSE4_2 - SSE4_2 support                                 = 1 (1)
00:00:03.268349   X2APIC - x2APIC support                                 = 1 (1)
00:00:03.268350   MOVBE - MOVBE instruction                               = 1 (1)
00:00:03.268351   POPCNT - POPCNT instruction                             = 1 (1)
00:00:03.268351   TSCDEADL - Time Stamp Counter Deadline                  = 0 (1)
00:00:03.268352   AES - AES instructions                                  = 1 (1)
00:00:03.268353   XSAVE - XSAVE instruction                               = 1 (1)
00:00:03.268354   OSXSAVE - OSXSAVE instruction                           = 0 (1)
00:00:03.268355   AVX - AVX support                                       = 1 (1)
00:00:03.268355   F16C - 16-bit floating point conversion instructions    = 0 (1)
00:00:03.268356   RDRAND - RDRAND instruction                             = 1 (1)
00:00:03.268357   HVP - Hypervisor Present (we're a guest)                = 1 (0)
00:00:03.268371 Structured Extended Feature Flags Enumeration (leaf 7):
00:00:03.268371   Mnemonic - Description                                  = guest (host)
00:00:03.268383   FSGSBASE - RDFSBASE/RDGSBASE/WRFSBASE/WRGSBASE instr.   = 1 (1)
00:00:03.268383   TSCADJUST - Supports MSR_IA32_TSC_ADJUST                = 0 (1)
00:00:03.268384   SGX - Supports Software Guard Extensions                = 0 (1)
00:00:03.268385   BMI1 - Advanced Bit Manipulation extension 1            = 0 (1)
00:00:03.268385   HLE - Hardware Lock Elision                             = 0 (0)
00:00:03.268386   AVX2 - Advanced Vector Extensions 2                     = 1 (1)
00:00:03.268387   FDP_EXCPTN_ONLY - FPU DP only updated on exceptions     = 0 (0)
00:00:03.268387   SMEP - Supervisor Mode Execution Prevention             = 0 (1)
00:00:03.268388   BMI2 - Advanced Bit Manipulation extension 2            = 0 (1)
00:00:03.268389   ERMS - Enhanced REP MOVSB/STOSB instructions            = 0 (1)
00:00:03.268389   INVPCID - INVPCID instruction                           = 1 (1)
00:00:03.268390   RTM - Restricted Transactional Memory                   = 0 (0)
00:00:03.268391   PQM - Platform Quality of Service Monitoring            = 0 (0)
00:00:03.268391   DEPFPU_CS_DS - Deprecates FPU CS, FPU DS values if set  = 1 (1)
00:00:03.268392   MPE - Intel Memory Protection Extensions                = 0 (1)
00:00:03.268393   PQE - Platform Quality of Service Enforcement           = 0 (0)
00:00:03.268393   AVX512F - AVX512 Foundation instructions                = 0 (0)
00:00:03.268394   RDSEED - RDSEED instruction                             = 1 (1)
00:00:03.268395   ADX - ADCX/ADOX instructions                            = 0 (1)
00:00:03.268395   SMAP - Supervisor Mode Access Prevention                = 0 (1)
00:00:03.268396   CLFLUSHOPT - CLFLUSHOPT (Cache Line Flush) instruction  = 1 (1)
00:00:03.268397   INTEL_PT - Intel Processor Trace                        = 0 (1)
00:00:03.268397   AVX512PF - AVX512 Prefetch instructions                 = 0 (0)
00:00:03.268398   AVX512ER - AVX512 Exponential & Reciprocal instructions = 0 (0)
00:00:03.268399   AVX512CD - AVX512 Conflict Detection instructions       = 0 (0)
00:00:03.268399   SHA - Secure Hash Algorithm extensions                  = 0 (0)
00:00:03.268400   PREFETCHWT1 - PREFETCHWT1 instruction                   = 0 (0)
00:00:03.268401   UMIP - User mode insturction prevention                 = 0 (0)
00:00:03.268401   PKU - Protection Key for Usermode pages                 = 0 (0)
00:00:03.268402   OSPKE - CR4.PKU mirror                                  = 0 (0)
00:00:03.268403   MAWAU - Value used by BNDLDX & BNDSTX                   = 0x0 (0x0)
00:00:03.268404   RDPID - Read processor ID support                       = 0 (0)
00:00:03.268405   SGX_LC - Supports SGX Launch Configuration              = 0 (0)
00:00:03.268405    9 - Reserved                                           = 0 (1)
00:00:03.268406   MD_CLEAR - Supports MDS related buffer clearing         = 1 (1)
00:00:03.268407   11 - Reserved                                           = 0 (1)
00:00:03.268408   13 - Reserved                                           = 0 (1)
00:00:03.268409   IBRS_IBPB - IA32_SPEC_CTRL.IBRS and IA32_PRED_CMD.IBPB  = 0 (1)
00:00:03.268409   STIBP - Supports IA32_SPEC_CTRL.STIBP                   = 0 (1)
00:00:03.268410   FLUSH_CMD - Supports IA32_FLUSH_CMD                     = 1 (1)
00:00:03.268411   ARCHCAP - Supports IA32_ARCH_CAP                        = 0 (0)
00:00:03.268412   CORECAP - Supports IA32_CORE_CAP                        = 0 (0)
00:00:03.268412   SSBD - Supports IA32_SPEC_CTRL.SSBD                     = 0 (1)
00:00:03.268413 Processor Extended State Enumeration (leaf 0xd):
00:00:03.268414    XSAVE area cur/max size by XCR0, guest: 0x340/0x340
00:00:03.268414     XSAVE area cur/max size by XCR0, host: 0x340/0x440
00:00:03.268415                    Valid XCR0 bits, guest: 0x00000000`00000007 ( x87 SSE YMM_Hi128 )
00:00:03.268417                     Valid XCR0 bits, host: 0x00000000`0000001f ( x87 SSE YMM_Hi128 BNDREGS BNDCSR )
00:00:03.268433                     XSAVE features, guest:
00:00:03.268433                      XSAVE features, host: XSAVEOPT XSAVEC XGETBC1 XSAVES
00:00:03.268434       XSAVE area cur size XCR0|XSS, guest: 0x340
00:00:03.268435        XSAVE area cur size XCR0|XSS, host: 0x340
00:00:03.268435                Valid IA32_XSS bits, guest: 0x00000000`00000000
00:00:03.268436                 Valid IA32_XSS bits, host: 0x00000100`00000000 ( 40 )
00:00:03.268437   State #2, guest: off=0x0240, cb=0x0100 IA32_XSS-bit -- YMM_Hi128
00:00:03.268438   State #2, host:  off=0x0240, cb=0x0100 IA32_XSS-bit -- YMM_Hi128
00:00:03.268439   State #3, host:  off=0x03c0, cb=0x0040 IA32_XSS-bit -- BNDREGS
00:00:03.268440   State #4, host:  off=0x0400, cb=0x0040 IA32_XSS-bit -- BNDCSR
00:00:03.268442   State #8, host:  off=0x0000, cb=0x0080 XCR0-bit -- 8
00:00:03.268449          Unknown CPUID Leaves
00:00:03.268450      Leaf/sub-leaf  eax      ebx      ecx      edx
00:00:03.268450 Gst: 00000014/0001  00000000 00000000 00000000 00000000
00:00:03.268451 Hst:                02490002 003f3fff 00000000 00000000
00:00:03.268452 Gst: 00000014/0002  00000000 00000000 00000000 00000000
00:00:03.268452 Hst:                00000000 00000000 00000000 00000000
00:00:03.268453 Gst: 00000015/0000  00000000 00000000 00000000 00000000
00:00:03.268453 Hst:                00000002 00000074 00000000 00000000
00:00:03.268454 Gst: 00000016/0000  00000000 00000000 00000000 00000000
00:00:03.268455 Hst:                00000578 00000f3c 00000064 00000000
00:00:03.268456          Raw Hypervisor CPUID Leaves
00:00:03.268456      Leaf/sub-leaf  eax      ebx      ecx      edx
00:00:03.268457 Gst: 40000000/0000  40000001 4b4d564b 564b4d56 0000004d
00:00:03.268457 Hst:                00000578 00000f3c 00000064 00000000
00:00:03.268458 Gst: 40000001/0000  01000089 00000000 00000000 00000000
00:00:03.268459 Hst:                00000578 00000f3c 00000064 00000000
00:00:03.268460          Raw Extended CPUID Leaves
00:00:03.268460      Leaf/sub-leaf  eax      ebx      ecx      edx
00:00:03.268460 Gst: 80000000/0000  80000008 00000000 00000000 00000000
00:00:03.268461 Hst:                80000008 00000000 00000000 00000000
00:00:03.268461 Gst: 80000001/0000  00000000 00000000 00000121 28100800
00:00:03.268462 Hst:                00000000 00000000 00000121 2c100800
00:00:03.268463 Gst: 80000002/0000  65746e49 2952286c 726f4320 4d542865
00:00:03.268464 Hst:                65746e49 2952286c 726f4320 4d542865
00:00:03.268465 Gst: 80000003/0000  35692029 3532382d 43205537 40205550
00:00:03.268466 Hst:                35692029 3532382d 43205537 40205550
00:00:03.268467 Gst: 80000004/0000  342e3120 7a484730 00000000 00000000
00:00:03.268468 Hst:                342e3120 7a484730 00000000 00000000
00:00:03.268469 Gst: 80000005/0000  00000000 00000000 00000000 00000000
00:00:03.268469 Hst:                00000000 00000000 00000000 00000000
00:00:03.268470 Gst: 80000006/0000  00000000 00000000 01006040 00000000
00:00:03.268470 Hst:                00000000 00000000 01006040 00000000
00:00:03.268471 Gst: 80000007/0000  00000000 00000000 00000000 00000100
00:00:03.268472 Hst:                00000000 00000000 00000000 00000100
00:00:03.268472 Gst: 80000008/0000  00003027 00000000 00000000 00000000
00:00:03.268473 Hst:                00003027 00000000 00000000 00000000
00:00:03.268473 Ext Name:                        
00:00:03.268474 Ext Supports:                    0x80000000-0x80000008
00:00:03.268474 Family:                          0  	Extended: 0 	Effective: 0
00:00:03.268475 Model:                           0  	Extended: 0 	Effective: 0
00:00:03.268475 Stepping:                        0
00:00:03.268475 Brand ID:                        0x000
00:00:03.268476 Ext Features
00:00:03.268476   Mnemonic - Description                                  = guest (host)
00:00:03.268476   FPU - x87 FPU on Chip                                   = 0 (0)
00:00:03.268477   VME - Virtual 8086 Mode Enhancements                    = 0 (0)
00:00:03.268478   DE - Debugging extensions                               = 0 (0)
00:00:03.268479   PSE - Page Size Extension                               = 0 (0)
00:00:03.268480   TSC - Time Stamp Counter                                = 0 (0)
00:00:03.268481   MSR - K86 Model Specific Registers                      = 0 (0)
00:00:03.268481   PAE - Physical Address Extension                        = 0 (0)
00:00:03.268482   MCE - Machine Check Exception                           = 0 (0)
00:00:03.268483   CX8 - CMPXCHG8B instruction                             = 0 (0)
00:00:03.268484   APIC - APIC On-Chip                                     = 0 (0)
00:00:03.268484   SEP - SYSCALL/SYSRET                                    = 1 (1)
00:00:03.268485   MTRR - Memory Type Range Registers                      = 0 (0)
00:00:03.268486   PGE - PTE Global Bit                                    = 0 (0)
00:00:03.268487   MCA - Machine Check Architecture                        = 0 (0)
00:00:03.268488   CMOV - Conditional Move instructions                    = 0 (0)
00:00:03.268488   PAT - Page Attribute Table                              = 0 (0)
00:00:03.268489   PSE-36 - 36-bit Page Size Extension                     = 0 (0)
00:00:03.268490   NX - No-Execute/Execute-Disable                         = 1 (1)
00:00:03.268491   AXMMX - AMD Extensions to MMX instructions              = 0 (0)
00:00:03.268491   MMX - Intel MMX Technology                              = 0 (0)
00:00:03.268492   FXSR - FXSAVE and FXRSTOR Instructions                  = 0 (0)
00:00:03.268493   FFXSR - AMD fast FXSAVE and FXRSTOR instructions        = 0 (0)
00:00:03.268493   Page1GB - 1 GB large page                               = 0 (1)
00:00:03.268494   RDTSCP - RDTSCP instruction                             = 1 (1)
00:00:03.268495   LM - AMD64 Long Mode                                    = 1 (1)
00:00:03.268496   3DNOWEXT - AMD Extensions to 3DNow                      = 0 (0)
00:00:03.268497   3DNOW - AMD 3DNow                                       = 0 (0)
00:00:03.268498   LahfSahf - LAHF/SAHF support in 64-bit mode             = 1 (1)
00:00:03.268498   CmpLegacy - Core multi-processing legacy mode           = 0 (0)
00:00:03.268499   SVM - AMD Secure Virtual Machine extensions             = 0 (0)
00:00:03.268499   EXTAPIC - AMD Extended APIC registers                   = 0 (0)
00:00:03.268500   CR8L - AMD LOCK MOV CR0 means MOV CR8                   = 0 (0)
00:00:03.268501   ABM - AMD Advanced Bit Manipulation                     = 1 (1)
00:00:03.268501   SSE4A - SSE4A instructions                              = 0 (0)
00:00:03.268502   MISALIGNSSE - AMD Misaligned SSE mode                   = 0 (0)
00:00:03.268503   3DNOWPRF - AMD PREFETCH and PREFETCHW instructions      = 1 (1)
00:00:03.268504   OSVW - AMD OS Visible Workaround                        = 0 (0)
00:00:03.268504   IBS - Instruct Based Sampling                           = 0 (0)
00:00:03.268505   XOP - Extended Operation support                        = 0 (0)
00:00:03.268506   SKINIT - SKINIT, STGI, and DEV support                  = 0 (0)
00:00:03.268506   WDT - AMD Watchdog Timer support                        = 0 (0)
00:00:03.268507   LWP - Lightweight Profiling support                     = 0 (0)
00:00:03.268508   FMA4 - Four operand FMA instruction support             = 0 (0)
00:00:03.268509   NodeId - NodeId in MSR C001_100C                        = 0 (0)
00:00:03.268509   TBM - Trailing Bit Manipulation instructions            = 0 (0)
00:00:03.268510   TOPOEXT - Topology Extensions                           = 0 (0)
00:00:03.268511   PRFEXTCORE - Performance Counter Extensions support     = 0 (0)
00:00:03.268511   PRFEXTNB - NB Performance Counter Extensions support    = 0 (0)
00:00:03.268512   DATABPEXT - Data-access Breakpoint Extension            = 0 (0)
00:00:03.268512   PERFTSC - Performance Time Stamp Counter                = 0 (0)
00:00:03.268513   PCX_L2I - L2I/L3 Performance Counter Extensions         = 0 (0)
00:00:03.268514   MWAITX - MWAITX and MONITORX instructions               = 0 (0)
00:00:03.268515 Full Name:                       "Intel(R) Core(TM) i5-8257U CPU @ 1.40GHz"
00:00:03.268515 TLB 2/4M Instr/Uni:              res0     0 entries
00:00:03.268515 TLB 2/4M Data:                   res0     0 entries
00:00:03.268516 TLB 4K Instr/Uni:                res0     0 entries
00:00:03.268516 TLB 4K Data:                     res0     0 entries
00:00:03.268517 L1 Instr Cache Line Size:        0 bytes
00:00:03.268517 L1 Instr Cache Lines Per Tag:    0
00:00:03.268517 L1 Instr Cache Associativity:    res0  
00:00:03.268518 L1 Instr Cache Size:             0 KB
00:00:03.268518 L1 Data Cache Line Size:         0 bytes
00:00:03.268518 L1 Data Cache Lines Per Tag:     0
00:00:03.268518 L1 Data Cache Associativity:     res0  
00:00:03.268519 L1 Data Cache Size:              0 KB
00:00:03.268519 L2 TLB 2/4M Instr/Uni:           off       0 entries
00:00:03.268519 L2 TLB 2/4M Data:                off       0 entries
00:00:03.268520 L2 TLB 4K Instr/Uni:             off       0 entries
00:00:03.268520 L2 TLB 4K Data:                  off       0 entries
00:00:03.268520 L2 Cache Line Size:              0 bytes
00:00:03.268521 L2 Cache Lines Per Tag:          0
00:00:03.268521 L2 Cache Associativity:          off   
00:00:03.268521 L2 Cache Size:                   0 KB
00:00:03.268522   TS - Temperature Sensor                                 = 0 (0)
00:00:03.268523   FID - Frequency ID control                              = 0 (0)
00:00:03.268524   VID - Voltage ID control                                = 0 (0)
00:00:03.268525   TscInvariant - Invariant Time Stamp Counter             = 1 (1)
00:00:03.268525   CBP - Core Performance Boost                            = 0 (0)
00:00:03.268526   EffFreqRO - Read-only Effective Frequency Interface     = 0 (0)
00:00:03.268527   ProcFdbkIf - Processor Feedback Interface               = 0 (0)
00:00:03.268527   ProcPwrRep - Core power reporting interface support     = 0 (0)
00:00:03.268528 Physical Address Width:          39 bits
00:00:03.268528 Virtual Address Width:           48 bits
00:00:03.268529 Guest Physical Address Width:    0 bits
00:00:03.268529 Physical Core Count:             1
00:00:03.268530 
00:00:03.268531 ******************** End of CPUID dump **********************
00:00:03.268531 *********************** VT-x features ***********************
00:00:03.268533 Nested hardware virtualization - VMX features
00:00:03.268533   Mnemonic - Description                                  = guest (host)
00:00:03.268533   VMX - Virtual-Machine Extensions                        = 0 (1)
00:00:03.268534   InsOutInfo - INS/OUTS instruction info.                 = 0 (1)
00:00:03.268534   ExtIntExit - External interrupt exiting                 = 0 (1)
00:00:03.268535   NmiExit - NMI exiting                                   = 0 (1)
00:00:03.268535   VirtNmi - Virtual NMIs                                  = 0 (1)
00:00:03.268536   PreemptTimer - VMX preemption timer                     = 0 (1)
00:00:03.268536   PostedInt - Posted interrupts                           = 0 (0)
00:00:03.268536   IntWindowExit - Interrupt-window exiting                = 0 (1)
00:00:03.268537   TscOffsetting - TSC offsetting                          = 0 (1)
00:00:03.268537   HltExit - HLT exiting                                   = 0 (1)
00:00:03.268538   InvlpgExit - INVLPG exiting                             = 0 (1)
00:00:03.268538   MwaitExit - MWAIT exiting                               = 0 (1)
00:00:03.268538   RdpmcExit - RDPMC exiting                               = 0 (1)
00:00:03.268539   RdtscExit - RDTSC exiting                               = 0 (1)
00:00:03.268539   Cr3LoadExit - CR3-load exiting                          = 0 (1)
00:00:03.268540   Cr3StoreExit - CR3-store exiting                        = 0 (1)
00:00:03.268540   Cr8LoadExit  - CR8-load exiting                         = 0 (1)
00:00:03.268540   Cr8StoreExit - CR8-store exiting                        = 0 (1)
00:00:03.268541   UseTprShadow - Use TPR shadow                           = 0 (1)
00:00:03.268541   NmiWindowExit - NMI-window exiting                      = 0 (1)
00:00:03.268542   MovDRxExit - Mov-DR exiting                             = 0 (1)
00:00:03.268542   UncondIoExit - Unconditional I/O exiting                = 0 (1)
00:00:03.268542   UseIoBitmaps - Use I/O bitmaps                          = 0 (1)
00:00:03.268543   MonitorTrapFlag - Monitor Trap Flag                     = 0 (1)
00:00:03.268543   UseMsrBitmaps - MSR bitmaps                             = 0 (1)
00:00:03.268544   MonitorExit - MONITOR exiting                           = 0 (1)
00:00:03.268544   PauseExit - PAUSE exiting                               = 0 (1)
00:00:03.268545   SecondaryExecCtl - Activate secondary controls          = 0 (1)
00:00:03.268545   VirtApic - Virtualize-APIC accesses                     = 0 (1)
00:00:03.268545   Ept - Extended Page Tables                              = 0 (1)
00:00:03.268546   DescTableExit - Descriptor-table exiting                = 0 (1)
00:00:03.268560   Rdtscp - Enable RDTSCP                                  = 0 (1)
00:00:03.268561   VirtX2ApicMode - Virtualize-x2APIC mode                 = 0 (1)
00:00:03.268561   Vpid - Enable VPID                                      = 0 (1)
00:00:03.268562   WbinvdExit - WBINVD exiting                             = 0 (1)
00:00:03.268562   UnrestrictedGuest - Unrestricted guest                  = 0 (1)
00:00:03.268563   ApicRegVirt - APIC-register virtualization              = 0 (0)
00:00:03.268563   VirtIntDelivery - Virtual-interrupt delivery            = 0 (0)
00:00:03.268563   PauseLoopExit - PAUSE-loop exiting                      = 0 (1)
00:00:03.268564   RdrandExit - RDRAND exiting                             = 0 (1)
00:00:03.268564   Invpcid - Enable INVPCID                                = 0 (1)
00:00:03.268565   VmFuncs - Enable VM Functions                           = 0 (1)
00:00:03.268565   VmcsShadowing - VMCS shadowing                          = 0 (0)
00:00:03.268565   RdseedExiting - RDSEED exiting                          = 0 (1)
00:00:03.268566   PML - Page-Modification Log (PML)                       = 0 (1)
00:00:03.268566   EptVe - EPT violations can cause #VE                    = 0 (1)
00:00:03.268567   XsavesXRstors - Enable XSAVES/XRSTORS                   = 0 (1)
00:00:03.268567   EntryLoadDebugCtls - Load debug controls on VM-entry    = 0 (1)
00:00:03.268568   Ia32eModeGuest - IA-32e mode guest                      = 0 (1)
00:00:03.268568   EntryLoadEferMsr - Load IA32_EFER MSR on VM-entry       = 0 (1)
00:00:03.268568   EntryLoadPatMsr - Load IA32_PAT MSR on VM-entry         = 0 (1)
00:00:03.268569   ExitSaveDebugCtls - Save debug controls on VM-exit      = 0 (1)
00:00:03.268569   HostAddrSpaceSize - Host address-space size             = 0 (1)
00:00:03.268570   ExitAckExtInt - Acknowledge interrupt on VM-exit        = 0 (1)
00:00:03.268570   ExitSavePatMsr - Save IA32_PAT MSR on VM-exit           = 0 (1)
00:00:03.268570   ExitLoadPatMsr - Load IA32_PAT MSR on VM-exit           = 0 (1)
00:00:03.268571   ExitSaveEferMsr - Save IA32_EFER MSR on VM-exit         = 0 (1)
00:00:03.268571   ExitLoadEferMsr - Load IA32_EFER MSR on VM-exit         = 0 (1)
00:00:03.268572   SavePreemptTimer - Save VMX-preemption timer            = 0 (1)
00:00:03.268572   ExitSaveEferLma - Save IA32_EFER.LMA on VM-exit         = 0 (1)
00:00:03.268573   IntelPt - Intel PT (Processor Trace) in VMX operation   = 0 (1)
00:00:03.268573   VmwriteAll - VMWRITE to any supported VMCS field        = 0 (1)
00:00:03.268573   EntryInjectSoftInt - Inject softint. with 0-len instr.  = 0 (1)
00:00:03.268574 
00:00:03.268574 ******************* End of VT-x features ********************
00:00:03.268816 VMEmt: Halt method global1 (5)
00:00:03.269090 VMEmt: HaltedGlobal1 config: cNsSpinBlockThresholdCfg=2000
00:00:03.269103 Changing the VM state from 'CREATING' to 'CREATED'
00:00:03.272468 Changing the VM state from 'CREATED' to 'POWERING_ON'
00:00:03.272524 AIOMgr: Endpoints without assigned bandwidth groups:
00:00:03.272530 AIOMgr:     /Volumes/externalwd/ITMO-453/beyesus/itmo-553/packer-example-code/riemann-graphite-multi/output-centos-riemannb/packer-centos-riemannb-1635176689.vdi
00:00:03.272589 Changing the VM state from 'POWERING_ON' to 'RUNNING'
00:00:03.272596 Console: Machine state changed to 'Running'
00:00:03.278255 VMMDev: Guest Log: BIOS: VirtualBox 6.1.26
00:00:03.278349 PCI: Setting up resources and interrupts
00:00:03.278549 PIT: mode=2 count=0x10000 (65536) - 18.20 Hz (ch=0)
00:00:03.301147 Display::i_handleDisplayResize: uScreenId=0 pvVRAM=0000000000000000 w=720 h=400 bpp=0 cbLine=0x0 flags=0x0 origin=0,0
00:00:03.302021 VMMDev: Guest Log: CPUID EDX: 0x178bfbff
00:00:03.302107 PIIX3 ATA: Ctl#0: RESET, DevSel=0 AIOIf=0 CmdIf0=0x00 (-1 usec ago) CmdIf1=0x00 (-1 usec ago)
00:00:03.302166 PIIX3 ATA: Ctl#0: finished processing RESET
00:00:03.303239 AHCI#0: Reset the HBA
00:00:03.303247 VD#0: Cancelling all active requests
00:00:03.303301 AHCI#0: Port 0 reset
00:00:03.303332 VD#0: Cancelling all active requests
00:00:03.304156 VMMDev: Guest Log: BIOS: AHCI 0-P#0: PCHS=16383/16/63 LCHS=1024/255/63 0x0000000001d4c000 sectors
00:00:03.306004 PIT: mode=2 count=0x48d3 (18643) - 64.00 Hz (ch=0)
00:00:03.333564 Display::i_handleDisplayResize: uScreenId=0 pvVRAM=000000011d39b000 w=640 h=480 bpp=32 cbLine=0xA00 flags=0x0 origin=0,0
00:00:03.783591 GUI: UIMachineViewNormal::resendSizeHint: Restoring guest size-hint for screen 0 to 800x600
00:00:03.784499 GUI: UIMediumEnumerator: Medium-enumeration finished!
00:00:03.810074 GUI: 2D video acceleration is disabled
00:00:03.810150 GUI: HID LEDs sync is enabled
00:00:03.929023 GUI: UIMachineLogicNormal::sltCheckForRequestedVisualStateType: Requested-state=0, Machine-state=5
00:00:05.782425 PIT: mode=2 count=0x10000 (65536) - 18.20 Hz (ch=0)
00:00:05.782853 VMMDev: Guest Log: BIOS: Boot : bseqnr=1, bootseq=0032
00:00:05.783560 VMMDev: Guest Log: BIOS: Boot from Hard Disk 0 failed
00:00:05.783939 VMMDev: Guest Log: BIOS: Boot : bseqnr=2, bootseq=0003
00:00:05.784940 VMMDev: Guest Log: BIOS: Booting from CD-ROM...
00:00:05.928528 Display::i_handleDisplayResize: uScreenId=0 pvVRAM=0000000000000000 w=720 h=400 bpp=0 cbLine=0x0 flags=0x0 origin=0,0
00:00:06.056623 Display::i_handleDisplayResize: uScreenId=0 pvVRAM=000000011d39b000 w=640 h=480 bpp=24 cbLine=0x780 flags=0x0 origin=0,0
00:00:08.176296 GUI: UIDesktopWidgetWatchdog::sltHandleHostScreenWorkAreaResized: Screen 0 work area is formally resized to: 0x25 x 1440x824
00:00:15.342626 Display::i_handleDisplayResize: uScreenId=0 pvVRAM=0000000000000000 w=720 h=400 bpp=0 cbLine=0x0 flags=0x0 origin=0,0
00:00:15.442261 VMMDev: Guest Log: BIOS: KBD: unsupported int 16h function 03
00:00:15.442662 VMMDev: Guest Log: BIOS: AX=0305 BX=0000 CX=0000 DX=0000 
00:00:15.443380 VMMDev: Guest Log: int13_harddisk_ext: function 41, unmapped device for ELDL=81
00:00:15.443938 VMMDev: Guest Log: int13_harddisk: function 02, unmapped device for ELDL=81
00:00:15.444535 VMMDev: Guest Log: int13_harddisk_ext: function 41, unmapped device for ELDL=82
00:00:15.445112 VMMDev: Guest Log: int13_harddisk: function 02, unmapped device for ELDL=82
00:00:15.445709 VMMDev: Guest Log: int13_harddisk_ext: function 41, unmapped device for ELDL=83
00:00:15.446269 VMMDev: Guest Log: int13_harddisk: function 02, unmapped device for ELDL=83
00:00:15.446864 VMMDev: Guest Log: int13_harddisk_ext: function 41, unmapped device for ELDL=84
00:00:15.447419 VMMDev: Guest Log: int13_harddisk: function 02, unmapped device for ELDL=84
00:00:15.448016 VMMDev: Guest Log: int13_harddisk_ext: function 41, unmapped device for ELDL=85
00:00:15.448578 VMMDev: Guest Log: int13_harddisk: function 02, unmapped device for ELDL=85
00:00:15.449184 VMMDev: Guest Log: int13_harddisk_ext: function 41, unmapped device for ELDL=86
00:00:15.449750 VMMDev: Guest Log: int13_harddisk: function 02, unmapped device for ELDL=86
00:00:15.450345 VMMDev: Guest Log: int13_harddisk_ext: function 41, unmapped device for ELDL=87
00:00:15.450916 VMMDev: Guest Log: int13_harddisk: function 02, unmapped device for ELDL=87
00:00:15.451517 VMMDev: Guest Log: int13_harddisk_ext: function 41, unmapped device for ELDL=88
00:00:15.452113 VMMDev: Guest Log: int13_harddisk: function 02, unmapped device for ELDL=88
00:00:15.452709 VMMDev: Guest Log: int13_harddisk_ext: function 41, unmapped device for ELDL=89
00:00:15.453267 VMMDev: Guest Log: int13_harddisk: function 02, unmapped device for ELDL=89
00:00:15.453862 VMMDev: Guest Log: int13_harddisk_ext: function 41, unmapped device for ELDL=8a
00:00:15.454425 VMMDev: Guest Log: int13_harddisk: function 02, unmapped device for ELDL=8a
00:00:15.455019 VMMDev: Guest Log: int13_harddisk_ext: function 41, unmapped device for ELDL=8b
00:00:15.455575 VMMDev: Guest Log: int13_harddisk: function 02, unmapped device for ELDL=8b
00:00:15.456172 VMMDev: Guest Log: int13_harddisk_ext: function 41, unmapped device for ELDL=8c
00:00:15.456729 VMMDev: Guest Log: int13_harddisk: function 02, unmapped device for ELDL=8c
00:00:15.457325 VMMDev: Guest Log: int13_harddisk_ext: function 41, unmapped device for ELDL=8d
00:00:15.457883 VMMDev: Guest Log: int13_harddisk: function 02, unmapped device for ELDL=8d
00:00:15.458480 VMMDev: Guest Log: int13_harddisk_ext: function 41, unmapped device for ELDL=8e
00:00:15.459016 VMMDev: Guest Log: int13_harddisk: function 02, unmapped device for ELDL=8e
00:00:15.459636 VMMDev: Guest Log: int13_harddisk_ext: function 41, unmapped device for ELDL=8f
00:00:15.460192 VMMDev: Guest Log: int13_harddisk: function 02, unmapped device for ELDL=8f
00:00:15.724059 GIM: KVM: VCPU  0: Enabled system-time struct. at 0x000000006f401000 - u32TscScale=0xb7e875b5 i8TscShift=0 uVersion=2 fFlags=0x1 uTsc=0x409109397 uVirtNanoTS=0x2e624eb88 TscKHz=1391999
00:00:15.724115 TM: Switching TSC mode from 'VirtTscEmulated' to 'RealTscOffset'
00:00:15.983415 GIM: KVM: Enabled wall-clock struct. at 0x000000006f400000 - u32Sec=1635176710 u32Nano=352307508 uVersion=2
00:00:15.990919 PIT: mode=2 count=0x4a9 (1193) - 1000.15 Hz (ch=0)
00:00:15.991150 APIC0: Switched mode to x2APIC
00:00:15.992851 IEM: wrmsr(0x3a,0x0`00000001) -> #GP(0)
00:00:16.097856 PIT: mode=0 count=0x10000 (65536) - 18.20 Hz (ch=0)
00:00:16.098720 APIC1: Switched mode to x2APIC
00:00:16.098697 GIM: KVM: VCPU  1: Enabled system-time struct. at 0x000000006f401040 - u32TscScale=0xb7e875b5 i8TscShift=0 uVersion=2 fFlags=0x1 uTsc=0x428272015 uVirtNanoTS=0x2fc7a44b1 TscKHz=1391999
00:00:16.098947 IEM: wrmsr(0x3a,0x0`00000001) -> #GP(0)
00:00:27.610708 AHCI#0: Reset the HBA
00:00:27.611005 VD#0: Cancelling all active requests
00:00:27.634427 AHCI#0: Port 0 reset
00:00:27.635621 VD#0: Cancelling all active requests
00:00:27.645273 PIIX3 ATA: Ctl#0: RESET, DevSel=0 AIOIf=1 CmdIf0=0x00 (-1 usec ago) CmdIf1=0xa0 (-1 usec ago)
00:00:27.645382 PIIX3 ATA: Ctl#0: finished processing RESET
00:00:27.724364 GUI: UISession::sltAdditionsChange: GA state really changed, notifying listeners
00:00:27.724631 GUI: UIMachineViewNormal::adjustGuestScreenSize: Adjust guest-screen size if necessary
00:00:27.724658 GUI: UISession::sltAdditionsChange: GA state change event came, notifying listeners
00:00:27.724662 GUI: UIMachineLogicNormal::sltCheckForRequestedVisualStateType: Requested-state=0, Machine-state=5
00:00:27.726277 Display::i_handleDisplayResize: uScreenId=0 pvVRAM=000000011d39b000 w=800 h=600 bpp=32 cbLine=0xC80 flags=0x1 origin=0,0
00:00:27.880339 GUI: UIMediumEnumerator: Medium-enumeration finished!
00:00:28.028971 GUI: UIMachineView::sltPerformGuestResize: Sending guest size-hint to screen 0 as 800x600 if necessary
00:00:31.365615 NAT: Link up
00:00:33.232547 NAT: DHCP offered IP address 10.0.2.15
00:00:33.233260 NAT: DHCP offered IP address 10.0.2.15
00:00:33.236115 NAT: IPv6 not supported
00:00:54.616426 NAT: DHCP offered IP address 10.0.2.15
00:02:58.984126 TM: Giving up catch-up attempt at a 64 084 903 271 ns lag; new total: 64 084 903 271 ns
