00:00:03.257358 VirtualBox VM 6.1.26 r145957 darwin.amd64 (Jul 28 2021 18:24:31) release log
00:00:03.257362 Log opened 2021-10-25T19:29:05.948749000Z
00:00:03.257362 Build Type: release
00:00:03.257373 OS Product: Darwin
00:00:03.257379 OS Release: 20.6.0
00:00:03.257384 OS Version: Darwin Kernel Version 20.6.0: Mon Aug 30 06:12:21 PDT 2021; root:xnu-7195.141.6~3/RELEASE_X86_64
00:00:03.257480 DMI Product Name: MacBookPro16,3
00:00:03.257526 DMI Product Version: 1.0
00:00:03.257529 Firmware type: failed - VERR_NOT_SUPPORTED
00:00:03.257544 Host RAM: 8192MB (8.0GB) total, 1803MB available
00:00:03.257546 Executable: /Applications/VirtualBox.app/Contents/Resources/VirtualBoxVM.app/Contents/MacOS/VirtualBoxVM
00:00:03.257546 Process ID: 19014
00:00:03.257547 Package type: DARWIN_64BITS_GENERIC
00:00:03.258942 Installed Extension Packs:
00:00:03.258950   None installed!
00:00:03.259827 Console: Machine state changed to 'Starting'
00:00:03.260013 Qt version: 5.6.3
00:00:03.260645 VRDE: VirtualBox Remote Desktop Extension is not available.
00:00:03.262557 SUP: Opened VMMR0.r0 (/Applications/VirtualBox.app/Contents/MacOS/VMMR0.r0) at 0xXXXXXXXXXXXXXXXX loaded by the native ring-0 loader.
00:00:03.264585 Guest OS type: 'Ubuntu_64'
00:00:03.267218 fHMForced=true - No raw-mode support in this build!
00:00:03.275225 File system of '/Volumes/externalwd/ITMO-453/beyesus/packer-example-code/build/ubuntu-riemannmc/Snapshots' (snapshots) is unknown
00:00:03.275242 File system of '/Volumes/externalwd/ITMO-453/beyesus/itmo-553/packer-example-code/riemann-graphite-multi/output-ubuntu-riemannmc/ubuntu-riemannmc.vdi' is hfs
00:00:03.277644 File system of '/Users/birukeyesus/.cache/packer/62850188884fff34d447798ebc9d9b22bf1f3f1f.iso' (DVD) is apfs
00:00:03.288938 Shared Clipboard: Service loaded
00:00:03.288950 Shared Clipboard: Mode: Off
00:00:03.288986 Shared Clipboard: Service running in normal mode
00:00:03.290191 Drag and drop service loaded
00:00:03.290200 Drag and drop mode: Off
00:00:03.292802 ************************* CFGM dump *************************
00:00:03.292810 [/] (level 0)
00:00:03.292812   CpuExecutionCap   <integer> = 0x0000000000000064 (100)
00:00:03.292816   EnablePAE         <integer> = 0x0000000000000001 (1)
00:00:03.292817   HMEnabled         <integer> = 0x0000000000000001 (1)
00:00:03.292818   MemBalloonSize    <integer> = 0x0000000000000000 (0)
00:00:03.292818   Name              <string>  = "ubuntu-riemannmc" (cb=17)
00:00:03.292819   NumCPUs           <integer> = 0x0000000000000001 (1)
00:00:03.292820   PageFusionAllowed <integer> = 0x0000000000000000 (0)
00:00:03.292821   RamHoleSize       <integer> = 0x0000000020000000 (536 870 912, 512 MB)
00:00:03.292822   RamSize           <integer> = 0x0000000080000000 (2 147 483 648, 2 048 MB)
00:00:03.292823   TimerMillies      <integer> = 0x000000000000000a (10)
00:00:03.292824   UUID              <bytes>   = "48 56 68 ec 55 e9 c3 49 91 4c 20 39 37 e6 6b bf" (cb=16)
00:00:03.292829 
00:00:03.292829 [/CPUM/] (level 1)
00:00:03.292831   GuestCpuName       <string>  = "host" (cb=5)
00:00:03.292832   NestedHWVirt       <integer> = 0x0000000000000000 (0)
00:00:03.292832   PortableCpuIdLevel <integer> = 0x0000000000000000 (0)
00:00:03.292833   SpecCtrl           <integer> = 0x0000000000000000 (0)
00:00:03.292834 
00:00:03.292834 [/CPUM/IsaExts/] (level 2)
00:00:03.292835 
00:00:03.292835 [/DBGC/] (level 1)
00:00:03.292836   GlobalInitScript <string>  = "/Users/birukeyesus/Library/VirtualBox/dbgc-init" (cb=48)
00:00:03.292837   HistoryFile      <string>  = "/Users/birukeyesus/Library/VirtualBox/dbgc-history" (cb=51)
00:00:03.292837   LocalInitScript  <string>  = "/Volumes/externalwd/ITMO-453/beyesus/packer-example-code/build/ubuntu-riemannmc/dbgc-init" (cb=90)
00:00:03.292838 
00:00:03.292838 [/DBGF/] (level 1)
00:00:03.292839   Path <string>  = "/Volumes/externalwd/ITMO-453/beyesus/packer-example-code/build/ubuntu-riemannmc/debug/;/Volumes/externalwd/ITMO-453/beyesus/packer-example-code/build/ubuntu-riemannmc/;cache*/Volumes/externalwd/ITMO-453/beyesus/packer-example-code/build/ubuntu-riemannmc/dbgcache/;/Users/birukeyesus/" (cb=284)
00:00:03.292840 
00:00:03.292840 [/Devices/] (level 1)
00:00:03.292841 
00:00:03.292841 [/Devices/8237A/] (level 2)
00:00:03.292842 
00:00:03.292842 [/Devices/8237A/0/] (level 3)
00:00:03.292843   Trusted <integer> = 0x0000000000000001 (1)
00:00:03.292843 
00:00:03.292844 [/Devices/GIMDev/] (level 2)
00:00:03.292844 
00:00:03.292845 [/Devices/GIMDev/0/] (level 3)
00:00:03.292845   Trusted <integer> = 0x0000000000000001 (1)
00:00:03.292846 
00:00:03.292846 [/Devices/VMMDev/] (level 2)
00:00:03.292847 
00:00:03.292847 [/Devices/VMMDev/0/] (level 3)
00:00:03.292848   PCIBusNo      <integer> = 0x0000000000000000 (0)
00:00:03.292848   PCIDeviceNo   <integer> = 0x0000000000000004 (4)
00:00:03.292849   PCIFunctionNo <integer> = 0x0000000000000000 (0)
00:00:03.292849   Trusted       <integer> = 0x0000000000000001 (1)
00:00:03.292850 
00:00:03.292850 [/Devices/VMMDev/0/Config/] (level 4)
00:00:03.292851   GuestCoreDumpDir <string>  = "/Volumes/externalwd/ITMO-453/beyesus/packer-example-code/build/ubuntu-riemannmc/Snapshots" (cb=90)
00:00:03.292852 
00:00:03.292852 [/Devices/VMMDev/0/LUN#0/] (level 4)
00:00:03.292853   Driver <string>  = "HGCM" (cb=5)
00:00:03.292854 
00:00:03.292854 [/Devices/VMMDev/0/LUN#0/Config/] (level 5)
00:00:03.292855   Object <integer> = 0x00007fdc55d266d0 (140 584 309 384 912)
00:00:03.292856 
00:00:03.292856 [/Devices/VMMDev/0/LUN#999/] (level 4)
00:00:03.292857   Driver <string>  = "MainStatus" (cb=11)
00:00:03.292857 
00:00:03.292858 [/Devices/VMMDev/0/LUN#999/Config/] (level 5)
00:00:03.292858   First   <integer> = 0x0000000000000000 (0)
00:00:03.292859   Last    <integer> = 0x0000000000000000 (0)
00:00:03.292859   papLeds <integer> = 0x00007fdc56848790 (140 584 321 058 704)
00:00:03.292860 
00:00:03.292861 [/Devices/acpi/] (level 2)
00:00:03.292861 
00:00:03.292861 [/Devices/acpi/0/] (level 3)
00:00:03.292862   PCIBusNo      <integer> = 0x0000000000000000 (0)
00:00:03.292863   PCIDeviceNo   <integer> = 0x0000000000000007 (7)
00:00:03.292863   PCIFunctionNo <integer> = 0x0000000000000000 (0)
00:00:03.292864   Trusted       <integer> = 0x0000000000000001 (1)
00:00:03.292864 
00:00:03.292864 [/Devices/acpi/0/Config/] (level 4)
00:00:03.292865   CpuHotPlug          <integer> = 0x0000000000000000 (0)
00:00:03.292866   FdcEnabled          <integer> = 0x0000000000000000 (0)
00:00:03.292866   HostBusPciAddress   <integer> = 0x0000000000000000 (0)
00:00:03.292867   HpetEnabled         <integer> = 0x0000000000000000 (0)
00:00:03.292867   IOAPIC              <integer> = 0x0000000000000001 (1)
00:00:03.292868   IocPciAddress       <integer> = 0x0000000000010000 (65 536)
00:00:03.292869   NumCPUs             <integer> = 0x0000000000000001 (1)
00:00:03.292870   Parallel0IoPortBase <integer> = 0x0000000000000000 (0)
00:00:03.292870   Parallel0Irq        <integer> = 0x0000000000000000 (0)
00:00:03.292871   Parallel1IoPortBase <integer> = 0x0000000000000000 (0)
00:00:03.292871   Parallel1Irq        <integer> = 0x0000000000000000 (0)
00:00:03.292872   Serial0IoPortBase   <integer> = 0x0000000000000000 (0)
00:00:03.292872   Serial0Irq          <integer> = 0x0000000000000000 (0)
00:00:03.292873   Serial1IoPortBase   <integer> = 0x0000000000000000 (0)
00:00:03.292873   Serial1Irq          <integer> = 0x0000000000000000 (0)
00:00:03.292874   ShowCpu             <integer> = 0x0000000000000001 (1)
00:00:03.292874   ShowRtc             <integer> = 0x0000000000000000 (0)
00:00:03.292875   SmcEnabled          <integer> = 0x0000000000000000 (0)
00:00:03.292875 
00:00:03.292876 [/Devices/acpi/0/LUN#0/] (level 4)
00:00:03.292876   Driver <string>  = "ACPIHost" (cb=9)
00:00:03.292877 
00:00:03.292877 [/Devices/acpi/0/LUN#0/Config/] (level 5)
00:00:03.292878 
00:00:03.292878 [/Devices/apic/] (level 2)
00:00:03.292879 
00:00:03.292879 [/Devices/apic/0/] (level 3)
00:00:03.292880   Trusted <integer> = 0x0000000000000001 (1)
00:00:03.292880 
00:00:03.292880 [/Devices/apic/0/Config/] (level 4)
00:00:03.292881   IOAPIC  <integer> = 0x0000000000000001 (1)
00:00:03.292882   Mode    <integer> = 0x0000000000000003 (3)
00:00:03.292882   NumCPUs <integer> = 0x0000000000000001 (1)
00:00:03.292882 
00:00:03.292883 [/Devices/e1000/] (level 2)
00:00:03.292883 
00:00:03.292884 [/Devices/e1000/0/] (level 3)
00:00:03.292885   PCIBusNo      <integer> = 0x0000000000000000 (0)
00:00:03.292885   PCIDeviceNo   <integer> = 0x0000000000000003 (3)
00:00:03.292886   PCIFunctionNo <integer> = 0x0000000000000000 (0)
00:00:03.292886   Trusted       <integer> = 0x0000000000000001 (1)
00:00:03.292887 
00:00:03.292887 [/Devices/e1000/0/Config/] (level 4)
00:00:03.292888   AdapterType    <integer> = 0x0000000000000000 (0)
00:00:03.292889   CableConnected <integer> = 0x0000000000000001 (1)
00:00:03.292889   LineSpeed      <integer> = 0x0000000000000000 (0)
00:00:03.292890   MAC            <bytes>   = "08 00 27 4a a5 5c" (cb=6)
00:00:03.292891 
00:00:03.292891 [/Devices/e1000/0/LUN#0/] (level 4)
00:00:03.292892   Driver <string>  = "NAT" (cb=4)
00:00:03.292893 
00:00:03.292893 [/Devices/e1000/0/LUN#0/Config/] (level 5)
00:00:03.292894   AliasMode       <integer> = 0x0000000000000000 (0)
00:00:03.292895   BootFile        <string>  = "ubuntu-riemannmc.pxe" (cb=21)
00:00:03.292895   DNSProxy        <integer> = 0x0000000000000000 (0)
00:00:03.292896   Network         <string>  = "10.0.2.0/24" (cb=12)
00:00:03.292896   PassDomain      <integer> = 0x0000000000000001 (1)
00:00:03.292897   TFTPPrefix      <string>  = "/Users/birukeyesus/Library/VirtualBox/TFTP" (cb=43)
00:00:03.292898   UseHostResolver <integer> = 0x0000000000000000 (0)
00:00:03.292898 
00:00:03.292899 [/Devices/e1000/0/LUN#0/Config/PortForwarding/] (level 6)
00:00:03.292900 
00:00:03.292900 [/Devices/e1000/0/LUN#0/Config/PortForwarding/0/] (level 7)
00:00:03.292901   BindIP    <string>  = "127.0.0.1" (cb=10)
00:00:03.292901   GuestPort <integer> = 0x00000000000008ae (2 222)
00:00:03.292902   HostPort  <integer> = 0x0000000000000eda (3 802)
00:00:03.292903   Name      <string>  = "packercomm" (cb=11)
00:00:03.292903   Protocol  <string>  = "TCP" (cb=4)
00:00:03.292904 
00:00:03.292904 [/Devices/e1000/0/LUN#999/] (level 4)
00:00:03.292905   Driver <string>  = "MainStatus" (cb=11)
00:00:03.292905 
00:00:03.292905 [/Devices/e1000/0/LUN#999/Config/] (level 5)
00:00:03.292906   First   <integer> = 0x0000000000000000 (0)
00:00:03.292907   Last    <integer> = 0x0000000000000000 (0)
00:00:03.292907   papLeds <integer> = 0x00007fdc56848670 (140 584 321 058 416)
00:00:03.292908 
00:00:03.292908 [/Devices/i8254/] (level 2)
00:00:03.292909 
00:00:03.292909 [/Devices/i8254/0/] (level 3)
00:00:03.292910 
00:00:03.292910 [/Devices/i8254/0/Config/] (level 4)
00:00:03.292911 
00:00:03.292911 [/Devices/i8259/] (level 2)
00:00:03.292912 
00:00:03.292912 [/Devices/i8259/0/] (level 3)
00:00:03.292913   Trusted <integer> = 0x0000000000000001 (1)
00:00:03.292913 
00:00:03.292913 [/Devices/i8259/0/Config/] (level 4)
00:00:03.292914 
00:00:03.292914 [/Devices/ioapic/] (level 2)
00:00:03.292915 
00:00:03.292915 [/Devices/ioapic/0/] (level 3)
00:00:03.292916   Trusted <integer> = 0x0000000000000001 (1)
00:00:03.292916 
00:00:03.292916 [/Devices/ioapic/0/Config/] (level 4)
00:00:03.292917   NumCPUs <integer> = 0x0000000000000001 (1)
00:00:03.292918 
00:00:03.292918 [/Devices/mc146818/] (level 2)
00:00:03.292919 
00:00:03.292919 [/Devices/mc146818/0/] (level 3)
00:00:03.292920 
00:00:03.292920 [/Devices/mc146818/0/Config/] (level 4)
00:00:03.292921   UseUTC <integer> = 0x0000000000000000 (0)
00:00:03.292921 
00:00:03.292921 [/Devices/parallel/] (level 2)
00:00:03.292922 
00:00:03.292923 [/Devices/pcarch/] (level 2)
00:00:03.292923 
00:00:03.292923 [/Devices/pcarch/0/] (level 3)
00:00:03.292924   Trusted <integer> = 0x0000000000000001 (1)
00:00:03.292925 
00:00:03.292925 [/Devices/pcarch/0/Config/] (level 4)
00:00:03.292925 
00:00:03.292926 [/Devices/pcbios/] (level 2)
00:00:03.292926 
00:00:03.292926 [/Devices/pcbios/0/] (level 3)
00:00:03.292927   Trusted <integer> = 0x0000000000000001 (1)
00:00:03.292927 
00:00:03.292928 [/Devices/pcbios/0/Config/] (level 4)
00:00:03.292929   APIC           <integer> = 0x0000000000000001 (1)
00:00:03.292930   BootDevice0    <string>  = "IDE" (cb=4)
00:00:03.292930   BootDevice1    <string>  = "DVD" (cb=4)
00:00:03.292931   BootDevice2    <string>  = "NONE" (cb=5)
00:00:03.292931   BootDevice3    <string>  = "NONE" (cb=5)
00:00:03.292932   FloppyDevice   <string>  = "i82078" (cb=7)
00:00:03.292932   HardDiskDevice <string>  = "piix3ide" (cb=9)
00:00:03.292933   IOAPIC         <integer> = 0x0000000000000001 (1)
00:00:03.292934   McfgBase       <integer> = 0x0000000000000000 (0)
00:00:03.292934   McfgLength     <integer> = 0x0000000000000000 (0)
00:00:03.292935   NumCPUs        <integer> = 0x0000000000000001 (1)
00:00:03.292935   PXEDebug       <integer> = 0x0000000000000000 (0)
00:00:03.292936   UUID           <bytes>   = "48 56 68 ec 55 e9 c3 49 91 4c 20 39 37 e6 6b bf" (cb=16)
00:00:03.292937   UuidLe         <integer> = 0x0000000000000001 (1)
00:00:03.292938 
00:00:03.292938 [/Devices/pcbios/0/Config/NetBoot/] (level 5)
00:00:03.292939 
00:00:03.292939 [/Devices/pcbios/0/Config/NetBoot/0/] (level 6)
00:00:03.292940   NIC           <integer> = 0x0000000000000000 (0)
00:00:03.292941   PCIBusNo      <integer> = 0x0000000000000000 (0)
00:00:03.292942   PCIDeviceNo   <integer> = 0x0000000000000003 (3)
00:00:03.292942   PCIFunctionNo <integer> = 0x0000000000000000 (0)
00:00:03.292942 
00:00:03.292943 [/Devices/pci/] (level 2)
00:00:03.292943 
00:00:03.292944 [/Devices/pci/0/] (level 3)
00:00:03.292944   Trusted <integer> = 0x0000000000000001 (1)
00:00:03.292945 
00:00:03.292945 [/Devices/pci/0/Config/] (level 4)
00:00:03.292946   IOAPIC <integer> = 0x0000000000000001 (1)
00:00:03.292946 
00:00:03.292946 [/Devices/pcibridge/] (level 2)
00:00:03.292947 
00:00:03.292947 [/Devices/pckbd/] (level 2)
00:00:03.292948 
00:00:03.292948 [/Devices/pckbd/0/] (level 3)
00:00:03.292949   Trusted <integer> = 0x0000000000000001 (1)
00:00:03.292949 
00:00:03.292949 [/Devices/pckbd/0/Config/] (level 4)
00:00:03.292950 
00:00:03.292950 [/Devices/pckbd/0/LUN#0/] (level 4)
00:00:03.292951   Driver <string>  = "KeyboardQueue" (cb=14)
00:00:03.292951 
00:00:03.292952 [/Devices/pckbd/0/LUN#0/AttachedDriver/] (level 5)
00:00:03.292952   Driver <string>  = "MainKeyboard" (cb=13)
00:00:03.292953 
00:00:03.292953 [/Devices/pckbd/0/LUN#0/AttachedDriver/Config/] (level 6)
00:00:03.292954   Object <integer> = 0x00007fdc55e84940 (140 584 310 819 136)
00:00:03.292955 
00:00:03.292955 [/Devices/pckbd/0/LUN#0/Config/] (level 5)
00:00:03.292956   QueueSize <integer> = 0x0000000000000040 (64)
00:00:03.292957 
00:00:03.292957 [/Devices/pckbd/0/LUN#1/] (level 4)
00:00:03.292958   Driver <string>  = "MouseQueue" (cb=11)
00:00:03.292958 
00:00:03.292958 [/Devices/pckbd/0/LUN#1/AttachedDriver/] (level 5)
00:00:03.292960   Driver <string>  = "MainMouse" (cb=10)
00:00:03.292960 
00:00:03.292961 [/Devices/pckbd/0/LUN#1/AttachedDriver/Config/] (level 6)
00:00:03.292962   Object <integer> = 0x00007fdc57f29b20 (140 584 345 049 888)
00:00:03.292963 
00:00:03.292963 [/Devices/pckbd/0/LUN#1/Config/] (level 5)
00:00:03.292964   QueueSize <integer> = 0x0000000000000080 (128)
00:00:03.292965 
00:00:03.292965 [/Devices/pcnet/] (level 2)
00:00:03.292965 
00:00:03.292966 [/Devices/piix3ide/] (level 2)
00:00:03.292966 
00:00:03.292966 [/Devices/piix3ide/0/] (level 3)
00:00:03.292967   PCIBusNo      <integer> = 0x0000000000000000 (0)
00:00:03.292968   PCIDeviceNo   <integer> = 0x0000000000000001 (1)
00:00:03.292968   PCIFunctionNo <integer> = 0x0000000000000001 (1)
00:00:03.292969   Trusted       <integer> = 0x0000000000000001 (1)
00:00:03.292969 
00:00:03.292969 [/Devices/piix3ide/0/Config/] (level 4)
00:00:03.292970   Type <string>  = "PIIX4" (cb=6)
00:00:03.292971 
00:00:03.292971 [/Devices/piix3ide/0/LUN#0/] (level 4)
00:00:03.292972   Driver <string>  = "VD" (cb=3)
00:00:03.292972 
00:00:03.292973 [/Devices/piix3ide/0/LUN#0/Config/] (level 5)
00:00:03.292974   Format    <string>  = "VDI" (cb=4)
00:00:03.292975   Mountable <integer> = 0x0000000000000000 (0)
00:00:03.292975   Path      <string>  = "/Volumes/externalwd/ITMO-453/beyesus/itmo-553/packer-example-code/riemann-graphite-multi/output-ubuntu-riemannmc/ubuntu-riemannmc.vdi" (cb=134)
00:00:03.292976   Type      <string>  = "HardDisk" (cb=9)
00:00:03.292977 
00:00:03.292977 [/Devices/piix3ide/0/LUN#0/Config/VDConfig/] (level 6)
00:00:03.292978   AllocationBlockSize <string>  = "1048576" (cb=8)
00:00:03.292978 
00:00:03.292979 [/Devices/piix3ide/0/LUN#1/] (level 4)
00:00:03.292980   Driver <string>  = "VD" (cb=3)
00:00:03.292981 
00:00:03.292981 [/Devices/piix3ide/0/LUN#1/Config/] (level 5)
00:00:03.292982   Format    <string>  = "RAW" (cb=4)
00:00:03.292983   Mountable <integer> = 0x0000000000000001 (1)
00:00:03.292984   Path      <string>  = "/Users/birukeyesus/.cache/packer/62850188884fff34d447798ebc9d9b22bf1f3f1f.iso" (cb=78)
00:00:03.292984   ReadOnly  <integer> = 0x0000000000000001 (1)
00:00:03.292985   Type      <string>  = "DVD" (cb=4)
00:00:03.292985 
00:00:03.292985 [/Devices/piix3ide/0/LUN#999/] (level 4)
00:00:03.292986   Driver <string>  = "MainStatus" (cb=11)
00:00:03.292986 
00:00:03.292987 [/Devices/piix3ide/0/LUN#999/Config/] (level 5)
00:00:03.292988   DeviceInstance        <string>  = "piix3ide/0" (cb=11)
00:00:03.292989   First                 <integer> = 0x0000000000000000 (0)
00:00:03.292989   Last                  <integer> = 0x0000000000000003 (3)
00:00:03.292990   pConsole              <integer> = 0x00007fdc56847400 (140 584 321 053 696)
00:00:03.292991   papLeds               <integer> = 0x00007fdc56847b78 (140 584 321 055 608)
00:00:03.292992   pmapMediumAttachments <integer> = 0x00007fdc568487b0 (140 584 321 058 736)
00:00:03.292993 
00:00:03.292993 [/Devices/serial/] (level 2)
00:00:03.292994 
00:00:03.292995 [/Devices/vga/] (level 2)
00:00:03.292995 
00:00:03.292995 [/Devices/vga/0/] (level 3)
00:00:03.292997   PCIBusNo      <integer> = 0x0000000000000000 (0)
00:00:03.292997   PCIDeviceNo   <integer> = 0x0000000000000002 (2)
00:00:03.292998   PCIFunctionNo <integer> = 0x0000000000000000 (0)
00:00:03.292998   Trusted       <integer> = 0x0000000000000001 (1)
00:00:03.292998 
00:00:03.292999 [/Devices/vga/0/Config/] (level 4)
00:00:03.293000   3DEnabled        <integer> = 0x0000000000000000 (0)
00:00:03.293000   CustomVideoModes <integer> = 0x0000000000000000 (0)
00:00:03.293001   FadeIn           <integer> = 0x0000000000000001 (1)
00:00:03.293001   FadeOut          <integer> = 0x0000000000000001 (1)
00:00:03.293002   HeightReduction  <integer> = 0x0000000000000000 (0)
00:00:03.293002   LogoFile         <string>  = "" (cb=1)
00:00:03.293003   LogoTime         <integer> = 0x0000000000000000 (0)
00:00:03.293004   MonitorCount     <integer> = 0x0000000000000001 (1)
00:00:03.293004   ShowBootMenu     <integer> = 0x0000000000000002 (2)
00:00:03.293005   VRamSize         <integer> = 0x0000000000400000 (4 194 304, 4 MB)
00:00:03.293006 
00:00:03.293006 [/Devices/vga/0/LUN#0/] (level 4)
00:00:03.293007   Driver <string>  = "MainDisplay" (cb=12)
00:00:03.293007 
00:00:03.293007 [/Devices/vga/0/LUN#0/Config/] (level 5)
00:00:03.293008   Object <integer> = 0x00007fdc570a8000 (140 584 329 838 592)
00:00:03.293009 
00:00:03.293009 [/Devices/vga/0/LUN#999/] (level 4)
00:00:03.293010   Driver <string>  = "MainStatus" (cb=11)
00:00:03.293010 
00:00:03.293011 [/Devices/vga/0/LUN#999/Config/] (level 5)
00:00:03.293012   First   <integer> = 0x0000000000000000 (0)
00:00:03.293012   Last    <integer> = 0x0000000000000000 (0)
00:00:03.293013   papLeds <integer> = 0x00007fdc568487a8 (140 584 321 058 728)
00:00:03.293013 
00:00:03.293014 [/Devices/virtio-net/] (level 2)
00:00:03.293014 
00:00:03.293015 [/EM/] (level 1)
00:00:03.293016   TripleFaultReset <integer> = 0x0000000000000000 (0)
00:00:03.293016 
00:00:03.293016 [/GIM/] (level 1)
00:00:03.293017   Provider <string>  = "KVM" (cb=4)
00:00:03.293017 
00:00:03.293018 [/HM/] (level 1)
00:00:03.293019   64bitEnabled       <integer> = 0x0000000000000001 (1)
00:00:03.293020   EnableLargePages   <integer> = 0x0000000000000001 (1)
00:00:03.293020   EnableNestedPaging <integer> = 0x0000000000000001 (1)
00:00:03.293021   EnableUX           <integer> = 0x0000000000000001 (1)
00:00:03.293021   EnableVPID         <integer> = 0x0000000000000001 (1)
00:00:03.293022   Exclusive          <integer> = 0x0000000000000000 (0)
00:00:03.293022   HMForced           <integer> = 0x0000000000000001 (1)
00:00:03.293023   IBPBOnVMEntry      <integer> = 0x0000000000000000 (0)
00:00:03.293023   IBPBOnVMExit       <integer> = 0x0000000000000000 (0)
00:00:03.293024   L1DFlushOnSched    <integer> = 0x0000000000000001 (1)
00:00:03.293024   L1DFlushOnVMEntry  <integer> = 0x0000000000000000 (0)
00:00:03.293025   MDSClearOnSched    <integer> = 0x0000000000000001 (1)
00:00:03.293025   MDSClearOnVMEntry  <integer> = 0x0000000000000000 (0)
00:00:03.293026   SpecCtrlByHost     <integer> = 0x0000000000000000 (0)
00:00:03.293026   UseNEMInstead      <integer> = 0x0000000000000000 (0)
00:00:03.293027 
00:00:03.293027 [/MM/] (level 1)
00:00:03.293027   CanUseLargerHeap <integer> = 0x0000000000000000 (0)
00:00:03.293028 
00:00:03.293028 [/NEM/] (level 1)
00:00:03.293029   Allow64BitGuests <integer> = 0x0000000000000001 (1)
00:00:03.293029 
00:00:03.293029 [/PDM/] (level 1)
00:00:03.293030 
00:00:03.293030 [/PDM/AsyncCompletion/] (level 2)
00:00:03.293031 
00:00:03.293031 [/PDM/AsyncCompletion/File/] (level 3)
00:00:03.293032 
00:00:03.293032 [/PDM/AsyncCompletion/File/BwGroups/] (level 4)
00:00:03.293033 
00:00:03.293033 [/PDM/BlkCache/] (level 2)
00:00:03.293034   CacheSize <integer> = 0x0000000000500000 (5 242 880, 5 MB)
00:00:03.293035 
00:00:03.293035 [/PDM/Devices/] (level 2)
00:00:03.293035 
00:00:03.293036 [/PDM/Drivers/] (level 2)
00:00:03.293036 
00:00:03.293036 [/PDM/Drivers/VBoxC/] (level 3)
00:00:03.293037   Path <string>  = "/Applications/VirtualBox.app/Contents/MacOS/components/VBoxC" (cb=61)
00:00:03.293037 
00:00:03.293038 [/PDM/NetworkShaper/] (level 2)
00:00:03.293038 
00:00:03.293038 [/PDM/NetworkShaper/BwGroups/] (level 3)
00:00:03.293039 
00:00:03.293039 [/TM/] (level 1)
00:00:03.293040   UTCOffset <integer> = 0x0000000000000000 (0)
00:00:03.293041 
00:00:03.293041 ********************* End of CFGM dump **********************
00:00:03.293105 HM: HMR3Init: VT-x w/ nested paging and unrestricted guest execution hw support
00:00:03.293125 MM: cbHyperHeap=0x200000 (2097152)
00:00:03.295219 CPUM: fXStateHostMask=0x7; initial: 0x7; host XCR0=0x7
00:00:03.295934 CPUM: Matched host CPU INTEL 0x6/0x8e/0xa Intel_Core7_CoffeeLake with CPU DB entry 'Intel Core i7-6700K' (INTEL 0x6/0x5e/0x3 Intel_Core7_Skylake)
00:00:03.295990 CPUM: MXCSR_MASK=0xffff (host: 0xffff)
00:00:03.296015 CPUM: Microcode revision 0x000000EA
00:00:03.296024 CPUM: Changing leaf 13[0]: EBX=0x340 -> 0x340, ECX=0x440 -> 0x340
00:00:03.296036 CPUM: MSR/CPUID reconciliation insert: 0x0000010b IA32_FLUSH_CMD
00:00:03.296053 CPUM: SetGuestCpuIdFeature: Enabled PAE
00:00:03.296228 PGM: Host paging mode: AMD64+PGE+NX
00:00:03.296234 PGM: PGMPool: cMaxPages=1280 (u64MaxPages=1058)
00:00:03.296237 PGM: pgmR3PoolInit: cMaxPages=0x500 cMaxUsers=0xa00 cMaxPhysExts=0xa00 fCacheEnable=true 
00:00:03.305620 TM: GIP - u32Mode=3 (Invariant) u32UpdateHz=100 u32UpdateIntervalNS=10000000 enmUseTscDelta=2 (Practically Zero) fGetGipCpu=0x15 cCpus=8
00:00:03.305636 TM: GIP - u64CpuHz=1 391 999 998 (0x52f83bfe)  SUPGetCpuHzFromGip => 1 391 999 998
00:00:03.305641 TM: GIP - CPU: iCpuSet=0x0 idCpu=0x0 idApic=0x0 iGipCpu=0x5 i64TSCDelta=0 enmState=3 u64CpuHz=1391999996(*) cErrors=0
00:00:03.305646 TM: GIP - CPU: iCpuSet=0x1 idCpu=0x1 idApic=0x1 iGipCpu=0x4 i64TSCDelta=0 enmState=3 u64CpuHz=1391999986(*) cErrors=0
00:00:03.305648 TM: GIP - CPU: iCpuSet=0x2 idCpu=0x2 idApic=0x2 iGipCpu=0x6 i64TSCDelta=0 enmState=3 u64CpuHz=1392000000(*) cErrors=0
00:00:03.305651 TM: GIP - CPU: iCpuSet=0x3 idCpu=0x3 idApic=0x3 iGipCpu=0x7 i64TSCDelta=0 enmState=3 u64CpuHz=1391999997(*) cErrors=0
00:00:03.305654 TM: GIP - CPU: iCpuSet=0x4 idCpu=0x4 idApic=0x4 iGipCpu=0x0 i64TSCDelta=0 enmState=3 u64CpuHz=1391999998(*) cErrors=0
00:00:03.305656 TM: GIP - CPU: iCpuSet=0x5 idCpu=0x5 idApic=0x5 iGipCpu=0x1 i64TSCDelta=0 enmState=3 u64CpuHz=1391997997(*) cErrors=0
00:00:03.305659 TM: GIP - CPU: iCpuSet=0x6 idCpu=0x6 idApic=0x6 iGipCpu=0x2 i64TSCDelta=0 enmState=3 u64CpuHz=1391999977(*) cErrors=0
00:00:03.305672 TM: GIP - CPU: iCpuSet=0x7 idCpu=0x7 idApic=0x7 iGipCpu=0x3 i64TSCDelta=0 enmState=3 u64CpuHz=1392000001(*) cErrors=0
00:00:03.305742 TM: cTSCTicksPerSecond=1 391 999 998 (0x52f83bfe) enmTSCMode=3 (Dynamic)
00:00:03.305743 TM: TSCTiedToExecution=false TSCNotTiedToHalt=false
00:00:03.306344 EMR3Init: fIemExecutesAll=false fGuruOnTripleFault=true 
00:00:03.306426 IEM: TargetCpu=CURRENT, Microarch=Intel_Core7_CoffeeLake
00:00:03.306487 GIM: Using provider 'KVM' (Implementation version: 0)
00:00:03.306493 CPUM: SetGuestCpuIdFeature: Enabled Hypervisor Present bit
00:00:03.306584 AIOMgr: Default manager type is 'Async'
00:00:03.306589 AIOMgr: Default file backend is 'NonBuffered'
00:00:03.306661 BlkCache: Cache successfully initialized. Cache size is 5242880 bytes
00:00:03.306668 BlkCache: Cache commit interval is 10000 ms
00:00:03.306671 BlkCache: Cache commit threshold is 2621440 bytes
00:00:03.363756 PcBios: [SMP] BIOS with 1 CPUs
00:00:03.363783 PcBios: Using the 386+ BIOS image.
00:00:03.363868 PcBios: MPS table at 000e1300
00:00:03.365032 PcBios: fCheckShutdownStatusForSoftReset=true   fClearShutdownStatusOnHardReset=true 
00:00:03.366034 SUP: Opened VBoxDDR0.r0 (/Applications/VirtualBox.app/Contents/MacOS/VBoxDDR0.r0) at 0xXXXXXXXXXXXXXXXX loaded by the native ring-0 loader.
00:00:03.366367 CPUM: SetGuestCpuIdFeature: Enabled xAPIC
00:00:03.366372 CPUM: SetGuestCpuIdFeature: Enabled x2APIC
00:00:03.366750 IOAPIC: Using implementation 2.0! Chipset type ICH9
00:00:03.366844 PIT: mode=3 count=0x10000 (65536) - 18.20 Hz (ch=0)
00:00:03.367237 VMMDev: cbDefaultBudget: 134 217 728 (8000000)
00:00:03.371961 Shared Folders service loaded
00:00:03.373063 Guest Control service loaded
00:00:03.378285 VGA: Using the 386+ BIOS image.
00:00:03.381339 DrvVD: Flushes will be ignored
00:00:03.381349 DrvVD: Async flushes will be passed to the disk
00:00:03.381511 VD: VDInit finished with VINF_SUCCESS
00:00:03.381597 VD: Opening the disk took 240364 ns
00:00:03.381633 PIIX3 ATA: LUN#0: disk, PCHS=16383/16/63, total number of sectors 20480000
00:00:03.383074 DrvVD: Flushes will be ignored
00:00:03.383084 DrvVD: Async flushes will be passed to the disk
00:00:03.383170 VD: Opening the disk took 81434 ns
00:00:03.383203 PIIX3 ATA: LUN#1: CD/DVD, total number of sectors 615904, passthrough disabled
00:00:03.383373 PIIX3 ATA: LUN#2: no unit
00:00:03.383379 PIIX3 ATA: LUN#3: no unit
00:00:03.383815 PIIX3 ATA: Ctl#0: finished processing RESET
00:00:03.383826 PIIX3 ATA: Ctl#1: finished processing RESET
00:00:03.384022 E1000#0: Chip=82540EM LinkUpDelay=3000ms EthernetCRC=on GSO=enabled Itr=disabled ItrRx=enabled TID=disabled R0=enabled RC=disabled
00:00:03.390972 NAT: Guest address guess set to 10.0.2.15 by initialization
00:00:03.391405 NAT: resolv.conf: nameserver 2001:558:feed::1
00:00:03.391414 NAT: resolv.conf: nameserver 2001:558:feed::2
00:00:03.391417 NAT: resolv.conf: nameserver 75.75.75.75
00:00:03.391421 NAT: resolv.conf: nameserver 75.75.76.76
00:00:03.391435 NAT: Adding domain name hsd1.il.comcast.net
00:00:03.391438 NAT: DNS#0: 75.75.75.75
00:00:03.391441 NAT: DNS#1: 75.75.76.76
00:00:03.391502 NAT: Set redirect TCP 127.0.0.1:3802 -> 0.0.0.0:2222
00:00:03.393927 PGM: The CPU physical address width is 39 bits
00:00:03.393938 PGM: PGMR3InitFinalize: 4 MB PSE mask 0000007fffffffff -> VINF_SUCCESS
00:00:03.393977 TM: TMR3InitFinalize: fTSCModeSwitchAllowed=true 
00:00:03.394228 VMM: Thread-context hooks unavailable
00:00:03.394233 VMM: RTThreadPreemptIsPending() can be trusted
00:00:03.394235 VMM: Kernel preemption is possible
00:00:03.394262 HM: fWorldSwitcher=0x0 (fIbpbOnVmExit=false fIbpbOnVmEntry=false fL1dFlushOnVmEntry=false); fL1dFlushOnSched=true  fMdsClearOnVmEntry=false
00:00:03.394270 HM: Using VT-x implementation 3.0
00:00:03.394270 HM: Max resume loops                  = 8192
00:00:03.394271 HM: Host CR4                          = 0x3626e0
00:00:03.394272 HM: Host EFER                         = 0xd01
00:00:03.394272 HM: MSR_IA32_SMM_MONITOR_CTL          = 0x0
00:00:03.394273 HM: MSR_IA32_FEATURE_CONTROL          = 0x5
00:00:03.394273 HM:   LOCK
00:00:03.394273 HM:   VMXON
00:00:03.394274 HM: MSR_IA32_VMX_BASIC                = 0xda040000000004
00:00:03.394274 HM:   VMCS id                           = 0x4
00:00:03.394275 HM:   VMCS size                         = 1024 bytes
00:00:03.394275 HM:   VMCS physical address limit       = None
00:00:03.394277 HM:   VMCS memory type                  = Write Back (WB)
00:00:03.394278 HM:   Dual-monitor treatment support    = true 
00:00:03.394278 HM:   OUTS & INS instruction-info       = true 
00:00:03.394278 HM:   Supports true-capability MSRs     = true 
00:00:03.394279 HM:   VM-entry Xcpt error-code optional = false
00:00:03.394279 HM: MSR_IA32_VMX_PINBASED_CTLS        = 0x7f00000016
00:00:03.394279 HM:   EXT_INT_EXIT
00:00:03.394280 HM:   NMI_EXIT
00:00:03.394280 HM:   VIRTUAL_NMI
00:00:03.394280 HM:   PREEMPT_TIMER
00:00:03.394280 HM:   POSTED_INT (must be cleared)
00:00:03.394281 HM: MSR_IA32_VMX_PROCBASED_CTLS       = 0xfff9fffe0401e172
00:00:03.394281 HM:   INT_WINDOW_EXIT
00:00:03.394282 HM:   USE_TSC_OFFSETTING
00:00:03.394282 HM:   HLT_EXIT
00:00:03.394282 HM:   INVLPG_EXIT
00:00:03.394282 HM:   MWAIT_EXIT
00:00:03.394283 HM:   RDPMC_EXIT
00:00:03.394283 HM:   RDTSC_EXIT
00:00:03.394283 HM:   CR3_LOAD_EXIT (must be set)
00:00:03.394283 HM:   CR3_STORE_EXIT (must be set)
00:00:03.394284 HM:   CR8_LOAD_EXIT
00:00:03.394284 HM:   CR8_STORE_EXIT
00:00:03.394284 HM:   USE_TPR_SHADOW
00:00:03.394284 HM:   NMI_WINDOW_EXIT
00:00:03.394285 HM:   MOV_DR_EXIT
00:00:03.394285 HM:   UNCOND_IO_EXIT
00:00:03.394285 HM:   USE_IO_BITMAPS
00:00:03.394285 HM:   MONITOR_TRAP_FLAG
00:00:03.394285 HM:   USE_MSR_BITMAPS
00:00:03.394286 HM:   MONITOR_EXIT
00:00:03.394286 HM:   PAUSE_EXIT
00:00:03.394286 HM:   USE_SECONDARY_CTLS
00:00:03.394288 HM: MSR_IA32_VMX_PROCBASED_CTLS2      = 0x5fbcff00000000
00:00:03.394288 HM:   VIRT_APIC_ACCESS
00:00:03.394289 HM:   EPT
00:00:03.394289 HM:   DESC_TABLE_EXIT
00:00:03.394289 HM:   RDTSCP
00:00:03.394289 HM:   VIRT_X2APIC_MODE
00:00:03.394290 HM:   VPID
00:00:03.394290 HM:   WBINVD_EXIT
00:00:03.394290 HM:   UNRESTRICTED_GUEST
00:00:03.394290 HM:   APIC_REG_VIRT (must be cleared)
00:00:03.394290 HM:   VIRT_INT_DELIVERY (must be cleared)
00:00:03.394291 HM:   PAUSE_LOOP_EXIT
00:00:03.394291 HM:   RDRAND_EXIT
00:00:03.394291 HM:   INVPCID
00:00:03.394293 HM:   VMFUNC
00:00:03.394293 HM:   VMCS_SHADOWING (must be cleared)
00:00:03.394293 HM:   ENCLS_EXIT
00:00:03.394294 HM:   RDSEED_EXIT
00:00:03.394294 HM:   PML
00:00:03.394294 HM:   EPT_VE
00:00:03.394294 HM:   CONCEAL_VMX_FROM_PT
00:00:03.394294 HM:   XSAVES_XRSTORS
00:00:03.394295 HM:   MODE_BASED_EPT_PERM
00:00:03.394295 HM:   SPPTP_EPT (must be cleared)
00:00:03.394295 HM:   PT_EPT (must be cleared)
00:00:03.394295 HM:   TSC_SCALING (must be cleared)
00:00:03.394296 HM:   USER_WAIT_PAUSE (must be cleared)
00:00:03.394296 HM:   ENCLV_EXIT (must be cleared)
00:00:03.394296 HM: MSR_IA32_VMX_ENTRY_CTLS           = 0x3ffff000011ff
00:00:03.394297 HM:   LOAD_DEBUG (must be set)
00:00:03.394297 HM:   IA32E_MODE_GUEST
00:00:03.394297 HM:   ENTRY_TO_SMM
00:00:03.394297 HM:   DEACTIVATE_DUAL_MON
00:00:03.394298 HM:   LOAD_PERF_MSR
00:00:03.394298 HM:   LOAD_PAT_MSR
00:00:03.394298 HM:   LOAD_EFER_MSR
00:00:03.394298 HM:   LOAD_BNDCFGS_MSR
00:00:03.394299 HM:   CONCEAL_VMX_FROM_PT
00:00:03.394299 HM:   LOAD_RTIT_CTL_MSR (must be cleared)
00:00:03.394299 HM: MSR_IA32_VMX_EXIT_CTLS            = 0x1ffffff00036dff
00:00:03.394300 HM:   SAVE_DEBUG (must be set)
00:00:03.394300 HM:   HOST_ADDR_SPACE_SIZE
00:00:03.394300 HM:   LOAD_PERF_MSR
00:00:03.394300 HM:   ACK_EXT_INT
00:00:03.394301 HM:   SAVE_PAT_MSR
00:00:03.394301 HM:   LOAD_PAT_MSR
00:00:03.394301 HM:   SAVE_EFER_MSR
00:00:03.394301 HM:   LOAD_EFER_MSR
00:00:03.394301 HM:   SAVE_PREEMPT_TIMER
00:00:03.394302 HM:   CLEAR_BNDCFGS_MSR
00:00:03.394302 HM:   CONCEAL_VMX_FROM_PT
00:00:03.394302 HM:   CLEAR_RTIT_CTL_MSR (must be cleared)
00:00:03.394302 HM: MSR_IA32_VMX_TRUE_PINBASED_CTLS   = 0x7f00000016
00:00:03.394303 HM: MSR_IA32_VMX_TRUE_PROCBASED_CTLS  = 0xfff9fffe04006172
00:00:03.394304 HM: MSR_IA32_VMX_TRUE_ENTRY_CTLS      = 0x3ffff000011fb
00:00:03.394304 HM: MSR_IA32_VMX_TRUE_EXIT_CTLS       = 0x1ffffff00036dfb
00:00:03.394305 HM: MSR_IA32_VMX_MISC                 = 0x7004c1e7
00:00:03.394305 HM:   PREEMPT_TIMER_TSC                 = 0x7
00:00:03.394306 HM:   EXIT_SAVE_EFER_LMA                = true 
00:00:03.394306 HM:   ACTIVITY_STATES                   = 0x7 ( HLT SHUTDOWN SIPI_WAIT )
00:00:03.394307 HM:   INTEL_PT                          = true 
00:00:03.394307 HM:   SMM_READ_SMBASE_MSR               = true 
00:00:03.394309 HM:   CR3_TARGET                        = 0x4
00:00:03.394309 HM:   MAX_MSR                           = 0x0 ( 512 )
00:00:03.394309 HM:   VMXOFF_BLOCK_SMI                  = true 
00:00:03.394310 HM:   VMWRITE_ALL                       = true 
00:00:03.394310 HM:   ENTRY_INJECT_SOFT_INT             = 0x1
00:00:03.394310 HM:   MSEG_ID                           = 0x0
00:00:03.394311 HM: MSR_IA32_VMX_VMCS_ENUM            = 0x2e
00:00:03.394311 HM:   HIGHEST_IDX                       = 0x17
00:00:03.394312 HM: MSR_IA32_VMX_EPT_VPID_CAP         = 0xf0106734141
00:00:03.394312 HM:   RWX_X_ONLY
00:00:03.394313 HM:   PAGE_WALK_LENGTH_4
00:00:03.394313 HM:   EMT_UC
00:00:03.394313 HM:   EMT_WB
00:00:03.394313 HM:   PDE_2M
00:00:03.394313 HM:   PDPTE_1G
00:00:03.394314 HM:   INVEPT
00:00:03.394314 HM:   EPT_ACCESS_DIRTY
00:00:03.394314 HM:   ADVEXITINFO_EPT
00:00:03.394314 HM:   INVEPT_SINGLE_CONTEXT
00:00:03.394314 HM:   INVEPT_ALL_CONTEXTS
00:00:03.394315 HM:   INVVPID
00:00:03.394315 HM:   INVVPID_INDIV_ADDR
00:00:03.394315 HM:   INVVPID_SINGLE_CONTEXT
00:00:03.394315 HM:   INVVPID_ALL_CONTEXTS
00:00:03.394316 HM:   INVVPID_SINGLE_CONTEXT_RETAIN_GLOBALS
00:00:03.394316 HM: MSR_IA32_VMX_VMFUNC               = 0x1
00:00:03.394316 HM:   EPTP_SWITCHING
00:00:03.394316 HM: MSR_IA32_VMX_CR0_FIXED0           = 0x80000021
00:00:03.394317 HM: MSR_IA32_VMX_CR0_FIXED1           = 0xffffffff
00:00:03.394317 HM: MSR_IA32_VMX_CR4_FIXED0           = 0x2000
00:00:03.394318 HM: MSR_IA32_VMX_CR4_FIXED1           = 0x3727ff
00:00:03.394318 HM: APIC-access page physaddr         = 0x0000000150e35000
00:00:03.394319 HM: VCPU  0: MSR bitmap physaddr      = 0x0000000150e36000
00:00:03.394320 HM: VCPU  0: VMCS physaddr            = 0x000000021df20000
00:00:03.394320 HM: Guest support: 32-bit and 64-bit
00:00:03.394331 HM: Supports VMCS EFER fields         = true 
00:00:03.394331 HM: Enabled VMX
00:00:03.394333 CPUM: SetGuestCpuIdFeature: Enabled SYSENTER/EXIT
00:00:03.394334 CPUM: SetGuestCpuIdFeature: Enabled PAE
00:00:03.394334 CPUM: SetGuestCpuIdFeature: Enabled LONG MODE
00:00:03.394334 CPUM: SetGuestCpuIdFeature: Enabled SYSCALL/RET
00:00:03.394335 CPUM: SetGuestCpuIdFeature: Enabled LAHF/SAHF
00:00:03.394335 CPUM: SetGuestCpuIdFeature: Enabled NX
00:00:03.394335 HM: Enabled nested paging
00:00:03.394335 HM:   EPT flush type                  = Single context
00:00:03.394336 HM: Enabled unrestricted guest execution
00:00:03.394336 HM: Enabled large page support
00:00:03.394336 HM: Enabled VPID
00:00:03.394336 HM:   VPID flush type                 = Single context
00:00:03.394338 HM: Enabled VMX-preemption timer (cPreemptTimerShift=7)
00:00:03.394339 HM: VT-x/AMD-V init method: Global
00:00:03.394340 EM: Exit history optimizations: enabled=true  enabled-r0=true  enabled-r0-no-preemption=false
00:00:03.394659 PcBios: ATA LUN#0 LCHS=1024/255/63
00:00:03.394675 APIC: fPostedIntrsEnabled=false fVirtApicRegsEnabled=false fSupportsTscDeadline=false
00:00:03.394679 TMR3UtcNow: nsNow=1 635 190 146 086 088 000 nsPrev=0 -> cNsDelta=1 635 190 146 086 088 000 (offLag=0 offVirtualSync=0 offVirtualSyncGivenUp=0, NowAgain=1 635 190 146 086 088 000)
00:00:03.394689 VMM: fUsePeriodicPreemptionTimers=false
00:00:03.394944 CPUM: Logical host processors: 8 present, 8 max, 8 online, online mask: 00000000000000ff
00:00:03.394947 CPUM: Physical host cores: 4
00:00:03.394948 ************************* CPUID dump ************************
00:00:03.394954          Raw Standard CPUID Leaves
00:00:03.394954      Leaf/sub-leaf  eax      ebx      ecx      edx
00:00:03.394955 Gst: 00000000/0000  00000016 756e6547 6c65746e 49656e69
00:00:03.394956 Hst:                00000016 756e6547 6c65746e 49656e69
00:00:03.394957 Gst: 00000001/0000  000806ea 00010800 d6fa220b 178bfbff
00:00:03.394958 Hst:                000806ea 02100800 7ffafbbf bfebfbff
00:00:03.394958 Gst: 00000002/0000  76036301 00f0b5ff 00000000 00c30000
00:00:03.394959 Hst:                76036301 00f0b5ff 00000000 00c30000
00:00:03.394960 Gst: 00000003/0000  00000000 00000000 00000000 00000000
00:00:03.394961 Hst:                00000000 00000000 00000000 00000000
00:00:03.394961 Gst: 00000004/0000  00000121 01c0003f 0000003f 00000000
00:00:03.394962 Hst:                1c004121 01c0003f 0000003f 00000000
00:00:03.394963 Gst: 00000004/0001  00000122 01c0003f 0000003f 00000000
00:00:03.394963 Hst:                1c004122 01c0003f 0000003f 00000000
00:00:03.394964 Gst: 00000004/0002  00000143 00c0003f 000003ff 00000000
00:00:03.394965 Hst:                1c004143 00c0003f 000003ff 00000000
00:00:03.394965 Gst: 00000004/0003  00000163 02c0003f 00001fff 00000006
00:00:03.394966 Hst:                1c03c163 02c0003f 00001fff 00000006
00:00:03.394967 Gst: 00000004/0004  00000000 00000000 00000000 00000000
00:00:03.394967 Hst:                00000000 00000000 00000000 00000000
00:00:03.394968 Gst: 00000005/0000  00000040 00000040 00000000 00000000
00:00:03.394969 Hst:                00000040 00000040 00000003 11142120
00:00:03.394970 Gst: 00000006/0000  00000000 00000000 00000000 00000000
00:00:03.394970 Hst:                000026f7 00000002 00000009 00000000
00:00:03.394971 Gst: 00000007/0000  00000000 00842421 00000000 10000400
00:00:03.394971 Hst:                00000000 029c67af 00000000 9c002e00
00:00:03.394972 Gst: 00000007/0001  00000000 00000000 00000000 00000000
00:00:03.394973 Hst:                00000000 00000000 00000000 00000000
00:00:03.394973 Gst: 00000008/0000  00000000 00000000 00000000 00000000
00:00:03.394974 Hst:                00000000 00000000 00000000 00000000
00:00:03.394974 Gst: 00000009/0000  00000000 00000000 00000000 00000000
00:00:03.394975 Hst:                00000000 00000000 00000000 00000000
00:00:03.394975 Gst: 0000000a/0000  00000000 00000000 00000000 00000000
00:00:03.394976 Hst:                07300404 00000000 00000000 00000603
00:00:03.394977 Gst: 0000000b/0000  00000000 00000001 00000100 00000000
00:00:03.394977 Hst:                00000001 00000002 00000100 00000002
00:00:03.394978 Gst: 0000000b/0001  00000001 00000001 00000201 00000000
00:00:03.394978 Hst:                00000004 00000008 00000201 00000002
00:00:03.394979 Gst: 0000000b/0002  00000000 00000000 00000002 00000000
00:00:03.394979 Hst:                00000000 00000000 00000002 00000002
00:00:03.394980 Gst: 0000000c/0000  00000000 00000000 00000000 00000000
00:00:03.394981 Hst:                00000000 00000000 00000000 00000000
00:00:03.394981 Gst: 0000000d/0000  00000007 00000340 00000340 00000000
00:00:03.394982 Hst:                0000001f 00000340 00000440 00000000
00:00:03.394982 Gst: 0000000d/0001  00000000 00000340 00000000 00000000
00:00:03.394983 Hst:                0000000f 00000340 00000100 00000000
00:00:03.394983 Gst: 0000000d/0002  00000100 00000240 00000000 00000000
00:00:03.394984 Hst:                00000100 00000240 00000000 00000000
00:00:03.394984 Gst: 0000000d/0003  00000000 00000000 00000000 00000000
00:00:03.394985 Hst:                00000040 000003c0 00000000 00000000
00:00:03.394985 Gst: 0000000d/0004  00000000 00000000 00000000 00000000
00:00:03.394986 Hst:                00000040 00000400 00000000 00000000
00:00:03.394987 Gst: 0000000d/0005  00000000 00000000 00000000 00000000
00:00:03.394987 Hst:                00000000 00000000 00000000 00000000
00:00:03.394988 Gst: 0000000d/0006  00000000 00000000 00000000 00000000
00:00:03.394988 Hst:                00000000 00000000 00000000 00000000
00:00:03.394989 Gst: 0000000d/0007  00000000 00000000 00000000 00000000
00:00:03.394989 Hst:                00000000 00000000 00000000 00000000
00:00:03.394990 Gst: 0000000d/0008  00000000 00000000 00000000 00000000
00:00:03.394990 Hst:                00000080 00000000 00000001 00000000
00:00:03.394991 Gst: 0000000d/0009  00000000 00000000 00000000 00000000
00:00:03.394991 Hst:                00000000 00000000 00000000 00000000
00:00:03.395007 Gst: 0000000e/0000  00000000 00000000 00000000 00000000
00:00:03.395008 Hst:                00000000 00000000 00000000 00000000
00:00:03.395008 Gst: 0000000f/0000  00000000 00000000 00000000 00000000
00:00:03.395009 Hst:                00000000 00000000 00000000 00000000
00:00:03.395009 Gst: 00000010/0000  00000000 00000000 00000000 00000000
00:00:03.395010 Hst:                00000000 00000000 00000000 00000000
00:00:03.395011 Gst: 00000011/0000  00000000 00000000 00000000 00000000
00:00:03.395011 Hst:                00000000 00000000 00000000 00000000
00:00:03.395012 Gst: 00000012/0000  00000000 00000000 00000000 00000000
00:00:03.395012 Hst:                00000000 00000000 00000000 00000000
00:00:03.395013 Gst: 00000013/0000  00000000 00000000 00000000 00000000
00:00:03.395013 Hst:                00000000 00000000 00000000 00000000
00:00:03.395014 Gst: 00000014/0000  00000000 00000000 00000000 00000000
00:00:03.395014 Hst:                00000001 0000000f 00000007 00000000
00:00:03.395015 Hst: 00000015/0000  00000002 00000074 00000000 00000000
00:00:03.395016 Hst: 00000016/0000  00000578 00000f3c 00000064 00000000
00:00:03.395016                                Name: GenuineIntel
00:00:03.395018                            Supports: 0x00000000-0x00000016
00:00:03.395021                              Family:  6 	Extended: 0 	Effective: 6
00:00:03.395022                               Model: 14 	Extended: 8 	Effective: 142
00:00:03.395023                            Stepping: 10
00:00:03.395024                                Type: 0 (primary)
00:00:03.395025                             APIC ID: 0x00
00:00:03.395026                        Logical CPUs: 1
00:00:03.395026                        CLFLUSH Size: 8
00:00:03.395027                            Brand ID: 0x00
00:00:03.395028 Features
00:00:03.395028   Mnemonic - Description                                  = guest (host)
00:00:03.395031   FPU - x87 FPU on Chip                                   = 1 (1)
00:00:03.395032   VME - Virtual 8086 Mode Enhancements                    = 1 (1)
00:00:03.395033   DE - Debugging extensions                               = 1 (1)
00:00:03.395034   PSE - Page Size Extension                               = 1 (1)
00:00:03.395035   TSC - Time Stamp Counter                                = 1 (1)
00:00:03.395035   MSR - Model Specific Registers                          = 1 (1)
00:00:03.395036   PAE - Physical Address Extension                        = 1 (1)
00:00:03.395037   MCE - Machine Check Exception                           = 1 (1)
00:00:03.395038   CX8 - CMPXCHG8B instruction                             = 1 (1)
00:00:03.395039   APIC - APIC On-Chip                                     = 1 (1)
00:00:03.395040   SEP - SYSENTER and SYSEXIT Present                      = 1 (1)
00:00:03.395040   MTRR - Memory Type Range Registers                      = 1 (1)
00:00:03.395041   PGE - PTE Global Bit                                    = 1 (1)
00:00:03.395042   MCA - Machine Check Architecture                        = 1 (1)
00:00:03.395043   CMOV - Conditional Move instructions                    = 1 (1)
00:00:03.395043   PAT - Page Attribute Table                              = 1 (1)
00:00:03.395044   PSE-36 - 36-bit Page Size Extension                     = 1 (1)
00:00:03.395045   PSN - Processor Serial Number                           = 0 (0)
00:00:03.395046   CLFSH - CLFLUSH instruction                             = 1 (1)
00:00:03.395046   DS - Debug Store                                        = 0 (1)
00:00:03.395047   ACPI - Thermal Mon. & Soft. Clock Ctrl.                 = 0 (1)
00:00:03.395048   MMX - Intel MMX Technology                              = 1 (1)
00:00:03.395049   FXSR - FXSAVE and FXRSTOR instructions                  = 1 (1)
00:00:03.395049   SSE - SSE support                                       = 1 (1)
00:00:03.395050   SSE2 - SSE2 support                                     = 1 (1)
00:00:03.395051   SS - Self Snoop                                         = 0 (1)
00:00:03.395052   HTT - Hyper-Threading Technology                        = 1 (1)
00:00:03.395053   TM - Therm. Monitor                                     = 0 (1)
00:00:03.395054   PBE - Pending Break Enabled                             = 0 (1)
00:00:03.395055   SSE3 - SSE3 support                                     = 1 (1)
00:00:03.395056   PCLMUL - PCLMULQDQ support (for AES-GCM)                = 1 (1)
00:00:03.395056   DTES64 - DS Area 64-bit Layout                          = 0 (1)
00:00:03.395057   MONITOR - MONITOR/MWAIT instructions                    = 1 (1)
00:00:03.395058   CPL-DS - CPL Qualified Debug Store                      = 0 (1)
00:00:03.395059   VMX - Virtual Machine Extensions                        = 0 (1)
00:00:03.395059   SMX - Safer Mode Extensions                             = 0 (0)
00:00:03.395060   EST - Enhanced SpeedStep Technology                     = 0 (1)
00:00:03.395061   TM2 - Terminal Monitor 2                                = 0 (1)
00:00:03.395062   SSSE3 - Supplemental Streaming SIMD Extensions 3        = 1 (1)
00:00:03.395062   CNTX-ID - L1 Context ID                                 = 0 (0)
00:00:03.395063   SDBG - Silicon Debug interface                          = 0 (1)
00:00:03.395064   FMA - Fused Multiply Add extensions                     = 0 (1)
00:00:03.395065   CX16 - CMPXCHG16B instruction                           = 1 (1)
00:00:03.395065   TPRUPDATE - xTPR Update Control                         = 0 (1)
00:00:03.395066   PDCM - Perf/Debug Capability MSR                        = 0 (1)
00:00:03.395067   PCID - Process Context Identifiers                      = 1 (1)
00:00:03.395068   DCA - Direct Cache Access                               = 0 (0)
00:00:03.395068   SSE4_1 - SSE4_1 support                                 = 1 (1)
00:00:03.395069   SSE4_2 - SSE4_2 support                                 = 1 (1)
00:00:03.395070   X2APIC - x2APIC support                                 = 1 (1)
00:00:03.395071   MOVBE - MOVBE instruction                               = 1 (1)
00:00:03.395072   POPCNT - POPCNT instruction                             = 1 (1)
00:00:03.395072   TSCDEADL - Time Stamp Counter Deadline                  = 0 (1)
00:00:03.395073   AES - AES instructions                                  = 1 (1)
00:00:03.395074   XSAVE - XSAVE instruction                               = 1 (1)
00:00:03.395075   OSXSAVE - OSXSAVE instruction                           = 0 (1)
00:00:03.395076   AVX - AVX support                                       = 1 (1)
00:00:03.395077   F16C - 16-bit floating point conversion instructions    = 0 (1)
00:00:03.395077   RDRAND - RDRAND instruction                             = 1 (1)
00:00:03.395078   HVP - Hypervisor Present (we're a guest)                = 1 (0)
00:00:03.395080 Structured Extended Feature Flags Enumeration (leaf 7):
00:00:03.395081   Mnemonic - Description                                  = guest (host)
00:00:03.395081   FSGSBASE - RDFSBASE/RDGSBASE/WRFSBASE/WRGSBASE instr.   = 1 (1)
00:00:03.395082   TSCADJUST - Supports MSR_IA32_TSC_ADJUST                = 0 (1)
00:00:03.395083   SGX - Supports Software Guard Extensions                = 0 (1)
00:00:03.395083   BMI1 - Advanced Bit Manipulation extension 1            = 0 (1)
00:00:03.395084   HLE - Hardware Lock Elision                             = 0 (0)
00:00:03.395085   AVX2 - Advanced Vector Extensions 2                     = 1 (1)
00:00:03.395085   FDP_EXCPTN_ONLY - FPU DP only updated on exceptions     = 0 (0)
00:00:03.395086   SMEP - Supervisor Mode Execution Prevention             = 0 (1)
00:00:03.395087   BMI2 - Advanced Bit Manipulation extension 2            = 0 (1)
00:00:03.395087   ERMS - Enhanced REP MOVSB/STOSB instructions            = 0 (1)
00:00:03.395088   INVPCID - INVPCID instruction                           = 1 (1)
00:00:03.395089   RTM - Restricted Transactional Memory                   = 0 (0)
00:00:03.395089   PQM - Platform Quality of Service Monitoring            = 0 (0)
00:00:03.395090   DEPFPU_CS_DS - Deprecates FPU CS, FPU DS values if set  = 1 (1)
00:00:03.395091   MPE - Intel Memory Protection Extensions                = 0 (1)
00:00:03.395091   PQE - Platform Quality of Service Enforcement           = 0 (0)
00:00:03.395092   AVX512F - AVX512 Foundation instructions                = 0 (0)
00:00:03.395093   RDSEED - RDSEED instruction                             = 1 (1)
00:00:03.395093   ADX - ADCX/ADOX instructions                            = 0 (1)
00:00:03.395094   SMAP - Supervisor Mode Access Prevention                = 0 (1)
00:00:03.395095   CLFLUSHOPT - CLFLUSHOPT (Cache Line Flush) instruction  = 1 (1)
00:00:03.395095   INTEL_PT - Intel Processor Trace                        = 0 (1)
00:00:03.395096   AVX512PF - AVX512 Prefetch instructions                 = 0 (0)
00:00:03.395097   AVX512ER - AVX512 Exponential & Reciprocal instructions = 0 (0)
00:00:03.395097   AVX512CD - AVX512 Conflict Detection instructions       = 0 (0)
00:00:03.395098   SHA - Secure Hash Algorithm extensions                  = 0 (0)
00:00:03.395099   PREFETCHWT1 - PREFETCHWT1 instruction                   = 0 (0)
00:00:03.395099   UMIP - User mode insturction prevention                 = 0 (0)
00:00:03.395100   PKU - Protection Key for Usermode pages                 = 0 (0)
00:00:03.395101   OSPKE - CR4.PKU mirror                                  = 0 (0)
00:00:03.395102   MAWAU - Value used by BNDLDX & BNDSTX                   = 0x0 (0x0)
00:00:03.395103   RDPID - Read processor ID support                       = 0 (0)
00:00:03.395103   SGX_LC - Supports SGX Launch Configuration              = 0 (0)
00:00:03.395104    9 - Reserved                                           = 0 (1)
00:00:03.395105   MD_CLEAR - Supports MDS related buffer clearing         = 1 (1)
00:00:03.395106   11 - Reserved                                           = 0 (1)
00:00:03.395107   13 - Reserved                                           = 0 (1)
00:00:03.395108   IBRS_IBPB - IA32_SPEC_CTRL.IBRS and IA32_PRED_CMD.IBPB  = 0 (1)
00:00:03.395108   STIBP - Supports IA32_SPEC_CTRL.STIBP                   = 0 (1)
00:00:03.395109   FLUSH_CMD - Supports IA32_FLUSH_CMD                     = 1 (1)
00:00:03.395110   ARCHCAP - Supports IA32_ARCH_CAP                        = 0 (0)
00:00:03.395110   CORECAP - Supports IA32_CORE_CAP                        = 0 (0)
00:00:03.395111   SSBD - Supports IA32_SPEC_CTRL.SSBD                     = 0 (1)
00:00:03.395112 Processor Extended State Enumeration (leaf 0xd):
00:00:03.395113    XSAVE area cur/max size by XCR0, guest: 0x340/0x340
00:00:03.395113     XSAVE area cur/max size by XCR0, host: 0x340/0x440
00:00:03.395114                    Valid XCR0 bits, guest: 0x00000000`00000007 ( x87 SSE YMM_Hi128 )
00:00:03.395116                     Valid XCR0 bits, host: 0x00000000`0000001f ( x87 SSE YMM_Hi128 BNDREGS BNDCSR )
00:00:03.395119                     XSAVE features, guest:
00:00:03.395120                      XSAVE features, host: XSAVEOPT XSAVEC XGETBC1 XSAVES
00:00:03.395121       XSAVE area cur size XCR0|XSS, guest: 0x340
00:00:03.395121        XSAVE area cur size XCR0|XSS, host: 0x340
00:00:03.395122                Valid IA32_XSS bits, guest: 0x00000000`00000000
00:00:03.395122                 Valid IA32_XSS bits, host: 0x00000100`00000000 ( 40 )
00:00:03.395124   State #2, guest: off=0x0240, cb=0x0100 IA32_XSS-bit -- YMM_Hi128
00:00:03.395125   State #2, host:  off=0x0240, cb=0x0100 IA32_XSS-bit -- YMM_Hi128
00:00:03.395126   State #3, host:  off=0x03c0, cb=0x0040 IA32_XSS-bit -- BNDREGS
00:00:03.395127   State #4, host:  off=0x0400, cb=0x0040 IA32_XSS-bit -- BNDCSR
00:00:03.395128   State #8, host:  off=0x0000, cb=0x0080 XCR0-bit -- 8
00:00:03.395136          Unknown CPUID Leaves
00:00:03.395136      Leaf/sub-leaf  eax      ebx      ecx      edx
00:00:03.395137 Gst: 00000014/0001  00000000 00000000 00000000 00000000
00:00:03.395137 Hst:                02490002 003f3fff 00000000 00000000
00:00:03.395138 Gst: 00000014/0002  00000000 00000000 00000000 00000000
00:00:03.395139 Hst:                00000000 00000000 00000000 00000000
00:00:03.395139 Gst: 00000015/0000  00000000 00000000 00000000 00000000
00:00:03.395140 Hst:                00000002 00000074 00000000 00000000
00:00:03.395140 Gst: 00000016/0000  00000000 00000000 00000000 00000000
00:00:03.395141 Hst:                00000578 00000f3c 00000064 00000000
00:00:03.395142          Raw Hypervisor CPUID Leaves
00:00:03.395142      Leaf/sub-leaf  eax      ebx      ecx      edx
00:00:03.395143 Gst: 40000000/0000  40000001 4b4d564b 564b4d56 0000004d
00:00:03.395144 Hst:                00000578 00000f3c 00000064 00000000
00:00:03.395145 Gst: 40000001/0000  01000089 00000000 00000000 00000000
00:00:03.395145 Hst:                00000578 00000f3c 00000064 00000000
00:00:03.395146          Raw Extended CPUID Leaves
00:00:03.395146      Leaf/sub-leaf  eax      ebx      ecx      edx
00:00:03.395147 Gst: 80000000/0000  80000008 00000000 00000000 00000000
00:00:03.395147 Hst:                80000008 00000000 00000000 00000000
00:00:03.395148 Gst: 80000001/0000  00000000 00000000 00000121 28100800
00:00:03.395149 Hst:                00000000 00000000 00000121 2c100800
00:00:03.395150 Gst: 80000002/0000  65746e49 2952286c 726f4320 4d542865
00:00:03.395151 Hst:                65746e49 2952286c 726f4320 4d542865
00:00:03.395152 Gst: 80000003/0000  35692029 3532382d 43205537 40205550
00:00:03.395153 Hst:                35692029 3532382d 43205537 40205550
00:00:03.395154 Gst: 80000004/0000  342e3120 7a484730 00000000 00000000
00:00:03.395154 Hst:                342e3120 7a484730 00000000 00000000
00:00:03.395155 Gst: 80000005/0000  00000000 00000000 00000000 00000000
00:00:03.395156 Hst:                00000000 00000000 00000000 00000000
00:00:03.395156 Gst: 80000006/0000  00000000 00000000 01006040 00000000
00:00:03.395157 Hst:                00000000 00000000 01006040 00000000
00:00:03.395157 Gst: 80000007/0000  00000000 00000000 00000000 00000100
00:00:03.395158 Hst:                00000000 00000000 00000000 00000100
00:00:03.395159 Gst: 80000008/0000  00003027 00000000 00000000 00000000
00:00:03.395159 Hst:                00003027 00000000 00000000 00000000
00:00:03.395160 Ext Name:                        
00:00:03.395160 Ext Supports:                    0x80000000-0x80000008
00:00:03.395161 Family:                          0  	Extended: 0 	Effective: 0
00:00:03.395161 Model:                           0  	Extended: 0 	Effective: 0
00:00:03.395162 Stepping:                        0
00:00:03.395162 Brand ID:                        0x000
00:00:03.395162 Ext Features
00:00:03.395163   Mnemonic - Description                                  = guest (host)
00:00:03.395163   FPU - x87 FPU on Chip                                   = 0 (0)
00:00:03.395164   VME - Virtual 8086 Mode Enhancements                    = 0 (0)
00:00:03.395165   DE - Debugging extensions                               = 0 (0)
00:00:03.395165   PSE - Page Size Extension                               = 0 (0)
00:00:03.395166   TSC - Time Stamp Counter                                = 0 (0)
00:00:03.395167   MSR - K86 Model Specific Registers                      = 0 (0)
00:00:03.395168   PAE - Physical Address Extension                        = 0 (0)
00:00:03.395168   MCE - Machine Check Exception                           = 0 (0)
00:00:03.395169   CX8 - CMPXCHG8B instruction                             = 0 (0)
00:00:03.395170   APIC - APIC On-Chip                                     = 0 (0)
00:00:03.395171   SEP - SYSCALL/SYSRET                                    = 1 (1)
00:00:03.395172   MTRR - Memory Type Range Registers                      = 0 (0)
00:00:03.395173   PGE - PTE Global Bit                                    = 0 (0)
00:00:03.395173   MCA - Machine Check Architecture                        = 0 (0)
00:00:03.395174   CMOV - Conditional Move instructions                    = 0 (0)
00:00:03.395175   PAT - Page Attribute Table                              = 0 (0)
00:00:03.395176   PSE-36 - 36-bit Page Size Extension                     = 0 (0)
00:00:03.395176   NX - No-Execute/Execute-Disable                         = 1 (1)
00:00:03.395177   AXMMX - AMD Extensions to MMX instructions              = 0 (0)
00:00:03.395178   MMX - Intel MMX Technology                              = 0 (0)
00:00:03.395178   FXSR - FXSAVE and FXRSTOR Instructions                  = 0 (0)
00:00:03.395179   FFXSR - AMD fast FXSAVE and FXRSTOR instructions        = 0 (0)
00:00:03.395180   Page1GB - 1 GB large page                               = 0 (1)
00:00:03.395181   RDTSCP - RDTSCP instruction                             = 1 (1)
00:00:03.395181   LM - AMD64 Long Mode                                    = 1 (1)
00:00:03.395182   3DNOWEXT - AMD Extensions to 3DNow                      = 0 (0)
00:00:03.395183   3DNOW - AMD 3DNow                                       = 0 (0)
00:00:03.395184   LahfSahf - LAHF/SAHF support in 64-bit mode             = 1 (1)
00:00:03.395185   CmpLegacy - Core multi-processing legacy mode           = 0 (0)
00:00:03.395185   SVM - AMD Secure Virtual Machine extensions             = 0 (0)
00:00:03.395186   EXTAPIC - AMD Extended APIC registers                   = 0 (0)
00:00:03.395187   CR8L - AMD LOCK MOV CR0 means MOV CR8                   = 0 (0)
00:00:03.395187   ABM - AMD Advanced Bit Manipulation                     = 1 (1)
00:00:03.395188   SSE4A - SSE4A instructions                              = 0 (0)
00:00:03.395189   MISALIGNSSE - AMD Misaligned SSE mode                   = 0 (0)
00:00:03.395190   3DNOWPRF - AMD PREFETCH and PREFETCHW instructions      = 1 (1)
00:00:03.395190   OSVW - AMD OS Visible Workaround                        = 0 (0)
00:00:03.395191   IBS - Instruct Based Sampling                           = 0 (0)
00:00:03.395192   XOP - Extended Operation support                        = 0 (0)
00:00:03.395192   SKINIT - SKINIT, STGI, and DEV support                  = 0 (0)
00:00:03.395193   WDT - AMD Watchdog Timer support                        = 0 (0)
00:00:03.395194   LWP - Lightweight Profiling support                     = 0 (0)
00:00:03.395194   FMA4 - Four operand FMA instruction support             = 0 (0)
00:00:03.395195   NodeId - NodeId in MSR C001_100C                        = 0 (0)
00:00:03.395196   TBM - Trailing Bit Manipulation instructions            = 0 (0)
00:00:03.395197   TOPOEXT - Topology Extensions                           = 0 (0)
00:00:03.395197   PRFEXTCORE - Performance Counter Extensions support     = 0 (0)
00:00:03.395198   PRFEXTNB - NB Performance Counter Extensions support    = 0 (0)
00:00:03.395198   DATABPEXT - Data-access Breakpoint Extension            = 0 (0)
00:00:03.395199   PERFTSC - Performance Time Stamp Counter                = 0 (0)
00:00:03.395200   PCX_L2I - L2I/L3 Performance Counter Extensions         = 0 (0)
00:00:03.395200   MWAITX - MWAITX and MONITORX instructions               = 0 (0)
00:00:03.395201 Full Name:                       "Intel(R) Core(TM) i5-8257U CPU @ 1.40GHz"
00:00:03.395202 TLB 2/4M Instr/Uni:              res0     0 entries
00:00:03.395202 TLB 2/4M Data:                   res0     0 entries
00:00:03.395203 TLB 4K Instr/Uni:                res0     0 entries
00:00:03.395203 TLB 4K Data:                     res0     0 entries
00:00:03.395204 L1 Instr Cache Line Size:        0 bytes
00:00:03.395204 L1 Instr Cache Lines Per Tag:    0
00:00:03.395204 L1 Instr Cache Associativity:    res0  
00:00:03.395204 L1 Instr Cache Size:             0 KB
00:00:03.395205 L1 Data Cache Line Size:         0 bytes
00:00:03.395205 L1 Data Cache Lines Per Tag:     0
00:00:03.395205 L1 Data Cache Associativity:     res0  
00:00:03.395205 L1 Data Cache Size:              0 KB
00:00:03.395206 L2 TLB 2/4M Instr/Uni:           off       0 entries
00:00:03.395206 L2 TLB 2/4M Data:                off       0 entries
00:00:03.395207 L2 TLB 4K Instr/Uni:             off       0 entries
00:00:03.395207 L2 TLB 4K Data:                  off       0 entries
00:00:03.395207 L2 Cache Line Size:              0 bytes
00:00:03.395208 L2 Cache Lines Per Tag:          0
00:00:03.395208 L2 Cache Associativity:          off   
00:00:03.395208 L2 Cache Size:                   0 KB
00:00:03.395209   TS - Temperature Sensor                                 = 0 (0)
00:00:03.395210   FID - Frequency ID control                              = 0 (0)
00:00:03.395210   VID - Voltage ID control                                = 0 (0)
00:00:03.395211   TscInvariant - Invariant Time Stamp Counter             = 1 (1)
00:00:03.395212   CBP - Core Performance Boost                            = 0 (0)
00:00:03.395213   EffFreqRO - Read-only Effective Frequency Interface     = 0 (0)
00:00:03.395213   ProcFdbkIf - Processor Feedback Interface               = 0 (0)
00:00:03.395214   ProcPwrRep - Core power reporting interface support     = 0 (0)
00:00:03.395215 Physical Address Width:          39 bits
00:00:03.395215 Virtual Address Width:           48 bits
00:00:03.395215 Guest Physical Address Width:    0 bits
00:00:03.395216 Physical Core Count:             1
00:00:03.395217 
00:00:03.395217 ******************** End of CPUID dump **********************
00:00:03.395217 *********************** VT-x features ***********************
00:00:03.395218 Nested hardware virtualization - VMX features
00:00:03.395218   Mnemonic - Description                                  = guest (host)
00:00:03.395219   VMX - Virtual-Machine Extensions                        = 0 (1)
00:00:03.395219   InsOutInfo - INS/OUTS instruction info.                 = 0 (1)
00:00:03.395220   ExtIntExit - External interrupt exiting                 = 0 (1)
00:00:03.395220   NmiExit - NMI exiting                                   = 0 (1)
00:00:03.395221   VirtNmi - Virtual NMIs                                  = 0 (1)
00:00:03.395221   PreemptTimer - VMX preemption timer                     = 0 (1)
00:00:03.395221   PostedInt - Posted interrupts                           = 0 (0)
00:00:03.395222   IntWindowExit - Interrupt-window exiting                = 0 (1)
00:00:03.395222   TscOffsetting - TSC offsetting                          = 0 (1)
00:00:03.395223   HltExit - HLT exiting                                   = 0 (1)
00:00:03.395223   InvlpgExit - INVLPG exiting                             = 0 (1)
00:00:03.395223   MwaitExit - MWAIT exiting                               = 0 (1)
00:00:03.395224   RdpmcExit - RDPMC exiting                               = 0 (1)
00:00:03.395224   RdtscExit - RDTSC exiting                               = 0 (1)
00:00:03.395225   Cr3LoadExit - CR3-load exiting                          = 0 (1)
00:00:03.395225   Cr3StoreExit - CR3-store exiting                        = 0 (1)
00:00:03.395225   Cr8LoadExit  - CR8-load exiting                         = 0 (1)
00:00:03.395226   Cr8StoreExit - CR8-store exiting                        = 0 (1)
00:00:03.395226   UseTprShadow - Use TPR shadow                           = 0 (1)
00:00:03.395227   NmiWindowExit - NMI-window exiting                      = 0 (1)
00:00:03.395227   MovDRxExit - Mov-DR exiting                             = 0 (1)
00:00:03.395227   UncondIoExit - Unconditional I/O exiting                = 0 (1)
00:00:03.395228   UseIoBitmaps - Use I/O bitmaps                          = 0 (1)
00:00:03.395228   MonitorTrapFlag - Monitor Trap Flag                     = 0 (1)
00:00:03.395229   UseMsrBitmaps - MSR bitmaps                             = 0 (1)
00:00:03.395229   MonitorExit - MONITOR exiting                           = 0 (1)
00:00:03.395229   PauseExit - PAUSE exiting                               = 0 (1)
00:00:03.395230   SecondaryExecCtl - Activate secondary controls          = 0 (1)
00:00:03.395230   VirtApic - Virtualize-APIC accesses                     = 0 (1)
00:00:03.395231   Ept - Extended Page Tables                              = 0 (1)
00:00:03.395231   DescTableExit - Descriptor-table exiting                = 0 (1)
00:00:03.395234   Rdtscp - Enable RDTSCP                                  = 0 (1)
00:00:03.395235   VirtX2ApicMode - Virtualize-x2APIC mode                 = 0 (1)
00:00:03.395235   Vpid - Enable VPID                                      = 0 (1)
00:00:03.395236   WbinvdExit - WBINVD exiting                             = 0 (1)
00:00:03.395236   UnrestrictedGuest - Unrestricted guest                  = 0 (1)
00:00:03.395236   ApicRegVirt - APIC-register virtualization              = 0 (0)
00:00:03.395237   VirtIntDelivery - Virtual-interrupt delivery            = 0 (0)
00:00:03.395237   PauseLoopExit - PAUSE-loop exiting                      = 0 (1)
00:00:03.395238   RdrandExit - RDRAND exiting                             = 0 (1)
00:00:03.395238   Invpcid - Enable INVPCID                                = 0 (1)
00:00:03.395238   VmFuncs - Enable VM Functions                           = 0 (1)
00:00:03.395239   VmcsShadowing - VMCS shadowing                          = 0 (0)
00:00:03.395239   RdseedExiting - RDSEED exiting                          = 0 (1)
00:00:03.395240   PML - Page-Modification Log (PML)                       = 0 (1)
00:00:03.395240   EptVe - EPT violations can cause #VE                    = 0 (1)
00:00:03.395240   XsavesXRstors - Enable XSAVES/XRSTORS                   = 0 (1)
00:00:03.395241   EntryLoadDebugCtls - Load debug controls on VM-entry    = 0 (1)
00:00:03.395241   Ia32eModeGuest - IA-32e mode guest                      = 0 (1)
00:00:03.395242   EntryLoadEferMsr - Load IA32_EFER MSR on VM-entry       = 0 (1)
00:00:03.395242   EntryLoadPatMsr - Load IA32_PAT MSR on VM-entry         = 0 (1)
00:00:03.395242   ExitSaveDebugCtls - Save debug controls on VM-exit      = 0 (1)
00:00:03.395243   HostAddrSpaceSize - Host address-space size             = 0 (1)
00:00:03.395243   ExitAckExtInt - Acknowledge interrupt on VM-exit        = 0 (1)
00:00:03.395244   ExitSavePatMsr - Save IA32_PAT MSR on VM-exit           = 0 (1)
00:00:03.395244   ExitLoadPatMsr - Load IA32_PAT MSR on VM-exit           = 0 (1)
00:00:03.395244   ExitSaveEferMsr - Save IA32_EFER MSR on VM-exit         = 0 (1)
00:00:03.395245   ExitLoadEferMsr - Load IA32_EFER MSR on VM-exit         = 0 (1)
00:00:03.395245   SavePreemptTimer - Save VMX-preemption timer            = 0 (1)
00:00:03.395246   ExitSaveEferLma - Save IA32_EFER.LMA on VM-exit         = 0 (1)
00:00:03.395246   IntelPt - Intel PT (Processor Trace) in VMX operation   = 0 (1)
00:00:03.395246   VmwriteAll - VMWRITE to any supported VMCS field        = 0 (1)
00:00:03.395247   EntryInjectSoftInt - Inject softint. with 0-len instr.  = 0 (1)
00:00:03.395247 
00:00:03.395248 ******************* End of VT-x features ********************
00:00:03.395266 VMEmt: Halt method global1 (5)
00:00:03.395306 VMEmt: HaltedGlobal1 config: cNsSpinBlockThresholdCfg=2000
00:00:03.395309 Changing the VM state from 'CREATING' to 'CREATED'
00:00:03.398199 Changing the VM state from 'CREATED' to 'POWERING_ON'
00:00:03.398288 Changing the VM state from 'POWERING_ON' to 'RUNNING'
00:00:03.398307 Console: Machine state changed to 'Running'
00:00:03.401020 VMMDev: Guest Log: BIOS: VirtualBox 6.1.26
00:00:03.401084 PCI: Setting up resources and interrupts
00:00:03.401185 PIT: mode=2 count=0x10000 (65536) - 18.20 Hz (ch=0)
00:00:03.412522 Display::i_handleDisplayResize: uScreenId=0 pvVRAM=0000000000000000 w=720 h=400 bpp=0 cbLine=0x0 flags=0x0 origin=0,0
00:00:03.413750 VMMDev: Guest Log: CPUID EDX: 0x178bfbff
00:00:03.413875 PIIX3 ATA: Ctl#0: RESET, DevSel=0 AIOIf=0 CmdIf0=0x00 (-1 usec ago) CmdIf1=0x00 (-1 usec ago)
00:00:03.413921 PIIX3 ATA: Ctl#0: finished processing RESET
00:00:03.414483 VMMDev: Guest Log: BIOS: ata0-0: PCHS=16383/16/63 LCHS=1024/255/63
00:00:03.417233 PIT: mode=2 count=0x48d3 (18643) - 64.00 Hz (ch=0)
00:00:03.433464 Display::i_handleDisplayResize: uScreenId=0 pvVRAM=0000000119088000 w=640 h=480 bpp=32 cbLine=0xA00 flags=0x0 origin=0,0
00:00:03.904454 GUI: UIMachineViewNormal::resendSizeHint: Restoring guest size-hint for screen 0 to 800x600
00:00:03.904585 GUI: UIMediumEnumerator: Medium-enumeration finished!
00:00:03.924145 GUI: 2D video acceleration is disabled
00:00:03.924223 GUI: HID LEDs sync is enabled
00:00:03.992627 GUI: UIMachineLogicNormal::sltCheckForRequestedVisualStateType: Requested-state=0, Machine-state=5
00:00:05.892550 PIT: mode=2 count=0x10000 (65536) - 18.20 Hz (ch=0)
00:00:05.892947 VMMDev: Guest Log: BIOS: Boot : bseqnr=1, bootseq=0032
00:00:05.893372 VMMDev: Guest Log: BIOS: Boot from Hard Disk 0 failed
00:00:05.893738 VMMDev: Guest Log: BIOS: Boot : bseqnr=2, bootseq=0003
00:00:05.895238 VMMDev: Guest Log: BIOS: Booting from CD-ROM...
00:00:06.029107 Display::i_handleDisplayResize: uScreenId=0 pvVRAM=0000000000000000 w=720 h=400 bpp=0 cbLine=0x0 flags=0x0 origin=0,0
00:00:06.116708 Display::i_handleDisplayResize: uScreenId=0 pvVRAM=0000000119088000 w=640 h=480 bpp=16 cbLine=0x500 flags=0x0 origin=0,0
00:00:07.051013 GUI: UIDesktopWidgetWatchdog::sltHandleHostScreenWorkAreaResized: Screen 0 work area is formally resized to: 0x25 x 1440x823
00:00:11.990408 Display::i_handleDisplayResize: uScreenId=0 pvVRAM=0000000000000000 w=720 h=400 bpp=0 cbLine=0x0 flags=0x0 origin=0,0
00:00:12.059513 VMMDev: Guest Log: BIOS: KBD: unsupported int 16h function 03
00:00:12.060078 VMMDev: Guest Log: BIOS: AX=0305 BX=0000 CX=0000 DX=0000 
00:00:12.211537 GIM: KVM: VCPU  0: Enabled system-time struct. at 0x0000000075001000 - u32TscScale=0xb7e875b7 i8TscShift=0 uVersion=2 fFlags=0x1 uTsc=0x2db33174f uVirtNanoTS=0x20d497c32 TscKHz=1391999
00:00:12.211570 TM: Switching TSC mode from 'Dynamic' to 'RealTscOffset'
00:00:12.424567 GIM: KVM: Enabled wall-clock struct. at 0x0000000075000000 - u32Sec=1635190155 u32Nano=115195804 uVersion=2
00:00:12.431875 PIT: mode=2 count=0x12a5 (4773) - 249.98 Hz (ch=0)
00:00:12.432082 APIC0: Switched mode to x2APIC
00:00:12.547475 PIT: mode=0 count=0x10000 (65536) - 18.20 Hz (ch=0)
00:00:12.916895 GUI: UIDesktopWidgetWatchdog::sltHandleHostScreenWorkAreaResized: Screen 0 work area is formally resized to: 0x25 x 1440x824
00:00:12.931668 NAT: Old socket recv size: 334KB
00:00:12.931688 NAT: Old socket send size: 79KB
00:00:13.063967 PIIX3 ATA: Ctl#0: RESET, DevSel=0 AIOIf=1 CmdIf0=0xc4 (-1 usec ago) CmdIf1=0xa0 (-1 usec ago)
00:00:13.064043 PIIX3 ATA: Ctl#0: finished processing RESET
00:00:13.499817 GUI: UISession::sltAdditionsChange: GA state really changed, notifying listeners
00:00:13.499817 GUI: UIMachineViewNormal::adjustGuestScreenSize: Adjust guest-screen size if necessary
00:00:13.499817 GUI: UISession::sltAdditionsChange: GA state change event came, notifying listeners
00:00:13.499817 GUI: UIMachineLogicNormal::sltCheckForRequestedVisualStateType: Requested-state=0, Machine-state=5
00:00:13.502284 Display::i_handleDisplayResize: uScreenId=0 pvVRAM=0000000119088000 w=800 h=600 bpp=32 cbLine=0xC80 flags=0x1 origin=0,0
00:00:13.724831 GUI: UIMediumEnumerator: Medium-enumeration finished!
00:00:13.804568 GUI: UIMachineView::sltPerformGuestResize: Sending guest size-hint to screen 0 as 800x600 if necessary
00:00:16.878487 NAT: Link up
00:00:19.463420 GUI: UIDesktopWidgetWatchdog::sltHandleHostScreenWorkAreaResized: Screen 0 work area is formally resized to: 0x25 x 1440x823
00:00:22.612548 GUI: UIDesktopWidgetWatchdog::sltHandleHostScreenWorkAreaResized: Screen 0 work area is formally resized to: 0x25 x 1440x824
00:00:26.755181 VMMDev: Guest Additions information report: Version 6.1.16 r140961 '6.1.16_Ubuntu'
00:00:26.755577 VMMDev: Guest Additions information report: Interface = 0x00010004 osType = 0x00053100 (Linux >= 2.6, 64-bit)
00:00:26.755760 VMMDev: Guest Additions capability report: (0x0 -> 0x0) seamless: no, hostWindowMapping: no, graphics: no
00:00:26.755873 VMMDev: vmmDevReqHandler_HeartbeatConfigure: No change (fHeartbeatActive=false)
00:00:26.755893 VMMDev: Heartbeat flatline timer set to trigger after 4 000 000 000 ns
00:00:26.755941 VMMDev: Guest Log: vgdrvHeartbeatInit: Setting up heartbeat to trigger every 2000 milliseconds
00:00:26.758380 GUI: UISession::sltAdditionsChange: GA state really changed, notifying listeners
00:00:26.759370 GUI: UIMachineViewNormal::adjustGuestScreenSize: Adjust guest-screen size if necessary
00:00:26.760432 GUI: UISession::sltAdditionsChange: GA state change event came, notifying listeners
00:00:26.760710 GUI: UIMachineLogicNormal::sltCheckForRequestedVisualStateType: Requested-state=0, Machine-state=5
00:00:26.760767 GUI: UISession::sltAdditionsChange: GA state change event came, notifying listeners
00:00:26.760771 GUI: UIMachineLogicNormal::sltCheckForRequestedVisualStateType: Requested-state=0, Machine-state=5
00:00:26.760778 GUI: UISession::sltAdditionsChange: GA state change event came, notifying listeners
00:00:26.760780 GUI: UIMachineLogicNormal::sltCheckForRequestedVisualStateType: Requested-state=0, Machine-state=5
00:00:26.772235 VMMDev: Guest Additions capability report: (0x0 -> 0x0) seamless: no, hostWindowMapping: no, graphics: no
00:00:26.772372 GUI: UISession::sltAdditionsChange: GA state change event came, notifying listeners
00:00:26.772381 GUI: UIMachineLogicNormal::sltCheckForRequestedVisualStateType: Requested-state=0, Machine-state=5
00:00:26.772405 VMMDev: Guest Log: vboxguest: Successfully loaded version 6.1.16_Ubuntu
00:00:26.772442 VMMDev: Guest Log: vboxguest: misc device minor 58, IRQ 20, I/O port d020, MMIO at 00000000f0400000 (size 0x400000)
00:00:32.398894 NAT: IPv6 not supported
00:00:32.404914 NAT: DHCP offered IP address 10.0.2.15
00:00:32.406348 NAT: DHCP offered IP address 10.0.2.15
00:00:37.303397 GUI: UIDesktopWidgetWatchdog::sltHandleHostScreenWorkAreaResized: Screen 0 work area is formally resized to: 0x25 x 1440x823
00:01:00.944505 NAT: DHCP released IP address 10.0.2.15
00:01:01.080455 NAT: DHCP offered IP address 10.0.2.15
00:01:01.080645 NAT: DHCP offered IP address 10.0.2.15
00:07:02.618443 NAT: DHCP released IP address 10.0.2.15
00:07:04.839712 GUI: UIMediumEnumerator: Medium-enumeration finished!
00:07:06.223078 TM: Switching TSC mode from 'RealTscOffset' to 'Dynamic'
00:07:06.301195 ACPI: Reset initiated by ACPI
00:07:06.306743 Changing the VM state from 'RUNNING' to 'RESETTING'
00:07:06.310711 GIM: KVM: Resetting MSRs
00:07:06.314996 PIT: mode=3 count=0x10000 (65536) - 18.20 Hz (ch=0)
00:07:06.317707 GUI: UISession::sltAdditionsChange: GA state really changed, notifying listeners
00:07:06.318096 GUI: UIMachineViewNormal::adjustGuestScreenSize: Adjust guest-screen size if necessary
00:07:06.318359 PIIX3 ATA: Ctl#0: finished processing RESET
00:07:06.318418 PDMR3Reset: after     5 ms, 1 loops: 1 async tasks - piix3ide/0
00:07:06.318969 PIIX3 ATA: Ctl#1: finished processing RESET
00:07:06.320699 GUI: UISession::sltAdditionsChange: GA state change event came, notifying listeners
00:07:06.320854 GUI: UIMachineLogicNormal::sltCheckForRequestedVisualStateType: Requested-state=0, Machine-state=5
00:07:06.320921 GUI: UISession::sltAdditionsChange: GA state change event came, notifying listeners
00:07:06.320925 GUI: UIMachineLogicNormal::sltCheckForRequestedVisualStateType: Requested-state=0, Machine-state=5
00:07:06.404148 Changing the VM state from 'RESETTING' to 'RUNNING'
00:07:06.406282 VMMDev: Guest Log: BIOS: VirtualBox 6.1.26
00:07:06.406349 PCI: Setting up resources and interrupts
00:07:06.407462 PIT: mode=2 count=0x10000 (65536) - 18.20 Hz (ch=0)
00:07:06.416548 VMMDev: Guest Log: CPUID EDX: 0x178bfbff
00:07:06.416664 PIIX3 ATA: Ctl#0: RESET, DevSel=0 AIOIf=0 CmdIf0=0xe7 (-1 usec ago) CmdIf1=0xa0 (-1 usec ago)
00:07:06.416728 PIIX3 ATA: Ctl#0: finished processing RESET
00:07:06.417422 VMMDev: Guest Log: BIOS: ata0-0: PCHS=16383/16/63 LCHS=1024/255/63
00:07:06.420959 PIT: mode=2 count=0x48d3 (18643) - 64.00 Hz (ch=0)
00:07:06.437365 Display::i_handleDisplayResize: uScreenId=0 pvVRAM=0000000119088000 w=640 h=480 bpp=32 cbLine=0xA00 flags=0x0 origin=0,0
00:07:08.897528 PIT: mode=2 count=0x10000 (65536) - 18.20 Hz (ch=0)
00:07:08.897946 VMMDev: Guest Log: BIOS: Boot : bseqnr=1, bootseq=0032
00:07:08.898405 VMMDev: Guest Log: BIOS: Booting from Hard Disk...
00:07:08.952504 Display::i_handleDisplayResize: uScreenId=0 pvVRAM=0000000000000000 w=720 h=400 bpp=0 cbLine=0x0 flags=0x0 origin=0,0
00:07:08.976504 PIIX3 ATA: Ctl#0: RESET, DevSel=0 AIOIf=0 CmdIf0=0xc4 (-1 usec ago) CmdIf1=0xa1 (-1 usec ago)
00:07:08.977965 PIIX3 ATA: Ctl#0: finished processing RESET
00:07:09.941225 Display::i_handleDisplayResize: uScreenId=0 pvVRAM=0000000119088000 w=640 h=480 bpp=32 cbLine=0xA00 flags=0x0 origin=0,0
00:07:11.260100 Display::i_handleDisplayResize: uScreenId=0 pvVRAM=0000000000000000 w=720 h=400 bpp=0 cbLine=0x0 flags=0x0 origin=0,0
00:07:11.316923 GIM: KVM: VCPU  0: Enabled system-time struct. at 0x0000000038c01000 - u32TscScale=0xb7e875b7 i8TscShift=0 uVersion=2 fFlags=0x1 uTsc=0x19e8c6d65 uVirtNanoTS=0x129ced016 TscKHz=1391999
00:07:11.316943 TM: Switching TSC mode from 'Dynamic' to 'RealTscOffset'
00:07:11.480674 GIM: KVM: Enabled wall-clock struct. at 0x0000000038c00000 - u32Sec=1635190574 u32Nano=174705671 uVersion=2
00:07:11.506965 PIT: mode=2 count=0x12a5 (4773) - 249.98 Hz (ch=0)
00:07:11.507317 APIC0: Switched mode to x2APIC
00:07:11.628006 PIT: mode=0 count=0x10000 (65536) - 18.20 Hz (ch=0)
00:07:12.000653 PIIX3 ATA: Ctl#0: RESET, DevSel=0 AIOIf=0 CmdIf0=0xc4 (-1 usec ago) CmdIf1=0xa1 (-1 usec ago)
00:07:12.000732 PIIX3 ATA: Ctl#0: finished processing RESET
00:07:12.492370 GUI: UISession::sltAdditionsChange: GA state really changed, notifying listeners
00:07:12.494358 Display::i_handleDisplayResize: uScreenId=0 pvVRAM=0000000119088000 w=800 h=600 bpp=32 cbLine=0xC80 flags=0x1 origin=0,0
00:07:12.496558 GUI: UIMachineViewNormal::adjustGuestScreenSize: Adjust guest-screen size if necessary
00:07:12.496585 GUI: UISession::sltAdditionsChange: GA state change event came, notifying listeners
00:07:12.496589 GUI: UIMachineLogicNormal::sltCheckForRequestedVisualStateType: Requested-state=0, Machine-state=5
00:07:12.800440 GUI: UIMachineView::sltPerformGuestResize: Sending guest size-hint to screen 0 as 800x600 if necessary
00:07:15.830218 NAT: Link up
00:07:21.549726 VMMDev: Guest Additions information report: Version 6.1.22 r144080 '6.1.22_Ubuntu'
00:07:21.576569 VMMDev: Guest Additions information report: Interface = 0x00010004 osType = 0x00053100 (Linux >= 2.6, 64-bit)
00:07:21.577524 GUI: UISession::sltAdditionsChange: GA state really changed, notifying listeners
00:07:21.577659 GUI: UIMachineViewNormal::adjustGuestScreenSize: Adjust guest-screen size if necessary
00:07:21.577690 GUI: UISession::sltAdditionsChange: GA state change event came, notifying listeners
00:07:21.577697 GUI: UIMachineLogicNormal::sltCheckForRequestedVisualStateType: Requested-state=0, Machine-state=5
00:07:21.577705 VMMDev: Guest Additions capability report: (0x0 -> 0x0) seamless: no, hostWindowMapping: no, graphics: no
00:07:21.577850 VMMDev: Heartbeat checking timer has been stopped (rc=VINF_SUCCESS)
00:07:21.579056 GUI: UISession::sltAdditionsChange: GA state change event came, notifying listeners
00:07:21.579076 GUI: UIMachineLogicNormal::sltCheckForRequestedVisualStateType: Requested-state=0, Machine-state=5
00:07:21.579091 VMMDev: Heartbeat flatline timer set to trigger after 4 000 000 000 ns
00:07:21.580430 VMMDev: Guest Log: vgdrvHeartbeatInit: Setting up heartbeat to trigger every 2000 milliseconds
00:07:21.606728 GUI: UISession::sltAdditionsChange: GA state really changed, notifying listeners
00:07:21.606747 GUI: UIMachineViewNormal::adjustGuestScreenSize: Adjust guest-screen size if necessary
00:07:21.606762 GUI: UISession::sltAdditionsChange: GA state change event came, notifying listeners
00:07:21.606765 GUI: UIMachineLogicNormal::sltCheckForRequestedVisualStateType: Requested-state=0, Machine-state=5
00:07:21.611692 VMMDev: Guest Additions capability report: (0x0 -> 0x0) seamless: no, hostWindowMapping: no, graphics: no
00:07:21.611851 VMMDev: Guest Log: vboxguest: Successfully loaded version 6.1.22_Ubuntu r144080
00:07:21.611880 GUI: UISession::sltAdditionsChange: GA state change event came, notifying listeners
00:07:21.611898 VMMDev: Guest Log: vboxguest: misc device minor 58, IRQ 20, I/O port d020, MMIO at 00000000f0400000 (size 0x400000)
00:07:21.611908 GUI: UIMachineLogicNormal::sltCheckForRequestedVisualStateType: Requested-state=0, Machine-state=5
00:07:31.831415 NAT: DHCP offered IP address 10.0.2.15
00:07:31.849311 NAT: DHCP offered IP address 10.0.2.15
